[ 2019-01-06T11:47:32+08:00 ] 192.168.2.35 /WebApi_v1/Image/rimageDetail?image_id=30
INFO: [ app_init ] --START--
INFO: Run Behavior\BuildLiteBehavior [ RunTime:0.000007s ]
INFO: [ app_init ] --END-- [ RunTime:0.000690s ]
INFO: [ app_begin ] --START--
INFO: Run Behavior\ReadHtmlCacheBehavior [ RunTime:0.001271s ]
INFO: [ app_begin ] --END-- [ RunTime:0.001300s ]
SQL: SHOW COLUMNS FROM `sex_sys_conf` [ RunTime:0.0034s ]
SQL: SHOW COLUMNS FROM `sex_user_list` [ RunTime:0.0036s ]
SQL: SELECT * FROM `sex_user_list` WHERE `user_id` = 2 AND `user_token` = '7b980ae2f40ec0edce2539de1dd860de' LIMIT 1   [ RunTime:0.0005s ]
ERR: 非法操作:rimageDetail

[ 2019-01-06T11:47:42+08:00 ] 192.168.2.35 /WebApi_v1/Image/imageDetail?image_id=30
INFO: [ app_init ] --START--
INFO: Run Behavior\BuildLiteBehavior [ RunTime:0.000006s ]
INFO: [ app_init ] --END-- [ RunTime:0.000363s ]
INFO: [ app_begin ] --START--
INFO: Run Behavior\ReadHtmlCacheBehavior [ RunTime:0.000602s ]
INFO: [ app_begin ] --END-- [ RunTime:0.000626s ]
SQL: SHOW COLUMNS FROM `sex_sys_conf` [ RunTime:0.0170s ]
SQL: SHOW COLUMNS FROM `sex_user_list` [ RunTime:0.0036s ]
SQL: SELECT * FROM `sex_user_list` WHERE `user_id` = 2 AND `user_token` = '7b980ae2f40ec0edce2539de1dd860de' LIMIT 1   [ RunTime:0.0005s ]
SQL: SHOW COLUMNS FROM `sex_resource_image` [ RunTime:0.0035s ]
SQL: SELECT a.image_id,a.category_id,a.label_ids,a.name,a.score,a.long,a.like_count,a.comment_count,a.comment_count,a.image_url,b.name as category_name FROM sex_resource_image a LEFT JOIN sex_sys_category_list b ON b.category_id = a.category_id  WHERE a.image_id = '30' LIMIT 1   [ RunTime:0.0006s ]
SQL: SHOW COLUMNS FROM `sex_sys_label_list` [ RunTime:0.0031s ]

[ 2019-01-06T11:56:15+08:00 ] 192.168.2.35 /WebApi_v1/Image/imageDetail?image_id=30
INFO: [ app_init ] --START--
INFO: Run Behavior\BuildLiteBehavior [ RunTime:0.000008s ]
INFO: [ app_init ] --END-- [ RunTime:0.000488s ]
INFO: [ app_begin ] --START--
INFO: Run Behavior\ReadHtmlCacheBehavior [ RunTime:0.000881s ]
INFO: [ app_begin ] --END-- [ RunTime:0.000907s ]
SQL: SHOW COLUMNS FROM `sex_sys_conf` [ RunTime:0.0027s ]
SQL: SHOW COLUMNS FROM `sex_user_list` [ RunTime:0.0026s ]
SQL: SELECT * FROM `sex_user_list` WHERE `user_id` = 2 AND `user_token` = '7b980ae2f40ec0edce2539de1dd860de' LIMIT 1   [ RunTime:0.0004s ]
SQL: SHOW COLUMNS FROM `sex_resource_image` [ RunTime:0.0026s ]
SQL: SELECT a.image_id,a.category_id,a.label_ids,a.name,a.score,a.long,a.like_count,a.comment_count,a.comment_count,a.image_url,b.name as category_name FROM sex_resource_image a LEFT JOIN sex_sys_category_list b ON b.category_id = a.category_id  WHERE a.image_id = '30' LIMIT 1   [ RunTime:0.0004s ]
SQL: SHOW COLUMNS FROM `sex_sys_label_list` [ RunTime:0.0025s ]

[ 2019-01-06T11:58:04+08:00 ] 192.168.2.35 /WebApi_v1/Image/reviewImage?image_id=30
INFO: [ app_init ] --START--
INFO: Run Behavior\BuildLiteBehavior [ RunTime:0.000010s ]
INFO: [ app_init ] --END-- [ RunTime:0.000875s ]
INFO: [ app_begin ] --START--
INFO: Run Behavior\ReadHtmlCacheBehavior [ RunTime:0.000775s ]
INFO: [ app_begin ] --END-- [ RunTime:0.000806s ]
SQL: SHOW COLUMNS FROM `sex_sys_conf` [ RunTime:0.0036s ]
SQL: SHOW COLUMNS FROM `sex_user_list` [ RunTime:0.0037s ]
SQL: SELECT * FROM `sex_user_list` WHERE `user_id` = 2 AND `user_token` = '7b980ae2f40ec0edce2539de1dd860de' LIMIT 1   [ RunTime:0.0004s ]
SQL: SHOW COLUMNS FROM `sex_resource_image` [ RunTime:0.0032s ]
SQL: SELECT `image_id`,`name`,`long`,`like_count`,`comment_count`,`watch_count`,`image_url` FROM `sex_resource_image` WHERE `image_id` = 30 LIMIT 1   [ RunTime:0.0003s ]

[ 2019-01-06T12:00:30+08:00 ] 192.168.2.35 /WebApi_v1/Image/reviewImage?image_id=30
INFO: [ app_init ] --START--
INFO: Run Behavior\BuildLiteBehavior [ RunTime:0.000007s ]
INFO: [ app_init ] --END-- [ RunTime:0.000516s ]
INFO: [ app_begin ] --START--
INFO: Run Behavior\ReadHtmlCacheBehavior [ RunTime:0.001092s ]
INFO: [ app_begin ] --END-- [ RunTime:0.001144s ]
SQL: SHOW COLUMNS FROM `sex_sys_conf` [ RunTime:0.0037s ]
SQL: SHOW COLUMNS FROM `sex_user_list` [ RunTime:0.0034s ]
SQL: SELECT * FROM `sex_user_list` WHERE `user_id` = 2 AND `user_token` = '7b980ae2f40ec0edce2539de1dd860de' LIMIT 1   [ RunTime:0.0005s ]
SQL: SHOW COLUMNS FROM `sex_resource_image` [ RunTime:0.0037s ]
SQL: SELECT `image_id`,`name`,`long`,`like_count`,`comment_count`,`watch_count`,`image_url` FROM `sex_resource_image` WHERE `image_id` = 30 LIMIT 1   [ RunTime:0.0003s ]

[ 2019-01-06T12:01:00+08:00 ] 192.168.2.35 /WebApi_v1/Image/reviewImage?image_id=30
INFO: [ app_init ] --START--
INFO: Run Behavior\BuildLiteBehavior [ RunTime:0.000011s ]
INFO: [ app_init ] --END-- [ RunTime:0.000651s ]
INFO: [ app_begin ] --START--
INFO: Run Behavior\ReadHtmlCacheBehavior [ RunTime:0.000800s ]
INFO: [ app_begin ] --END-- [ RunTime:0.000827s ]
SQL: SHOW COLUMNS FROM `sex_sys_conf` [ RunTime:0.0029s ]
SQL: SHOW COLUMNS FROM `sex_user_list` [ RunTime:0.0029s ]
SQL: SELECT * FROM `sex_user_list` WHERE `user_id` = 2 AND `user_token` = '7b980ae2f40ec0edce2539de1dd860de' LIMIT 1   [ RunTime:0.0004s ]
SQL: SHOW COLUMNS FROM `sex_resource_image` [ RunTime:0.0033s ]
SQL: SELECT `image_id`,`name`,`long`,`like_count`,`comment_count`,`watch_count`,`image_url` FROM `sex_resource_image` WHERE `image_id` = 30 LIMIT 1   [ RunTime:0.0004s ]

[ 2019-01-06T12:04:03+08:00 ] 192.168.2.35 /WebApi_v1/Image/reviewImage?image_id=30
INFO: [ app_init ] --START--
INFO: Run Behavior\BuildLiteBehavior [ RunTime:0.000008s ]
INFO: [ app_init ] --END-- [ RunTime:0.000681s ]
INFO: [ app_begin ] --START--
INFO: Run Behavior\ReadHtmlCacheBehavior [ RunTime:0.000968s ]
INFO: [ app_begin ] --END-- [ RunTime:0.001013s ]
SQL: SHOW COLUMNS FROM `sex_sys_conf` [ RunTime:0.0038s ]
SQL: SHOW COLUMNS FROM `sex_user_list` [ RunTime:0.0036s ]
SQL: SELECT * FROM `sex_user_list` WHERE `user_id` = 2 AND `user_token` = '7b980ae2f40ec0edce2539de1dd860de' LIMIT 1   [ RunTime:0.0005s ]
SQL: SHOW COLUMNS FROM `sex_resource_image` [ RunTime:0.0030s ]
SQL: SELECT `image_id`,`name`,`long`,`like_count`,`comment_count`,`watch_count`,`image_url` FROM `sex_resource_image` WHERE `image_id` = 30 LIMIT 1   [ RunTime:0.0004s ]

[ 2019-01-06T12:06:07+08:00 ] 192.168.2.35 /WebApi_v1/Image/reviewImage?image_id=30
INFO: [ app_init ] --START--
INFO: Run Behavior\BuildLiteBehavior [ RunTime:0.000008s ]
INFO: [ app_init ] --END-- [ RunTime:0.000768s ]
INFO: [ app_begin ] --START--
INFO: Run Behavior\ReadHtmlCacheBehavior [ RunTime:0.001851s ]
INFO: [ app_begin ] --END-- [ RunTime:0.001887s ]
SQL: SHOW COLUMNS FROM `sex_sys_conf` [ RunTime:0.0038s ]
SQL: SHOW COLUMNS FROM `sex_user_list` [ RunTime:0.0034s ]
SQL: SELECT * FROM `sex_user_list` WHERE `user_id` = 2 AND `user_token` = '7b980ae2f40ec0edce2539de1dd860de' LIMIT 1   [ RunTime:0.0005s ]
SQL: SHOW COLUMNS FROM `sex_resource_image` [ RunTime:0.0034s ]
SQL: SELECT `image_id`,`name`,`long`,`like_count`,`comment_count`,`image_url` FROM `sex_resource_image` WHERE `image_id` = 30 LIMIT 1   [ RunTime:0.0004s ]

[ 2019-01-06T12:07:51+08:00 ] 192.168.2.35 /WebApi_v1/Fiction/fictionDetail?fiction_id=1
INFO: [ app_init ] --START--
INFO: Run Behavior\BuildLiteBehavior [ RunTime:0.000008s ]
INFO: [ app_init ] --END-- [ RunTime:0.000764s ]
INFO: [ app_begin ] --START--
INFO: Run Behavior\ReadHtmlCacheBehavior [ RunTime:0.000939s ]
INFO: [ app_begin ] --END-- [ RunTime:0.000967s ]
SQL: SHOW COLUMNS FROM `sex_sys_conf` [ RunTime:0.0034s ]
SQL: SHOW COLUMNS FROM `sex_user_list` [ RunTime:0.0032s ]
SQL: SELECT * FROM `sex_user_list` WHERE `user_id` = 2 AND `user_token` = '7b980ae2f40ec0edce2539de1dd860de' LIMIT 1   [ RunTime:0.0100s ]
SQL: SHOW COLUMNS FROM `sex_resource_fiction` [ RunTime:0.0024s ]
ERR: Think\Model:felid方法不存在！

[ 2019-01-06T12:08:21+08:00 ] 192.168.2.35 /WebApi_v1/Fiction/fictionDetail?fiction_id=1
INFO: [ app_init ] --START--
INFO: Run Behavior\BuildLiteBehavior [ RunTime:0.000007s ]
INFO: [ app_init ] --END-- [ RunTime:0.000694s ]
INFO: [ app_begin ] --START--
INFO: Run Behavior\ReadHtmlCacheBehavior [ RunTime:0.001864s ]
INFO: [ app_begin ] --END-- [ RunTime:0.002112s ]
SQL: SHOW COLUMNS FROM `sex_sys_conf` [ RunTime:0.0037s ]
SQL: SHOW COLUMNS FROM `sex_user_list` [ RunTime:0.0033s ]
SQL: SELECT * FROM `sex_user_list` WHERE `user_id` = 2 AND `user_token` = '7b980ae2f40ec0edce2539de1dd860de' LIMIT 1   [ RunTime:0.0004s ]
SQL: SHOW COLUMNS FROM `sex_resource_fiction` [ RunTime:0.0035s ]
SQL: SELECT a.fiction_id,a.category_id,a.label_ids,a.name,a.score,a.like_count,a.comment_count,a.watch_count,a.money,a.essay,b.name as category_name FROM sex_resource_fiction a LEFT JOIN sex_sys_category_list b ON b.category_id = a.category_id  WHERE `fiction_id` = '1' LIMIT 1   [ RunTime:0.0006s ]
SQL: SHOW COLUMNS FROM `sex_sys_label_list` [ RunTime:0.0151s ]

[ 2019-01-06T12:46:52+08:00 ] 192.168.2.35 /WebApi_v1/Forum/index
INFO: [ app_init ] --START--
INFO: Run Behavior\BuildLiteBehavior [ RunTime:0.000011s ]
INFO: [ app_init ] --END-- [ RunTime:0.000642s ]
INFO: [ app_begin ] --START--
INFO: Run Behavior\ReadHtmlCacheBehavior [ RunTime:0.001593s ]
INFO: [ app_begin ] --END-- [ RunTime:0.001633s ]
SQL: SHOW COLUMNS FROM `sex_sys_conf` [ RunTime:0.0038s ]
SQL: SHOW COLUMNS FROM `sex_user_list` [ RunTime:0.0035s ]
SQL: SELECT * FROM `sex_user_list` WHERE `user_id` = 2 AND `user_token` = '7b980ae2f40ec0edce2539de1dd860de' LIMIT 1   [ RunTime:0.0005s ]
SQL: SHOW COLUMNS FROM `sex_forum_dynamic` [ RunTime:0.0033s ]
SQL: SELECT a.dynamic_id,a.user_id,a.type,a.time,a.like_count,a.comment_count,a.is_forward,a.forward_id,a.object,b.nickname,b.head_portrait,b.experience FROM sex_forum_dynamic a LEFT JOIN sex_user_list b ON b.user_id = a.user_id  WHERE a.state = 1 AND b.state = 1 ORDER BY a.time DESC LIMIT 0,6   [ RunTime:0.0047s ]
SQL: SELECT COUNT(*) AS tp_count FROM sex_forum_dynamic a LEFT JOIN sex_user_list b ON b.user_id = a.user_id  WHERE a.state = 1 AND b.state = 1 LIMIT 1   [ RunTime:0.0006s ]
SQL: SHOW COLUMNS FROM `sex_sys_level` [ RunTime:0.0035s ]
SQL: SHOW COLUMNS FROM `sex_forum_fans` [ RunTime:0.0036s ]
SQL: SELECT * FROM `sex_forum_fans` WHERE `user_id` = 2 AND `touser_id` = 1 LIMIT 1   [ RunTime:0.0004s ]
SQL: SELECT * FROM `sex_forum_fans` WHERE `user_id` = 2 AND `touser_id` = 1 LIMIT 1   [ RunTime:0.0004s ]
SQL: SELECT * FROM `sex_forum_fans` WHERE `user_id` = 2 AND `touser_id` = 1 LIMIT 1   [ RunTime:0.0003s ]
SQL: SELECT * FROM `sex_forum_fans` WHERE `user_id` = 2 AND `touser_id` = 1 LIMIT 1   [ RunTime:0.0004s ]

[ 2019-01-06T15:46:49+08:00 ] 192.168.2.35 /WebApi_v1/Forum/index
INFO: [ app_init ] --START--
INFO: Run Behavior\BuildLiteBehavior [ RunTime:0.000012s ]
INFO: [ app_init ] --END-- [ RunTime:0.000564s ]
INFO: [ app_begin ] --START--
INFO: Run Behavior\ReadHtmlCacheBehavior [ RunTime:0.000941s ]
INFO: [ app_begin ] --END-- [ RunTime:0.000963s ]
SQL: SHOW COLUMNS FROM `sex_sys_conf` [ RunTime:0.0030s ]
SQL: SHOW COLUMNS FROM `sex_user_list` [ RunTime:0.0027s ]
SQL: SELECT * FROM `sex_user_list` WHERE `user_id` = 2 AND `user_token` = '7b980ae2f40ec0edce2539de1dd860de' LIMIT 1   [ RunTime:0.0006s ]
SQL: SHOW COLUMNS FROM `sex_forum_dynamic` [ RunTime:0.0113s ]
SQL: SELECT a.dynamic_id,a.user_id,a.type,a.time,a.like_count,a.comment_count,a.is_forward,a.forward_id,a.object,b.nickname,b.head_portrait,b.experience FROM sex_forum_dynamic a LEFT JOIN sex_user_list b ON b.user_id = a.user_id  WHERE a.state = 1 AND b.state = 1 ORDER BY a.time DESC LIMIT 0,6   [ RunTime:0.0029s ]
SQL: SELECT COUNT(*) AS tp_count FROM sex_forum_dynamic a LEFT JOIN sex_user_list b ON b.user_id = a.user_id  WHERE a.state = 1 AND b.state = 1 LIMIT 1   [ RunTime:0.0004s ]
SQL: SHOW COLUMNS FROM `sex_sys_level` [ RunTime:0.0026s ]
SQL: SHOW COLUMNS FROM `sex_forum_fans` [ RunTime:0.0027s ]
SQL: SELECT * FROM `sex_forum_fans` WHERE `user_id` = 2 AND `touser_id` = 1 LIMIT 1   [ RunTime:0.0004s ]
SQL: SHOW COLUMNS FROM `sex_forum_like` [ RunTime:0.0025s ]
SQL: SELECT * FROM `sex_forum_like` WHERE `user_id` = 2 AND `dynamic_id` = 1 LIMIT 1   [ RunTime:0.0004s ]
SQL: SELECT * FROM `sex_forum_fans` WHERE `user_id` = 2 AND `touser_id` = 1 LIMIT 1   [ RunTime:0.0002s ]
SQL: SELECT * FROM `sex_forum_like` WHERE `user_id` = 2 AND `dynamic_id` = 2 LIMIT 1   [ RunTime:0.0002s ]
SQL: SELECT * FROM `sex_forum_fans` WHERE `user_id` = 2 AND `touser_id` = 1 LIMIT 1   [ RunTime:0.0002s ]
SQL: SELECT * FROM `sex_forum_like` WHERE `user_id` = 2 AND `dynamic_id` = 3 LIMIT 1   [ RunTime:0.0002s ]
SQL: SELECT * FROM `sex_forum_fans` WHERE `user_id` = 2 AND `touser_id` = 1 LIMIT 1   [ RunTime:0.0002s ]
SQL: SELECT * FROM `sex_forum_like` WHERE `user_id` = 2 AND `dynamic_id` = 4 LIMIT 1   [ RunTime:0.0002s ]

[ 2019-01-06T16:01:09+08:00 ] 192.168.2.35 /WebApi_v1/Forum/forumSearch?keywords=%E6%B5%8B%E8%AF%95
INFO: [ app_init ] --START--
INFO: Run Behavior\BuildLiteBehavior [ RunTime:0.000008s ]
INFO: [ app_init ] --END-- [ RunTime:0.000534s ]
INFO: [ app_begin ] --START--
INFO: Run Behavior\ReadHtmlCacheBehavior [ RunTime:0.000813s ]
INFO: [ app_begin ] --END-- [ RunTime:0.000837s ]
SQL: SHOW COLUMNS FROM `sex_sys_conf` [ RunTime:0.0027s ]
SQL: SHOW COLUMNS FROM `sex_user_list` [ RunTime:0.0025s ]
SQL: SELECT * FROM `sex_user_list` WHERE `user_id` = 2 AND `user_token` = '7b980ae2f40ec0edce2539de1dd860de' LIMIT 1   [ RunTime:0.0004s ]
SQL: SHOW COLUMNS FROM `sex_forum_dynamic` [ RunTime:0.0106s ]
NOTIC: [8] Undefined offset: 0 D:\xampp\htdocs\ThinkPHP\Library\Think\Db\Driver.class.php 第 550 行.
NOTIC: [8] Undefined offset: 0 D:\xampp\htdocs\ThinkPHP\Library\Think\Db\Driver.class.php 第 596 行.
NOTIC: [8] Undefined offset: 0 D:\xampp\htdocs\ThinkPHP\Library\Think\Db\Driver.class.php 第 596 行.
NOTIC: [8] Undefined offset: 0 D:\xampp\htdocs\ThinkPHP\Library\Think\Db\Driver.class.php 第 597 行.
NOTIC: [8] Undefined offset: 0 D:\xampp\htdocs\ThinkPHP\Library\Think\Db\Driver.class.php 第 600 行.
SQL: SELECT a.dynamic_id,a.user_id,a.type,a.time,a.like_count,a.comment_count,a.is_forward,a.forward_id,a.object,b.nickname,b.head_portrait,b.experience FROM sex_forum_dynamic a LEFT JOIN sex_user_list b ON b.user_id = a.user_id  WHERE a.state = 1 AND b.state = 1 AND ( a.object = null  ) AND b.nickname LIKE '%测试%' ORDER BY time DESC LIMIT 0,6   [ RunTime:0.0026s ]
NOTIC: [8] Undefined offset: 0 D:\xampp\htdocs\ThinkPHP\Library\Think\Db\Driver.class.php 第 550 行.
NOTIC: [8] Undefined offset: 0 D:\xampp\htdocs\ThinkPHP\Library\Think\Db\Driver.class.php 第 596 行.
NOTIC: [8] Undefined offset: 0 D:\xampp\htdocs\ThinkPHP\Library\Think\Db\Driver.class.php 第 596 行.
NOTIC: [8] Undefined offset: 0 D:\xampp\htdocs\ThinkPHP\Library\Think\Db\Driver.class.php 第 597 行.
NOTIC: [8] Undefined offset: 0 D:\xampp\htdocs\ThinkPHP\Library\Think\Db\Driver.class.php 第 600 行.
SQL: SELECT COUNT(*) AS tp_count FROM sex_forum_dynamic a LEFT JOIN sex_user_list b ON b.user_id = a.user_id  WHERE a.state = 1 AND b.state = 1 AND ( a.object = null  ) AND b.nickname LIKE '%测试%' LIMIT 1   [ RunTime:0.0005s ]

[ 2019-01-06T16:01:43+08:00 ] 192.168.2.35 /WebApi_v1/Forum/forumSearch?keywords=%E7%94%A8%E6%88%B7
INFO: [ app_init ] --START--
INFO: Run Behavior\BuildLiteBehavior [ RunTime:0.000014s ]
INFO: [ app_init ] --END-- [ RunTime:0.000573s ]
INFO: [ app_begin ] --START--
INFO: Run Behavior\ReadHtmlCacheBehavior [ RunTime:0.000644s ]
INFO: [ app_begin ] --END-- [ RunTime:0.000674s ]
SQL: SHOW COLUMNS FROM `sex_sys_conf` [ RunTime:0.0032s ]
SQL: SHOW COLUMNS FROM `sex_user_list` [ RunTime:0.0032s ]
SQL: SELECT * FROM `sex_user_list` WHERE `user_id` = 2 AND `user_token` = '7b980ae2f40ec0edce2539de1dd860de' LIMIT 1   [ RunTime:0.0005s ]
SQL: SHOW COLUMNS FROM `sex_forum_dynamic` [ RunTime:0.0035s ]
NOTIC: [8] Undefined offset: 0 D:\xampp\htdocs\ThinkPHP\Library\Think\Db\Driver.class.php 第 550 行.
NOTIC: [8] Undefined offset: 0 D:\xampp\htdocs\ThinkPHP\Library\Think\Db\Driver.class.php 第 596 行.
NOTIC: [8] Undefined offset: 0 D:\xampp\htdocs\ThinkPHP\Library\Think\Db\Driver.class.php 第 596 行.
NOTIC: [8] Undefined offset: 0 D:\xampp\htdocs\ThinkPHP\Library\Think\Db\Driver.class.php 第 597 行.
NOTIC: [8] Undefined offset: 0 D:\xampp\htdocs\ThinkPHP\Library\Think\Db\Driver.class.php 第 600 行.
SQL: SELECT a.dynamic_id,a.user_id,a.type,a.time,a.like_count,a.comment_count,a.is_forward,a.forward_id,a.object,b.nickname,b.head_portrait,b.experience FROM sex_forum_dynamic a LEFT JOIN sex_user_list b ON b.user_id = a.user_id  WHERE a.state = 1 AND b.state = 1 AND ( a.object = null  ) AND b.nickname LIKE '%用户%' ORDER BY time DESC LIMIT 0,6   [ RunTime:0.0033s ]
NOTIC: [8] Undefined offset: 0 D:\xampp\htdocs\ThinkPHP\Library\Think\Db\Driver.class.php 第 550 行.
NOTIC: [8] Undefined offset: 0 D:\xampp\htdocs\ThinkPHP\Library\Think\Db\Driver.class.php 第 596 行.
NOTIC: [8] Undefined offset: 0 D:\xampp\htdocs\ThinkPHP\Library\Think\Db\Driver.class.php 第 596 行.
NOTIC: [8] Undefined offset: 0 D:\xampp\htdocs\ThinkPHP\Library\Think\Db\Driver.class.php 第 597 行.
NOTIC: [8] Undefined offset: 0 D:\xampp\htdocs\ThinkPHP\Library\Think\Db\Driver.class.php 第 600 行.
SQL: SELECT COUNT(*) AS tp_count FROM sex_forum_dynamic a LEFT JOIN sex_user_list b ON b.user_id = a.user_id  WHERE a.state = 1 AND b.state = 1 AND ( a.object = null  ) AND b.nickname LIKE '%用户%' LIMIT 1   [ RunTime:0.0004s ]

[ 2019-01-06T16:01:49+08:00 ] 192.168.2.35 /WebApi_v1/Forum/forumSearch?keywords=1
INFO: [ app_init ] --START--
INFO: Run Behavior\BuildLiteBehavior [ RunTime:0.000030s ]
INFO: [ app_init ] --END-- [ RunTime:0.000562s ]
INFO: [ app_begin ] --START--
INFO: Run Behavior\ReadHtmlCacheBehavior [ RunTime:0.000745s ]
INFO: [ app_begin ] --END-- [ RunTime:0.000771s ]
SQL: SHOW COLUMNS FROM `sex_sys_conf` [ RunTime:0.0036s ]
SQL: SHOW COLUMNS FROM `sex_user_list` [ RunTime:0.0040s ]
SQL: SELECT * FROM `sex_user_list` WHERE `user_id` = 2 AND `user_token` = '7b980ae2f40ec0edce2539de1dd860de' LIMIT 1   [ RunTime:0.0005s ]
SQL: SHOW COLUMNS FROM `sex_forum_dynamic` [ RunTime:0.0033s ]
NOTIC: [8] Undefined offset: 0 D:\xampp\htdocs\ThinkPHP\Library\Think\Db\Driver.class.php 第 550 行.
NOTIC: [8] Undefined offset: 0 D:\xampp\htdocs\ThinkPHP\Library\Think\Db\Driver.class.php 第 596 行.
NOTIC: [8] Undefined offset: 0 D:\xampp\htdocs\ThinkPHP\Library\Think\Db\Driver.class.php 第 596 行.
NOTIC: [8] Undefined offset: 0 D:\xampp\htdocs\ThinkPHP\Library\Think\Db\Driver.class.php 第 597 行.
NOTIC: [8] Undefined offset: 0 D:\xampp\htdocs\ThinkPHP\Library\Think\Db\Driver.class.php 第 600 行.
SQL: SELECT a.dynamic_id,a.user_id,a.type,a.time,a.like_count,a.comment_count,a.is_forward,a.forward_id,a.object,b.nickname,b.head_portrait,b.experience FROM sex_forum_dynamic a LEFT JOIN sex_user_list b ON b.user_id = a.user_id  WHERE a.state = 1 AND b.state = 1 AND ( a.object = null  ) AND b.nickname LIKE '%1%' ORDER BY time DESC LIMIT 0,6   [ RunTime:0.0061s ]
NOTIC: [8] Undefined offset: 0 D:\xampp\htdocs\ThinkPHP\Library\Think\Db\Driver.class.php 第 550 行.
NOTIC: [8] Undefined offset: 0 D:\xampp\htdocs\ThinkPHP\Library\Think\Db\Driver.class.php 第 596 行.
NOTIC: [8] Undefined offset: 0 D:\xampp\htdocs\ThinkPHP\Library\Think\Db\Driver.class.php 第 596 行.
NOTIC: [8] Undefined offset: 0 D:\xampp\htdocs\ThinkPHP\Library\Think\Db\Driver.class.php 第 597 行.
NOTIC: [8] Undefined offset: 0 D:\xampp\htdocs\ThinkPHP\Library\Think\Db\Driver.class.php 第 600 行.
SQL: SELECT COUNT(*) AS tp_count FROM sex_forum_dynamic a LEFT JOIN sex_user_list b ON b.user_id = a.user_id  WHERE a.state = 1 AND b.state = 1 AND ( a.object = null  ) AND b.nickname LIKE '%1%' LIMIT 1   [ RunTime:0.0005s ]

[ 2019-01-06T16:02:46+08:00 ] 192.168.2.35 /WebApi_v1/Forum/forumSearch?keywords=1
INFO: [ app_init ] --START--
INFO: Run Behavior\BuildLiteBehavior [ RunTime:0.000008s ]
INFO: [ app_init ] --END-- [ RunTime:0.000635s ]
INFO: [ app_begin ] --START--
INFO: Run Behavior\ReadHtmlCacheBehavior [ RunTime:0.000879s ]
INFO: [ app_begin ] --END-- [ RunTime:0.000907s ]
SQL: SHOW COLUMNS FROM `sex_sys_conf` [ RunTime:0.0039s ]
SQL: SHOW COLUMNS FROM `sex_user_list` [ RunTime:0.0033s ]
SQL: SELECT * FROM `sex_user_list` WHERE `user_id` = 2 AND `user_token` = '7b980ae2f40ec0edce2539de1dd860de' LIMIT 1   [ RunTime:0.0005s ]
SQL: SHOW COLUMNS FROM `sex_forum_dynamic` [ RunTime:0.0030s ]
NOTIC: [8] Undefined offset: 0 D:\xampp\htdocs\ThinkPHP\Library\Think\Db\Driver.class.php 第 550 行.
NOTIC: [8] Undefined offset: 0 D:\xampp\htdocs\ThinkPHP\Library\Think\Db\Driver.class.php 第 596 行.
NOTIC: [8] Undefined offset: 0 D:\xampp\htdocs\ThinkPHP\Library\Think\Db\Driver.class.php 第 596 行.
NOTIC: [8] Undefined offset: 0 D:\xampp\htdocs\ThinkPHP\Library\Think\Db\Driver.class.php 第 597 行.
NOTIC: [8] Undefined offset: 0 D:\xampp\htdocs\ThinkPHP\Library\Think\Db\Driver.class.php 第 600 行.
SQL: SELECT a.dynamic_id,a.user_id,a.type,a.time,a.like_count,a.comment_count,a.is_forward,a.forward_id,a.object,b.nickname,b.head_portrait,b.experience FROM sex_forum_dynamic a LEFT JOIN sex_user_list b ON b.user_id = a.user_id  WHERE ( a.object = null  ) AND b.nickname LIKE '%1%' ORDER BY time DESC LIMIT 0,6   [ RunTime:0.0031s ]
NOTIC: [8] Undefined offset: 0 D:\xampp\htdocs\ThinkPHP\Library\Think\Db\Driver.class.php 第 550 行.
NOTIC: [8] Undefined offset: 0 D:\xampp\htdocs\ThinkPHP\Library\Think\Db\Driver.class.php 第 596 行.
NOTIC: [8] Undefined offset: 0 D:\xampp\htdocs\ThinkPHP\Library\Think\Db\Driver.class.php 第 596 行.
NOTIC: [8] Undefined offset: 0 D:\xampp\htdocs\ThinkPHP\Library\Think\Db\Driver.class.php 第 597 行.
NOTIC: [8] Undefined offset: 0 D:\xampp\htdocs\ThinkPHP\Library\Think\Db\Driver.class.php 第 600 行.
SQL: SELECT COUNT(*) AS tp_count FROM sex_forum_dynamic a LEFT JOIN sex_user_list b ON b.user_id = a.user_id  WHERE ( a.object = null  ) AND b.nickname LIKE '%1%' LIMIT 1   [ RunTime:0.0004s ]

[ 2019-01-06T16:03:06+08:00 ] 192.168.2.35 /WebApi_v1/Forum/forumSearch?keywords=1
INFO: [ app_init ] --START--
INFO: Run Behavior\BuildLiteBehavior [ RunTime:0.000009s ]
INFO: [ app_init ] --END-- [ RunTime:0.000540s ]
INFO: [ app_begin ] --START--
INFO: Run Behavior\ReadHtmlCacheBehavior [ RunTime:0.001037s ]
INFO: [ app_begin ] --END-- [ RunTime:0.001065s ]
SQL: SHOW COLUMNS FROM `sex_sys_conf` [ RunTime:0.0033s ]
SQL: SHOW COLUMNS FROM `sex_user_list` [ RunTime:0.0035s ]
SQL: SELECT * FROM `sex_user_list` WHERE `user_id` = 2 AND `user_token` = '7b980ae2f40ec0edce2539de1dd860de' LIMIT 1   [ RunTime:0.0133s ]
SQL: SHOW COLUMNS FROM `sex_forum_dynamic` [ RunTime:0.0034s ]
SQL: SELECT a.dynamic_id,a.user_id,a.type,a.time,a.like_count,a.comment_count,a.is_forward,a.forward_id,a.object,b.nickname,b.head_portrait,b.experience FROM sex_forum_dynamic a LEFT JOIN sex_user_list b ON b.user_id = a.user_id  WHERE b.nickname LIKE '%1%' ORDER BY time DESC LIMIT 0,6   [ RunTime:0.0033s ]
SQL: SELECT COUNT(*) AS tp_count FROM sex_forum_dynamic a LEFT JOIN sex_user_list b ON b.user_id = a.user_id  WHERE b.nickname LIKE '%1%' LIMIT 1   [ RunTime:0.0005s ]
SQL: SHOW COLUMNS FROM `sex_sys_level` [ RunTime:0.0053s ]
SQL: SHOW COLUMNS FROM `sex_forum_fans` [ RunTime:0.0034s ]
SQL: SELECT * FROM `sex_forum_fans` WHERE `user_id` = 2 AND `touser_id` = 1 LIMIT 1   [ RunTime:0.0004s ]
SQL: SHOW COLUMNS FROM `sex_forum_like` [ RunTime:0.0034s ]
SQL: SELECT * FROM `sex_forum_like` WHERE `user_id` = 2 AND `dynamic_id` = 1 LIMIT 1   [ RunTime:0.0004s ]
SQL: SELECT * FROM `sex_forum_fans` WHERE `user_id` = 2 AND `touser_id` = 1 LIMIT 1   [ RunTime:0.0004s ]
SQL: SELECT * FROM `sex_forum_like` WHERE `user_id` = 2 AND `dynamic_id` = 2 LIMIT 1   [ RunTime:0.0003s ]
SQL: SELECT * FROM `sex_forum_fans` WHERE `user_id` = 2 AND `touser_id` = 1 LIMIT 1   [ RunTime:0.0003s ]
SQL: SELECT * FROM `sex_forum_like` WHERE `user_id` = 2 AND `dynamic_id` = 3 LIMIT 1   [ RunTime:0.0003s ]
SQL: SELECT * FROM `sex_forum_fans` WHERE `user_id` = 2 AND `touser_id` = 1 LIMIT 1   [ RunTime:0.0003s ]
SQL: SELECT * FROM `sex_forum_like` WHERE `user_id` = 2 AND `dynamic_id` = 4 LIMIT 1   [ RunTime:0.0003s ]

[ 2019-01-06T16:04:13+08:00 ] 192.168.2.35 /WebApi_v1/Forum/forumSearch?keywords=qw
INFO: [ app_init ] --START--
INFO: Run Behavior\BuildLiteBehavior [ RunTime:0.000012s ]
INFO: [ app_init ] --END-- [ RunTime:0.001106s ]
INFO: [ app_begin ] --START--
INFO: Run Behavior\ReadHtmlCacheBehavior [ RunTime:0.001618s ]
INFO: [ app_begin ] --END-- [ RunTime:0.001649s ]
SQL: SHOW COLUMNS FROM `sex_sys_conf` [ RunTime:0.0033s ]
SQL: SHOW COLUMNS FROM `sex_user_list` [ RunTime:0.0109s ]
SQL: SELECT * FROM `sex_user_list` WHERE `user_id` = 2 AND `user_token` = '7b980ae2f40ec0edce2539de1dd860de' LIMIT 1   [ RunTime:0.0014s ]
SQL: SHOW COLUMNS FROM `sex_forum_dynamic` [ RunTime:0.0034s ]
NOTIC: [8] Undefined offset: 0 D:\xampp\htdocs\ThinkPHP\Library\Think\Db\Driver.class.php 第 550 行.
NOTIC: [8] Undefined offset: 0 D:\xampp\htdocs\ThinkPHP\Library\Think\Db\Driver.class.php 第 596 行.
NOTIC: [8] Undefined offset: 0 D:\xampp\htdocs\ThinkPHP\Library\Think\Db\Driver.class.php 第 596 行.
NOTIC: [8] Undefined offset: 0 D:\xampp\htdocs\ThinkPHP\Library\Think\Db\Driver.class.php 第 597 行.
NOTIC: [8] Undefined offset: 0 D:\xampp\htdocs\ThinkPHP\Library\Think\Db\Driver.class.php 第 600 行.
SQL: SELECT a.dynamic_id,a.user_id,a.type,a.time,a.like_count,a.comment_count,a.is_forward,a.forward_id,a.object,b.nickname,b.head_portrait,b.experience FROM sex_forum_dynamic a LEFT JOIN sex_user_list b ON b.user_id = a.user_id  WHERE ( a.object = null  ) ORDER BY time DESC LIMIT 0,6   [ RunTime:0.0007s ]
NOTIC: [8] Undefined offset: 0 D:\xampp\htdocs\ThinkPHP\Library\Think\Db\Driver.class.php 第 550 行.
NOTIC: [8] Undefined offset: 0 D:\xampp\htdocs\ThinkPHP\Library\Think\Db\Driver.class.php 第 596 行.
NOTIC: [8] Undefined offset: 0 D:\xampp\htdocs\ThinkPHP\Library\Think\Db\Driver.class.php 第 596 行.
NOTIC: [8] Undefined offset: 0 D:\xampp\htdocs\ThinkPHP\Library\Think\Db\Driver.class.php 第 597 行.
NOTIC: [8] Undefined offset: 0 D:\xampp\htdocs\ThinkPHP\Library\Think\Db\Driver.class.php 第 600 行.
SQL: SELECT COUNT(*) AS tp_count FROM sex_forum_dynamic a LEFT JOIN sex_user_list b ON b.user_id = a.user_id  WHERE ( a.object = null  ) LIMIT 1   [ RunTime:0.0004s ]

[ 2019-01-06T16:04:45+08:00 ] 192.168.2.35 /WebApi_v1/Forum/forumSearch?keywords=qw
INFO: [ app_init ] --START--
INFO: Run Behavior\BuildLiteBehavior [ RunTime:0.000010s ]
INFO: [ app_init ] --END-- [ RunTime:0.000743s ]
INFO: [ app_begin ] --START--
INFO: Run Behavior\ReadHtmlCacheBehavior [ RunTime:0.001228s ]
INFO: [ app_begin ] --END-- [ RunTime:0.001259s ]
SQL: SHOW COLUMNS FROM `sex_sys_conf` [ RunTime:0.0038s ]
SQL: SHOW COLUMNS FROM `sex_user_list` [ RunTime:0.0035s ]
SQL: SELECT * FROM `sex_user_list` WHERE `user_id` = 2 AND `user_token` = '7b980ae2f40ec0edce2539de1dd860de' LIMIT 1   [ RunTime:0.0004s ]
SQL: SHOW COLUMNS FROM `sex_forum_dynamic` [ RunTime:0.0039s ]
SQL: SELECT a.dynamic_id,a.user_id,a.type,a.time,a.like_count,a.comment_count,a.is_forward,a.forward_id,a.object,b.nickname,b.head_portrait,b.experience FROM sex_forum_dynamic a LEFT JOIN sex_user_list b ON b.user_id = a.user_id  WHERE a.state = 1 AND b.state = 1 AND b.nickname LIKE '%qw%' ORDER BY time DESC LIMIT 0,6   [ RunTime:0.0032s ]
SQL: SELECT COUNT(*) AS tp_count FROM sex_forum_dynamic a LEFT JOIN sex_user_list b ON b.user_id = a.user_id  WHERE a.state = 1 AND b.state = 1 AND b.nickname LIKE '%qw%' LIMIT 1   [ RunTime:0.0004s ]

[ 2019-01-06T16:04:55+08:00 ] 192.168.2.35 /WebApi_v1/Forum/forumSearch?keywords=qw
INFO: [ app_init ] --START--
INFO: Run Behavior\BuildLiteBehavior [ RunTime:0.000008s ]
INFO: [ app_init ] --END-- [ RunTime:0.000626s ]
INFO: [ app_begin ] --START--
INFO: Run Behavior\ReadHtmlCacheBehavior [ RunTime:0.000558s ]
INFO: [ app_begin ] --END-- [ RunTime:0.000582s ]
SQL: SHOW COLUMNS FROM `sex_sys_conf` [ RunTime:0.0038s ]
SQL: SHOW COLUMNS FROM `sex_user_list` [ RunTime:0.0032s ]
SQL: SELECT * FROM `sex_user_list` WHERE `user_id` = 2 AND `user_token` = '7b980ae2f40ec0edce2539de1dd860de' LIMIT 1   [ RunTime:0.0005s ]
SQL: SHOW COLUMNS FROM `sex_forum_dynamic` [ RunTime:0.0065s ]
SQL: SELECT a.dynamic_id,a.user_id,a.type,a.time,a.like_count,a.comment_count,a.is_forward,a.forward_id,a.object,b.nickname,b.head_portrait,b.experience FROM sex_forum_dynamic a LEFT JOIN sex_user_list b ON b.user_id = a.user_id  WHERE b.nickname LIKE '%qw%' ORDER BY time DESC LIMIT 0,6   [ RunTime:0.0153s ]
SQL: SELECT COUNT(*) AS tp_count FROM sex_forum_dynamic a LEFT JOIN sex_user_list b ON b.user_id = a.user_id  WHERE b.nickname LIKE '%qw%' LIMIT 1   [ RunTime:0.0004s ]

[ 2019-01-06T16:05:07+08:00 ] 192.168.2.35 /WebApi_v1/Forum/forumSearch?keywords=1
INFO: [ app_init ] --START--
INFO: Run Behavior\BuildLiteBehavior [ RunTime:0.000012s ]
INFO: [ app_init ] --END-- [ RunTime:0.000699s ]
INFO: [ app_begin ] --START--
INFO: Run Behavior\ReadHtmlCacheBehavior [ RunTime:0.000789s ]
INFO: [ app_begin ] --END-- [ RunTime:0.000826s ]
SQL: SHOW COLUMNS FROM `sex_sys_conf` [ RunTime:0.0058s ]
SQL: SHOW COLUMNS FROM `sex_user_list` [ RunTime:0.0053s ]
SQL: SELECT * FROM `sex_user_list` WHERE `user_id` = 2 AND `user_token` = '7b980ae2f40ec0edce2539de1dd860de' LIMIT 1   [ RunTime:0.0005s ]
SQL: SHOW COLUMNS FROM `sex_forum_dynamic` [ RunTime:0.0034s ]
SQL: SELECT a.dynamic_id,a.user_id,a.type,a.time,a.like_count,a.comment_count,a.is_forward,a.forward_id,a.object,b.nickname,b.head_portrait,b.experience FROM sex_forum_dynamic a LEFT JOIN sex_user_list b ON b.user_id = a.user_id  WHERE a.state = 1 AND b.state = 1 AND b.nickname LIKE '%1%' ORDER BY time DESC LIMIT 0,6   [ RunTime:0.0037s ]
SQL: SELECT COUNT(*) AS tp_count FROM sex_forum_dynamic a LEFT JOIN sex_user_list b ON b.user_id = a.user_id  WHERE a.state = 1 AND b.state = 1 AND b.nickname LIKE '%1%' LIMIT 1   [ RunTime:0.0005s ]
SQL: SHOW COLUMNS FROM `sex_sys_level` [ RunTime:0.0033s ]
SQL: SHOW COLUMNS FROM `sex_forum_fans` [ RunTime:0.0033s ]
SQL: SELECT * FROM `sex_forum_fans` WHERE `user_id` = 2 AND `touser_id` = 1 LIMIT 1   [ RunTime:0.0004s ]
SQL: SHOW COLUMNS FROM `sex_forum_like` [ RunTime:0.0036s ]
SQL: SELECT * FROM `sex_forum_like` WHERE `user_id` = 2 AND `dynamic_id` = 1 LIMIT 1   [ RunTime:0.0004s ]
SQL: SELECT * FROM `sex_forum_fans` WHERE `user_id` = 2 AND `touser_id` = 1 LIMIT 1   [ RunTime:0.0003s ]
SQL: SELECT * FROM `sex_forum_like` WHERE `user_id` = 2 AND `dynamic_id` = 2 LIMIT 1   [ RunTime:0.0005s ]
SQL: SELECT * FROM `sex_forum_fans` WHERE `user_id` = 2 AND `touser_id` = 1 LIMIT 1   [ RunTime:0.0003s ]
SQL: SELECT * FROM `sex_forum_like` WHERE `user_id` = 2 AND `dynamic_id` = 3 LIMIT 1   [ RunTime:0.0004s ]
SQL: SELECT * FROM `sex_forum_fans` WHERE `user_id` = 2 AND `touser_id` = 1 LIMIT 1   [ RunTime:0.0003s ]
SQL: SELECT * FROM `sex_forum_like` WHERE `user_id` = 2 AND `dynamic_id` = 4 LIMIT 1   [ RunTime:0.0004s ]

[ 2019-01-06T16:06:11+08:00 ] 192.168.2.35 /WebApi_v1/Forum/forumSearch?keywords=1
INFO: [ app_init ] --START--
INFO: Run Behavior\BuildLiteBehavior [ RunTime:0.000007s ]
INFO: [ app_init ] --END-- [ RunTime:0.000507s ]
INFO: [ app_begin ] --START--
INFO: Run Behavior\ReadHtmlCacheBehavior [ RunTime:0.000895s ]
INFO: [ app_begin ] --END-- [ RunTime:0.000931s ]
SQL: SHOW COLUMNS FROM `sex_sys_conf` [ RunTime:0.0039s ]
SQL: SHOW COLUMNS FROM `sex_user_list` [ RunTime:0.0034s ]
SQL: SELECT * FROM `sex_user_list` WHERE `user_id` = 2 AND `user_token` = '7b980ae2f40ec0edce2539de1dd860de' LIMIT 1   [ RunTime:0.0004s ]
SQL: SHOW COLUMNS FROM `sex_forum_dynamic` [ RunTime:0.0113s ]
SQL: SELECT a.dynamic_id,a.user_id,a.type,a.time,a.like_count,a.comment_count,a.is_forward,a.forward_id,a.object,b.nickname,b.head_portrait,b.experience FROM sex_forum_dynamic a LEFT JOIN sex_user_list b ON b.user_id = a.user_id  WHERE a.state = 1 AND b.state = 1 AND a.object LIKE '%1%' AND b.nickname LIKE '%1%' ORDER BY time DESC LIMIT 0,6   [ RunTime:0.0056s ]
SQL: SELECT COUNT(*) AS tp_count FROM sex_forum_dynamic a LEFT JOIN sex_user_list b ON b.user_id = a.user_id  WHERE a.state = 1 AND b.state = 1 AND a.object LIKE '%1%' AND b.nickname LIKE '%1%' LIMIT 1   [ RunTime:0.0004s ]
SQL: SHOW COLUMNS FROM `sex_sys_level` [ RunTime:0.0028s ]
SQL: SHOW COLUMNS FROM `sex_forum_fans` [ RunTime:0.0031s ]
SQL: SELECT * FROM `sex_forum_fans` WHERE `user_id` = 2 AND `touser_id` = 1 LIMIT 1   [ RunTime:0.0004s ]
SQL: SHOW COLUMNS FROM `sex_forum_like` [ RunTime:0.0035s ]
SQL: SELECT * FROM `sex_forum_like` WHERE `user_id` = 2 AND `dynamic_id` = 1 LIMIT 1   [ RunTime:0.0003s ]
SQL: SELECT * FROM `sex_forum_fans` WHERE `user_id` = 2 AND `touser_id` = 1 LIMIT 1   [ RunTime:0.0003s ]
SQL: SELECT * FROM `sex_forum_like` WHERE `user_id` = 2 AND `dynamic_id` = 2 LIMIT 1   [ RunTime:0.0002s ]
SQL: SELECT * FROM `sex_forum_fans` WHERE `user_id` = 2 AND `touser_id` = 1 LIMIT 1   [ RunTime:0.0004s ]
SQL: SELECT * FROM `sex_forum_like` WHERE `user_id` = 2 AND `dynamic_id` = 3 LIMIT 1   [ RunTime:0.0003s ]
SQL: SELECT * FROM `sex_forum_fans` WHERE `user_id` = 2 AND `touser_id` = 1 LIMIT 1   [ RunTime:0.0003s ]
SQL: SELECT * FROM `sex_forum_like` WHERE `user_id` = 2 AND `dynamic_id` = 4 LIMIT 1   [ RunTime:0.0003s ]

[ 2019-01-06T16:06:18+08:00 ] 192.168.2.35 /WebApi_v1/Forum/forumSearch?keywords=qw
INFO: [ app_init ] --START--
INFO: Run Behavior\BuildLiteBehavior [ RunTime:0.000010s ]
INFO: [ app_init ] --END-- [ RunTime:0.001239s ]
INFO: [ app_begin ] --START--
INFO: Run Behavior\ReadHtmlCacheBehavior [ RunTime:0.001038s ]
INFO: [ app_begin ] --END-- [ RunTime:0.001064s ]
SQL: SHOW COLUMNS FROM `sex_sys_conf` [ RunTime:0.0044s ]
SQL: SHOW COLUMNS FROM `sex_user_list` [ RunTime:0.0034s ]
SQL: SELECT * FROM `sex_user_list` WHERE `user_id` = 2 AND `user_token` = '7b980ae2f40ec0edce2539de1dd860de' LIMIT 1   [ RunTime:0.0004s ]
SQL: SHOW COLUMNS FROM `sex_forum_dynamic` [ RunTime:0.0042s ]
SQL: SELECT a.dynamic_id,a.user_id,a.type,a.time,a.like_count,a.comment_count,a.is_forward,a.forward_id,a.object,b.nickname,b.head_portrait,b.experience FROM sex_forum_dynamic a LEFT JOIN sex_user_list b ON b.user_id = a.user_id  WHERE a.state = 1 AND b.state = 1 AND a.object LIKE '%qw%' AND b.nickname LIKE '%qw%' ORDER BY time DESC LIMIT 0,6   [ RunTime:0.0046s ]
SQL: SELECT COUNT(*) AS tp_count FROM sex_forum_dynamic a LEFT JOIN sex_user_list b ON b.user_id = a.user_id  WHERE a.state = 1 AND b.state = 1 AND a.object LIKE '%qw%' AND b.nickname LIKE '%qw%' LIMIT 1   [ RunTime:0.0005s ]

[ 2019-01-06T16:06:22+08:00 ] 192.168.2.35 /WebApi_v1/Forum/forumSearch?keywords=1
INFO: [ app_init ] --START--
INFO: Run Behavior\BuildLiteBehavior [ RunTime:0.000012s ]
INFO: [ app_init ] --END-- [ RunTime:0.000434s ]
INFO: [ app_begin ] --START--
INFO: Run Behavior\ReadHtmlCacheBehavior [ RunTime:0.000754s ]
INFO: [ app_begin ] --END-- [ RunTime:0.000781s ]
SQL: SHOW COLUMNS FROM `sex_sys_conf` [ RunTime:0.0024s ]
SQL: SHOW COLUMNS FROM `sex_user_list` [ RunTime:0.0025s ]
SQL: SELECT * FROM `sex_user_list` WHERE `user_id` = 2 AND `user_token` = '7b980ae2f40ec0edce2539de1dd860de' LIMIT 1   [ RunTime:0.0003s ]
SQL: SHOW COLUMNS FROM `sex_forum_dynamic` [ RunTime:0.0024s ]
SQL: SELECT a.dynamic_id,a.user_id,a.type,a.time,a.like_count,a.comment_count,a.is_forward,a.forward_id,a.object,b.nickname,b.head_portrait,b.experience FROM sex_forum_dynamic a LEFT JOIN sex_user_list b ON b.user_id = a.user_id  WHERE a.state = 1 AND b.state = 1 AND a.object LIKE '%1%' AND b.nickname LIKE '%1%' ORDER BY time DESC LIMIT 0,6   [ RunTime:0.0027s ]
SQL: SELECT COUNT(*) AS tp_count FROM sex_forum_dynamic a LEFT JOIN sex_user_list b ON b.user_id = a.user_id  WHERE a.state = 1 AND b.state = 1 AND a.object LIKE '%1%' AND b.nickname LIKE '%1%' LIMIT 1   [ RunTime:0.0009s ]
SQL: SHOW COLUMNS FROM `sex_sys_level` [ RunTime:0.0026s ]
SQL: SHOW COLUMNS FROM `sex_forum_fans` [ RunTime:0.0022s ]
SQL: SELECT * FROM `sex_forum_fans` WHERE `user_id` = 2 AND `touser_id` = 1 LIMIT 1   [ RunTime:0.0003s ]
SQL: SHOW COLUMNS FROM `sex_forum_like` [ RunTime:0.0021s ]
SQL: SELECT * FROM `sex_forum_like` WHERE `user_id` = 2 AND `dynamic_id` = 1 LIMIT 1   [ RunTime:0.0002s ]
SQL: SELECT * FROM `sex_forum_fans` WHERE `user_id` = 2 AND `touser_id` = 1 LIMIT 1   [ RunTime:0.0002s ]
SQL: SELECT * FROM `sex_forum_like` WHERE `user_id` = 2 AND `dynamic_id` = 2 LIMIT 1   [ RunTime:0.0002s ]
SQL: SELECT * FROM `sex_forum_fans` WHERE `user_id` = 2 AND `touser_id` = 1 LIMIT 1   [ RunTime:0.0002s ]
SQL: SELECT * FROM `sex_forum_like` WHERE `user_id` = 2 AND `dynamic_id` = 3 LIMIT 1   [ RunTime:0.0002s ]
SQL: SELECT * FROM `sex_forum_fans` WHERE `user_id` = 2 AND `touser_id` = 1 LIMIT 1   [ RunTime:0.0002s ]
SQL: SELECT * FROM `sex_forum_like` WHERE `user_id` = 2 AND `dynamic_id` = 4 LIMIT 1   [ RunTime:0.0002s ]

[ 2019-01-06T16:07:50+08:00 ] 192.168.2.35 /WebApi_v1/Forum/forumSearch?keywords=1
INFO: [ app_init ] --START--
INFO: Run Behavior\BuildLiteBehavior [ RunTime:0.000008s ]
INFO: [ app_init ] --END-- [ RunTime:0.000564s ]
INFO: [ app_begin ] --START--
INFO: Run Behavior\ReadHtmlCacheBehavior [ RunTime:0.000810s ]
INFO: [ app_begin ] --END-- [ RunTime:0.000836s ]
SQL: SHOW COLUMNS FROM `sex_sys_conf` [ RunTime:0.0041s ]
SQL: SHOW COLUMNS FROM `sex_user_list` [ RunTime:0.0049s ]
SQL: SELECT * FROM `sex_user_list` WHERE `user_id` = 2 AND `user_token` = '7b980ae2f40ec0edce2539de1dd860de' LIMIT 1   [ RunTime:0.0007s ]
SQL: SHOW COLUMNS FROM `sex_forum_dynamic` [ RunTime:0.0065s ]
SQL: SELECT a.dynamic_id,a.user_id,a.type,a.time,a.like_count,a.comment_count,a.is_forward,a.forward_id,a.object,b.nickname,b.head_portrait,b.experience FROM sex_forum_dynamic a LEFT JOIN sex_user_list b ON b.user_id = a.user_id  WHERE a.state = 1 AND b.state = 1 AND ( b.nickname LIKE '%1%' OR a.object LIKE '%1%' ) ORDER BY time DESC LIMIT 0,6   [ RunTime:0.0037s ]
SQL: SELECT COUNT(*) AS tp_count FROM sex_forum_dynamic a LEFT JOIN sex_user_list b ON b.user_id = a.user_id  WHERE a.state = 1 AND b.state = 1 AND ( b.nickname LIKE '%1%' OR a.object LIKE '%1%' ) LIMIT 1   [ RunTime:0.0004s ]
SQL: SHOW COLUMNS FROM `sex_sys_level` [ RunTime:0.0034s ]
SQL: SHOW COLUMNS FROM `sex_forum_fans` [ RunTime:0.0034s ]
SQL: SELECT * FROM `sex_forum_fans` WHERE `user_id` = 2 AND `touser_id` = 1 LIMIT 1   [ RunTime:0.0003s ]
SQL: SHOW COLUMNS FROM `sex_forum_like` [ RunTime:0.0036s ]
SQL: SELECT * FROM `sex_forum_like` WHERE `user_id` = 2 AND `dynamic_id` = 1 LIMIT 1   [ RunTime:0.0004s ]
SQL: SELECT * FROM `sex_forum_fans` WHERE `user_id` = 2 AND `touser_id` = 1 LIMIT 1   [ RunTime:0.0003s ]
SQL: SELECT * FROM `sex_forum_like` WHERE `user_id` = 2 AND `dynamic_id` = 2 LIMIT 1   [ RunTime:0.0003s ]
SQL: SELECT * FROM `sex_forum_fans` WHERE `user_id` = 2 AND `touser_id` = 1 LIMIT 1   [ RunTime:0.0003s ]
SQL: SELECT * FROM `sex_forum_like` WHERE `user_id` = 2 AND `dynamic_id` = 3 LIMIT 1   [ RunTime:0.0003s ]
SQL: SELECT * FROM `sex_forum_fans` WHERE `user_id` = 2 AND `touser_id` = 1 LIMIT 1   [ RunTime:0.0005s ]
SQL: SELECT * FROM `sex_forum_like` WHERE `user_id` = 2 AND `dynamic_id` = 4 LIMIT 1   [ RunTime:0.0004s ]

[ 2019-01-06T16:07:55+08:00 ] 192.168.2.35 /WebApi_v1/Forum/forumSearch?keywords=qw
INFO: [ app_init ] --START--
INFO: Run Behavior\BuildLiteBehavior [ RunTime:0.000008s ]
INFO: [ app_init ] --END-- [ RunTime:0.000473s ]
INFO: [ app_begin ] --START--
INFO: Run Behavior\ReadHtmlCacheBehavior [ RunTime:0.000810s ]
INFO: [ app_begin ] --END-- [ RunTime:0.000834s ]
SQL: SHOW COLUMNS FROM `sex_sys_conf` [ RunTime:0.0034s ]
SQL: SHOW COLUMNS FROM `sex_user_list` [ RunTime:0.0090s ]
SQL: SELECT * FROM `sex_user_list` WHERE `user_id` = 2 AND `user_token` = '7b980ae2f40ec0edce2539de1dd860de' LIMIT 1   [ RunTime:0.0005s ]
SQL: SHOW COLUMNS FROM `sex_forum_dynamic` [ RunTime:0.0103s ]
SQL: SELECT a.dynamic_id,a.user_id,a.type,a.time,a.like_count,a.comment_count,a.is_forward,a.forward_id,a.object,b.nickname,b.head_portrait,b.experience FROM sex_forum_dynamic a LEFT JOIN sex_user_list b ON b.user_id = a.user_id  WHERE a.state = 1 AND b.state = 1 AND ( b.nickname LIKE '%qw%' OR a.object LIKE '%qw%' ) ORDER BY time DESC LIMIT 0,6   [ RunTime:0.0037s ]
SQL: SELECT COUNT(*) AS tp_count FROM sex_forum_dynamic a LEFT JOIN sex_user_list b ON b.user_id = a.user_id  WHERE a.state = 1 AND b.state = 1 AND ( b.nickname LIKE '%qw%' OR a.object LIKE '%qw%' ) LIMIT 1   [ RunTime:0.0006s ]
SQL: SHOW COLUMNS FROM `sex_sys_level` [ RunTime:0.0037s ]
SQL: SHOW COLUMNS FROM `sex_forum_fans` [ RunTime:0.0037s ]
SQL: SELECT * FROM `sex_forum_fans` WHERE `user_id` = 2 AND `touser_id` = 1 LIMIT 1   [ RunTime:0.0003s ]
SQL: SHOW COLUMNS FROM `sex_forum_like` [ RunTime:0.0070s ]
SQL: SELECT * FROM `sex_forum_like` WHERE `user_id` = 2 AND `dynamic_id` = 1 LIMIT 1   [ RunTime:0.0004s ]
SQL: SELECT * FROM `sex_forum_fans` WHERE `user_id` = 2 AND `touser_id` = 1 LIMIT 1   [ RunTime:0.0004s ]
SQL: SELECT * FROM `sex_forum_like` WHERE `user_id` = 2 AND `dynamic_id` = 2 LIMIT 1   [ RunTime:0.0004s ]
SQL: SELECT * FROM `sex_forum_fans` WHERE `user_id` = 2 AND `touser_id` = 1 LIMIT 1   [ RunTime:0.0005s ]
SQL: SELECT * FROM `sex_forum_like` WHERE `user_id` = 2 AND `dynamic_id` = 4 LIMIT 1   [ RunTime:0.0003s ]

[ 2019-01-06T16:08:24+08:00 ] 192.168.2.35 /WebApi_v1/Forum/forumSearch?keywords=%E5%A6%B9%E5%AD%90
INFO: [ app_init ] --START--
INFO: Run Behavior\BuildLiteBehavior [ RunTime:0.000008s ]
INFO: [ app_init ] --END-- [ RunTime:0.000536s ]
INFO: [ app_begin ] --START--
INFO: Run Behavior\ReadHtmlCacheBehavior [ RunTime:0.000775s ]
INFO: [ app_begin ] --END-- [ RunTime:0.000799s ]
SQL: SHOW COLUMNS FROM `sex_sys_conf` [ RunTime:0.0025s ]
SQL: SHOW COLUMNS FROM `sex_user_list` [ RunTime:0.0029s ]
SQL: SELECT * FROM `sex_user_list` WHERE `user_id` = 2 AND `user_token` = '7b980ae2f40ec0edce2539de1dd860de' LIMIT 1   [ RunTime:0.0004s ]
SQL: SHOW COLUMNS FROM `sex_forum_dynamic` [ RunTime:0.0027s ]
SQL: SELECT a.dynamic_id,a.user_id,a.type,a.time,a.like_count,a.comment_count,a.is_forward,a.forward_id,a.object,b.nickname,b.head_portrait,b.experience FROM sex_forum_dynamic a LEFT JOIN sex_user_list b ON b.user_id = a.user_id  WHERE a.state = 1 AND b.state = 1 AND ( b.nickname LIKE '%妹子%' OR a.object LIKE '%妹子%' ) ORDER BY time DESC LIMIT 0,6   [ RunTime:0.0024s ]
SQL: SELECT COUNT(*) AS tp_count FROM sex_forum_dynamic a LEFT JOIN sex_user_list b ON b.user_id = a.user_id  WHERE a.state = 1 AND b.state = 1 AND ( b.nickname LIKE '%妹子%' OR a.object LIKE '%妹子%' ) LIMIT 1   [ RunTime:0.0003s ]
SQL: SHOW COLUMNS FROM `sex_sys_level` [ RunTime:0.0025s ]
SQL: SHOW COLUMNS FROM `sex_forum_fans` [ RunTime:0.0026s ]
SQL: SELECT * FROM `sex_forum_fans` WHERE `user_id` = 2 AND `touser_id` = 1 LIMIT 1   [ RunTime:0.0003s ]
SQL: SHOW COLUMNS FROM `sex_forum_like` [ RunTime:0.0022s ]
SQL: SELECT * FROM `sex_forum_like` WHERE `user_id` = 2 AND `dynamic_id` = 3 LIMIT 1   [ RunTime:0.0003s ]

[ 2019-01-06T16:13:22+08:00 ] 192.168.2.35 /WebApi_v1/Forum/fansOn?touser_id=1
INFO: [ app_init ] --START--
INFO: Run Behavior\BuildLiteBehavior [ RunTime:0.000008s ]
INFO: [ app_init ] --END-- [ RunTime:0.000524s ]
INFO: [ app_begin ] --START--
INFO: Run Behavior\ReadHtmlCacheBehavior [ RunTime:0.000836s ]
INFO: [ app_begin ] --END-- [ RunTime:0.000860s ]
SQL: SHOW COLUMNS FROM `sex_sys_conf` [ RunTime:0.0026s ]
SQL: SHOW COLUMNS FROM `sex_user_list` [ RunTime:0.0026s ]
SQL: SELECT * FROM `sex_user_list` WHERE `user_id` = 2 AND `user_token` = '7b980ae2f40ec0edce2539de1dd860de' LIMIT 1   [ RunTime:0.0005s ]
SQL: SHOW COLUMNS FROM `sex_forum_fans` [ RunTime:0.0029s ]
SQL: INSERT INTO `sex_forum_fans` (`user_id`,`touser_id`,`time`) VALUES ('2','1','1546762402') [ RunTime:0.0032s ]

[ 2019-01-06T16:16:21+08:00 ] 192.168.2.35 /WebApi_v1/Forum/likeOn?dynamic_id=1
INFO: [ app_init ] --START--
INFO: Run Behavior\BuildLiteBehavior [ RunTime:0.000008s ]
INFO: [ app_init ] --END-- [ RunTime:0.000741s ]
INFO: [ app_begin ] --START--
INFO: Run Behavior\ReadHtmlCacheBehavior [ RunTime:0.000899s ]
INFO: [ app_begin ] --END-- [ RunTime:0.000926s ]
SQL: SHOW COLUMNS FROM `sex_sys_conf` [ RunTime:0.0028s ]
SQL: SHOW COLUMNS FROM `sex_user_list` [ RunTime:0.0159s ]
SQL: SELECT * FROM `sex_user_list` WHERE `user_id` = 2 AND `user_token` = '7b980ae2f40ec0edce2539de1dd860de' LIMIT 1   [ RunTime:0.0004s ]
SQL: SHOW COLUMNS FROM `sex_forum_like` [ RunTime:0.0029s ]
SQL: INSERT INTO `sex_forum_like` (`user_id`,`dynamic_id`,`time`) VALUES ('2','1','1546762581') [ RunTime:0.0016s ]

[ 2019-01-06T16:21:00+08:00 ] 192.168.2.35 /WebApi_v1/Forum/likeOn?dynamic_id=1
INFO: [ app_init ] --START--
INFO: Run Behavior\BuildLiteBehavior [ RunTime:0.000007s ]
INFO: [ app_init ] --END-- [ RunTime:0.000499s ]
INFO: [ app_begin ] --START--
INFO: Run Behavior\ReadHtmlCacheBehavior [ RunTime:0.000712s ]
INFO: [ app_begin ] --END-- [ RunTime:0.000734s ]
SQL: SHOW COLUMNS FROM `sex_sys_conf` [ RunTime:0.0027s ]
SQL: SHOW COLUMNS FROM `sex_user_list` [ RunTime:0.0025s ]
SQL: SELECT * FROM `sex_user_list` WHERE `user_id` = 2 AND `user_token` = '7b980ae2f40ec0edce2539de1dd860de' LIMIT 1   [ RunTime:0.0004s ]
SQL: SHOW COLUMNS FROM `sex_forum_like` [ RunTime:0.0026s ]
SQL: INSERT INTO `sex_forum_like` (`user_id`,`dynamic_id`,`time`) VALUES ('2','1','1546762860') [ RunTime:0.0010s ]
SQL: SHOW COLUMNS FROM `sex_forum_dynamic` [ RunTime:0.0024s ]
SQL: UPDATE `sex_forum_dynamic` SET `like_count`=like_count+1 WHERE `dynamic_id` = 1 [ RunTime:0.0011s ]

[ 2019-01-06T16:28:35+08:00 ] 192.168.2.35 /WebApi_v1/Forum/cancelLike?like_id=1&dynamic_id=1
INFO: [ app_init ] --START--
INFO: Run Behavior\BuildLiteBehavior [ RunTime:0.000008s ]
INFO: [ app_init ] --END-- [ RunTime:0.000879s ]
INFO: [ app_begin ] --START--
INFO: Run Behavior\ReadHtmlCacheBehavior [ RunTime:0.001159s ]
INFO: [ app_begin ] --END-- [ RunTime:0.001193s ]
SQL: SHOW COLUMNS FROM `sex_sys_conf` [ RunTime:0.0035s ]
SQL: SHOW COLUMNS FROM `sex_user_list` [ RunTime:0.0038s ]
SQL: SELECT * FROM `sex_user_list` WHERE `user_id` = 2 AND `user_token` = '7b980ae2f40ec0edce2539de1dd860de' LIMIT 1   [ RunTime:0.0004s ]
SQL: SHOW COLUMNS FROM `sex_forum_like` [ RunTime:0.0112s ]
SQL: DELETE FROM `sex_forum_like` WHERE `like_id` = 1 [ RunTime:0.0017s ]
SQL: SHOW COLUMNS FROM `sex_forum_dynamic` [ RunTime:0.0033s ]
SQL: UPDATE `sex_forum_dynamic` SET `like_count`=like_count-1 WHERE `dynamic_id` = 1 [ RunTime:0.0019s ]

[ 2019-01-06T16:32:57+08:00 ] 192.168.2.35 /WebApi_v1/ForumUser/index?user_id=1
INFO: [ app_init ] --START--
INFO: Run Behavior\BuildLiteBehavior [ RunTime:0.000007s ]
INFO: [ app_init ] --END-- [ RunTime:0.000803s ]
INFO: [ app_begin ] --START--
INFO: Run Behavior\ReadHtmlCacheBehavior [ RunTime:0.001062s ]
INFO: [ app_begin ] --END-- [ RunTime:0.001087s ]
SQL: SHOW COLUMNS FROM `sex_sys_conf` [ RunTime:0.0028s ]
SQL: SHOW COLUMNS FROM `sex_user_list` [ RunTime:0.0025s ]
SQL: SELECT * FROM `sex_user_list` WHERE `user_id` = 2 AND `user_token` = '7b980ae2f40ec0edce2539de1dd860de' LIMIT 1   [ RunTime:0.0004s ]
SQL: SELECT `user_id`,`nickname`,`head_portrait`,`signature`,`experience` FROM `sex_user_list` WHERE `user_id` = 1 LIMIT 1   [ RunTime:0.0003s ]
SQL: SHOW COLUMNS FROM `sex_sys_level` [ RunTime:0.0027s ]
SQL: SHOW COLUMNS FROM `sex_forum_dynamic` [ RunTime:0.0025s ]
ERR: 1054:Unknown column '' in 'field list'
 [ SQL语句 ] : SELECT `dynamic_id`,`type`,`object`,`time`,`like_count`,`comment_count`,`` FROM `sex_forum_dynamic` WHERE `user_id` = 1 ORDER BY time DESC LIMIT 0,4  
ERR: 1054:Unknown column '' in 'field list'
 [ SQL语句 ] : SELECT `dynamic_id`,`type`,`object`,`time`,`like_count`,`comment_count`,`` FROM `sex_forum_dynamic` WHERE `user_id` = 1 ORDER BY time DESC LIMIT 0,4  

[ 2019-01-06T16:33:26+08:00 ] 192.168.2.35 /WebApi_v1/ForumUser/index?user_id=1
INFO: [ app_init ] --START--
INFO: Run Behavior\BuildLiteBehavior [ RunTime:0.000007s ]
INFO: [ app_init ] --END-- [ RunTime:0.000466s ]
INFO: [ app_begin ] --START--
INFO: Run Behavior\ReadHtmlCacheBehavior [ RunTime:0.000768s ]
INFO: [ app_begin ] --END-- [ RunTime:0.000801s ]
SQL: SHOW COLUMNS FROM `sex_sys_conf` [ RunTime:0.0030s ]
SQL: SHOW COLUMNS FROM `sex_user_list` [ RunTime:0.0028s ]
SQL: SELECT * FROM `sex_user_list` WHERE `user_id` = 2 AND `user_token` = '7b980ae2f40ec0edce2539de1dd860de' LIMIT 1   [ RunTime:0.0004s ]
SQL: SELECT `user_id`,`nickname`,`head_portrait`,`signature`,`experience` FROM `sex_user_list` WHERE `user_id` = 1 LIMIT 1   [ RunTime:0.0003s ]
SQL: SHOW COLUMNS FROM `sex_sys_level` [ RunTime:0.0041s ]
SQL: SHOW COLUMNS FROM `sex_forum_dynamic` [ RunTime:0.0025s ]
ERR: 1054:Unknown column '' in 'field list'
 [ SQL语句 ] : SELECT `dynamic_id`,`type`,`object`,`time`,`like_count`,`comment_count`,`` FROM `sex_forum_dynamic` WHERE `user_id` = 1 ORDER BY time DESC LIMIT 0,4  
ERR: 1054:Unknown column '' in 'field list'
 [ SQL语句 ] : SELECT `dynamic_id`,`type`,`object`,`time`,`like_count`,`comment_count`,`` FROM `sex_forum_dynamic` WHERE `user_id` = 1 ORDER BY time DESC LIMIT 0,4  

[ 2019-01-06T16:35:00+08:00 ] 192.168.2.35 /WebApi_v1/ForumUser/index?user_id=1
INFO: [ app_init ] --START--
INFO: Run Behavior\BuildLiteBehavior [ RunTime:0.000013s ]
INFO: [ app_init ] --END-- [ RunTime:0.000794s ]
INFO: [ app_begin ] --START--
INFO: Run Behavior\ReadHtmlCacheBehavior [ RunTime:0.001013s ]
INFO: [ app_begin ] --END-- [ RunTime:0.001049s ]
SQL: SHOW COLUMNS FROM `sex_sys_conf` [ RunTime:0.0037s ]
SQL: SHOW COLUMNS FROM `sex_user_list` [ RunTime:0.0033s ]
SQL: SELECT * FROM `sex_user_list` WHERE `user_id` = 2 AND `user_token` = '7b980ae2f40ec0edce2539de1dd860de' LIMIT 1   [ RunTime:0.0004s ]
SQL: SELECT `user_id`,`nickname`,`head_portrait`,`signature`,`experience` FROM `sex_user_list` WHERE `user_id` = 1 LIMIT 1   [ RunTime:0.0003s ]
SQL: SHOW COLUMNS FROM `sex_sys_level` [ RunTime:0.0026s ]
SQL: SHOW COLUMNS FROM `sex_forum_dynamic` [ RunTime:0.0032s ]
ERR: 1054:Unknown column '' in 'field list'
 [ SQL语句 ] : SELECT `dynamic_id`,`type`,`object`,`time`,`like_count`,`comment_count`,`` FROM `sex_forum_dynamic` WHERE `user_id` = 1 ORDER BY time DESC LIMIT 0,4  
ERR: 1054:Unknown column '' in 'field list'
 [ SQL语句 ] : SELECT `dynamic_id`,`type`,`object`,`time`,`like_count`,`comment_count`,`` FROM `sex_forum_dynamic` WHERE `user_id` = 1 ORDER BY time DESC LIMIT 0,4  

[ 2019-01-06T16:40:14+08:00 ] 192.168.2.35 /WebApi_v1/ForumUser/index?user_id=1
INFO: [ app_init ] --START--
INFO: Run Behavior\BuildLiteBehavior [ RunTime:0.000010s ]
INFO: [ app_init ] --END-- [ RunTime:0.000622s ]
INFO: [ app_begin ] --START--
INFO: Run Behavior\ReadHtmlCacheBehavior [ RunTime:0.001242s ]
INFO: [ app_begin ] --END-- [ RunTime:0.001276s ]
SQL: SHOW COLUMNS FROM `sex_sys_conf` [ RunTime:0.0037s ]
SQL: SHOW COLUMNS FROM `sex_user_list` [ RunTime:0.0035s ]
SQL: SELECT * FROM `sex_user_list` WHERE `user_id` = 2 AND `user_token` = '7b980ae2f40ec0edce2539de1dd860de' LIMIT 1   [ RunTime:0.0005s ]
SQL: SELECT `user_id`,`nickname`,`head_portrait`,`signature`,`experience` FROM `sex_user_list` WHERE `user_id` = 1 LIMIT 1   [ RunTime:0.0005s ]
SQL: SHOW COLUMNS FROM `sex_sys_level` [ RunTime:0.0184s ]
SQL: SHOW COLUMNS FROM `sex_forum_dynamic` [ RunTime:0.0035s ]
ERR: 1054:Unknown column '' in 'field list'
 [ SQL语句 ] : SELECT `dynamic_id`,`type`,`object`,`time`,`like_count`,`comment_count`,`` FROM `sex_forum_dynamic` WHERE `user_id` = 1 ORDER BY time DESC LIMIT 0,4  
ERR: 1054:Unknown column '' in 'field list'
 [ SQL语句 ] : SELECT `dynamic_id`,`type`,`object`,`time`,`like_count`,`comment_count`,`` FROM `sex_forum_dynamic` WHERE `user_id` = 1 ORDER BY time DESC LIMIT 0,4  

[ 2019-01-06T16:43:52+08:00 ] 192.168.2.35 /WebApi_v1/ForumUser/index?user_id=1
INFO: [ app_init ] --START--
INFO: Run Behavior\BuildLiteBehavior [ RunTime:0.000010s ]
INFO: [ app_init ] --END-- [ RunTime:0.000743s ]
INFO: [ app_begin ] --START--
INFO: Run Behavior\ReadHtmlCacheBehavior [ RunTime:0.001121s ]
INFO: [ app_begin ] --END-- [ RunTime:0.001154s ]
SQL: SHOW COLUMNS FROM `sex_sys_conf` [ RunTime:0.0033s ]
SQL: SHOW COLUMNS FROM `sex_user_list` [ RunTime:0.0032s ]
SQL: SELECT * FROM `sex_user_list` WHERE `user_id` = 2 AND `user_token` = '7b980ae2f40ec0edce2539de1dd860de' LIMIT 1   [ RunTime:0.0158s ]
SQL: SELECT `user_id`,`nickname`,`head_portrait`,`signature`,`experience` FROM `sex_user_list` WHERE `user_id` = 1 LIMIT 1   [ RunTime:0.0004s ]
SQL: SHOW COLUMNS FROM `sex_sys_level` [ RunTime:0.0033s ]

[ 2019-01-06T16:44:32+08:00 ] 192.168.2.35 /WebApi_v1/ForumUser/index?user_id=1
INFO: [ app_init ] --START--
INFO: Run Behavior\BuildLiteBehavior [ RunTime:0.000008s ]
INFO: [ app_init ] --END-- [ RunTime:0.000636s ]
INFO: [ app_begin ] --START--
INFO: Run Behavior\ReadHtmlCacheBehavior [ RunTime:0.000871s ]
INFO: [ app_begin ] --END-- [ RunTime:0.000909s ]
SQL: SHOW COLUMNS FROM `sex_sys_conf` [ RunTime:0.0124s ]
SQL: SHOW COLUMNS FROM `sex_user_list` [ RunTime:0.0035s ]
SQL: SELECT * FROM `sex_user_list` WHERE `user_id` = 2 AND `user_token` = '7b980ae2f40ec0edce2539de1dd860de' LIMIT 1   [ RunTime:0.0005s ]
SQL: SELECT `user_id`,`nickname`,`head_portrait`,`signature`,`experience` FROM `sex_user_list` WHERE `user_id` = 1 LIMIT 1   [ RunTime:0.0003s ]
SQL: SHOW COLUMNS FROM `sex_sys_level` [ RunTime:0.0035s ]
SQL: SHOW COLUMNS FROM `sex_forum_dynamic` [ RunTime:0.0050s ]
SQL: SELECT `dynamic_id`,`type`,`object`,`time`,`like_count`,`comment_count` FROM `sex_forum_dynamic` WHERE `user_id` = 1 ORDER BY time DESC LIMIT 0,4   [ RunTime:0.0006s ]
SQL: SELECT COUNT(*) AS tp_count FROM `sex_forum_dynamic` WHERE `user_id` = 1 LIMIT 1   [ RunTime:0.0004s ]

[ 2019-01-06T17:09:29+08:00 ] 192.168.2.35 /WebApi_v1/ForumUser/index?user_id=1
INFO: [ app_init ] --START--
INFO: Run Behavior\BuildLiteBehavior [ RunTime:0.000011s ]
INFO: [ app_init ] --END-- [ RunTime:0.000821s ]
INFO: [ app_begin ] --START--
INFO: Run Behavior\ReadHtmlCacheBehavior [ RunTime:0.000996s ]
INFO: [ app_begin ] --END-- [ RunTime:0.001030s ]
SQL: SHOW COLUMNS FROM `sex_sys_conf` [ RunTime:0.0036s ]
SQL: SHOW COLUMNS FROM `sex_user_list` [ RunTime:0.0122s ]
SQL: SELECT * FROM `sex_user_list` WHERE `user_id` = 2 AND `user_token` = '7b980ae2f40ec0edce2539de1dd860de' LIMIT 1   [ RunTime:0.0004s ]
SQL: SELECT `user_id`,`nickname`,`head_portrait`,`signature`,`experience` FROM `sex_user_list` WHERE `user_id` = 1 LIMIT 1   [ RunTime:0.0004s ]
SQL: SHOW COLUMNS FROM `sex_sys_level` [ RunTime:0.0033s ]
SQL: SHOW COLUMNS FROM `sex_forum_dynamic` [ RunTime:0.0037s ]
SQL: SELECT `dynamic_id`,`type`,`object`,`time`,`like_count`,`comment_count` FROM `sex_forum_dynamic` WHERE `user_id` = 1 ORDER BY time DESC LIMIT 0,4   [ RunTime:0.0005s ]
SQL: SELECT COUNT(*) AS tp_count FROM `sex_forum_dynamic` WHERE `user_id` = 1 LIMIT 1   [ RunTime:0.0003s ]

[ 2019-01-06T17:09:55+08:00 ] 192.168.2.35 /WebApi_v1/ForumUser/index?user_id=1
INFO: [ app_init ] --START--
INFO: Run Behavior\BuildLiteBehavior [ RunTime:0.000008s ]
INFO: [ app_init ] --END-- [ RunTime:0.004424s ]
INFO: [ app_begin ] --START--
INFO: Run Behavior\ReadHtmlCacheBehavior [ RunTime:0.000809s ]
INFO: [ app_begin ] --END-- [ RunTime:0.000844s ]
SQL: SHOW COLUMNS FROM `sex_sys_conf` [ RunTime:0.0036s ]
SQL: SHOW COLUMNS FROM `sex_user_list` [ RunTime:0.0032s ]
SQL: SELECT * FROM `sex_user_list` WHERE `user_id` = 2 AND `user_token` = '7b980ae2f40ec0edce2539de1dd860de' LIMIT 1   [ RunTime:0.0005s ]
SQL: SELECT `user_id`,`nickname`,`head_portrait`,`signature`,`experience` FROM `sex_user_list` WHERE `user_id` = 1 LIMIT 1   [ RunTime:0.0003s ]
SQL: SHOW COLUMNS FROM `sex_sys_level` [ RunTime:0.0037s ]
SQL: SHOW COLUMNS FROM `sex_forum_dynamic` [ RunTime:0.0050s ]
SQL: SELECT `dynamic_id`,`type`,`object`,`time`,`like_count`,`comment_count` FROM `sex_forum_dynamic` WHERE `user_id` = 1 ORDER BY time DESC LIMIT 0,4   [ RunTime:0.0005s ]
SQL: SELECT COUNT(*) AS tp_count FROM `sex_forum_dynamic` WHERE `user_id` = 1 LIMIT 1   [ RunTime:0.0003s ]

[ 2019-01-06T17:17:34+08:00 ] 192.168.2.35 /WebApi_v1/ForumUser/index?user_id=1
INFO: [ app_init ] --START--
INFO: Run Behavior\BuildLiteBehavior [ RunTime:0.000008s ]
INFO: [ app_init ] --END-- [ RunTime:0.000487s ]
INFO: [ app_begin ] --START--
INFO: Run Behavior\ReadHtmlCacheBehavior [ RunTime:0.000752s ]
INFO: [ app_begin ] --END-- [ RunTime:0.000775s ]
SQL: SHOW COLUMNS FROM `sex_sys_conf` [ RunTime:0.0028s ]
SQL: SHOW COLUMNS FROM `sex_user_list` [ RunTime:0.0025s ]
SQL: SELECT * FROM `sex_user_list` WHERE `user_id` = 2 AND `user_token` = '7b980ae2f40ec0edce2539de1dd860de' LIMIT 1   [ RunTime:0.0004s ]
SQL: SELECT `user_id`,`nickname`,`head_portrait`,`signature`,`experience` FROM `sex_user_list` WHERE `user_id` = 1 LIMIT 1   [ RunTime:0.0003s ]
SQL: SHOW COLUMNS FROM `sex_sys_level` [ RunTime:0.0025s ]
SQL: SHOW COLUMNS FROM `sex_forum_dynamic` [ RunTime:0.0086s ]
SQL: SELECT `dynamic_id`,`type`,`object`,`time`,`like_count`,`comment_count`,`is_forward`,`forward_id` FROM `sex_forum_dynamic` WHERE `user_id` = 1 ORDER BY time DESC LIMIT 0,4   [ RunTime:0.0004s ]
SQL: SELECT COUNT(*) AS tp_count FROM `sex_forum_dynamic` WHERE `user_id` = 1 LIMIT 1   [ RunTime:0.0003s ]

[ 2019-01-06T17:32:09+08:00 ] 192.168.2.35 /WebApi_v1/ForumUser/index?user_id=1
INFO: [ app_init ] --START--
INFO: Run Behavior\BuildLiteBehavior [ RunTime:0.000007s ]
INFO: [ app_init ] --END-- [ RunTime:0.000516s ]
INFO: [ app_begin ] --START--
INFO: Run Behavior\ReadHtmlCacheBehavior [ RunTime:0.000739s ]
INFO: [ app_begin ] --END-- [ RunTime:0.000762s ]
SQL: SHOW COLUMNS FROM `sex_sys_conf` [ RunTime:0.0026s ]
SQL: SHOW COLUMNS FROM `sex_user_list` [ RunTime:0.0026s ]
SQL: SELECT * FROM `sex_user_list` WHERE `user_id` = 2 AND `user_token` = '7b980ae2f40ec0edce2539de1dd860de' LIMIT 1   [ RunTime:0.0004s ]
SQL: SELECT `user_id`,`nickname`,`head_portrait`,`signature`,`experience` FROM `sex_user_list` WHERE `user_id` = 1 LIMIT 1   [ RunTime:0.0003s ]
SQL: SHOW COLUMNS FROM `sex_sys_level` [ RunTime:0.0025s ]
SQL: SHOW COLUMNS FROM `sex_forum_dynamic` [ RunTime:0.0026s ]
SQL: SELECT `dynamic_id`,`type`,`object`,`time`,`like_count`,`comment_count`,`is_forward`,`forward_id` FROM `sex_forum_dynamic` WHERE `user_id` = 1 ORDER BY time DESC LIMIT 0,4   [ RunTime:0.0004s ]
SQL: SELECT COUNT(*) AS tp_count FROM `sex_forum_dynamic` WHERE `user_id` = 1 LIMIT 1   [ RunTime:0.0003s ]

[ 2019-01-06T17:34:49+08:00 ] 192.168.2.35 /WebApi_v1/ForumUser/index?user_id=1&type=2
INFO: [ app_init ] --START--
INFO: Run Behavior\BuildLiteBehavior [ RunTime:0.000008s ]
INFO: [ app_init ] --END-- [ RunTime:0.000792s ]
INFO: [ app_begin ] --START--
INFO: Run Behavior\ReadHtmlCacheBehavior [ RunTime:0.000988s ]
INFO: [ app_begin ] --END-- [ RunTime:0.001016s ]
SQL: SHOW COLUMNS FROM `sex_sys_conf` [ RunTime:0.0035s ]
SQL: SHOW COLUMNS FROM `sex_user_list` [ RunTime:0.0127s ]
SQL: SELECT * FROM `sex_user_list` WHERE `user_id` = 2 AND `user_token` = '7b980ae2f40ec0edce2539de1dd860de' LIMIT 1   [ RunTime:0.0006s ]
SQL: SELECT `user_id`,`nickname`,`head_portrait`,`signature`,`experience` FROM `sex_user_list` WHERE `user_id` = 1 LIMIT 1   [ RunTime:0.0003s ]
SQL: SHOW COLUMNS FROM `sex_sys_level` [ RunTime:0.0033s ]
SQL: SHOW COLUMNS FROM `sex_forum_fans` [ RunTime:0.0037s ]
ERR: Think\Model:filed方法不存在！

[ 2019-01-06T17:36:03+08:00 ] 192.168.2.35 /WebApi_v1/ForumUser/index?user_id=1&type=2
INFO: [ app_init ] --START--
INFO: Run Behavior\BuildLiteBehavior [ RunTime:0.000008s ]
INFO: [ app_init ] --END-- [ RunTime:0.000422s ]
INFO: [ app_begin ] --START--
INFO: Run Behavior\ReadHtmlCacheBehavior [ RunTime:0.000724s ]
INFO: [ app_begin ] --END-- [ RunTime:0.000750s ]
SQL: SHOW COLUMNS FROM `sex_sys_conf` [ RunTime:0.0030s ]
SQL: SHOW COLUMNS FROM `sex_user_list` [ RunTime:0.0027s ]
SQL: SELECT * FROM `sex_user_list` WHERE `user_id` = 2 AND `user_token` = '7b980ae2f40ec0edce2539de1dd860de' LIMIT 1   [ RunTime:0.0004s ]
SQL: SELECT `user_id`,`nickname`,`head_portrait`,`signature`,`experience` FROM `sex_user_list` WHERE `user_id` = 1 LIMIT 1   [ RunTime:0.0003s ]
SQL: SHOW COLUMNS FROM `sex_sys_level` [ RunTime:0.0028s ]
SQL: SHOW COLUMNS FROM `sex_forum_fans` [ RunTime:0.0025s ]
SQL: SELECT a.user_id,b.nickname,b.head_portrait,b.signature,b.experience FROM sex_forum_fans a LEFT JOIN sex_user_list b ON b.user_id = a.user_id  WHERE a.touser_id = '1' ORDER BY time DESC LIMIT 0,8   [ RunTime:0.0005s ]
SQL: SELECT COUNT(*) AS tp_count FROM sex_forum_fans a LEFT JOIN sex_user_list b ON b.user_id = a.user_id  WHERE a.touser_id = '1' LIMIT 1   [ RunTime:0.0003s ]
NOTIC: [8] Undefined index: head_portrait D:\xampp\htdocs\Application\WebApi_v1\Controller\ForumUserController.class.php 第 111 行.
NOTIC: [8] Undefined index: experience D:\xampp\htdocs\Application\WebApi_v1\Controller\ForumUserController.class.php 第 115 行.
NOTIC: [8] Undefined index: experience D:\xampp\htdocs\Application\WebApi_v1\Controller\ForumUserController.class.php 第 115 行.
NOTIC: [8] Undefined index: experience D:\xampp\htdocs\Application\WebApi_v1\Controller\ForumUserController.class.php 第 115 行.
NOTIC: [8] Undefined index: experience D:\xampp\htdocs\Application\WebApi_v1\Controller\ForumUserController.class.php 第 115 行.
NOTIC: [8] Undefined index: experience D:\xampp\htdocs\Application\WebApi_v1\Controller\ForumUserController.class.php 第 115 行.
NOTIC: [8] Undefined index: experience D:\xampp\htdocs\Application\WebApi_v1\Controller\ForumUserController.class.php 第 115 行.
NOTIC: [8] Undefined index: experience D:\xampp\htdocs\Application\WebApi_v1\Controller\ForumUserController.class.php 第 115 行.
NOTIC: [8] Undefined index: experience D:\xampp\htdocs\Application\WebApi_v1\Controller\ForumUserController.class.php 第 115 行.
NOTIC: [8] Undefined index: experience D:\xampp\htdocs\Application\WebApi_v1\Controller\ForumUserController.class.php 第 115 行.
NOTIC: [8] Undefined index: experience D:\xampp\htdocs\Application\WebApi_v1\Controller\ForumUserController.class.php 第 115 行.
SQL: SELECT * FROM `sex_forum_fans` WHERE `user_id` = 1 AND `touser_id` = 2 LIMIT 1   [ RunTime:0.0003s ]

[ 2019-01-06T17:36:58+08:00 ] 192.168.2.35 /WebApi_v1/ForumUser/index?user_id=1&type=2
INFO: [ app_init ] --START--
INFO: Run Behavior\BuildLiteBehavior [ RunTime:0.000007s ]
INFO: [ app_init ] --END-- [ RunTime:0.000479s ]
INFO: [ app_begin ] --START--
INFO: Run Behavior\ReadHtmlCacheBehavior [ RunTime:0.000799s ]
INFO: [ app_begin ] --END-- [ RunTime:0.000824s ]
SQL: SHOW COLUMNS FROM `sex_sys_conf` [ RunTime:0.0033s ]
SQL: SHOW COLUMNS FROM `sex_user_list` [ RunTime:0.0033s ]
SQL: SELECT * FROM `sex_user_list` WHERE `user_id` = 2 AND `user_token` = '7b980ae2f40ec0edce2539de1dd860de' LIMIT 1   [ RunTime:0.0005s ]
SQL: SELECT `user_id`,`nickname`,`head_portrait`,`signature`,`experience` FROM `sex_user_list` WHERE `user_id` = 1 LIMIT 1   [ RunTime:0.0004s ]
SQL: SHOW COLUMNS FROM `sex_sys_level` [ RunTime:0.0033s ]
SQL: SHOW COLUMNS FROM `sex_forum_fans` [ RunTime:0.0031s ]
SQL: SELECT a.user_id,b.nickname,b.head_portrait,b.signature,b.experience FROM sex_forum_fans a LEFT JOIN sex_user_list b ON b.user_id = a.user_id  WHERE a.touser_id = '1' ORDER BY time DESC LIMIT 0,8   [ RunTime:0.0004s ]
SQL: SELECT COUNT(*) AS tp_count FROM sex_forum_fans a LEFT JOIN sex_user_list b ON b.user_id = a.user_id  WHERE a.touser_id = '1' LIMIT 1   [ RunTime:0.0003s ]
NOTIC: [8] Undefined index: experience D:\xampp\htdocs\Application\WebApi_v1\Controller\ForumUserController.class.php 第 115 行.
NOTIC: [8] Undefined index: experience D:\xampp\htdocs\Application\WebApi_v1\Controller\ForumUserController.class.php 第 115 行.
NOTIC: [8] Undefined index: experience D:\xampp\htdocs\Application\WebApi_v1\Controller\ForumUserController.class.php 第 115 行.
NOTIC: [8] Undefined index: experience D:\xampp\htdocs\Application\WebApi_v1\Controller\ForumUserController.class.php 第 115 行.
NOTIC: [8] Undefined index: experience D:\xampp\htdocs\Application\WebApi_v1\Controller\ForumUserController.class.php 第 115 行.
NOTIC: [8] Undefined index: experience D:\xampp\htdocs\Application\WebApi_v1\Controller\ForumUserController.class.php 第 115 行.
NOTIC: [8] Undefined index: experience D:\xampp\htdocs\Application\WebApi_v1\Controller\ForumUserController.class.php 第 115 行.
NOTIC: [8] Undefined index: experience D:\xampp\htdocs\Application\WebApi_v1\Controller\ForumUserController.class.php 第 115 行.
NOTIC: [8] Undefined index: experience D:\xampp\htdocs\Application\WebApi_v1\Controller\ForumUserController.class.php 第 115 行.
NOTIC: [8] Undefined index: experience D:\xampp\htdocs\Application\WebApi_v1\Controller\ForumUserController.class.php 第 115 行.
SQL: SELECT * FROM `sex_forum_fans` WHERE `user_id` = 1 AND `touser_id` = 2 LIMIT 1   [ RunTime:0.0004s ]

[ 2019-01-06T17:40:39+08:00 ] 192.168.2.35 /WebApi_v1/ForumUser/index?user_id=1&type=2
INFO: [ app_init ] --START--
INFO: Run Behavior\BuildLiteBehavior [ RunTime:0.000008s ]
INFO: [ app_init ] --END-- [ RunTime:0.000631s ]
INFO: [ app_begin ] --START--
INFO: Run Behavior\ReadHtmlCacheBehavior [ RunTime:0.001185s ]
INFO: [ app_begin ] --END-- [ RunTime:0.001218s ]
SQL: SHOW COLUMNS FROM `sex_sys_conf` [ RunTime:0.0139s ]
SQL: SHOW COLUMNS FROM `sex_user_list` [ RunTime:0.0031s ]
SQL: SELECT * FROM `sex_user_list` WHERE `user_id` = 2 AND `user_token` = '7b980ae2f40ec0edce2539de1dd860de' LIMIT 1   [ RunTime:0.0004s ]
SQL: SELECT `user_id`,`nickname`,`head_portrait`,`signature`,`experience` FROM `sex_user_list` WHERE `user_id` = 1 LIMIT 1   [ RunTime:0.0004s ]
SQL: SHOW COLUMNS FROM `sex_sys_level` [ RunTime:0.0035s ]
SQL: SHOW COLUMNS FROM `sex_forum_fans` [ RunTime:0.0048s ]
SQL: SELECT a.user_id,b.nickname,b.head_portrait,b.signature,b.experience FROM sex_forum_fans a LEFT JOIN sex_user_list b ON b.user_id = a.user_id  WHERE a.touser_id = '1' ORDER BY time DESC LIMIT 0,8   [ RunTime:0.0004s ]
SQL: SELECT COUNT(*) AS tp_count FROM sex_forum_fans a LEFT JOIN sex_user_list b ON b.user_id = a.user_id  WHERE a.touser_id = '1' LIMIT 1   [ RunTime:0.0004s ]
NOTIC: [8] Undefined index: experience D:\xampp\htdocs\Application\WebApi_v1\Controller\ForumUserController.class.php 第 115 行.
NOTIC: [8] Undefined index: experience D:\xampp\htdocs\Application\WebApi_v1\Controller\ForumUserController.class.php 第 115 行.
NOTIC: [8] Undefined index: experience D:\xampp\htdocs\Application\WebApi_v1\Controller\ForumUserController.class.php 第 115 行.
NOTIC: [8] Undefined index: experience D:\xampp\htdocs\Application\WebApi_v1\Controller\ForumUserController.class.php 第 115 行.
NOTIC: [8] Undefined index: experience D:\xampp\htdocs\Application\WebApi_v1\Controller\ForumUserController.class.php 第 115 行.
NOTIC: [8] Undefined index: experience D:\xampp\htdocs\Application\WebApi_v1\Controller\ForumUserController.class.php 第 115 行.
NOTIC: [8] Undefined index: experience D:\xampp\htdocs\Application\WebApi_v1\Controller\ForumUserController.class.php 第 115 行.
NOTIC: [8] Undefined index: experience D:\xampp\htdocs\Application\WebApi_v1\Controller\ForumUserController.class.php 第 115 行.
NOTIC: [8] Undefined index: experience D:\xampp\htdocs\Application\WebApi_v1\Controller\ForumUserController.class.php 第 115 行.
NOTIC: [8] Undefined index: experience D:\xampp\htdocs\Application\WebApi_v1\Controller\ForumUserController.class.php 第 115 行.
SQL: SELECT * FROM `sex_forum_fans` WHERE `user_id` = 1 AND `touser_id` = 2 LIMIT 1   [ RunTime:0.0003s ]

[ 2019-01-06T17:43:32+08:00 ] 192.168.2.35 /WebApi_v1/ForumUser/index?user_id=1&type=2
INFO: [ app_init ] --START--
INFO: Run Behavior\BuildLiteBehavior [ RunTime:0.000009s ]
INFO: [ app_init ] --END-- [ RunTime:0.000509s ]
INFO: [ app_begin ] --START--
INFO: Run Behavior\ReadHtmlCacheBehavior [ RunTime:0.001301s ]
INFO: [ app_begin ] --END-- [ RunTime:0.001335s ]
SQL: SHOW COLUMNS FROM `sex_sys_conf` [ RunTime:0.0032s ]
SQL: SHOW COLUMNS FROM `sex_user_list` [ RunTime:0.0030s ]
SQL: SELECT * FROM `sex_user_list` WHERE `user_id` = 2 AND `user_token` = '7b980ae2f40ec0edce2539de1dd860de' LIMIT 1   [ RunTime:0.0006s ]
SQL: SELECT `user_id`,`nickname`,`head_portrait`,`signature`,`experience` FROM `sex_user_list` WHERE `user_id` = 1 LIMIT 1   [ RunTime:0.0003s ]
SQL: SHOW COLUMNS FROM `sex_sys_level` [ RunTime:0.0048s ]
SQL: SHOW COLUMNS FROM `sex_forum_fans` [ RunTime:0.0152s ]
SQL: SELECT a.user_id,b.nickname,b.head_portrait,b.signature,b.experience FROM sex_forum_fans a LEFT JOIN sex_user_list b ON b.user_id = a.user_id  WHERE a.touser_id = '1' ORDER BY time DESC LIMIT 0,8   [ RunTime:0.0006s ]
SQL: SELECT COUNT(*) AS tp_count FROM sex_forum_fans a LEFT JOIN sex_user_list b ON b.user_id = a.user_id  WHERE a.touser_id = '1' LIMIT 1   [ RunTime:0.0004s ]
NOTIC: [8] Undefined index: experience D:\xampp\htdocs\Application\WebApi_v1\Controller\ForumUserController.class.php 第 115 行.
NOTIC: [8] Undefined index: experience D:\xampp\htdocs\Application\WebApi_v1\Controller\ForumUserController.class.php 第 115 行.
NOTIC: [8] Undefined index: experience D:\xampp\htdocs\Application\WebApi_v1\Controller\ForumUserController.class.php 第 115 行.
NOTIC: [8] Undefined index: experience D:\xampp\htdocs\Application\WebApi_v1\Controller\ForumUserController.class.php 第 115 行.
NOTIC: [8] Undefined index: experience D:\xampp\htdocs\Application\WebApi_v1\Controller\ForumUserController.class.php 第 115 行.
NOTIC: [8] Undefined index: experience D:\xampp\htdocs\Application\WebApi_v1\Controller\ForumUserController.class.php 第 115 行.
NOTIC: [8] Undefined index: experience D:\xampp\htdocs\Application\WebApi_v1\Controller\ForumUserController.class.php 第 115 行.
NOTIC: [8] Undefined index: experience D:\xampp\htdocs\Application\WebApi_v1\Controller\ForumUserController.class.php 第 115 行.
NOTIC: [8] Undefined index: experience D:\xampp\htdocs\Application\WebApi_v1\Controller\ForumUserController.class.php 第 115 行.
NOTIC: [8] Undefined index: experience D:\xampp\htdocs\Application\WebApi_v1\Controller\ForumUserController.class.php 第 115 行.
SQL: SELECT * FROM `sex_forum_fans` WHERE `user_id` = 1 AND `touser_id` = 2 LIMIT 1   [ RunTime:0.0004s ]

[ 2019-01-06T17:46:43+08:00 ] 192.168.2.35 /WebApi_v1/ForumUser/index?user_id=1&type=2
INFO: [ app_init ] --START--
INFO: Run Behavior\BuildLiteBehavior [ RunTime:0.000011s ]
INFO: [ app_init ] --END-- [ RunTime:0.000759s ]
INFO: [ app_begin ] --START--
INFO: Run Behavior\ReadHtmlCacheBehavior [ RunTime:0.001185s ]
INFO: [ app_begin ] --END-- [ RunTime:0.001219s ]
SQL: SHOW COLUMNS FROM `sex_sys_conf` [ RunTime:0.0041s ]
SQL: SHOW COLUMNS FROM `sex_user_list` [ RunTime:0.0138s ]
SQL: SELECT * FROM `sex_user_list` WHERE `user_id` = 2 AND `user_token` = '7b980ae2f40ec0edce2539de1dd860de' LIMIT 1   [ RunTime:0.0004s ]
SQL: SELECT `user_id`,`nickname`,`head_portrait`,`signature`,`experience` FROM `sex_user_list` WHERE `user_id` = 1 LIMIT 1   [ RunTime:0.0003s ]
SQL: SHOW COLUMNS FROM `sex_sys_level` [ RunTime:0.0034s ]
SQL: SHOW COLUMNS FROM `sex_forum_fans` [ RunTime:0.0048s ]
SQL: SELECT a.user_id,b.nickname,b.head_portrait,b.signature,b.experience FROM sex_forum_fans a LEFT JOIN sex_user_list b ON b.user_id = a.user_id  WHERE a.touser_id = '1' ORDER BY time DESC LIMIT 0,8   [ RunTime:0.0006s ]
SQL: SELECT COUNT(*) AS tp_count FROM sex_forum_fans a LEFT JOIN sex_user_list b ON b.user_id = a.user_id  WHERE a.touser_id = '1' LIMIT 1   [ RunTime:0.0007s ]
SQL: SELECT * FROM `sex_forum_fans` WHERE `user_id` = 1 AND `touser_id` = 2 LIMIT 1   [ RunTime:0.0004s ]

[ 2019-01-06T17:51:51+08:00 ] 192.168.2.35 /WebApi_v1/ForumUser/cancelFans
INFO: [ app_init ] --START--
INFO: Run Behavior\BuildLiteBehavior [ RunTime:0.000009s ]
INFO: [ app_init ] --END-- [ RunTime:0.000939s ]
INFO: [ app_begin ] --START--
INFO: Run Behavior\ReadHtmlCacheBehavior [ RunTime:0.001079s ]
INFO: [ app_begin ] --END-- [ RunTime:0.001130s ]
SQL: SHOW COLUMNS FROM `sex_sys_conf` [ RunTime:0.0039s ]
SQL: SHOW COLUMNS FROM `sex_user_list` [ RunTime:0.0037s ]
SQL: SELECT * FROM `sex_user_list` WHERE `user_id` = 2 AND `user_token` = '7b980ae2f40ec0edce2539de1dd860de' LIMIT 1   [ RunTime:0.0006s ]

[ 2019-01-06T17:53:01+08:00 ] 192.168.2.35 /WebApi_v1/ForumUser/cancelFans?fans_id=1
INFO: [ app_init ] --START--
INFO: Run Behavior\BuildLiteBehavior [ RunTime:0.000007s ]
INFO: [ app_init ] --END-- [ RunTime:0.000527s ]
INFO: [ app_begin ] --START--
INFO: Run Behavior\ReadHtmlCacheBehavior [ RunTime:0.000781s ]
INFO: [ app_begin ] --END-- [ RunTime:0.000813s ]
SQL: SHOW COLUMNS FROM `sex_sys_conf` [ RunTime:0.0039s ]
SQL: SHOW COLUMNS FROM `sex_user_list` [ RunTime:0.0032s ]
SQL: SELECT * FROM `sex_user_list` WHERE `user_id` = 2 AND `user_token` = '7b980ae2f40ec0edce2539de1dd860de' LIMIT 1   [ RunTime:0.0005s ]
NOTIC: [8192] Non-static method WebApi_v1\Common\Tool\FansToolController::cancel() should not be called statically D:\xampp\htdocs\Application\WebApi_v1\Controller\ForumUserController.class.php 第 177 行.
SQL: SHOW COLUMNS FROM `sex_forum_fans` [ RunTime:0.0025s ]
SQL: DELETE FROM `sex_forum_fans` WHERE `fans_id` = 1 [ RunTime:0.0013s ]

[ 2019-01-06T19:21:05+08:00 ] 192.168.2.35 /WebApi_v1/ForumUser/deleteDynamic?dynamic_id=3
INFO: [ app_init ] --START--
INFO: Run Behavior\BuildLiteBehavior [ RunTime:0.000010s ]
INFO: [ app_init ] --END-- [ RunTime:0.001034s ]
INFO: [ app_begin ] --START--
INFO: Run Behavior\ReadHtmlCacheBehavior [ RunTime:0.001412s ]
INFO: [ app_begin ] --END-- [ RunTime:0.001447s ]
SQL: SHOW COLUMNS FROM `sex_sys_conf` [ RunTime:0.0036s ]
SQL: SHOW COLUMNS FROM `sex_user_list` [ RunTime:0.0088s ]
SQL: SELECT * FROM `sex_user_list` WHERE `user_id` = 2 AND `user_token` = '7b980ae2f40ec0edce2539de1dd860de' LIMIT 1   [ RunTime:0.0008s ]
SQL: SHOW COLUMNS FROM `sex_forum_dynamic` [ RunTime:0.0030s ]
SQL: SHOW COLUMNS FROM `sex_forum_comment` [ RunTime:0.0032s ]
SQL: SHOW COLUMNS FROM `sex_forum_reply` [ RunTime:0.0028s ]
SQL: SELECT `comment_id` FROM `sex_forum_comment` WHERE `user_id` = 2  [ RunTime:0.0004s ]
SQL: DELETE FROM `sex_forum_dynamic` WHERE `dynamic_id` = 3 [ RunTime:0.0023s ]
SQL: DELETE FROM `sex_forum_comment` WHERE `resource_id` = 3 [ RunTime:0.0004s ]
NOTIC: [2] addslashes() expects parameter 1 to be string, array given D:\xampp\htdocs\ThinkPHP\Library\Think\Db\Driver.class.php 第 1031 行.
SQL: DELETE FROM `sex_forum_reply` WHERE ( comment_id ) [ RunTime:0.0018s ]

[ 2019-01-06T19:23:13+08:00 ] 192.168.2.35 /WebApi_v1/ForumUser/deleteDynamic?dynamic_id=4
INFO: [ app_init ] --START--
INFO: Run Behavior\BuildLiteBehavior [ RunTime:0.000008s ]
INFO: [ app_init ] --END-- [ RunTime:0.000929s ]
INFO: [ app_begin ] --START--
INFO: Run Behavior\ReadHtmlCacheBehavior [ RunTime:0.001109s ]
INFO: [ app_begin ] --END-- [ RunTime:0.001138s ]
SQL: SHOW COLUMNS FROM `sex_sys_conf` [ RunTime:0.0034s ]
SQL: SHOW COLUMNS FROM `sex_user_list` [ RunTime:0.0033s ]
SQL: SELECT * FROM `sex_user_list` WHERE `user_id` = 2 AND `user_token` = '7b980ae2f40ec0edce2539de1dd860de' LIMIT 1   [ RunTime:0.0006s ]
SQL: SHOW COLUMNS FROM `sex_forum_dynamic` [ RunTime:0.0034s ]
SQL: SHOW COLUMNS FROM `sex_forum_comment` [ RunTime:0.0032s ]
SQL: SHOW COLUMNS FROM `sex_forum_reply` [ RunTime:0.0035s ]
SQL: SELECT `comment_id` FROM `sex_forum_comment`  [ RunTime:0.0005s ]
SQL: DELETE FROM `sex_forum_dynamic` WHERE `dynamic_id` = 4 AND `user_id` = 2 [ RunTime:0.0003s ]

[ 2019-01-06T19:24:40+08:00 ] 192.168.2.35 /WebApi_v1/ForumUser/userData
INFO: [ app_init ] --START--
INFO: Run Behavior\BuildLiteBehavior [ RunTime:0.000009s ]
INFO: [ app_init ] --END-- [ RunTime:0.000503s ]
INFO: [ app_begin ] --START--
INFO: Run Behavior\ReadHtmlCacheBehavior [ RunTime:0.000625s ]
INFO: [ app_begin ] --END-- [ RunTime:0.000681s ]
SQL: SHOW COLUMNS FROM `sex_sys_conf` [ RunTime:0.0029s ]
SQL: SHOW COLUMNS FROM `sex_user_list` [ RunTime:0.0030s ]
SQL: SELECT * FROM `sex_user_list` WHERE `user_id` = 2 AND `user_token` = '7b980ae2f40ec0edce2539de1dd860de' LIMIT 1   [ RunTime:0.0005s ]

[ 2019-01-06T19:24:47+08:00 ] 192.168.2.35 /WebApi_v1/ForumUser/userData
INFO: [ app_init ] --START--
INFO: Run Behavior\BuildLiteBehavior [ RunTime:0.000008s ]
INFO: [ app_init ] --END-- [ RunTime:0.000416s ]
INFO: [ app_begin ] --START--
INFO: Run Behavior\ReadHtmlCacheBehavior [ RunTime:0.000776s ]
INFO: [ app_begin ] --END-- [ RunTime:0.000813s ]
SQL: SHOW COLUMNS FROM `sex_sys_conf` [ RunTime:0.0033s ]
SQL: SHOW COLUMNS FROM `sex_user_list` [ RunTime:0.0034s ]
SQL: SELECT * FROM `sex_user_list` WHERE `user_id` = 2 AND `user_token` = '7b980ae2f40ec0edce2539de1dd860de' LIMIT 1   [ RunTime:0.0018s ]

[ 2019-01-06T19:24:54+08:00 ] 192.168.2.35 /WebApi_v1/ForumUser/userData
INFO: [ app_init ] --START--
INFO: Run Behavior\BuildLiteBehavior [ RunTime:0.000009s ]
INFO: [ app_init ] --END-- [ RunTime:0.000482s ]
INFO: [ app_begin ] --START--
INFO: Run Behavior\ReadHtmlCacheBehavior [ RunTime:0.000658s ]
INFO: [ app_begin ] --END-- [ RunTime:0.000687s ]
SQL: SHOW COLUMNS FROM `sex_sys_conf` [ RunTime:0.0040s ]
SQL: SHOW COLUMNS FROM `sex_user_list` [ RunTime:0.0036s ]
SQL: SELECT * FROM `sex_user_list` WHERE `user_id` = 2 AND `user_token` = '7b980ae2f40ec0edce2539de1dd860de' LIMIT 1   [ RunTime:0.0005s ]

[ 2019-01-06T19:28:27+08:00 ] 192.168.2.35 /WebApi_v1/ForumUser/userData
INFO: [ app_init ] --START--
INFO: Run Behavior\BuildLiteBehavior [ RunTime:0.000008s ]
INFO: [ app_init ] --END-- [ RunTime:0.000778s ]
INFO: [ app_begin ] --START--
INFO: Run Behavior\ReadHtmlCacheBehavior [ RunTime:0.000850s ]
INFO: [ app_begin ] --END-- [ RunTime:0.000886s ]
SQL: SHOW COLUMNS FROM `sex_sys_conf` [ RunTime:0.0031s ]
SQL: SHOW COLUMNS FROM `sex_user_list` [ RunTime:0.0027s ]
SQL: SELECT * FROM `sex_user_list` WHERE `user_id` = 2 AND `user_token` = '7b980ae2f40ec0edce2539de1dd860de' LIMIT 1   [ RunTime:0.0065s ]

