[ 2019-01-08T11:48:41+08:00 ] 192.168.2.42 /WebApi_v1/Resources/allReply?comment_id=24
INFO: [ app_init ] --START--
INFO: Run Behavior\BuildLiteBehavior [ RunTime:0.000011s ]
INFO: [ app_init ] --END-- [ RunTime:0.001613s ]
INFO: [ app_begin ] --START--
INFO: Run Behavior\ReadHtmlCacheBehavior [ RunTime:0.003410s ]
INFO: [ app_begin ] --END-- [ RunTime:0.003442s ]
SQL: SHOW COLUMNS FROM `sex_sys_conf` [ RunTime:0.0043s ]
NOTIC: [8] Undefined index: user D:\xampp\htdocs\Application\WebApi_v1\Controller\UserBaseController.class.php 第 29 行.
SQL: SHOW COLUMNS FROM `sex_forum_comment` [ RunTime:0.0039s ]
SQL: SHOW COLUMNS FROM `sex_forum_reply` [ RunTime:0.0031s ]
SQL: SELECT a.comment_id,a.user_id,a.comment,a.push_time,b.nickname,b.head_portrait,b.experience FROM sex_forum_comment a LEFT JOIN sex_user_list b ON b.user_id = a.user_id  WHERE a.comment_id = '24' LIMIT 1   [ RunTime:0.0010s ]
SQL: SHOW COLUMNS FROM `sex_sys_level` [ RunTime:0.0034s ]
SQL: SELECT a.reply_id,a.parent_id,a.user_id,a.push_time,a.reply,b.nickname,b.head_portrait FROM sex_forum_reply a LEFT JOIN sex_user_list b ON b.user_id = a.user_id  WHERE a.comment_id = '24' AND a.state = 1 ORDER BY push_time LIMIT 0,6   [ RunTime:0.0009s ]
SQL: SELECT COUNT(*) AS tp_count FROM sex_forum_reply a LEFT JOIN sex_user_list b ON b.user_id = a.user_id  WHERE a.comment_id = '24' AND a.state = 1 LIMIT 1   [ RunTime:0.0004s ]
ERR: 1054:Unknown column 'a.parent_id' in 'where clause'
 [ SQL语句 ] : SELECT * FROM `sex_forum_reply` WHERE a.parent_id = '23' AND a.state = 1 LIMIT 1  
ERR: 1054:Unknown column 'a.parent_id' in 'where clause'
 [ SQL语句 ] : SELECT * FROM `sex_forum_reply` WHERE a.parent_id = '23' AND a.state = 1 LIMIT 1  

[ 2019-01-08T11:50:19+08:00 ] 192.168.2.42 /WebApi_v1/Resources/allReply?comment_id=24
INFO: [ app_init ] --START--
INFO: Run Behavior\BuildLiteBehavior [ RunTime:0.000009s ]
INFO: [ app_init ] --END-- [ RunTime:0.000587s ]
INFO: [ app_begin ] --START--
INFO: Run Behavior\ReadHtmlCacheBehavior [ RunTime:0.001208s ]
INFO: [ app_begin ] --END-- [ RunTime:0.001236s ]
SQL: SHOW COLUMNS FROM `sex_sys_conf` [ RunTime:0.0039s ]
NOTIC: [8] Undefined index: user D:\xampp\htdocs\Application\WebApi_v1\Controller\UserBaseController.class.php 第 29 行.
SQL: SHOW COLUMNS FROM `sex_forum_comment` [ RunTime:0.0047s ]
SQL: SHOW COLUMNS FROM `sex_forum_reply` [ RunTime:0.0154s ]
SQL: SELECT a.comment_id,a.user_id,a.comment,a.push_time,b.nickname,b.head_portrait,b.experience FROM sex_forum_comment a LEFT JOIN sex_user_list b ON b.user_id = a.user_id  WHERE a.comment_id = '24' LIMIT 1   [ RunTime:0.0004s ]
SQL: SHOW COLUMNS FROM `sex_sys_level` [ RunTime:0.0031s ]
SQL: SELECT a.reply_id,a.parent_id,a.user_id,a.push_time,a.reply,b.nickname,b.head_portrait FROM sex_forum_reply a LEFT JOIN sex_user_list b ON b.user_id = a.user_id  WHERE a.comment_id = '24' AND a.state = 1 ORDER BY push_time LIMIT 0,6   [ RunTime:0.0005s ]
SQL: SELECT COUNT(*) AS tp_count FROM sex_forum_reply a LEFT JOIN sex_user_list b ON b.user_id = a.user_id  WHERE a.comment_id = '24' AND a.state = 1 LIMIT 1   [ RunTime:0.0003s ]
ERR: 1054:Unknown column 'a.reply_id' in 'where clause'
 [ SQL语句 ] : SELECT * FROM `sex_forum_reply` WHERE a.reply_id = '22' AND a.state = 1 LIMIT 1  
ERR: 1054:Unknown column 'a.reply_id' in 'where clause'
 [ SQL语句 ] : SELECT * FROM `sex_forum_reply` WHERE a.reply_id = '22' AND a.state = 1 LIMIT 1  

[ 2019-01-08T11:50:39+08:00 ] 192.168.2.42 /WebApi_v1/Resources/allReply?comment_id=24
INFO: [ app_init ] --START--
INFO: Run Behavior\BuildLiteBehavior [ RunTime:0.000008s ]
INFO: [ app_init ] --END-- [ RunTime:0.000576s ]
INFO: [ app_begin ] --START--
INFO: Run Behavior\ReadHtmlCacheBehavior [ RunTime:0.001006s ]
INFO: [ app_begin ] --END-- [ RunTime:0.001044s ]
SQL: SHOW COLUMNS FROM `sex_sys_conf` [ RunTime:0.0055s ]
NOTIC: [8] Undefined index: user D:\xampp\htdocs\Application\WebApi_v1\Controller\UserBaseController.class.php 第 29 行.
SQL: SHOW COLUMNS FROM `sex_forum_comment` [ RunTime:0.0034s ]
SQL: SHOW COLUMNS FROM `sex_forum_reply` [ RunTime:0.0034s ]
SQL: SELECT a.comment_id,a.user_id,a.comment,a.push_time,b.nickname,b.head_portrait,b.experience FROM sex_forum_comment a LEFT JOIN sex_user_list b ON b.user_id = a.user_id  WHERE a.comment_id = '24' LIMIT 1   [ RunTime:0.0005s ]
SQL: SHOW COLUMNS FROM `sex_sys_level` [ RunTime:0.0035s ]
SQL: SELECT a.reply_id,a.parent_id,a.user_id,a.push_time,a.reply,b.nickname,b.head_portrait FROM sex_forum_reply a LEFT JOIN sex_user_list b ON b.user_id = a.user_id  WHERE a.comment_id = '24' AND a.state = 1 ORDER BY push_time LIMIT 0,6   [ RunTime:0.0005s ]
SQL: SELECT COUNT(*) AS tp_count FROM sex_forum_reply a LEFT JOIN sex_user_list b ON b.user_id = a.user_id  WHERE a.comment_id = '24' AND a.state = 1 LIMIT 1   [ RunTime:0.0005s ]
SQL: SELECT * FROM `sex_forum_reply` WHERE `reply_id` = 22 AND `state` = 1 LIMIT 1   [ RunTime:0.0005s ]

[ 2019-01-08T11:51:16+08:00 ] 192.168.2.42 /WebApi_v1/Resources/allReply?comment_id=24
INFO: [ app_init ] --START--
INFO: Run Behavior\BuildLiteBehavior [ RunTime:0.000006s ]
INFO: [ app_init ] --END-- [ RunTime:0.000475s ]
INFO: [ app_begin ] --START--
INFO: Run Behavior\ReadHtmlCacheBehavior [ RunTime:0.001008s ]
INFO: [ app_begin ] --END-- [ RunTime:0.001034s ]
SQL: SHOW COLUMNS FROM `sex_sys_conf` [ RunTime:0.0026s ]
NOTIC: [8] Undefined index: user D:\xampp\htdocs\Application\WebApi_v1\Controller\UserBaseController.class.php 第 29 行.
SQL: SHOW COLUMNS FROM `sex_forum_comment` [ RunTime:0.0024s ]
SQL: SHOW COLUMNS FROM `sex_forum_reply` [ RunTime:0.0023s ]
SQL: SELECT a.comment_id,a.user_id,a.comment,a.push_time,b.nickname,b.head_portrait,b.experience FROM sex_forum_comment a LEFT JOIN sex_user_list b ON b.user_id = a.user_id  WHERE a.comment_id = '24' LIMIT 1   [ RunTime:0.0003s ]
SQL: SHOW COLUMNS FROM `sex_sys_level` [ RunTime:0.0024s ]
SQL: SELECT a.reply_id,a.parent_id,a.user_id,a.push_time,a.reply,b.nickname,b.head_portrait FROM sex_forum_reply a LEFT JOIN sex_user_list b ON b.user_id = a.user_id  WHERE a.comment_id = '24' AND a.state = 1 ORDER BY push_time LIMIT 0,6   [ RunTime:0.0004s ]
SQL: SELECT COUNT(*) AS tp_count FROM sex_forum_reply a LEFT JOIN sex_user_list b ON b.user_id = a.user_id  WHERE a.comment_id = '24' AND a.state = 1 LIMIT 1   [ RunTime:0.0002s ]
SQL: SELECT a.reply_id,a.user_id,b.nickname FROM sex_forum_reply a LEFT JOIN sex_user_list b ON b.user_id = a.user_id  WHERE a.reply_id = '22' AND a.state = 1 LIMIT 1   [ RunTime:0.0003s ]

[ 2019-01-08T16:25:24+08:00 ] 192.168.2.42 /WebApi_v1/UserCenter/index
INFO: [ app_init ] --START--
INFO: Run Behavior\BuildLiteBehavior [ RunTime:0.000010s ]
INFO: [ app_init ] --END-- [ RunTime:0.000520s ]
INFO: [ app_begin ] --START--
INFO: Run Behavior\ReadHtmlCacheBehavior [ RunTime:0.000805s ]
INFO: [ app_begin ] --END-- [ RunTime:0.000826s ]
SQL: SHOW COLUMNS FROM `sex_sys_conf` [ RunTime:0.0031s ]
NOTIC: [8] Undefined index: user D:\xampp\htdocs\Application\WebApi_v1\Controller\UserBaseController.class.php 第 29 行.

[ 2019-01-08T16:25:53+08:00 ] 192.168.2.42 //WebApi_v1/Auth/login?phone=111&userpwd=123456
INFO: [ app_init ] --START--
INFO: Run Behavior\BuildLiteBehavior [ RunTime:0.000006s ]
INFO: [ app_init ] --END-- [ RunTime:0.000377s ]
INFO: [ app_begin ] --START--
INFO: Run Behavior\ReadHtmlCacheBehavior [ RunTime:0.000602s ]
INFO: [ app_begin ] --END-- [ RunTime:0.000628s ]
SQL: SHOW COLUMNS FROM `sex_sys_conf` [ RunTime:0.0028s ]
SQL: SHOW COLUMNS FROM `sex_user_list` [ RunTime:0.0032s ]
SQL: SELECT * FROM `sex_user_list` WHERE `userpwd` = 'e10adc3949ba59abbe56e057f20f883e' AND ( `phone` = '111' OR `email` = '' ) LIMIT 1   [ RunTime:0.0005s ]
NOTIC: [2] mt_rand(): max(99999) is smaller than min(100000) D:\xampp\htdocs\Application\WebApi_v1\Controller\AuthController.class.php 第 41 行.
SQL: UPDATE `sex_user_list` SET `user_token`='57b6217942afaf0baaee7236a62ad00e' WHERE `user_id` = 2 [ RunTime:0.0049s ]

[ 2019-01-08T16:25:57+08:00 ] 192.168.2.42 /WebApi_v1/UserCenter/index
INFO: [ app_init ] --START--
INFO: Run Behavior\BuildLiteBehavior [ RunTime:0.000015s ]
INFO: [ app_init ] --END-- [ RunTime:0.000769s ]
INFO: [ app_begin ] --START--
INFO: Run Behavior\ReadHtmlCacheBehavior [ RunTime:0.000783s ]
INFO: [ app_begin ] --END-- [ RunTime:0.000811s ]
SQL: SHOW COLUMNS FROM `sex_sys_conf` [ RunTime:0.0036s ]
SQL: SHOW COLUMNS FROM `sex_user_list` [ RunTime:0.0035s ]
SQL: SELECT * FROM `sex_user_list` WHERE `user_id` = 2 AND `user_token` = '57b6217942afaf0baaee7236a62ad00e' LIMIT 1   [ RunTime:0.0005s ]
SQL: SHOW COLUMNS FROM `sex_sys_level` [ RunTime:0.0102s ]
SQL: SELECT `experience` FROM `sex_sys_level` WHERE `level` = 2 LIMIT 1   [ RunTime:0.0004s ]
SQL: SHOW COLUMNS FROM `sex_record_signin` [ RunTime:0.0031s ]
SQL: SELECT COUNT(*) AS tp_count FROM `sex_record_signin` WHERE `time` BETWEEN 1546876800 AND 1546963199 LIMIT 1   [ RunTime:0.0028s ]
SQL: SHOW COLUMNS FROM `sex_notice_sms` [ RunTime:0.0037s ]
SQL: SELECT COUNT(*) AS tp_count FROM `sex_notice_sms` WHERE `touser_id` = 2 AND `state` = 0 LIMIT 1   [ RunTime:0.0004s ]

[ 2019-01-08T16:27:06+08:00 ] 192.168.2.42 /WebApi_v1/UserCenter/index
INFO: [ app_init ] --START--
INFO: Run Behavior\BuildLiteBehavior [ RunTime:0.000007s ]
INFO: [ app_init ] --END-- [ RunTime:0.000398s ]
INFO: [ app_begin ] --START--
INFO: Run Behavior\ReadHtmlCacheBehavior [ RunTime:0.000612s ]
INFO: [ app_begin ] --END-- [ RunTime:0.000637s ]
SQL: SHOW COLUMNS FROM `sex_sys_conf` [ RunTime:0.0030s ]
SQL: SHOW COLUMNS FROM `sex_user_list` [ RunTime:0.0037s ]
SQL: SELECT * FROM `sex_user_list` WHERE `user_id` = 2 AND `user_token` = '57b6217942afaf0baaee7236a62ad00e' LIMIT 1   [ RunTime:0.0004s ]
SQL: SHOW COLUMNS FROM `sex_sys_level` [ RunTime:0.0029s ]
SQL: SELECT `experience` FROM `sex_sys_level` WHERE `level` = 2 LIMIT 1   [ RunTime:0.0003s ]
SQL: SHOW COLUMNS FROM `sex_record_signin` [ RunTime:0.0029s ]
SQL: SELECT COUNT(*) AS tp_count FROM `sex_record_signin` WHERE `time` BETWEEN 1546876800 AND 1546963199 LIMIT 1   [ RunTime:0.0003s ]
SQL: SHOW COLUMNS FROM `sex_notice_sms` [ RunTime:0.0051s ]
SQL: SELECT COUNT(*) AS tp_count FROM `sex_notice_sms` WHERE `touser_id` = 2 AND `state` = 0 LIMIT 1   [ RunTime:0.0003s ]

[ 2019-01-08T16:28:02+08:00 ] 192.168.2.42 /WebApi_v1/UserCenter/index
INFO: [ app_init ] --START--
INFO: Run Behavior\BuildLiteBehavior [ RunTime:0.000008s ]
INFO: [ app_init ] --END-- [ RunTime:0.000619s ]
INFO: [ app_begin ] --START--
INFO: Run Behavior\ReadHtmlCacheBehavior [ RunTime:0.001104s ]
INFO: [ app_begin ] --END-- [ RunTime:0.001141s ]
SQL: SHOW COLUMNS FROM `sex_sys_conf` [ RunTime:0.0037s ]
SQL: SHOW COLUMNS FROM `sex_user_list` [ RunTime:0.0031s ]
SQL: SELECT * FROM `sex_user_list` WHERE `user_id` = 2 AND `user_token` = '57b6217942afaf0baaee7236a62ad00e' LIMIT 1   [ RunTime:0.0005s ]
SQL: SHOW COLUMNS FROM `sex_sys_level` [ RunTime:0.0029s ]
SQL: SELECT `experience` FROM `sex_sys_level` WHERE `level` = 2 LIMIT 1   [ RunTime:0.0003s ]
SQL: SHOW COLUMNS FROM `sex_record_signin` [ RunTime:0.0028s ]
SQL: SELECT COUNT(*) AS tp_count FROM `sex_record_signin` WHERE `time` BETWEEN 1546876800 AND 1546963199 LIMIT 1   [ RunTime:0.0003s ]
SQL: SHOW COLUMNS FROM `sex_notice_sms` [ RunTime:0.0028s ]
SQL: SELECT COUNT(*) AS tp_count FROM `sex_notice_sms` WHERE `touser_id` = 2 AND `state` = 0 LIMIT 1   [ RunTime:0.0003s ]

[ 2019-01-08T16:28:36+08:00 ] 192.168.2.42 /WebApi_v1/UserCenter/index
INFO: [ app_init ] --START--
INFO: Run Behavior\BuildLiteBehavior [ RunTime:0.000033s ]
INFO: [ app_init ] --END-- [ RunTime:0.000583s ]
INFO: [ app_begin ] --START--
INFO: Run Behavior\ReadHtmlCacheBehavior [ RunTime:0.000792s ]
INFO: [ app_begin ] --END-- [ RunTime:0.000819s ]
SQL: SHOW COLUMNS FROM `sex_sys_conf` [ RunTime:0.0040s ]
SQL: SHOW COLUMNS FROM `sex_user_list` [ RunTime:0.0038s ]
SQL: SELECT * FROM `sex_user_list` WHERE `user_id` = 2 AND `user_token` = '57b6217942afaf0baaee7236a62ad00e' LIMIT 1   [ RunTime:0.0005s ]
SQL: SHOW COLUMNS FROM `sex_sys_level` [ RunTime:0.0035s ]
SQL: SELECT `experience` FROM `sex_sys_level` WHERE `level` = 2 LIMIT 1   [ RunTime:0.0004s ]
SQL: SHOW COLUMNS FROM `sex_record_signin` [ RunTime:0.0034s ]
SQL: SELECT COUNT(*) AS tp_count FROM `sex_record_signin` WHERE `time` BETWEEN 1546876800 AND 1546963199 LIMIT 1   [ RunTime:0.0003s ]
SQL: SHOW COLUMNS FROM `sex_notice_sms` [ RunTime:0.0033s ]
SQL: SELECT COUNT(*) AS tp_count FROM `sex_notice_sms` WHERE `touser_id` = 2 AND `state` = 0 LIMIT 1   [ RunTime:0.0004s ]

[ 2019-01-08T16:28:50+08:00 ] 192.168.2.42 /WebApi_v1/UserCenter/index
INFO: [ app_init ] --START--
INFO: Run Behavior\BuildLiteBehavior [ RunTime:0.000008s ]
INFO: [ app_init ] --END-- [ RunTime:0.000580s ]
INFO: [ app_begin ] --START--
INFO: Run Behavior\ReadHtmlCacheBehavior [ RunTime:0.000760s ]
INFO: [ app_begin ] --END-- [ RunTime:0.000790s ]
SQL: SHOW COLUMNS FROM `sex_sys_conf` [ RunTime:0.0039s ]
SQL: SHOW COLUMNS FROM `sex_user_list` [ RunTime:0.0038s ]
SQL: SELECT * FROM `sex_user_list` WHERE `user_id` = 2 AND `user_token` = '57b6217942afaf0baaee7236a62ad00e' LIMIT 1   [ RunTime:0.0004s ]
SQL: SHOW COLUMNS FROM `sex_sys_level` [ RunTime:0.0040s ]
SQL: SELECT `experience` FROM `sex_sys_level` WHERE `level` = 2 LIMIT 1   [ RunTime:0.0013s ]
SQL: SHOW COLUMNS FROM `sex_record_signin` [ RunTime:0.0037s ]
SQL: SELECT COUNT(*) AS tp_count FROM `sex_record_signin` WHERE `time` BETWEEN 1546876800 AND 1546963199 LIMIT 1   [ RunTime:0.0003s ]
SQL: SHOW COLUMNS FROM `sex_notice_sms` [ RunTime:0.0033s ]
SQL: SELECT COUNT(*) AS tp_count FROM `sex_notice_sms` WHERE `touser_id` = 2 AND `state` = 0 LIMIT 1   [ RunTime:0.0003s ]

