[ 2019-01-10T15:55:39+08:00 ] 192.168.2.39 /WebApi_v1/UserCenter/notice
INFO: [ app_init ] --START--
INFO: Run Behavior\BuildLiteBehavior [ RunTime:0.000017s ]
INFO: [ app_init ] --END-- [ RunTime:0.000959s ]
INFO: [ app_begin ] --START--
INFO: Run Behavior\ReadHtmlCacheBehavior [ RunTime:0.001417s ]
INFO: [ app_begin ] --END-- [ RunTime:0.001484s ]
SQL: SHOW COLUMNS FROM `sex_sys_conf` [ RunTime:0.0056s ]
NOTIC: [8] Undefined index: user D:\xampp\htdocs\Application\WebApi_v1\Controller\UserBaseController.class.php 第 29 行.

[ 2019-01-10T21:12:51+08:00 ] 192.168.2.39 /WebApi_v1/UserCenter/resources
INFO: [ app_init ] --START--
INFO: Run Behavior\BuildLiteBehavior [ RunTime:0.000016s ]
INFO: [ app_init ] --END-- [ RunTime:0.000794s ]
INFO: [ app_begin ] --START--
INFO: Run Behavior\ReadHtmlCacheBehavior [ RunTime:0.001486s ]
INFO: [ app_begin ] --END-- [ RunTime:0.001557s ]
SQL: SHOW COLUMNS FROM `sex_sys_conf` [ RunTime:0.0043s ]
NOTIC: [8] Undefined index: user D:\xampp\htdocs\Application\WebApi_v1\Controller\UserBaseController.class.php 第 29 行.

[ 2019-01-10T21:13:53+08:00 ] 192.168.2.39 //WebApi_v1/Auth/login?phone=111&userpwd=123456
INFO: [ app_init ] --START--
INFO: Run Behavior\BuildLiteBehavior [ RunTime:0.000010s ]
INFO: [ app_init ] --END-- [ RunTime:0.000507s ]
INFO: [ app_begin ] --START--
INFO: Run Behavior\ReadHtmlCacheBehavior [ RunTime:0.000785s ]
INFO: [ app_begin ] --END-- [ RunTime:0.000820s ]
SQL: SHOW COLUMNS FROM `sex_sys_conf` [ RunTime:0.0034s ]
SQL: SHOW COLUMNS FROM `sex_user_list` [ RunTime:0.0030s ]
SQL: SELECT * FROM `sex_user_list` WHERE `userpwd` = 'e10adc3949ba59abbe56e057f20f883e' AND ( `phone` = '111' OR `email` = '' ) LIMIT 1   [ RunTime:0.0010s ]
NOTIC: [2] mt_rand(): max(99999) is smaller than min(100000) D:\xampp\htdocs\Application\WebApi_v1\Controller\AuthController.class.php 第 41 行.
SQL: UPDATE `sex_user_list` SET `user_token`='b069f8587b98a56ee09c94d0a3f28b54' WHERE `user_id` = 2 [ RunTime:0.0032s ]

[ 2019-01-10T21:14:02+08:00 ] 192.168.2.39 /WebApi_v1/UserCenter/index
INFO: [ app_init ] --START--
INFO: Run Behavior\BuildLiteBehavior [ RunTime:0.000008s ]
INFO: [ app_init ] --END-- [ RunTime:0.000647s ]
INFO: [ app_begin ] --START--
INFO: Run Behavior\ReadHtmlCacheBehavior [ RunTime:0.000888s ]
INFO: [ app_begin ] --END-- [ RunTime:0.000916s ]
SQL: SHOW COLUMNS FROM `sex_sys_conf` [ RunTime:0.0045s ]
SQL: SHOW COLUMNS FROM `sex_user_list` [ RunTime:0.0035s ]
SQL: SELECT * FROM `sex_user_list` WHERE `user_id` = 2 AND `user_token` = 'b069f8587b98a56ee09c94d0a3f28b54' LIMIT 1   [ RunTime:0.0004s ]
SQL: SHOW COLUMNS FROM `sex_sys_level` [ RunTime:0.0042s ]
SQL: SELECT `experience` FROM `sex_sys_level` WHERE `level` = 2 LIMIT 1   [ RunTime:0.0005s ]
SQL: SHOW COLUMNS FROM `sex_record_signin` [ RunTime:0.0035s ]
SQL: SELECT COUNT(*) AS tp_count FROM `sex_record_signin` WHERE `time` BETWEEN 1547049600 AND 1547135999 LIMIT 1   [ RunTime:0.0008s ]
SQL: SHOW COLUMNS FROM `sex_notice_sms` [ RunTime:0.0035s ]
SQL: SELECT COUNT(*) AS tp_count FROM `sex_notice_sms` WHERE `touser_id` = 2 AND `state` = 0 LIMIT 1   [ RunTime:0.0006s ]

[ 2019-01-10T21:14:14+08:00 ] 192.168.2.39 /WebApi_v1/UserCenter/resources
INFO: [ app_init ] --START--
INFO: Run Behavior\BuildLiteBehavior [ RunTime:0.000007s ]
INFO: [ app_init ] --END-- [ RunTime:0.000616s ]
INFO: [ app_begin ] --START--
INFO: Run Behavior\ReadHtmlCacheBehavior [ RunTime:0.001081s ]
INFO: [ app_begin ] --END-- [ RunTime:0.001159s ]
SQL: SHOW COLUMNS FROM `sex_sys_conf` [ RunTime:0.0046s ]
SQL: SHOW COLUMNS FROM `sex_user_list` [ RunTime:0.0048s ]
SQL: SELECT * FROM `sex_user_list` WHERE `user_id` = 2 AND `user_token` = 'b069f8587b98a56ee09c94d0a3f28b54' LIMIT 1   [ RunTime:0.0010s ]
SQL: SHOW COLUMNS FROM `sex_user_resource` [ RunTime:0.0034s ]
ERR: 1064:You have an error in your SQL syntax; check the manual that corresponds to your MariaDB server version for the right syntax to use near 'LEFT LEFT sex_resource_movie b ON b.movie_id = a.resource_id  WHERE a.type = 1 A' at line 1
 [ SQL语句 ] : SELECT a.list_id,a.user_id,a.type,a.resource_id,a.pey_type,a.out_time,b.name,b.movie_url,b.movie_img,b.long FROM sex_user_resource a INNER JOIN LEFT LEFT sex_resource_movie b ON b.movie_id = a.resource_id  WHERE a.type = 1 AND a.user_id = '2' ORDER BY pey_time DESC LIMIT 8  
ERR: 1064:You have an error in your SQL syntax; check the manual that corresponds to your MariaDB server version for the right syntax to use near 'LEFT LEFT sex_resource_movie b ON b.movie_id = a.resource_id  WHERE a.type = 1 A' at line 1
 [ SQL语句 ] : SELECT a.list_id,a.user_id,a.type,a.resource_id,a.pey_type,a.out_time,b.name,b.movie_url,b.movie_img,b.long FROM sex_user_resource a INNER JOIN LEFT LEFT sex_resource_movie b ON b.movie_id = a.resource_id  WHERE a.type = 1 AND a.user_id = '2' ORDER BY pey_time DESC LIMIT 8  

[ 2019-01-10T21:15:15+08:00 ] 192.168.2.39 /WebApi_v1/UserCenter/resources
INFO: [ app_init ] --START--
INFO: Run Behavior\BuildLiteBehavior [ RunTime:0.000008s ]
INFO: [ app_init ] --END-- [ RunTime:0.000658s ]
INFO: [ app_begin ] --START--
INFO: Run Behavior\ReadHtmlCacheBehavior [ RunTime:0.001329s ]
INFO: [ app_begin ] --END-- [ RunTime:0.001358s ]
SQL: SHOW COLUMNS FROM `sex_sys_conf` [ RunTime:0.0036s ]
SQL: SHOW COLUMNS FROM `sex_user_list` [ RunTime:0.0034s ]
SQL: SELECT * FROM `sex_user_list` WHERE `user_id` = 2 AND `user_token` = 'b069f8587b98a56ee09c94d0a3f28b54' LIMIT 1   [ RunTime:0.0004s ]
SQL: SHOW COLUMNS FROM `sex_user_resource` [ RunTime:0.0048s ]
SQL: SELECT a.list_id,a.user_id,a.type,a.resource_id,a.pey_type,a.out_time,b.name,b.movie_url,b.movie_img,b.long FROM sex_user_resource a LEFT JOIN sex_resource_movie b ON b.movie_id = a.resource_id  WHERE a.type = 1 AND a.user_id = '2' ORDER BY pey_time DESC LIMIT 8   [ RunTime:0.0007s ]
ERR: 1146:Table 'video.resource_movie' doesn't exist
 [ SQL语句 ] : SELECT COUNT(*) AS tp_count FROM sex_user_resource a LEFT JOIN resource_movie b ON b.movie_id = a.resource_id  WHERE a.type = 1 AND a.user_id = '2' LIMIT 1  
ERR: 1146:Table 'video.resource_movie' doesn't exist
 [ SQL语句 ] : SELECT COUNT(*) AS tp_count FROM sex_user_resource a LEFT JOIN resource_movie b ON b.movie_id = a.resource_id  WHERE a.type = 1 AND a.user_id = '2' LIMIT 1  

[ 2019-01-10T21:17:24+08:00 ] 192.168.2.39 /WebApi_v1/UserCenter/resources
INFO: [ app_init ] --START--
INFO: Run Behavior\BuildLiteBehavior [ RunTime:0.000009s ]
INFO: [ app_init ] --END-- [ RunTime:0.000758s ]
INFO: [ app_begin ] --START--
INFO: Run Behavior\ReadHtmlCacheBehavior [ RunTime:0.001358s ]
INFO: [ app_begin ] --END-- [ RunTime:0.001393s ]
SQL: SHOW COLUMNS FROM `sex_sys_conf` [ RunTime:0.0040s ]
SQL: SHOW COLUMNS FROM `sex_user_list` [ RunTime:0.0038s ]
SQL: SELECT * FROM `sex_user_list` WHERE `user_id` = 2 AND `user_token` = 'b069f8587b98a56ee09c94d0a3f28b54' LIMIT 1   [ RunTime:0.0004s ]
SQL: SHOW COLUMNS FROM `sex_user_resource` [ RunTime:0.0038s ]
SQL: SELECT a.list_id,a.user_id,a.type,a.resource_id,a.pey_type,a.out_time,b.name,b.movie_url,b.movie_img,b.long FROM sex_user_resource a LEFT JOIN sex_resource_movie b ON b.movie_id = a.resource_id  WHERE a.type = 1 AND a.user_id = '2' ORDER BY pey_time DESC LIMIT 8   [ RunTime:0.0004s ]
SQL: SELECT COUNT(*) AS tp_count FROM sex_user_resource a LEFT JOIN sex_resource_movie b ON b.movie_id = a.resource_id  WHERE a.type = 1 AND a.user_id = '2' LIMIT 1   [ RunTime:0.0026s ]
SQL: SELECT a.list_id,a.user_id,a.type,a.resource_id,a.pey_type,a.out_time,b.name,b.image_url,b.long FROM sex_user_resource a LEFT JOIN sex_resource_image b ON b.image_id = a.resource_id  WHERE a.type = 2 AND a.user_id = '2' ORDER BY pey_time DESC LIMIT 8   [ RunTime:0.0004s ]
SQL: SELECT COUNT(*) AS tp_count FROM sex_user_resource a LEFT JOIN sex_resource_image b ON b.image_id = a.resource_id  WHERE a.type = 2 AND a.user_id = '2' LIMIT 1   [ RunTime:0.0004s ]
ERR: 1054:Unknown column 'b.long' in 'field list'
 [ SQL语句 ] : SELECT a.list_id,a.user_id,a.type,a.resource_id,a.pey_type,a.out_time,b.name,b.image_url,b.long FROM sex_user_resource a LEFT JOIN sex_resource_fiction b ON b.fiction_id = a.resource_id  WHERE a.type = 3 AND a.user_id = '2' ORDER BY pey_time DESC LIMIT 8  
ERR: 1054:Unknown column 'b.long' in 'field list'
 [ SQL语句 ] : SELECT a.list_id,a.user_id,a.type,a.resource_id,a.pey_type,a.out_time,b.name,b.image_url,b.long FROM sex_user_resource a LEFT JOIN sex_resource_fiction b ON b.fiction_id = a.resource_id  WHERE a.type = 3 AND a.user_id = '2' ORDER BY pey_time DESC LIMIT 8  

[ 2019-01-10T21:18:55+08:00 ] 192.168.2.39 /WebApi_v1/UserCenter/resources
INFO: [ app_init ] --START--
INFO: Run Behavior\BuildLiteBehavior [ RunTime:0.000010s ]
INFO: [ app_init ] --END-- [ RunTime:0.000541s ]
INFO: [ app_begin ] --START--
INFO: Run Behavior\ReadHtmlCacheBehavior [ RunTime:0.000918s ]
INFO: [ app_begin ] --END-- [ RunTime:0.000950s ]
SQL: SHOW COLUMNS FROM `sex_sys_conf` [ RunTime:0.0113s ]
SQL: SHOW COLUMNS FROM `sex_user_list` [ RunTime:0.0032s ]
SQL: SELECT * FROM `sex_user_list` WHERE `user_id` = 2 AND `user_token` = 'b069f8587b98a56ee09c94d0a3f28b54' LIMIT 1   [ RunTime:0.0004s ]
SQL: SHOW COLUMNS FROM `sex_user_resource` [ RunTime:0.0035s ]
SQL: SELECT a.list_id,a.user_id,a.type,a.resource_id,a.pey_type,a.out_time,b.name,b.movie_url,b.movie_img,b.long FROM sex_user_resource a LEFT JOIN sex_resource_movie b ON b.movie_id = a.resource_id  WHERE a.type = 1 AND a.user_id = '2' ORDER BY pey_time DESC LIMIT 8   [ RunTime:0.0004s ]
SQL: SELECT COUNT(*) AS tp_count FROM sex_user_resource a LEFT JOIN sex_resource_movie b ON b.movie_id = a.resource_id  WHERE a.type = 1 AND a.user_id = '2' LIMIT 1   [ RunTime:0.0005s ]
SQL: SELECT a.list_id,a.user_id,a.type,a.resource_id,a.pey_type,a.out_time,b.name,b.image_url,b.long FROM sex_user_resource a LEFT JOIN sex_resource_image b ON b.image_id = a.resource_id  WHERE a.type = 2 AND a.user_id = '2' ORDER BY pey_time DESC LIMIT 8   [ RunTime:0.0005s ]
SQL: SELECT COUNT(*) AS tp_count FROM sex_user_resource a LEFT JOIN sex_resource_image b ON b.image_id = a.resource_id  WHERE a.type = 2 AND a.user_id = '2' LIMIT 1   [ RunTime:0.0004s ]
SQL: SELECT a.list_id,a.user_id,a.type,a.resource_id,a.pey_type,a.out_time,b.name,b.image_url FROM sex_user_resource a LEFT JOIN sex_resource_fiction b ON b.fiction_id = a.resource_id  WHERE a.type = 3 AND a.user_id = '2' ORDER BY pey_time DESC LIMIT 8   [ RunTime:0.0003s ]
ERR: 1054:Unknown column 'a.type' in 'where clause'
 [ SQL语句 ] : SELECT COUNT(*) AS tp_count FROM `sex_user_resource` LEFT JOIN sex_resource_fiction b ON b.fiction_id = a.resource_id  WHERE a.type = 3 AND a.user_id = '2' LIMIT 1  
ERR: 1054:Unknown column 'a.type' in 'where clause'
 [ SQL语句 ] : SELECT COUNT(*) AS tp_count FROM `sex_user_resource` LEFT JOIN sex_resource_fiction b ON b.fiction_id = a.resource_id  WHERE a.type = 3 AND a.user_id = '2' LIMIT 1  

[ 2019-01-10T21:20:36+08:00 ] 192.168.2.39 /WebApi_v1/UserCenter/resources
INFO: [ app_init ] --START--
INFO: Run Behavior\BuildLiteBehavior [ RunTime:0.000010s ]
INFO: [ app_init ] --END-- [ RunTime:0.000745s ]
INFO: [ app_begin ] --START--
INFO: Run Behavior\ReadHtmlCacheBehavior [ RunTime:0.001031s ]
INFO: [ app_begin ] --END-- [ RunTime:0.001059s ]
SQL: SHOW COLUMNS FROM `sex_sys_conf` [ RunTime:0.0032s ]
SQL: SHOW COLUMNS FROM `sex_user_list` [ RunTime:0.0035s ]
SQL: SELECT * FROM `sex_user_list` WHERE `user_id` = 2 AND `user_token` = 'b069f8587b98a56ee09c94d0a3f28b54' LIMIT 1   [ RunTime:0.0004s ]
SQL: SHOW COLUMNS FROM `sex_user_resource` [ RunTime:0.0084s ]
SQL: SELECT a.list_id,a.user_id,a.type,a.resource_id,a.pey_type,a.out_time,b.name,b.movie_url,b.movie_img,b.long FROM sex_user_resource a LEFT JOIN sex_resource_movie b ON b.movie_id = a.resource_id  WHERE a.type = 1 AND a.user_id = '2' ORDER BY pey_time DESC LIMIT 8   [ RunTime:0.0005s ]
SQL: SELECT COUNT(*) AS tp_count FROM sex_user_resource a LEFT JOIN sex_resource_movie b ON b.movie_id = a.resource_id  WHERE a.type = 1 AND a.user_id = '2' LIMIT 1   [ RunTime:0.0004s ]
SQL: SELECT a.list_id,a.user_id,a.type,a.resource_id,a.pey_type,a.out_time,b.name,b.image_url,b.long FROM sex_user_resource a LEFT JOIN sex_resource_image b ON b.image_id = a.resource_id  WHERE a.type = 2 AND a.user_id = '2' ORDER BY pey_time DESC LIMIT 8   [ RunTime:0.0004s ]
SQL: SELECT COUNT(*) AS tp_count FROM sex_user_resource a LEFT JOIN sex_resource_image b ON b.image_id = a.resource_id  WHERE a.type = 2 AND a.user_id = '2' LIMIT 1   [ RunTime:0.0003s ]
SQL: SELECT a.list_id,a.user_id,a.type,a.resource_id,a.pey_type,a.out_time,b.name,b.image_url FROM sex_user_resource a LEFT JOIN sex_resource_fiction b ON b.fiction_id = a.resource_id  WHERE a.type = 3 AND a.user_id = '2' ORDER BY pey_time DESC LIMIT 8   [ RunTime:0.0004s ]
ERR: 1054:Unknown column 'a.type' in 'where clause'
 [ SQL语句 ] : SELECT COUNT(*) AS tp_count FROM `sex_user_resource` LEFT JOIN sex_resource_fiction b ON b.fiction_id = a.resource_id  WHERE a.type = 3 AND a.user_id = '2' LIMIT 1  
ERR: 1054:Unknown column 'a.type' in 'where clause'
 [ SQL语句 ] : SELECT COUNT(*) AS tp_count FROM `sex_user_resource` LEFT JOIN sex_resource_fiction b ON b.fiction_id = a.resource_id  WHERE a.type = 3 AND a.user_id = '2' LIMIT 1  

[ 2019-01-10T21:21:21+08:00 ] 192.168.2.39 /WebApi_v1/UserCenter/resources
INFO: [ app_init ] --START--
INFO: Run Behavior\BuildLiteBehavior [ RunTime:0.000011s ]
INFO: [ app_init ] --END-- [ RunTime:0.000710s ]
INFO: [ app_begin ] --START--
INFO: Run Behavior\ReadHtmlCacheBehavior [ RunTime:0.001354s ]
INFO: [ app_begin ] --END-- [ RunTime:0.001383s ]
SQL: SHOW COLUMNS FROM `sex_sys_conf` [ RunTime:0.0139s ]
SQL: SHOW COLUMNS FROM `sex_user_list` [ RunTime:0.0037s ]
SQL: SELECT * FROM `sex_user_list` WHERE `user_id` = 2 AND `user_token` = 'b069f8587b98a56ee09c94d0a3f28b54' LIMIT 1   [ RunTime:0.0005s ]
SQL: SHOW COLUMNS FROM `sex_user_resource` [ RunTime:0.0034s ]
SQL: SELECT a.list_id,a.user_id,a.type,a.resource_id,a.pey_type,a.out_time,b.name,b.movie_url,b.movie_img,b.long FROM sex_user_resource a LEFT JOIN sex_resource_movie b ON b.movie_id = a.resource_id  WHERE a.type = 1 AND a.user_id = '2' ORDER BY pey_time DESC LIMIT 8   [ RunTime:0.0005s ]
SQL: SELECT COUNT(*) AS tp_count FROM sex_user_resource a LEFT JOIN sex_resource_movie b ON b.movie_id = a.resource_id  WHERE a.type = 1 AND a.user_id = '2' LIMIT 1   [ RunTime:0.0003s ]
SQL: SELECT a.list_id,a.user_id,a.type,a.resource_id,a.pey_type,a.out_time,b.name,b.image_url,b.long FROM sex_user_resource a LEFT JOIN sex_resource_image b ON b.image_id = a.resource_id  WHERE a.type = 2 AND a.user_id = '2' ORDER BY pey_time DESC LIMIT 8   [ RunTime:0.0004s ]
SQL: SELECT COUNT(*) AS tp_count FROM sex_user_resource a LEFT JOIN sex_resource_image b ON b.image_id = a.resource_id  WHERE a.type = 2 AND a.user_id = '2' LIMIT 1   [ RunTime:0.0003s ]
SQL: SELECT a.list_id,a.user_id,a.type,a.resource_id,a.pey_type,a.out_time,b.name,b.image_url FROM sex_user_resource a LEFT JOIN sex_resource_fiction b ON b.fiction_id = a.resource_id  WHERE a.type = 3 AND a.user_id = '2' ORDER BY pey_time DESC LIMIT 8   [ RunTime:0.0004s ]
ERR: 1054:Unknown column 'a.type' in 'where clause'
 [ SQL语句 ] : SELECT COUNT(*) AS tp_count FROM `sex_user_resource` LEFT JOIN sex_resource_fiction b ON b.fiction_id = a.resource_id  WHERE a.type = 3 AND a.user_id = '2' LIMIT 1  
ERR: 1054:Unknown column 'a.type' in 'where clause'
 [ SQL语句 ] : SELECT COUNT(*) AS tp_count FROM `sex_user_resource` LEFT JOIN sex_resource_fiction b ON b.fiction_id = a.resource_id  WHERE a.type = 3 AND a.user_id = '2' LIMIT 1  

[ 2019-01-10T21:22:39+08:00 ] 192.168.2.39 /WebApi_v1/UserCenter/resources
INFO: [ app_init ] --START--
INFO: Run Behavior\BuildLiteBehavior [ RunTime:0.000008s ]
INFO: [ app_init ] --END-- [ RunTime:0.000781s ]
INFO: [ app_begin ] --START--
INFO: Run Behavior\ReadHtmlCacheBehavior [ RunTime:0.000941s ]
INFO: [ app_begin ] --END-- [ RunTime:0.000970s ]
SQL: SHOW COLUMNS FROM `sex_sys_conf` [ RunTime:0.0052s ]
SQL: SHOW COLUMNS FROM `sex_user_list` [ RunTime:0.0110s ]
SQL: SELECT * FROM `sex_user_list` WHERE `user_id` = 2 AND `user_token` = 'b069f8587b98a56ee09c94d0a3f28b54' LIMIT 1   [ RunTime:0.0004s ]
SQL: SHOW COLUMNS FROM `sex_user_resource` [ RunTime:0.0026s ]
SQL: SELECT a.list_id,a.user_id,a.type,a.resource_id,a.pey_type,a.out_time,b.name,b.movie_url,b.movie_img,b.long FROM sex_user_resource a LEFT JOIN sex_resource_movie b ON b.movie_id = a.resource_id  WHERE a.type = 1 AND a.user_id = '2' ORDER BY pey_time DESC LIMIT 8   [ RunTime:0.0004s ]
SQL: SELECT COUNT(*) AS tp_count FROM sex_user_resource a LEFT JOIN sex_resource_movie b ON b.movie_id = a.resource_id  WHERE a.type = 1 AND a.user_id = '2' LIMIT 1   [ RunTime:0.0003s ]
SQL: SELECT a.list_id,a.user_id,a.type,a.resource_id,a.pey_type,a.out_time,b.name,b.image_url,b.long FROM sex_user_resource a LEFT JOIN sex_resource_image b ON b.image_id = a.resource_id  WHERE a.type = 2 AND a.user_id = '2' ORDER BY pey_time DESC LIMIT 8   [ RunTime:0.0004s ]
SQL: SELECT COUNT(*) AS tp_count FROM sex_user_resource a LEFT JOIN sex_resource_image b ON b.image_id = a.resource_id  WHERE a.type = 2 AND a.user_id = '2' LIMIT 1   [ RunTime:0.0003s ]

[ 2019-01-10T21:26:31+08:00 ] 192.168.2.39 /WebApi_v1/UserCenter/resources
INFO: [ app_init ] --START--
INFO: Run Behavior\BuildLiteBehavior [ RunTime:0.000010s ]
INFO: [ app_init ] --END-- [ RunTime:0.000856s ]
INFO: [ app_begin ] --START--
INFO: Run Behavior\ReadHtmlCacheBehavior [ RunTime:0.000919s ]
INFO: [ app_begin ] --END-- [ RunTime:0.000960s ]
SQL: SHOW COLUMNS FROM `sex_sys_conf` [ RunTime:0.0037s ]
SQL: SHOW COLUMNS FROM `sex_user_list` [ RunTime:0.0037s ]
SQL: SELECT * FROM `sex_user_list` WHERE `user_id` = 2 AND `user_token` = 'b069f8587b98a56ee09c94d0a3f28b54' LIMIT 1   [ RunTime:0.0006s ]
SQL: SHOW COLUMNS FROM `sex_user_resource` [ RunTime:0.0034s ]
SQL: SELECT a.list_id,a.user_id,a.type,a.resource_id,a.pey_type,a.out_time,b.name,b.movie_url,b.movie_img,b.long FROM sex_user_resource a LEFT JOIN sex_resource_movie b ON b.movie_id = a.resource_id  WHERE a.type = 1 AND a.user_id = '2' ORDER BY pey_time DESC LIMIT 8   [ RunTime:0.0034s ]
SQL: SELECT COUNT(*) AS tp_count FROM sex_user_resource a LEFT JOIN sex_resource_movie b ON b.movie_id = a.resource_id  WHERE a.type = 1 AND a.user_id = '2' LIMIT 1   [ RunTime:0.0004s ]
SQL: SELECT a.list_id,a.user_id,a.type,a.resource_id,a.pey_type,a.out_time,b.name,b.image_url,b.long FROM sex_user_resource a LEFT JOIN sex_resource_image b ON b.image_id = a.resource_id  WHERE a.type = 2 AND a.user_id = '2' ORDER BY pey_time DESC LIMIT 8   [ RunTime:0.0004s ]
SQL: SELECT COUNT(*) AS tp_count FROM sex_user_resource a LEFT JOIN sex_resource_image b ON b.image_id = a.resource_id  WHERE a.type = 2 AND a.user_id = '2' LIMIT 1   [ RunTime:0.0005s ]
SQL: SELECT a.list_id,a.user_id,a.type,a.resource_id,a.pey_type,a.out_time,b.fiction_id,b.name,b.image_url FROM sex_user_resource a LEFT JOIN sex_resource_fiction b ON b.fiction_id = a.resource_id  WHERE a.type = 3 AND a.user_id = '2' ORDER BY pey_time DESC LIMIT 8   [ RunTime:0.0004s ]
ERR: 1054:Unknown column 'a.type' in 'where clause'
 [ SQL语句 ] : SELECT COUNT(*) AS tp_count FROM `sex_user_resource` LEFT JOIN sex_resource_fiction b ON b.fiction_id = a.resource_id  WHERE a.type = 3 AND a.user_id = '2' LIMIT 1  
ERR: 1054:Unknown column 'a.type' in 'where clause'
 [ SQL语句 ] : SELECT COUNT(*) AS tp_count FROM `sex_user_resource` LEFT JOIN sex_resource_fiction b ON b.fiction_id = a.resource_id  WHERE a.type = 3 AND a.user_id = '2' LIMIT 1  

[ 2019-01-10T21:27:16+08:00 ] 192.168.2.39 /WebApi_v1/UserCenter/resources
INFO: [ app_init ] --START--
INFO: Run Behavior\BuildLiteBehavior [ RunTime:0.000097s ]
INFO: [ app_init ] --END-- [ RunTime:0.000506s ]
INFO: [ app_begin ] --START--
INFO: Run Behavior\ReadHtmlCacheBehavior [ RunTime:0.000664s ]
INFO: [ app_begin ] --END-- [ RunTime:0.000692s ]
SQL: SHOW COLUMNS FROM `sex_sys_conf` [ RunTime:0.0030s ]
SQL: SHOW COLUMNS FROM `sex_user_list` [ RunTime:0.0034s ]
SQL: SELECT * FROM `sex_user_list` WHERE `user_id` = 2 AND `user_token` = 'b069f8587b98a56ee09c94d0a3f28b54' LIMIT 1   [ RunTime:0.0003s ]
SQL: SHOW COLUMNS FROM `sex_user_resource` [ RunTime:0.0034s ]
SQL: SELECT a.list_id,a.user_id,a.type,a.resource_id,a.pey_type,a.out_time,b.name,b.movie_url,b.movie_img,b.long FROM sex_user_resource a LEFT JOIN sex_resource_movie b ON b.movie_id = a.resource_id  WHERE a.type = 1 AND a.user_id = '2' ORDER BY pey_time DESC LIMIT 8   [ RunTime:0.0004s ]
SQL: SELECT COUNT(*) AS tp_count FROM sex_user_resource a LEFT JOIN sex_resource_movie b ON b.movie_id = a.resource_id  WHERE a.type = 1 AND a.user_id = '2' LIMIT 1   [ RunTime:0.0003s ]
SQL: SELECT a.list_id,a.user_id,a.type,a.resource_id,a.pey_type,a.out_time,b.name,b.image_url,b.long FROM sex_user_resource a LEFT JOIN sex_resource_image b ON b.image_id = a.resource_id  WHERE a.type = 2 AND a.user_id = '2' ORDER BY pey_time DESC LIMIT 8   [ RunTime:0.0004s ]
SQL: SELECT COUNT(*) AS tp_count FROM sex_user_resource a LEFT JOIN sex_resource_image b ON b.image_id = a.resource_id  WHERE a.type = 2 AND a.user_id = '2' LIMIT 1   [ RunTime:0.0004s ]
SQL: SELECT a.list_id,a.user_id,a.type,a.resource_id,a.pey_type,a.out_time,b.name,b.image_url FROM sex_user_resource a LEFT JOIN sex_resource_fiction b ON b.fiction_id = a.resource_id  WHERE a.type = 3 AND a.user_id = '2' ORDER BY pey_time DESC LIMIT 8   [ RunTime:0.0003s ]
SQL: SELECT COUNT(*) AS tp_count FROM sex_user_resource a LEFT JOIN sex_resource_fiction b ON b.fiction_id = a.resource_id  WHERE a.type = 3 AND a.user_id = '2' LIMIT 1   [ RunTime:0.0030s ]

