[ 2018-12-01T02:59:11+08:00 ] 192.168.2.41 /Api_v1/LiveGift/ProportionLiveMoney?live_id=4
INFO: [ app_init ] --START--
INFO: Run Behavior\BuildLiteBehavior [ RunTime:0.000013s ]
INFO: [ app_init ] --END-- [ RunTime:0.011870s ]
INFO: [ app_begin ] --START--
INFO: Run Behavior\ReadHtmlCacheBehavior [ RunTime:0.020867s ]
INFO: [ app_begin ] --END-- [ RunTime:0.020913s ]
SQL: SHOW COLUMNS FROM `sex_sys_conf` [ RunTime:0.0146s ]
NOTIC: [8] Undefined index: admin D:\tools\xampp\htdocs\Application\Api_v1\Controller\UserBaseController.class.php 第 21 行.

[ 2018-12-01T02:59:20+08:00 ] 192.168.2.41 /Api_v1/Login/login?username=CHNMrG&userpwd=123456
INFO: [ app_init ] --START--
INFO: Run Behavior\BuildLiteBehavior [ RunTime:0.000007s ]
INFO: [ app_init ] --END-- [ RunTime:0.000284s ]
INFO: [ app_begin ] --START--
INFO: Run Behavior\ReadHtmlCacheBehavior [ RunTime:0.000429s ]
INFO: [ app_begin ] --END-- [ RunTime:0.000449s ]
SQL: SHOW COLUMNS FROM `sex_sys_conf` [ RunTime:0.0124s ]
SQL: SHOW COLUMNS FROM `sex_admin_user` [ RunTime:0.0076s ]
SQL: SELECT * FROM `sex_admin_user` WHERE `username` = 'CHNMrG' AND `userpwd` = 'e10adc3949ba59abbe56e057f20f883e' LIMIT 1   [ RunTime:0.0003s ]
SQL: UPDATE `sex_admin_user` SET `admin_token`='7aa68f34023c74472face34ba977f36f' WHERE `admin_id` = 1 [ RunTime:0.0030s ]

[ 2018-12-01T02:59:23+08:00 ] 192.168.2.41 /Api_v1/LiveGift/ProportionLiveMoney?live_id=4
INFO: [ app_init ] --START--
INFO: Run Behavior\BuildLiteBehavior [ RunTime:0.000008s ]
INFO: [ app_init ] --END-- [ RunTime:0.000344s ]
INFO: [ app_begin ] --START--
INFO: Run Behavior\ReadHtmlCacheBehavior [ RunTime:0.000406s ]
INFO: [ app_begin ] --END-- [ RunTime:0.000426s ]
SQL: SHOW COLUMNS FROM `sex_sys_conf` [ RunTime:0.0172s ]
SQL: SHOW COLUMNS FROM `sex_admin_user` [ RunTime:0.0162s ]
SQL: SELECT * FROM `sex_admin_user` WHERE `admin_id` = 1 AND `admin_token` = '7aa68f34023c74472face34ba977f36f' LIMIT 1   [ RunTime:0.0003s ]
SQL: SHOW COLUMNS FROM `sex_live_gift_giving` [ RunTime:0.0065s ]
SQL: SELECT SUM(money) AS tp_sum FROM `sex_live_gift_giving` WHERE `live_id` = 4 AND `state` = 0 LIMIT 1   [ RunTime:0.0003s ]

[ 2018-12-01T03:00:18+08:00 ] 192.168.2.41 /Api_v1/LiveGift/ProportionLiveMoney?live_id=4
INFO: [ app_init ] --START--
INFO: Run Behavior\BuildLiteBehavior [ RunTime:0.000006s ]
INFO: [ app_init ] --END-- [ RunTime:0.000252s ]
INFO: [ app_begin ] --START--
INFO: Run Behavior\ReadHtmlCacheBehavior [ RunTime:0.000333s ]
INFO: [ app_begin ] --END-- [ RunTime:0.000352s ]
SQL: SHOW COLUMNS FROM `sex_sys_conf` [ RunTime:0.0193s ]
SQL: SHOW COLUMNS FROM `sex_admin_user` [ RunTime:0.0066s ]
SQL: SELECT * FROM `sex_admin_user` WHERE `admin_id` = 1 AND `admin_token` = '7aa68f34023c74472face34ba977f36f' LIMIT 1   [ RunTime:0.0003s ]
SQL: SHOW COLUMNS FROM `sex_live_gift_giving` [ RunTime:0.0071s ]
SQL: SELECT SUM(money) AS tp_sum FROM `sex_live_gift_giving` WHERE `live_id` = 4 AND `state` = 0 LIMIT 1   [ RunTime:0.0004s ]
SQL: UPDATE `sex_live_gift_giving` SET `state`='1' WHERE `live_id` = 4 AND `state` = 0 [ RunTime:0.0009s ]
SQL: SHOW COLUMNS FROM `sex_live_list` [ RunTime:0.0076s ]
SQL: SELECT `proportion` FROM `sex_live_list` WHERE `live_id` = 4 LIMIT 1   [ RunTime:0.0002s ]

