[ 2018-12-27T01:43:27+08:00 ] 192.168.2.41 /Api_v1/Login/login?username=CHNMrG&userpwd=123456
INFO: [ app_init ] --START--
INFO: Run Behavior\BuildLiteBehavior [ RunTime:0.000019s ]
INFO: [ app_init ] --END-- [ RunTime:0.011803s ]
INFO: [ app_begin ] --START--
INFO: Run Behavior\ReadHtmlCacheBehavior [ RunTime:0.014567s ]
INFO: [ app_begin ] --END-- [ RunTime:0.014599s ]
SQL: SHOW COLUMNS FROM `sex_sys_conf` [ RunTime:0.0289s ]
SQL: SHOW COLUMNS FROM `sex_admin_user` [ RunTime:0.0179s ]
SQL: SELECT * FROM `sex_admin_user` WHERE `username` = 'CHNMrG' AND `userpwd` = 'e10adc3949ba59abbe56e057f20f883e' LIMIT 1   [ RunTime:0.0041s ]
SQL: UPDATE `sex_admin_user` SET `admin_token`='2248a1fd95b8a72181a1ee5aff9e1e1c' WHERE `admin_id` = 1 [ RunTime:0.0037s ]

[ 2018-12-27T11:23:23+08:00 ] 192.168.2.41 /Api_v1/Login/login?username=CHNMrG&userpwd=123456
INFO: [ app_init ] --START--
INFO: Run Behavior\BuildLiteBehavior [ RunTime:0.000020s ]
INFO: [ app_init ] --END-- [ RunTime:0.013782s ]
INFO: [ app_begin ] --START--
INFO: Run Behavior\ReadHtmlCacheBehavior [ RunTime:0.015186s ]
INFO: [ app_begin ] --END-- [ RunTime:0.015223s ]
SQL: SHOW COLUMNS FROM `sex_sys_conf` [ RunTime:0.0233s ]
SQL: SHOW COLUMNS FROM `sex_admin_user` [ RunTime:0.0131s ]
SQL: SELECT * FROM `sex_admin_user` WHERE `username` = 'CHNMrG' AND `userpwd` = 'e10adc3949ba59abbe56e057f20f883e' LIMIT 1   [ RunTime:0.0007s ]
SQL: UPDATE `sex_admin_user` SET `admin_token`='3a6d33fe75e894c52978d21070df8386' WHERE `admin_id` = 1 [ RunTime:0.0034s ]

[ 2018-12-27T11:23:48+08:00 ] 192.168.2.41 /Api_v1/Resource/UserResource
INFO: [ app_init ] --START--
INFO: Run Behavior\BuildLiteBehavior [ RunTime:0.000011s ]
INFO: [ app_init ] --END-- [ RunTime:0.000331s ]
INFO: [ app_begin ] --START--
INFO: Run Behavior\ReadHtmlCacheBehavior [ RunTime:0.000463s ]
INFO: [ app_begin ] --END-- [ RunTime:0.000486s ]
SQL: SHOW COLUMNS FROM `sex_sys_conf` [ RunTime:0.0140s ]
SQL: SHOW COLUMNS FROM `sex_admin_user` [ RunTime:0.0065s ]
SQL: SELECT * FROM `sex_admin_user` WHERE `admin_id` = 1 AND `admin_token` = '3a6d33fe75e894c52978d21070df8386' LIMIT 1   [ RunTime:0.0004s ]
ERR: 非法操作:UserResource

[ 2018-12-27T11:24:00+08:00 ] 192.168.2.41 /Api_v1/AdminUser/UserResource
INFO: [ app_init ] --START--
INFO: Run Behavior\BuildLiteBehavior [ RunTime:0.000005s ]
INFO: [ app_init ] --END-- [ RunTime:0.000283s ]
INFO: [ app_begin ] --START--
INFO: Run Behavior\ReadHtmlCacheBehavior [ RunTime:0.000360s ]
INFO: [ app_begin ] --END-- [ RunTime:0.000382s ]
SQL: SHOW COLUMNS FROM `sex_sys_conf` [ RunTime:0.0096s ]
SQL: SHOW COLUMNS FROM `sex_admin_user` [ RunTime:0.0074s ]
SQL: SELECT * FROM `sex_admin_user` WHERE `admin_id` = 1 AND `admin_token` = '3a6d33fe75e894c52978d21070df8386' LIMIT 1   [ RunTime:0.0004s ]
SQL: SHOW COLUMNS FROM `sex_user_resource` [ RunTime:0.0140s ]

[ 2018-12-27T11:24:03+08:00 ] 192.168.2.41 /Api_v1/Login/login?username=CHNMrG&userpwd=123456
INFO: [ app_init ] --START--
INFO: Run Behavior\BuildLiteBehavior [ RunTime:0.000007s ]
INFO: [ app_init ] --END-- [ RunTime:0.000299s ]
INFO: [ app_begin ] --START--
INFO: Run Behavior\ReadHtmlCacheBehavior [ RunTime:0.000385s ]
INFO: [ app_begin ] --END-- [ RunTime:0.000413s ]
SQL: SHOW COLUMNS FROM `sex_sys_conf` [ RunTime:0.0167s ]
SQL: SHOW COLUMNS FROM `sex_admin_user` [ RunTime:0.0066s ]
SQL: SELECT * FROM `sex_admin_user` WHERE `username` = 'CHNMrG' AND `userpwd` = 'e10adc3949ba59abbe56e057f20f883e' LIMIT 1   [ RunTime:0.0004s ]
SQL: UPDATE `sex_admin_user` SET `admin_token`='9d03e31e2015b02d70234a69940bb67b' WHERE `admin_id` = 1 [ RunTime:0.0026s ]

[ 2018-12-27T11:24:06+08:00 ] 192.168.2.41 /Api_v1/AdminUser/UserResource
INFO: [ app_init ] --START--
INFO: Run Behavior\BuildLiteBehavior [ RunTime:0.000006s ]
INFO: [ app_init ] --END-- [ RunTime:0.000261s ]
INFO: [ app_begin ] --START--
INFO: Run Behavior\ReadHtmlCacheBehavior [ RunTime:0.000347s ]
INFO: [ app_begin ] --END-- [ RunTime:0.000368s ]
SQL: SHOW COLUMNS FROM `sex_sys_conf` [ RunTime:0.0100s ]
SQL: SHOW COLUMNS FROM `sex_admin_user` [ RunTime:0.0070s ]
SQL: SELECT * FROM `sex_admin_user` WHERE `admin_id` = 1 AND `admin_token` = '9d03e31e2015b02d70234a69940bb67b' LIMIT 1   [ RunTime:0.0004s ]
SQL: SHOW COLUMNS FROM `sex_user_resource` [ RunTime:0.0069s ]

[ 2018-12-27T11:29:44+08:00 ] 192.168.2.41 /Api_v1/AdminUser/UserResource
INFO: [ app_init ] --START--
INFO: Run Behavior\BuildLiteBehavior [ RunTime:0.000007s ]
INFO: [ app_init ] --END-- [ RunTime:0.000305s ]
INFO: [ app_begin ] --START--
INFO: Run Behavior\ReadHtmlCacheBehavior [ RunTime:0.000443s ]
INFO: [ app_begin ] --END-- [ RunTime:0.000464s ]
SQL: SHOW COLUMNS FROM `sex_sys_conf` [ RunTime:0.0099s ]
SQL: SHOW COLUMNS FROM `sex_admin_user` [ RunTime:0.0068s ]
SQL: SELECT * FROM `sex_admin_user` WHERE `admin_id` = 1 AND `admin_token` = '9d03e31e2015b02d70234a69940bb67b' LIMIT 1   [ RunTime:0.0004s ]
SQL: SHOW COLUMNS FROM `sex_user_resource` [ RunTime:0.0069s ]

[ 2018-12-27T11:29:50+08:00 ] 192.168.2.41 /Api_v1/AdminUser/UserResource?user_id=1
INFO: [ app_init ] --START--
INFO: Run Behavior\BuildLiteBehavior [ RunTime:0.000030s ]
INFO: [ app_init ] --END-- [ RunTime:0.000343s ]
INFO: [ app_begin ] --START--
INFO: Run Behavior\ReadHtmlCacheBehavior [ RunTime:0.000458s ]
INFO: [ app_begin ] --END-- [ RunTime:0.000479s ]
SQL: SHOW COLUMNS FROM `sex_sys_conf` [ RunTime:0.0097s ]
SQL: SHOW COLUMNS FROM `sex_admin_user` [ RunTime:0.0070s ]
SQL: SELECT * FROM `sex_admin_user` WHERE `admin_id` = 1 AND `admin_token` = '9d03e31e2015b02d70234a69940bb67b' LIMIT 1   [ RunTime:0.0004s ]
SQL: SHOW COLUMNS FROM `sex_user_resource` [ RunTime:0.0066s ]
ERR: 1054:Unknown column 'a.time' in 'field list'
 [ SQL语句 ] : SELECT a.list_id,a.user_id,a.type,a.resource_id,a.time,a.memo,b.username,b.nickname,b.head_portrait FROM sex_user_resource a LEFT JOIN sex_user_list as b ON a.user_id = b.user_id  WHERE a.user_id = '1' ORDER BY a.time DESC LIMIT 0,10  
ERR: 1054:Unknown column 'a.time' in 'field list'
 [ SQL语句 ] : SELECT a.list_id,a.user_id,a.type,a.resource_id,a.time,a.memo,b.username,b.nickname,b.head_portrait FROM sex_user_resource a LEFT JOIN sex_user_list as b ON a.user_id = b.user_id  WHERE a.user_id = '1' ORDER BY a.time DESC LIMIT 0,10  

[ 2018-12-27T11:50:29+08:00 ] 192.168.2.41 /Api_v1/AdminUser/UserResource?user_id=1
INFO: [ app_init ] --START--
INFO: Run Behavior\BuildLiteBehavior [ RunTime:0.000009s ]
INFO: [ app_init ] --END-- [ RunTime:0.000344s ]
INFO: [ app_begin ] --START--
INFO: Run Behavior\ReadHtmlCacheBehavior [ RunTime:0.000492s ]
INFO: [ app_begin ] --END-- [ RunTime:0.000514s ]
SQL: SHOW COLUMNS FROM `sex_sys_conf` [ RunTime:0.0106s ]
SQL: SHOW COLUMNS FROM `sex_admin_user` [ RunTime:0.0170s ]
SQL: SELECT * FROM `sex_admin_user` WHERE `admin_id` = 1 AND `admin_token` = '9d03e31e2015b02d70234a69940bb67b' LIMIT 1   [ RunTime:0.0005s ]
SQL: SHOW COLUMNS FROM `sex_user_resource` [ RunTime:0.0072s ]
SQL: SELECT a.list_id,a.user_id,a.type,a.resource_id,a.pey_type,a.pey_time,a.out_time,b.username,b.nickname,b.head_portrait FROM sex_user_resource a LEFT JOIN sex_user_list as b ON a.user_id = b.user_id  WHERE a.user_id = '1' ORDER BY a.out_time,a.pey_time DESC LIMIT 0,10   [ RunTime:0.0005s ]
SQL: SELECT COUNT(*) AS tp_count FROM sex_user_resource a LEFT JOIN sex_user_list as b ON a.user_id = b.user_id  WHERE a.user_id = '1' LIMIT 1   [ RunTime:0.0003s ]

[ 2018-12-27T11:50:34+08:00 ] 192.168.2.41 /Api_v1/AdminUser/UserResource?user_id=1
INFO: [ app_init ] --START--
INFO: Run Behavior\BuildLiteBehavior [ RunTime:0.000018s ]
INFO: [ app_init ] --END-- [ RunTime:0.000483s ]
INFO: [ app_begin ] --START--
INFO: Run Behavior\ReadHtmlCacheBehavior [ RunTime:0.000669s ]
INFO: [ app_begin ] --END-- [ RunTime:0.000704s ]
SQL: SHOW COLUMNS FROM `sex_sys_conf` [ RunTime:0.0141s ]
SQL: SHOW COLUMNS FROM `sex_admin_user` [ RunTime:0.0069s ]
SQL: SELECT * FROM `sex_admin_user` WHERE `admin_id` = 1 AND `admin_token` = '9d03e31e2015b02d70234a69940bb67b' LIMIT 1   [ RunTime:0.0004s ]
SQL: SHOW COLUMNS FROM `sex_user_resource` [ RunTime:0.0067s ]
SQL: SELECT a.list_id,a.user_id,a.type,a.resource_id,a.pey_type,a.pey_time,a.out_time,b.username,b.nickname,b.head_portrait FROM sex_user_resource a LEFT JOIN sex_user_list as b ON a.user_id = b.user_id  WHERE a.user_id = '1' ORDER BY a.out_time,a.pey_time DESC LIMIT 0,10   [ RunTime:0.0004s ]
SQL: SELECT COUNT(*) AS tp_count FROM sex_user_resource a LEFT JOIN sex_user_list as b ON a.user_id = b.user_id  WHERE a.user_id = '1' LIMIT 1   [ RunTime:0.0003s ]

[ 2018-12-27T11:50:37+08:00 ] 192.168.2.41 /Api_v1/AdminUser/UserResource?user_id=1
INFO: [ app_init ] --START--
INFO: Run Behavior\BuildLiteBehavior [ RunTime:0.000006s ]
INFO: [ app_init ] --END-- [ RunTime:0.000268s ]
INFO: [ app_begin ] --START--
INFO: Run Behavior\ReadHtmlCacheBehavior [ RunTime:0.000365s ]
INFO: [ app_begin ] --END-- [ RunTime:0.000386s ]
SQL: SHOW COLUMNS FROM `sex_sys_conf` [ RunTime:0.0185s ]
SQL: SHOW COLUMNS FROM `sex_admin_user` [ RunTime:0.0069s ]
SQL: SELECT * FROM `sex_admin_user` WHERE `admin_id` = 1 AND `admin_token` = '9d03e31e2015b02d70234a69940bb67b' LIMIT 1   [ RunTime:0.0004s ]
SQL: SHOW COLUMNS FROM `sex_user_resource` [ RunTime:0.0069s ]
SQL: SELECT a.list_id,a.user_id,a.type,a.resource_id,a.pey_type,a.pey_time,a.out_time,b.username,b.nickname,b.head_portrait FROM sex_user_resource a LEFT JOIN sex_user_list as b ON a.user_id = b.user_id  WHERE a.user_id = '1' ORDER BY a.out_time,a.pey_time DESC LIMIT 0,10   [ RunTime:0.0004s ]
SQL: SELECT COUNT(*) AS tp_count FROM sex_user_resource a LEFT JOIN sex_user_list as b ON a.user_id = b.user_id  WHERE a.user_id = '1' LIMIT 1   [ RunTime:0.0003s ]

[ 2018-12-27T11:51:00+08:00 ] 192.168.2.41 /Api_v1/AdminUser/UserResource?user_id=1
INFO: [ app_init ] --START--
INFO: Run Behavior\BuildLiteBehavior [ RunTime:0.000006s ]
INFO: [ app_init ] --END-- [ RunTime:0.000276s ]
INFO: [ app_begin ] --START--
INFO: Run Behavior\ReadHtmlCacheBehavior [ RunTime:0.000391s ]
INFO: [ app_begin ] --END-- [ RunTime:0.000412s ]
SQL: SHOW COLUMNS FROM `sex_sys_conf` [ RunTime:0.0102s ]
SQL: SHOW COLUMNS FROM `sex_admin_user` [ RunTime:0.0071s ]
SQL: SELECT * FROM `sex_admin_user` WHERE `admin_id` = 1 AND `admin_token` = '9d03e31e2015b02d70234a69940bb67b' LIMIT 1   [ RunTime:0.0003s ]
SQL: SHOW COLUMNS FROM `sex_user_resource` [ RunTime:0.0069s ]
SQL: SELECT a.list_id,a.user_id,a.type,a.resource_id,a.pey_type,a.pey_time,a.out_time,b.username,b.nickname,b.head_portrait FROM sex_user_resource a LEFT JOIN sex_user_list as b ON a.user_id = b.user_id  WHERE a.user_id = '1' ORDER BY a.out_time,a.pey_time DESC LIMIT 0,10   [ RunTime:0.0004s ]
SQL: SELECT COUNT(*) AS tp_count FROM sex_user_resource a LEFT JOIN sex_user_list as b ON a.user_id = b.user_id  WHERE a.user_id = '1' LIMIT 1   [ RunTime:0.0002s ]

[ 2018-12-27T11:52:00+08:00 ] 192.168.2.41 /Api_v1/AdminUser/UserResource?user_id=1
INFO: [ app_init ] --START--
INFO: Run Behavior\BuildLiteBehavior [ RunTime:0.000007s ]
INFO: [ app_init ] --END-- [ RunTime:0.000273s ]
INFO: [ app_begin ] --START--
INFO: Run Behavior\ReadHtmlCacheBehavior [ RunTime:0.000393s ]
INFO: [ app_begin ] --END-- [ RunTime:0.000416s ]
SQL: SHOW COLUMNS FROM `sex_sys_conf` [ RunTime:0.0209s ]
SQL: SHOW COLUMNS FROM `sex_admin_user` [ RunTime:0.0069s ]
SQL: SELECT * FROM `sex_admin_user` WHERE `admin_id` = 1 AND `admin_token` = '9d03e31e2015b02d70234a69940bb67b' LIMIT 1   [ RunTime:0.0004s ]
SQL: SHOW COLUMNS FROM `sex_user_resource` [ RunTime:0.0067s ]
ERR: 1064:You have an error in your SQL syntax; check the manual that corresponds to your MariaDB server version for the right syntax to use near 'a.out_time ASC a.pey_time DESC LIMIT 0,10' at line 1
 [ SQL语句 ] : SELECT a.list_id,a.user_id,a.type,a.resource_id,a.pey_type,a.pey_time,a.out_time,b.username,b.nickname,b.head_portrait FROM sex_user_resource a LEFT JOIN sex_user_list as b ON a.user_id = b.user_id  WHERE a.user_id = '1' ORDER BY a.pey_type DESC a.out_time ASC a.pey_time DESC LIMIT 0,10  
ERR: 1064:You have an error in your SQL syntax; check the manual that corresponds to your MariaDB server version for the right syntax to use near 'a.out_time ASC a.pey_time DESC LIMIT 0,10' at line 1
 [ SQL语句 ] : SELECT a.list_id,a.user_id,a.type,a.resource_id,a.pey_type,a.pey_time,a.out_time,b.username,b.nickname,b.head_portrait FROM sex_user_resource a LEFT JOIN sex_user_list as b ON a.user_id = b.user_id  WHERE a.user_id = '1' ORDER BY a.pey_type DESC a.out_time ASC a.pey_time DESC LIMIT 0,10  

[ 2018-12-27T11:52:36+08:00 ] 192.168.2.41 /Api_v1/AdminUser/UserResource?user_id=1
INFO: [ app_init ] --START--
INFO: Run Behavior\BuildLiteBehavior [ RunTime:0.000007s ]
INFO: [ app_init ] --END-- [ RunTime:0.000326s ]
INFO: [ app_begin ] --START--
INFO: Run Behavior\ReadHtmlCacheBehavior [ RunTime:0.000492s ]
INFO: [ app_begin ] --END-- [ RunTime:0.000514s ]
SQL: SHOW COLUMNS FROM `sex_sys_conf` [ RunTime:0.0099s ]
SQL: SHOW COLUMNS FROM `sex_admin_user` [ RunTime:0.0070s ]
SQL: SELECT * FROM `sex_admin_user` WHERE `admin_id` = 1 AND `admin_token` = '9d03e31e2015b02d70234a69940bb67b' LIMIT 1   [ RunTime:0.0003s ]
SQL: SHOW COLUMNS FROM `sex_user_resource` [ RunTime:0.0068s ]
SQL: SELECT a.list_id,a.user_id,a.type,a.resource_id,a.pey_type,a.pey_time,a.out_time,b.username,b.nickname,b.head_portrait FROM sex_user_resource a LEFT JOIN sex_user_list as b ON a.user_id = b.user_id  WHERE a.user_id = '1' ORDER BY a.pey_type DESC,a.out_time ASC,a.pey_time DESC LIMIT 0,10   [ RunTime:0.0004s ]
SQL: SELECT COUNT(*) AS tp_count FROM sex_user_resource a LEFT JOIN sex_user_list as b ON a.user_id = b.user_id  WHERE a.user_id = '1' LIMIT 1   [ RunTime:0.0003s ]

[ 2018-12-27T11:53:49+08:00 ] 192.168.2.41 /Api_v1/AdminUser/UserResource?user_id=1
INFO: [ app_init ] --START--
INFO: Run Behavior\BuildLiteBehavior [ RunTime:0.000007s ]
INFO: [ app_init ] --END-- [ RunTime:0.000359s ]
INFO: [ app_begin ] --START--
INFO: Run Behavior\ReadHtmlCacheBehavior [ RunTime:0.000455s ]
INFO: [ app_begin ] --END-- [ RunTime:0.000476s ]
SQL: SHOW COLUMNS FROM `sex_sys_conf` [ RunTime:0.0211s ]
SQL: SHOW COLUMNS FROM `sex_admin_user` [ RunTime:0.0070s ]
SQL: SELECT * FROM `sex_admin_user` WHERE `admin_id` = 1 AND `admin_token` = '9d03e31e2015b02d70234a69940bb67b' LIMIT 1   [ RunTime:0.0004s ]
SQL: SHOW COLUMNS FROM `sex_user_resource` [ RunTime:0.0069s ]
SQL: SELECT a.list_id,a.user_id,a.type,a.resource_id,a.pey_type,a.pey_time,a.out_time,b.username,b.nickname,b.head_portrait FROM sex_user_resource a LEFT JOIN sex_user_list as b ON a.user_id = b.user_id  WHERE a.user_id = '1' ORDER BY a.pey_type DESC,a.out_time ASC,a.pey_time DESC LIMIT 0,10   [ RunTime:0.0004s ]
SQL: SELECT COUNT(*) AS tp_count FROM sex_user_resource a LEFT JOIN sex_user_list as b ON a.user_id = b.user_id  WHERE a.user_id = '1' LIMIT 1   [ RunTime:0.0003s ]

[ 2018-12-27T11:54:15+08:00 ] 192.168.2.41 /Api_v1/AdminUser/UserResource?user_id=1?type=movie
INFO: [ app_init ] --START--
INFO: Run Behavior\BuildLiteBehavior [ RunTime:0.000007s ]
INFO: [ app_init ] --END-- [ RunTime:0.000321s ]
INFO: [ app_begin ] --START--
INFO: Run Behavior\ReadHtmlCacheBehavior [ RunTime:0.000371s ]
INFO: [ app_begin ] --END-- [ RunTime:0.000393s ]
SQL: SHOW COLUMNS FROM `sex_sys_conf` [ RunTime:0.0106s ]
SQL: SHOW COLUMNS FROM `sex_admin_user` [ RunTime:0.0072s ]
SQL: SELECT * FROM `sex_admin_user` WHERE `admin_id` = 1 AND `admin_token` = '9d03e31e2015b02d70234a69940bb67b' LIMIT 1   [ RunTime:0.0004s ]
SQL: SHOW COLUMNS FROM `sex_user_resource` [ RunTime:0.0068s ]
SQL: SELECT a.list_id,a.user_id,a.type,a.resource_id,a.pey_type,a.pey_time,a.out_time,b.username,b.nickname,b.head_portrait FROM sex_user_resource a LEFT JOIN sex_user_list as b ON a.user_id = b.user_id  WHERE a.user_id = '1?type=movie' ORDER BY a.pey_type DESC,a.out_time ASC,a.pey_time DESC LIMIT 0,10   [ RunTime:0.0005s ]
SQL: SELECT COUNT(*) AS tp_count FROM sex_user_resource a LEFT JOIN sex_user_list as b ON a.user_id = b.user_id  WHERE a.user_id = '1?type=movie' LIMIT 1   [ RunTime:0.0003s ]

[ 2018-12-27T11:54:26+08:00 ] 192.168.2.41 /Api_v1/AdminUser/UserResource?user_id=1?type=movie
INFO: [ app_init ] --START--
INFO: Run Behavior\BuildLiteBehavior [ RunTime:0.000006s ]
INFO: [ app_init ] --END-- [ RunTime:0.000269s ]
INFO: [ app_begin ] --START--
INFO: Run Behavior\ReadHtmlCacheBehavior [ RunTime:0.000362s ]
INFO: [ app_begin ] --END-- [ RunTime:0.000382s ]
SQL: SHOW COLUMNS FROM `sex_sys_conf` [ RunTime:0.0244s ]
SQL: SHOW COLUMNS FROM `sex_admin_user` [ RunTime:0.0065s ]
SQL: SELECT * FROM `sex_admin_user` WHERE `admin_id` = 1 AND `admin_token` = '9d03e31e2015b02d70234a69940bb67b' LIMIT 1   [ RunTime:0.0004s ]
SQL: SHOW COLUMNS FROM `sex_user_resource` [ RunTime:0.0072s ]
SQL: SELECT a.list_id,a.user_id,a.type,a.resource_id,a.pey_type,a.pey_time,a.out_time,b.username,b.nickname,b.head_portrait FROM sex_user_resource a LEFT JOIN sex_user_list as b ON a.user_id = b.user_id  WHERE a.user_id = '1?type=movie' ORDER BY a.pey_type DESC,a.out_time ASC,a.pey_time DESC LIMIT 0,10   [ RunTime:0.0004s ]
SQL: SELECT COUNT(*) AS tp_count FROM sex_user_resource a LEFT JOIN sex_user_list as b ON a.user_id = b.user_id  WHERE a.user_id = '1?type=movie' LIMIT 1   [ RunTime:0.0002s ]

[ 2018-12-27T11:54:48+08:00 ] 192.168.2.41 /Api_v1/AdminUser/UserResource?user_id=1&type=movie
INFO: [ app_init ] --START--
INFO: Run Behavior\BuildLiteBehavior [ RunTime:0.000006s ]
INFO: [ app_init ] --END-- [ RunTime:0.000305s ]
INFO: [ app_begin ] --START--
INFO: Run Behavior\ReadHtmlCacheBehavior [ RunTime:0.000470s ]
INFO: [ app_begin ] --END-- [ RunTime:0.000493s ]
SQL: SHOW COLUMNS FROM `sex_sys_conf` [ RunTime:0.0194s ]
SQL: SHOW COLUMNS FROM `sex_admin_user` [ RunTime:0.0084s ]
SQL: SELECT * FROM `sex_admin_user` WHERE `admin_id` = 1 AND `admin_token` = '9d03e31e2015b02d70234a69940bb67b' LIMIT 1   [ RunTime:0.0003s ]
SQL: SHOW COLUMNS FROM `sex_user_resource` [ RunTime:0.0068s ]
SQL: SELECT a.list_id,a.user_id,a.type,a.resource_id,a.pey_type,a.pey_time,a.out_time,b.username,b.nickname,b.head_portrait FROM sex_user_resource a LEFT JOIN sex_user_list as b ON a.user_id = b.user_id  WHERE a.user_id = '1' AND `type` = '1' ORDER BY a.pey_type DESC,a.out_time ASC,a.pey_time DESC LIMIT 0,10   [ RunTime:0.0005s ]
SQL: SELECT COUNT(*) AS tp_count FROM sex_user_resource a LEFT JOIN sex_user_list as b ON a.user_id = b.user_id  WHERE a.user_id = '1' AND `type` = '1' LIMIT 1   [ RunTime:0.0003s ]

[ 2018-12-27T11:59:30+08:00 ] 192.168.2.41 /Api_v1/AdminUser/UserResource?user_id=1&type=movie
INFO: [ app_init ] --START--
INFO: Run Behavior\BuildLiteBehavior [ RunTime:0.000007s ]
INFO: [ app_init ] --END-- [ RunTime:0.000308s ]
INFO: [ app_begin ] --START--
INFO: Run Behavior\ReadHtmlCacheBehavior [ RunTime:0.000455s ]
INFO: [ app_begin ] --END-- [ RunTime:0.000477s ]
SQL: SHOW COLUMNS FROM `sex_sys_conf` [ RunTime:0.0203s ]
SQL: SHOW COLUMNS FROM `sex_admin_user` [ RunTime:0.0073s ]
SQL: SELECT * FROM `sex_admin_user` WHERE `admin_id` = 1 AND `admin_token` = '9d03e31e2015b02d70234a69940bb67b' LIMIT 1   [ RunTime:0.0004s ]
SQL: SHOW COLUMNS FROM `sex_user_resource` [ RunTime:0.0070s ]
SQL: SELECT a.list_id,a.user_id,a.type,a.resource_id,a.pey_type,a.pey_time,a.out_time,b.username,b.nickname,b.head_portrait FROM sex_user_resource a LEFT JOIN sex_user_list as b ON a.user_id = b.user_id  WHERE a.user_id = '1' AND a.out_time > 1545883170 AND `type` = '1' ORDER BY a.pey_type DESC,a.out_time ASC,a.pey_time DESC LIMIT 0,10   [ RunTime:0.0004s ]
SQL: SELECT COUNT(*) AS tp_count FROM sex_user_resource a LEFT JOIN sex_user_list as b ON a.user_id = b.user_id  WHERE a.user_id = '1' AND a.out_time > 1545883170 AND `type` = '1' LIMIT 1   [ RunTime:0.0003s ]

[ 2018-12-27T12:03:08+08:00 ] 192.168.2.41 /Api_v1/AdminUser/UserResource?user_id=1&type=movie
INFO: [ app_init ] --START--
INFO: Run Behavior\BuildLiteBehavior [ RunTime:0.000007s ]
INFO: [ app_init ] --END-- [ RunTime:0.000325s ]
INFO: [ app_begin ] --START--
INFO: Run Behavior\ReadHtmlCacheBehavior [ RunTime:0.000467s ]
INFO: [ app_begin ] --END-- [ RunTime:0.000490s ]
SQL: SHOW COLUMNS FROM `sex_sys_conf` [ RunTime:0.0142s ]
SQL: SHOW COLUMNS FROM `sex_admin_user` [ RunTime:0.0070s ]
SQL: SELECT * FROM `sex_admin_user` WHERE `admin_id` = 1 AND `admin_token` = '9d03e31e2015b02d70234a69940bb67b' LIMIT 1   [ RunTime:0.0004s ]
SQL: SHOW COLUMNS FROM `sex_user_resource` [ RunTime:0.0073s ]
SQL: SELECT a.list_id,a.user_id,a.type,a.resource_id,a.pey_type,a.pey_time,a.out_time,b.username,b.nickname,b.head_portrait FROM sex_user_resource a LEFT JOIN sex_user_list as b ON a.user_id = b.user_id  WHERE a.user_id = '1' AND ( a.out_time > 1545883388 OR a.out_time = 0 ) AND `type` = '1' ORDER BY a.pey_type DESC,a.out_time ASC,a.pey_time DESC LIMIT 0,10   [ RunTime:0.0004s ]
SQL: SELECT COUNT(*) AS tp_count FROM sex_user_resource a LEFT JOIN sex_user_list as b ON a.user_id = b.user_id  WHERE a.user_id = '1' AND ( a.out_time > 1545883388 OR a.out_time = 0 ) AND `type` = '1' LIMIT 1   [ RunTime:0.0003s ]

[ 2018-12-27T12:03:28+08:00 ] 192.168.2.41 /Api_v1/AdminUser/UserResource?user_id=1&type=movie
INFO: [ app_init ] --START--
INFO: Run Behavior\BuildLiteBehavior [ RunTime:0.000008s ]
INFO: [ app_init ] --END-- [ RunTime:0.000378s ]
INFO: [ app_begin ] --START--
INFO: Run Behavior\ReadHtmlCacheBehavior [ RunTime:0.000490s ]
INFO: [ app_begin ] --END-- [ RunTime:0.000514s ]
SQL: SHOW COLUMNS FROM `sex_sys_conf` [ RunTime:0.0125s ]
SQL: SHOW COLUMNS FROM `sex_admin_user` [ RunTime:0.0070s ]
SQL: SELECT * FROM `sex_admin_user` WHERE `admin_id` = 1 AND `admin_token` = '9d03e31e2015b02d70234a69940bb67b' LIMIT 1   [ RunTime:0.0004s ]
SQL: SHOW COLUMNS FROM `sex_user_resource` [ RunTime:0.0065s ]
SQL: SELECT COUNT(*) AS tp_count FROM sex_user_resource a LEFT JOIN sex_user_list as b ON a.user_id = b.user_id  WHERE a.user_id = '1' AND ( a.out_time > 1545883408 OR a.out_time = 0 ) AND `type` = '1' LIMIT 1   [ RunTime:0.0003s ]
NOTIC: [2] Invalid argument supplied for foreach() D:\tools\xampp\htdocs\Application\Api_v1\Controller\AdminUserController.class.php 第 848 行.

[ 2018-12-27T12:06:18+08:00 ] 192.168.2.41 /Api_v1/AdminUser/UserResource?user_id=1&type=movie
INFO: [ app_init ] --START--
INFO: Run Behavior\BuildLiteBehavior [ RunTime:0.000007s ]
INFO: [ app_init ] --END-- [ RunTime:0.008176s ]
INFO: [ app_begin ] --START--
INFO: Run Behavior\ReadHtmlCacheBehavior [ RunTime:0.000467s ]
INFO: [ app_begin ] --END-- [ RunTime:0.000490s ]
SQL: SHOW COLUMNS FROM `sex_sys_conf` [ RunTime:0.0118s ]
SQL: SHOW COLUMNS FROM `sex_admin_user` [ RunTime:0.0080s ]
SQL: SELECT * FROM `sex_admin_user` WHERE `admin_id` = 1 AND `admin_token` = '9d03e31e2015b02d70234a69940bb67b' LIMIT 1   [ RunTime:0.0004s ]
SQL: SHOW COLUMNS FROM `sex_user_resource` [ RunTime:0.0067s ]
SQL: SELECT a.list_id,a.user_id,a.type,a.resource_id,a.pey_type,a.pey_time,a.out_time,b.username,b.nickname,b.head_portrait FROM sex_user_resource a LEFT JOIN sex_user_list b ON a.user_id = b.user_id  WHERE a.user_id = '1' AND ( a.out_time > 1545883578 OR a.out_time = 0 ) AND `type` = '1' ORDER BY a.pey_type DESC,a.out_time ASC,a.pey_time DESC LIMIT 0,10   [ RunTime:0.0004s ]
SQL: SELECT COUNT(*) AS tp_count FROM sex_user_resource a LEFT JOIN sex_user_list b ON a.user_id = b.user_id  WHERE a.user_id = '1' AND ( a.out_time > 1545883578 OR a.out_time = 0 ) AND `type` = '1' LIMIT 1   [ RunTime:0.0003s ]

[ 2018-12-27T12:06:25+08:00 ] 192.168.2.41 /Api_v1/AdminUser/UserResource?user_id=1
INFO: [ app_init ] --START--
INFO: Run Behavior\BuildLiteBehavior [ RunTime:0.000006s ]
INFO: [ app_init ] --END-- [ RunTime:0.000296s ]
INFO: [ app_begin ] --START--
INFO: Run Behavior\ReadHtmlCacheBehavior [ RunTime:0.000452s ]
INFO: [ app_begin ] --END-- [ RunTime:0.000475s ]
SQL: SHOW COLUMNS FROM `sex_sys_conf` [ RunTime:0.0100s ]
SQL: SHOW COLUMNS FROM `sex_admin_user` [ RunTime:0.0070s ]
SQL: SELECT * FROM `sex_admin_user` WHERE `admin_id` = 1 AND `admin_token` = '9d03e31e2015b02d70234a69940bb67b' LIMIT 1   [ RunTime:0.0004s ]
SQL: SHOW COLUMNS FROM `sex_user_resource` [ RunTime:0.0068s ]
SQL: SELECT a.list_id,a.user_id,a.type,a.resource_id,a.pey_type,a.pey_time,a.out_time,b.username,b.nickname,b.head_portrait FROM sex_user_resource a LEFT JOIN sex_user_list b ON a.user_id = b.user_id  WHERE a.user_id = '1' AND ( a.out_time > 1545883585 OR a.out_time = 0 ) ORDER BY a.pey_type DESC,a.out_time ASC,a.pey_time DESC LIMIT 0,10   [ RunTime:0.0004s ]
SQL: SELECT COUNT(*) AS tp_count FROM sex_user_resource a LEFT JOIN sex_user_list b ON a.user_id = b.user_id  WHERE a.user_id = '1' AND ( a.out_time > 1545883585 OR a.out_time = 0 ) LIMIT 1   [ RunTime:0.0003s ]

[ 2018-12-27T12:06:35+08:00 ] 192.168.2.41 /Api_v1/AdminUser/UserResource?user_id=1&type=movie
INFO: [ app_init ] --START--
INFO: Run Behavior\BuildLiteBehavior [ RunTime:0.000008s ]
INFO: [ app_init ] --END-- [ RunTime:0.000331s ]
INFO: [ app_begin ] --START--
INFO: Run Behavior\ReadHtmlCacheBehavior [ RunTime:0.000373s ]
INFO: [ app_begin ] --END-- [ RunTime:0.000395s ]
SQL: SHOW COLUMNS FROM `sex_sys_conf` [ RunTime:0.0103s ]
SQL: SHOW COLUMNS FROM `sex_admin_user` [ RunTime:0.0128s ]
SQL: SELECT * FROM `sex_admin_user` WHERE `admin_id` = 1 AND `admin_token` = '9d03e31e2015b02d70234a69940bb67b' LIMIT 1   [ RunTime:0.0004s ]
SQL: SHOW COLUMNS FROM `sex_user_resource` [ RunTime:0.0130s ]
SQL: SELECT a.list_id,a.user_id,a.type,a.resource_id,a.pey_type,a.pey_time,a.out_time,b.username,b.nickname,b.head_portrait FROM sex_user_resource a LEFT JOIN sex_user_list b ON a.user_id = b.user_id  WHERE a.user_id = '1' AND ( a.out_time > 1545883595 OR a.out_time = 0 ) AND `type` = '1' ORDER BY a.pey_type DESC,a.out_time ASC,a.pey_time DESC LIMIT 0,10   [ RunTime:0.0004s ]
SQL: SELECT COUNT(*) AS tp_count FROM sex_user_resource a LEFT JOIN sex_user_list b ON a.user_id = b.user_id  WHERE a.user_id = '1' AND ( a.out_time > 1545883595 OR a.out_time = 0 ) AND `type` = '1' LIMIT 1   [ RunTime:0.0003s ]

[ 2018-12-27T12:16:10+08:00 ] 192.168.2.41 /Api_v1/AdminUser/UserResource?user_id=1&type=movie
INFO: [ app_init ] --START--
INFO: Run Behavior\BuildLiteBehavior [ RunTime:0.000007s ]
INFO: [ app_init ] --END-- [ RunTime:0.000315s ]
INFO: [ app_begin ] --START--
INFO: Run Behavior\ReadHtmlCacheBehavior [ RunTime:0.000597s ]
INFO: [ app_begin ] --END-- [ RunTime:0.000619s ]
SQL: SHOW COLUMNS FROM `sex_sys_conf` [ RunTime:0.0102s ]
SQL: SHOW COLUMNS FROM `sex_admin_user` [ RunTime:0.0069s ]
SQL: SELECT * FROM `sex_admin_user` WHERE `admin_id` = 1 AND `admin_token` = '9d03e31e2015b02d70234a69940bb67b' LIMIT 1   [ RunTime:0.0004s ]
SQL: SHOW COLUMNS FROM `sex_user_resource` [ RunTime:0.0067s ]
SQL: SELECT a.list_id,a.user_id,a.type,a.resource_id,a.pey_type,a.pey_time,a.out_time,b.username,b.nickname,b.head_portrait FROM sex_user_resource a LEFT JOIN sex_user_list b ON a.user_id = b.user_id  WHERE a.user_id = '1' AND ( a.out_time > 1545884170 OR a.out_time = 0 ) AND `type` = '1' ORDER BY a.pey_type DESC,a.out_time ASC,a.pey_time DESC LIMIT 0,10   [ RunTime:0.0004s ]
SQL: SELECT COUNT(*) AS tp_count FROM sex_user_resource a LEFT JOIN sex_user_list b ON a.user_id = b.user_id  WHERE a.user_id = '1' AND ( a.out_time > 1545884170 OR a.out_time = 0 ) AND `type` = '1' LIMIT 1   [ RunTime:0.0003s ]
SQL: SHOW COLUMNS FROM `sex_resource_movie` [ RunTime:0.0069s ]
SQL: SHOW COLUMNS FROM `sex_resource_image` [ RunTime:0.0068s ]
SQL: SHOW COLUMNS FROM `sex_resource_fiction` [ RunTime:0.0046s ]
SQL: SELECT * FROM `sex_resource_movie` WHERE `movie_id` = 0 LIMIT 1   [ RunTime:0.0003s ]

[ 2018-12-27T12:17:24+08:00 ] 192.168.2.41 /Api_v1/AdminUser/UserResource?user_id=1&type=movie
INFO: [ app_init ] --START--
INFO: Run Behavior\BuildLiteBehavior [ RunTime:0.000007s ]
INFO: [ app_init ] --END-- [ RunTime:0.000312s ]
INFO: [ app_begin ] --START--
INFO: Run Behavior\ReadHtmlCacheBehavior [ RunTime:0.000470s ]
INFO: [ app_begin ] --END-- [ RunTime:0.000494s ]
SQL: SHOW COLUMNS FROM `sex_sys_conf` [ RunTime:0.0100s ]
SQL: SHOW COLUMNS FROM `sex_admin_user` [ RunTime:0.0068s ]
SQL: SELECT * FROM `sex_admin_user` WHERE `admin_id` = 1 AND `admin_token` = '9d03e31e2015b02d70234a69940bb67b' LIMIT 1   [ RunTime:0.0004s ]
SQL: SHOW COLUMNS FROM `sex_user_resource` [ RunTime:0.0071s ]
SQL: SELECT a.list_id,a.user_id,a.type,a.resource_id,a.pey_type,a.pey_time,a.out_time,b.username,b.nickname,b.head_portrait FROM sex_user_resource a LEFT JOIN sex_user_list b ON a.user_id = b.user_id  WHERE a.user_id = '1' AND ( a.out_time > 1545884244 OR a.out_time = 0 ) AND `type` = '1' ORDER BY a.pey_type DESC,a.out_time ASC,a.pey_time DESC LIMIT 0,10   [ RunTime:0.0004s ]
SQL: SELECT COUNT(*) AS tp_count FROM sex_user_resource a LEFT JOIN sex_user_list b ON a.user_id = b.user_id  WHERE a.user_id = '1' AND ( a.out_time > 1545884244 OR a.out_time = 0 ) AND `type` = '1' LIMIT 1   [ RunTime:0.0003s ]
SQL: SHOW COLUMNS FROM `sex_resource_movie` [ RunTime:0.0073s ]
SQL: SHOW COLUMNS FROM `sex_resource_image` [ RunTime:0.0072s ]
SQL: SHOW COLUMNS FROM `sex_resource_fiction` [ RunTime:0.0039s ]
SQL: SELECT * FROM `sex_resource_movie` WHERE `movie_id` = 61 LIMIT 1   [ RunTime:0.0003s ]
SQL: SELECT * FROM `sex_resource_movie` WHERE `movie_id` = 60 LIMIT 1   [ RunTime:0.0003s ]

[ 2018-12-27T12:22:27+08:00 ] 192.168.2.41 /Api_v1/Login/login
INFO: [ app_init ] --START--
INFO: Run Behavior\BuildLiteBehavior [ RunTime:0.000008s ]
INFO: [ app_init ] --END-- [ RunTime:0.000341s ]
INFO: [ app_begin ] --START--
INFO: Run Behavior\ReadHtmlCacheBehavior [ RunTime:0.000475s ]
INFO: [ app_begin ] --END-- [ RunTime:0.000497s ]
SQL: SHOW COLUMNS FROM `sex_sys_conf` [ RunTime:0.0127s ]
SQL: SHOW COLUMNS FROM `sex_admin_user` [ RunTime:0.0074s ]
SQL: SELECT * FROM `sex_admin_user` WHERE `username` = '' AND `userpwd` = 'd41d8cd98f00b204e9800998ecf8427e' LIMIT 1   [ RunTime:0.0004s ]

[ 2018-12-27T13:26:46+08:00 ] 192.168.2.41 /Api_v1/AdminUser/UserResource?user_id=1&type=movie
INFO: [ app_init ] --START--
INFO: Run Behavior\BuildLiteBehavior [ RunTime:0.000012s ]
INFO: [ app_init ] --END-- [ RunTime:0.000391s ]
INFO: [ app_begin ] --START--
INFO: Run Behavior\ReadHtmlCacheBehavior [ RunTime:0.000636s ]
INFO: [ app_begin ] --END-- [ RunTime:0.000658s ]
SQL: SHOW COLUMNS FROM `sex_sys_conf` [ RunTime:0.0140s ]

[ 2018-12-27T13:26:50+08:00 ] 192.168.2.41 /Api_v1/Login/login?username=CHNMrG&userpwd=123456
INFO: [ app_init ] --START--
INFO: Run Behavior\BuildLiteBehavior [ RunTime:0.000006s ]
INFO: [ app_init ] --END-- [ RunTime:0.000258s ]
INFO: [ app_begin ] --START--
INFO: Run Behavior\ReadHtmlCacheBehavior [ RunTime:0.000443s ]
INFO: [ app_begin ] --END-- [ RunTime:0.000465s ]
SQL: SHOW COLUMNS FROM `sex_sys_conf` [ RunTime:0.0164s ]
SQL: SHOW COLUMNS FROM `sex_admin_user` [ RunTime:0.0072s ]
SQL: SELECT * FROM `sex_admin_user` WHERE `username` = 'CHNMrG' AND `userpwd` = 'e10adc3949ba59abbe56e057f20f883e' LIMIT 1   [ RunTime:0.0005s ]
SQL: UPDATE `sex_admin_user` SET `admin_token`='dedc575936aac80fd7034c5b4556333c' WHERE `admin_id` = 1 [ RunTime:0.0031s ]

[ 2018-12-27T13:26:51+08:00 ] 192.168.2.41 /Api_v1/AdminUser/UserResource?user_id=1&type=movie
INFO: [ app_init ] --START--
INFO: Run Behavior\BuildLiteBehavior [ RunTime:0.000005s ]
INFO: [ app_init ] --END-- [ RunTime:0.000263s ]
INFO: [ app_begin ] --START--
INFO: Run Behavior\ReadHtmlCacheBehavior [ RunTime:0.000359s ]
INFO: [ app_begin ] --END-- [ RunTime:0.000380s ]
SQL: SHOW COLUMNS FROM `sex_sys_conf` [ RunTime:0.0103s ]
SQL: SHOW COLUMNS FROM `sex_admin_user` [ RunTime:0.0068s ]
SQL: SELECT * FROM `sex_admin_user` WHERE `admin_id` = 1 AND `admin_token` = 'dedc575936aac80fd7034c5b4556333c' LIMIT 1   [ RunTime:0.0004s ]
SQL: SHOW COLUMNS FROM `sex_user_resource` [ RunTime:0.0067s ]
SQL: SELECT a.list_id,a.user_id,a.type,a.resource_id,a.pey_type,a.pey_time,a.out_time,b.username,b.nickname,b.head_portrait FROM sex_user_resource a LEFT JOIN sex_user_list b ON a.user_id = b.user_id  WHERE a.user_id = '1' AND ( a.out_time > 1545888411 OR a.out_time = 0 ) AND `type` = '1' ORDER BY a.pey_type DESC,a.out_time ASC,a.pey_time DESC LIMIT 0,10   [ RunTime:0.0008s ]
SQL: SELECT COUNT(*) AS tp_count FROM sex_user_resource a LEFT JOIN sex_user_list b ON a.user_id = b.user_id  WHERE a.user_id = '1' AND ( a.out_time > 1545888411 OR a.out_time = 0 ) AND `type` = '1' LIMIT 1   [ RunTime:0.0003s ]
SQL: SHOW COLUMNS FROM `sex_resource_movie` [ RunTime:0.0068s ]
SQL: SHOW COLUMNS FROM `sex_resource_image` [ RunTime:0.0071s ]
SQL: SHOW COLUMNS FROM `sex_resource_fiction` [ RunTime:0.0042s ]
SQL: SELECT `movie_id`,`name`,`movie_url`,`movie_img`,`state` FROM `sex_resource_movie` WHERE `movie_id` = 61 LIMIT 1   [ RunTime:0.0004s ]
SQL: SELECT `movie_id`,`name`,`movie_url`,`movie_img`,`state` FROM `sex_resource_movie` WHERE `movie_id` = 60 LIMIT 1   [ RunTime:0.0003s ]

[ 2018-12-27T13:28:19+08:00 ] 192.168.2.41 /Api_v1/AdminUser/UserResource?user_id=1&type=movie
INFO: [ app_init ] --START--
INFO: Run Behavior\BuildLiteBehavior [ RunTime:0.000014s ]
INFO: [ app_init ] --END-- [ RunTime:0.000517s ]
INFO: [ app_begin ] --START--
INFO: Run Behavior\ReadHtmlCacheBehavior [ RunTime:0.000493s ]
INFO: [ app_begin ] --END-- [ RunTime:0.000518s ]
SQL: SHOW COLUMNS FROM `sex_sys_conf` [ RunTime:0.0099s ]
SQL: SHOW COLUMNS FROM `sex_admin_user` [ RunTime:0.0078s ]
SQL: SELECT * FROM `sex_admin_user` WHERE `admin_id` = 1 AND `admin_token` = 'dedc575936aac80fd7034c5b4556333c' LIMIT 1   [ RunTime:0.0003s ]
SQL: SHOW COLUMNS FROM `sex_user_resource` [ RunTime:0.0067s ]
SQL: SELECT a.list_id,a.user_id,a.type,a.resource_id,a.pey_type,a.pey_time,a.out_time,b.username,b.nickname,b.head_portrait FROM sex_user_resource a LEFT JOIN sex_user_list b ON a.user_id = b.user_id  WHERE a.user_id = '1' AND ( a.out_time > 1545888498 OR a.out_time = 0 ) AND `type` = '1' ORDER BY a.pey_type DESC,a.out_time ASC,a.pey_time DESC LIMIT 0,10   [ RunTime:0.0004s ]
SQL: SELECT COUNT(*) AS tp_count FROM sex_user_resource a LEFT JOIN sex_user_list b ON a.user_id = b.user_id  WHERE a.user_id = '1' AND ( a.out_time > 1545888498 OR a.out_time = 0 ) AND `type` = '1' LIMIT 1   [ RunTime:0.0003s ]
SQL: SHOW COLUMNS FROM `sex_resource_movie` [ RunTime:0.0073s ]
SQL: SHOW COLUMNS FROM `sex_resource_image` [ RunTime:0.0067s ]
SQL: SHOW COLUMNS FROM `sex_resource_fiction` [ RunTime:0.0098s ]
SQL: SELECT `movie_id`,`name`,`movie_img`,`state` FROM `sex_resource_movie` WHERE `movie_id` = 61 LIMIT 1   [ RunTime:0.0003s ]
SQL: SELECT `movie_id`,`name`,`movie_img`,`state` FROM `sex_resource_movie` WHERE `movie_id` = 60 LIMIT 1   [ RunTime:0.0003s ]

[ 2018-12-27T15:23:22+08:00 ] 192.168.2.41 /Api_v1/AdminUser/UserResource?user_id=1&type=movie
INFO: [ app_init ] --START--
INFO: Run Behavior\BuildLiteBehavior [ RunTime:0.000012s ]
INFO: [ app_init ] --END-- [ RunTime:0.000424s ]
INFO: [ app_begin ] --START--
INFO: Run Behavior\ReadHtmlCacheBehavior [ RunTime:0.000664s ]
INFO: [ app_begin ] --END-- [ RunTime:0.000689s ]
SQL: SHOW COLUMNS FROM `sex_sys_conf` [ RunTime:0.0124s ]
SQL: SHOW COLUMNS FROM `sex_admin_user` [ RunTime:0.0130s ]
SQL: SELECT * FROM `sex_admin_user` WHERE `admin_id` = 1 AND `admin_token` = 'dedc575936aac80fd7034c5b4556333c' LIMIT 1   [ RunTime:0.0006s ]
SQL: SHOW COLUMNS FROM `sex_user_resource` [ RunTime:0.0068s ]
SQL: SELECT a.list_id,a.user_id,a.type,a.resource_id,a.pey_type,a.pey_time,a.out_time,b.username,b.nickname,b.head_portrait FROM sex_user_resource a LEFT JOIN sex_user_list b ON a.user_id = b.user_id  WHERE a.user_id = '1' AND ( a.out_time > 1545895402 OR a.out_time = 0 ) AND `type` = '1' ORDER BY a.pey_type DESC,a.out_time ASC,a.pey_time DESC LIMIT 0,10   [ RunTime:0.0008s ]
SQL: SELECT COUNT(*) AS tp_count FROM sex_user_resource a LEFT JOIN sex_user_list b ON a.user_id = b.user_id  WHERE a.user_id = '1' AND ( a.out_time > 1545895402 OR a.out_time = 0 ) AND `type` = '1' LIMIT 1   [ RunTime:0.0003s ]
SQL: SHOW COLUMNS FROM `sex_resource_movie` [ RunTime:0.0071s ]
SQL: SHOW COLUMNS FROM `sex_resource_image` [ RunTime:0.0070s ]
SQL: SHOW COLUMNS FROM `sex_resource_fiction` [ RunTime:0.0048s ]
SQL: SELECT `movie_id`,`name`,`movie_img`,`state` FROM `sex_resource_movie` WHERE `movie_id` = 61 LIMIT 1   [ RunTime:0.0004s ]
SQL: SELECT `movie_id`,`name`,`movie_img`,`state` FROM `sex_resource_movie` WHERE `movie_id` = 60 LIMIT 1   [ RunTime:0.0003s ]

