[ 2018-11-30T06:09:59+08:00 ] 192.168.2.41 /Public/User/20181128/2018112817283073348341.jpg
INFO: [ app_init ] --START--
INFO: Run Behavior\BuildLiteBehavior [ RunTime:0.000010s ]
INFO: [ app_init ] --END-- [ RunTime:0.000307s ]
ERR: 无法加载模块:Public

[ 2018-11-30T06:19:32+08:00 ] 192.168.2.41 /Public/User/20181128/2018112817283073348341.jpg
INFO: [ app_init ] --START--
INFO: Run Behavior\BuildLiteBehavior [ RunTime:0.000008s ]
INFO: [ app_init ] --END-- [ RunTime:0.000390s ]
ERR: 无法加载模块:Public

[ 2018-11-30T06:19:44+08:00 ] 192.168.2.41 /Public/User/20181128/2018112817283073348341.jpg
INFO: [ app_init ] --START--
INFO: Run Behavior\BuildLiteBehavior [ RunTime:0.000009s ]
INFO: [ app_init ] --END-- [ RunTime:0.000318s ]
ERR: 无法加载模块:Public

[ 2018-11-30T06:19:56+08:00 ] 192.168.2.41 /Public/User/20181128/2018112817283073348341.jpg
INFO: [ app_init ] --START--
INFO: Run Behavior\BuildLiteBehavior [ RunTime:0.000010s ]
INFO: [ app_init ] --END-- [ RunTime:0.000368s ]
ERR: 无法加载模块:Public

[ 2018-11-30T06:20:03+08:00 ] 192.168.2.41 /Public/User/20181128/2018112817283073348341.jpg
INFO: [ app_init ] --START--
INFO: Run Behavior\BuildLiteBehavior [ RunTime:0.000007s ]
INFO: [ app_init ] --END-- [ RunTime:0.000255s ]
ERR: 无法加载模块:Public

[ 2018-11-30T06:20:13+08:00 ] 192.168.2.41 /Public/User/20181128/2018112817283073348341.jpg
INFO: [ app_init ] --START--
INFO: Run Behavior\BuildLiteBehavior [ RunTime:0.000006s ]
INFO: [ app_init ] --END-- [ RunTime:0.000243s ]
ERR: 无法加载模块:Public

[ 2018-11-30T06:20:51+08:00 ] 192.168.2.41 /Public/User/20181128/2018112817283073348341.jpg
INFO: [ app_init ] --START--
INFO: Run Behavior\BuildLiteBehavior [ RunTime:0.000006s ]
INFO: [ app_init ] --END-- [ RunTime:0.000263s ]
ERR: 无法加载模块:Public

[ 2018-11-30T08:36:36+08:00 ] 192.168.2.41 /Public/User/20181128/2018112817283073348341.jpg
INFO: [ app_init ] --START--
INFO: Run Behavior\BuildLiteBehavior [ RunTime:0.000011s ]
INFO: [ app_init ] --END-- [ RunTime:0.000325s ]
ERR: 无法加载模块:Public

[ 2018-11-30T08:36:48+08:00 ] 192.168.2.41 /Public/User/20181128/2018112817283073348341.jpg
INFO: [ app_init ] --START--
INFO: Run Behavior\BuildLiteBehavior [ RunTime:0.000008s ]
INFO: [ app_init ] --END-- [ RunTime:0.003892s ]
ERR: 无法加载模块:Public

[ 2018-11-30T08:37:22+08:00 ] 192.168.2.41 /Public/User/20181128/2018112817283073348341.jpg
INFO: [ app_init ] --START--
INFO: Run Behavior\BuildLiteBehavior [ RunTime:0.000006s ]
INFO: [ app_init ] --END-- [ RunTime:0.000263s ]
ERR: 无法加载模块:Public

[ 2018-11-30T08:37:39+08:00 ] 192.168.2.41 /Public/User/20181128/2018112817283073348341.jpg
INFO: [ app_init ] --START--
INFO: Run Behavior\BuildLiteBehavior [ RunTime:0.000007s ]
INFO: [ app_init ] --END-- [ RunTime:0.000268s ]
ERR: 无法加载模块:Public

[ 2018-11-30T08:37:46+08:00 ] 192.168.2.41 /Public/User/20181128/2018112817283073348341.jpg
INFO: [ app_init ] --START--
INFO: Run Behavior\BuildLiteBehavior [ RunTime:0.000008s ]
INFO: [ app_init ] --END-- [ RunTime:0.000263s ]
ERR: 无法加载模块:Public

[ 2018-11-30T08:49:48+08:00 ] 192.168.2.41 /Public/User/20181128/2018112817283073348341.jpg
INFO: [ app_init ] --START--
INFO: Run Behavior\BuildLiteBehavior [ RunTime:0.000007s ]
INFO: [ app_init ] --END-- [ RunTime:0.000289s ]
ERR: 无法加载模块:Public

[ 2018-11-30T08:50:53+08:00 ] 192.168.2.41 /Public/User/20181128/2018112817283073348341.jpg
INFO: [ app_init ] --START--
INFO: Run Behavior\BuildLiteBehavior [ RunTime:0.000006s ]
INFO: [ app_init ] --END-- [ RunTime:0.000270s ]
ERR: 无法加载模块:Public

