[ 2018-12-14T17:45:47+08:00 ] 192.168.2.34 /Api_v1/Login/login
INFO: [ app_init ] --START--
INFO: Run Behavior\BuildLiteBehavior [ RunTime:0.000016s ]
INFO: [ app_init ] --END-- [ RunTime:0.011867s ]
INFO: [ app_begin ] --START--
INFO: Run Behavior\ReadHtmlCacheBehavior [ RunTime:0.015584s ]
INFO: [ app_begin ] --END-- [ RunTime:0.015631s ]
SQL: SHOW COLUMNS FROM `sex_sys_conf` [ RunTime:0.0140s ]
SQL: SHOW COLUMNS FROM `sex_admin_user` [ RunTime:0.0081s ]
SQL: SELECT * FROM `sex_admin_user` WHERE `username` = 'admin' AND `userpwd` = 'e10adc3949ba59abbe56e057f20f883e' LIMIT 1   [ RunTime:0.0005s ]
SQL: UPDATE `sex_admin_user` SET `admin_token`='77c7625915d71fe00eb2f2fb5e8253a7' WHERE `admin_id` = 2 [ RunTime:0.0036s ]

[ 2018-12-14T17:45:48+08:00 ] 192.168.2.34 /Api_v1/AdminUser/AdminInfo
INFO: [ app_init ] --START--
INFO: Run Behavior\BuildLiteBehavior [ RunTime:0.000008s ]
INFO: [ app_init ] --END-- [ RunTime:0.000267s ]
INFO: [ app_begin ] --START--
INFO: Run Behavior\ReadHtmlCacheBehavior [ RunTime:0.000393s ]
INFO: [ app_begin ] --END-- [ RunTime:0.000422s ]
SQL: SHOW COLUMNS FROM `sex_sys_conf` [ RunTime:0.0135s ]
SQL: SHOW COLUMNS FROM `sex_admin_user` [ RunTime:0.0067s ]
SQL: SELECT * FROM `sex_admin_user` WHERE `admin_id` = 2 AND `admin_token` = '77c7625915d71fe00eb2f2fb5e8253a7' LIMIT 1   [ RunTime:0.0004s ]

[ 2018-12-14T17:45:50+08:00 ] 192.168.2.34 /Api_v1/Resource/SysConfList
INFO: [ app_init ] --START--
INFO: Run Behavior\BuildLiteBehavior [ RunTime:0.000007s ]
INFO: [ app_init ] --END-- [ RunTime:0.000250s ]
INFO: [ app_begin ] --START--
INFO: Run Behavior\ReadHtmlCacheBehavior [ RunTime:0.000343s ]
INFO: [ app_begin ] --END-- [ RunTime:0.000363s ]
SQL: SHOW COLUMNS FROM `sex_sys_conf` [ RunTime:0.0106s ]
SQL: SHOW COLUMNS FROM `sex_admin_user` [ RunTime:0.0096s ]
SQL: SELECT * FROM `sex_admin_user` WHERE `admin_id` = 2 AND `admin_token` = '77c7625915d71fe00eb2f2fb5e8253a7' LIMIT 1   [ RunTime:0.0003s ]

[ 2018-12-14T17:45:51+08:00 ] 192.168.2.34 /Api_v1/Resource/ImageList
INFO: [ app_init ] --START--
INFO: Run Behavior\BuildLiteBehavior [ RunTime:0.000006s ]
INFO: [ app_init ] --END-- [ RunTime:0.000246s ]
INFO: [ app_begin ] --START--
INFO: Run Behavior\ReadHtmlCacheBehavior [ RunTime:0.000336s ]
INFO: [ app_begin ] --END-- [ RunTime:0.000356s ]
SQL: SHOW COLUMNS FROM `sex_sys_conf` [ RunTime:0.0109s ]
SQL: SHOW COLUMNS FROM `sex_admin_user` [ RunTime:0.0073s ]
SQL: SELECT * FROM `sex_admin_user` WHERE `admin_id` = 2 AND `admin_token` = '77c7625915d71fe00eb2f2fb5e8253a7' LIMIT 1   [ RunTime:0.0003s ]
SQL: SHOW COLUMNS FROM `sex_resource_image` [ RunTime:0.0070s ]
NOTIC: [8] Undefined variable: selectImageWhere D:\tools\xampp\htdocs\Application\Api_v1\Controller\ResourceController.class.php 第 584 行.
SQL: SELECT * FROM `sex_resource_image` ORDER BY push_time DESC LIMIT 0,10   [ RunTime:0.0004s ]
SQL: SELECT COUNT(*) AS tp_count FROM `sex_resource_image` LIMIT 1   [ RunTime:0.0002s ]
SQL: SHOW COLUMNS FROM `sex_sys_category_list` [ RunTime:0.0040s ]
SQL: SHOW COLUMNS FROM `sex_sys_label_list` [ RunTime:0.0071s ]

[ 2018-12-14T17:45:53+08:00 ] 192.168.2.34 /Api_v1/Resource/ImageInfo
INFO: [ app_init ] --START--
INFO: Run Behavior\BuildLiteBehavior [ RunTime:0.000005s ]
INFO: [ app_init ] --END-- [ RunTime:0.000234s ]
INFO: [ app_begin ] --START--
INFO: Run Behavior\ReadHtmlCacheBehavior [ RunTime:0.000316s ]
INFO: [ app_begin ] --END-- [ RunTime:0.000336s ]
SQL: SHOW COLUMNS FROM `sex_sys_conf` [ RunTime:0.0109s ]
SQL: SHOW COLUMNS FROM `sex_admin_user` [ RunTime:0.0071s ]
SQL: SELECT * FROM `sex_admin_user` WHERE `admin_id` = 2 AND `admin_token` = '77c7625915d71fe00eb2f2fb5e8253a7' LIMIT 1   [ RunTime:0.0004s ]
SQL: SHOW COLUMNS FROM `sex_resource_image` [ RunTime:0.0078s ]
SQL: SELECT * FROM `sex_resource_image` WHERE `image_id` = 27 LIMIT 1   [ RunTime:0.0004s ]
SQL: SHOW COLUMNS FROM `sex_sys_category_list` [ RunTime:0.0041s ]
SQL: SHOW COLUMNS FROM `sex_sys_label_list` [ RunTime:0.0068s ]

[ 2018-12-14T17:47:20+08:00 ] 192.168.2.34 /Api_v1/Resource/ImageList
INFO: [ app_init ] --START--
INFO: Run Behavior\BuildLiteBehavior [ RunTime:0.000007s ]
INFO: [ app_init ] --END-- [ RunTime:0.000332s ]
INFO: [ app_begin ] --START--
INFO: Run Behavior\ReadHtmlCacheBehavior [ RunTime:0.000346s ]
INFO: [ app_begin ] --END-- [ RunTime:0.000373s ]
SQL: SHOW COLUMNS FROM `sex_sys_conf` [ RunTime:0.0115s ]
SQL: SHOW COLUMNS FROM `sex_admin_user` [ RunTime:0.0070s ]
SQL: SELECT * FROM `sex_admin_user` WHERE `admin_id` = 2 AND `admin_token` = '77c7625915d71fe00eb2f2fb5e8253a7' LIMIT 1   [ RunTime:0.0003s ]
SQL: SHOW COLUMNS FROM `sex_resource_image` [ RunTime:0.0062s ]
NOTIC: [8] Undefined variable: selectImageWhere D:\tools\xampp\htdocs\Application\Api_v1\Controller\ResourceController.class.php 第 584 行.
SQL: SELECT * FROM `sex_resource_image` ORDER BY push_time DESC LIMIT 0,10   [ RunTime:0.0003s ]
SQL: SELECT COUNT(*) AS tp_count FROM `sex_resource_image` LIMIT 1   [ RunTime:0.0002s ]
SQL: SHOW COLUMNS FROM `sex_sys_category_list` [ RunTime:0.0037s ]
SQL: SHOW COLUMNS FROM `sex_sys_label_list` [ RunTime:0.0078s ]

[ 2018-12-14T17:47:57+08:00 ] 192.168.2.34 /Api_v1/AdminUser/AdminInfo
INFO: [ app_init ] --START--
INFO: Run Behavior\BuildLiteBehavior [ RunTime:0.000008s ]
INFO: [ app_init ] --END-- [ RunTime:0.000322s ]
INFO: [ app_begin ] --START--
INFO: Run Behavior\ReadHtmlCacheBehavior [ RunTime:0.000479s ]
INFO: [ app_begin ] --END-- [ RunTime:0.000503s ]
SQL: SHOW COLUMNS FROM `sex_sys_conf` [ RunTime:0.0109s ]
SQL: SHOW COLUMNS FROM `sex_admin_user` [ RunTime:0.0065s ]
SQL: SELECT * FROM `sex_admin_user` WHERE `admin_id` = 2 AND `admin_token` = '77c7625915d71fe00eb2f2fb5e8253a7' LIMIT 1   [ RunTime:0.0004s ]

[ 2018-12-14T17:47:58+08:00 ] 192.168.2.34 /Api_v1/Resource/ImageList
INFO: [ app_init ] --START--
INFO: Run Behavior\BuildLiteBehavior [ RunTime:0.000006s ]
INFO: [ app_init ] --END-- [ RunTime:0.000253s ]
INFO: [ app_begin ] --START--
INFO: Run Behavior\ReadHtmlCacheBehavior [ RunTime:0.000343s ]
INFO: [ app_begin ] --END-- [ RunTime:0.000363s ]
SQL: SHOW COLUMNS FROM `sex_sys_conf` [ RunTime:0.0102s ]
SQL: SHOW COLUMNS FROM `sex_admin_user` [ RunTime:0.0064s ]
SQL: SELECT * FROM `sex_admin_user` WHERE `admin_id` = 2 AND `admin_token` = '77c7625915d71fe00eb2f2fb5e8253a7' LIMIT 1   [ RunTime:0.0003s ]
SQL: SHOW COLUMNS FROM `sex_resource_image` [ RunTime:0.0065s ]
NOTIC: [8] Undefined variable: selectImageWhere D:\tools\xampp\htdocs\Application\Api_v1\Controller\ResourceController.class.php 第 584 行.
SQL: SELECT * FROM `sex_resource_image` ORDER BY push_time DESC LIMIT 0,10   [ RunTime:0.0003s ]
SQL: SELECT COUNT(*) AS tp_count FROM `sex_resource_image` LIMIT 1   [ RunTime:0.0002s ]
SQL: SHOW COLUMNS FROM `sex_sys_category_list` [ RunTime:0.0036s ]
SQL: SHOW COLUMNS FROM `sex_sys_label_list` [ RunTime:0.0080s ]

[ 2018-12-14T17:47:59+08:00 ] 192.168.2.34 /Api_v1/Resource/ImageInfo
INFO: [ app_init ] --START--
INFO: Run Behavior\BuildLiteBehavior [ RunTime:0.000009s ]
INFO: [ app_init ] --END-- [ RunTime:0.000340s ]
INFO: [ app_begin ] --START--
INFO: Run Behavior\ReadHtmlCacheBehavior [ RunTime:0.000374s ]
INFO: [ app_begin ] --END-- [ RunTime:0.000394s ]
SQL: SHOW COLUMNS FROM `sex_sys_conf` [ RunTime:0.0140s ]
SQL: SHOW COLUMNS FROM `sex_admin_user` [ RunTime:0.0069s ]
SQL: SELECT * FROM `sex_admin_user` WHERE `admin_id` = 2 AND `admin_token` = '77c7625915d71fe00eb2f2fb5e8253a7' LIMIT 1   [ RunTime:0.0004s ]
SQL: SHOW COLUMNS FROM `sex_resource_image` [ RunTime:0.0087s ]
SQL: SELECT * FROM `sex_resource_image` WHERE `image_id` = 27 LIMIT 1   [ RunTime:0.0004s ]
SQL: SHOW COLUMNS FROM `sex_sys_category_list` [ RunTime:0.0036s ]
SQL: SHOW COLUMNS FROM `sex_sys_label_list` [ RunTime:0.0066s ]

[ 2018-12-14T17:49:05+08:00 ] 192.168.2.34 /Api_v1/AdminUser/AdminInfo
INFO: [ app_init ] --START--
INFO: Run Behavior\BuildLiteBehavior [ RunTime:0.000006s ]
INFO: [ app_init ] --END-- [ RunTime:0.000253s ]
INFO: [ app_begin ] --START--
INFO: Run Behavior\ReadHtmlCacheBehavior [ RunTime:0.000713s ]
INFO: [ app_begin ] --END-- [ RunTime:0.000738s ]
SQL: SHOW COLUMNS FROM `sex_sys_conf` [ RunTime:0.0101s ]
SQL: SHOW COLUMNS FROM `sex_admin_user` [ RunTime:0.0065s ]
SQL: SELECT * FROM `sex_admin_user` WHERE `admin_id` = 2 AND `admin_token` = '77c7625915d71fe00eb2f2fb5e8253a7' LIMIT 1   [ RunTime:0.0004s ]

[ 2018-12-14T17:49:06+08:00 ] 192.168.2.34 /Api_v1/Resource/ImageList
INFO: [ app_init ] --START--
INFO: Run Behavior\BuildLiteBehavior [ RunTime:0.000007s ]
INFO: [ app_init ] --END-- [ RunTime:0.000279s ]
INFO: [ app_begin ] --START--
INFO: Run Behavior\ReadHtmlCacheBehavior [ RunTime:0.000360s ]
INFO: [ app_begin ] --END-- [ RunTime:0.000379s ]
SQL: SHOW COLUMNS FROM `sex_sys_conf` [ RunTime:0.0101s ]
SQL: SHOW COLUMNS FROM `sex_admin_user` [ RunTime:0.0073s ]
SQL: SELECT * FROM `sex_admin_user` WHERE `admin_id` = 2 AND `admin_token` = '77c7625915d71fe00eb2f2fb5e8253a7' LIMIT 1   [ RunTime:0.0003s ]
SQL: SHOW COLUMNS FROM `sex_resource_image` [ RunTime:0.0085s ]
NOTIC: [8] Undefined variable: selectImageWhere D:\tools\xampp\htdocs\Application\Api_v1\Controller\ResourceController.class.php 第 584 行.
SQL: SELECT * FROM `sex_resource_image` ORDER BY push_time DESC LIMIT 0,10   [ RunTime:0.0003s ]
SQL: SELECT COUNT(*) AS tp_count FROM `sex_resource_image` LIMIT 1   [ RunTime:0.0002s ]
SQL: SHOW COLUMNS FROM `sex_sys_category_list` [ RunTime:0.0118s ]
SQL: SHOW COLUMNS FROM `sex_sys_label_list` [ RunTime:0.0076s ]

[ 2018-12-14T17:49:06+08:00 ] 192.168.2.34 /Api_v1/Resource/ImageInfo
INFO: [ app_init ] --START--
INFO: Run Behavior\BuildLiteBehavior [ RunTime:0.000007s ]
INFO: [ app_init ] --END-- [ RunTime:0.000323s ]
INFO: [ app_begin ] --START--
INFO: Run Behavior\ReadHtmlCacheBehavior [ RunTime:0.000336s ]
INFO: [ app_begin ] --END-- [ RunTime:0.000358s ]
SQL: SHOW COLUMNS FROM `sex_sys_conf` [ RunTime:0.0108s ]
SQL: SHOW COLUMNS FROM `sex_admin_user` [ RunTime:0.0040s ]
SQL: SELECT * FROM `sex_admin_user` WHERE `admin_id` = 2 AND `admin_token` = '77c7625915d71fe00eb2f2fb5e8253a7' LIMIT 1   [ RunTime:0.0003s ]
SQL: SHOW COLUMNS FROM `sex_resource_image` [ RunTime:0.0060s ]
SQL: SELECT * FROM `sex_resource_image` WHERE `image_id` = 27 LIMIT 1   [ RunTime:0.0003s ]
SQL: SHOW COLUMNS FROM `sex_sys_category_list` [ RunTime:0.0037s ]
SQL: SHOW COLUMNS FROM `sex_sys_label_list` [ RunTime:0.0040s ]

[ 2018-12-14T19:56:50+08:00 ] 192.168.2.34 /Api_v1/AdminUser/AdminInfo
INFO: [ app_init ] --START--
INFO: Run Behavior\BuildLiteBehavior [ RunTime:0.000025s ]
INFO: [ app_init ] --END-- [ RunTime:0.003385s ]
INFO: [ app_begin ] --START--
INFO: Run Behavior\ReadHtmlCacheBehavior [ RunTime:0.031696s ]
INFO: [ app_begin ] --END-- [ RunTime:0.031768s ]
SQL: SHOW COLUMNS FROM `sex_sys_conf` [ RunTime:0.0353s ]
SQL: SHOW COLUMNS FROM `sex_admin_user` [ RunTime:0.0150s ]
SQL: SELECT * FROM `sex_admin_user` WHERE `admin_id` = 2 AND `admin_token` = '77c7625915d71fe00eb2f2fb5e8253a7' LIMIT 1   [ RunTime:0.0010s ]

[ 2018-12-14T19:56:51+08:00 ] 192.168.2.34 /Api_v1/Resource/ImageList
INFO: [ app_init ] --START--
INFO: Run Behavior\BuildLiteBehavior [ RunTime:0.000014s ]
INFO: [ app_init ] --END-- [ RunTime:0.000744s ]
INFO: [ app_begin ] --START--
INFO: Run Behavior\ReadHtmlCacheBehavior [ RunTime:0.000932s ]
INFO: [ app_begin ] --END-- [ RunTime:0.000981s ]
SQL: SHOW COLUMNS FROM `sex_sys_conf` [ RunTime:0.0238s ]
SQL: SHOW COLUMNS FROM `sex_admin_user` [ RunTime:0.0172s ]
SQL: SELECT * FROM `sex_admin_user` WHERE `admin_id` = 2 AND `admin_token` = '77c7625915d71fe00eb2f2fb5e8253a7' LIMIT 1   [ RunTime:0.0006s ]
SQL: SHOW COLUMNS FROM `sex_resource_image` [ RunTime:0.0153s ]
NOTIC: [8] Undefined variable: selectImageWhere D:\tools\xampp\htdocs\Application\Api_v1\Controller\ResourceController.class.php 第 584 行.
SQL: SELECT * FROM `sex_resource_image` ORDER BY push_time DESC LIMIT 0,10   [ RunTime:0.0035s ]
SQL: SELECT COUNT(*) AS tp_count FROM `sex_resource_image` LIMIT 1   [ RunTime:0.0004s ]
SQL: SHOW COLUMNS FROM `sex_sys_category_list` [ RunTime:0.0123s ]
SQL: SHOW COLUMNS FROM `sex_sys_label_list` [ RunTime:0.0146s ]

