[ 2019-01-04T12:00:58+08:00 ] 192.168.2.40 //WebApi_v1/Auth/login?phone=0&userpwd=123456
INFO: [ app_init ] --START--
INFO: Run Behavior\BuildLiteBehavior [ RunTime:0.000013s ]
INFO: [ app_init ] --END-- [ RunTime:0.000833s ]
INFO: [ app_begin ] --START--
INFO: Run Behavior\ReadHtmlCacheBehavior [ RunTime:0.001333s ]
INFO: [ app_begin ] --END-- [ RunTime:0.001366s ]
SQL: SHOW COLUMNS FROM `sex_sys_conf` [ RunTime:0.0059s ]

[ 2019-01-04T12:17:31+08:00 ] 192.168.2.40 //WebApi_v1/Auth/login?phone=0&userpwd=123456
INFO: [ app_init ] --START--
INFO: Run Behavior\BuildLiteBehavior [ RunTime:0.000008s ]
INFO: [ app_init ] --END-- [ RunTime:0.000760s ]
INFO: [ app_begin ] --START--
INFO: Run Behavior\ReadHtmlCacheBehavior [ RunTime:0.000857s ]
INFO: [ app_begin ] --END-- [ RunTime:0.000884s ]
SQL: SHOW COLUMNS FROM `sex_sys_conf` [ RunTime:0.0040s ]

[ 2019-01-04T12:17:34+08:00 ] 192.168.2.40 //WebApi_v1/Auth/login?phone=0&userpwd=123456
INFO: [ app_init ] --START--
INFO: Run Behavior\BuildLiteBehavior [ RunTime:0.000010s ]
INFO: [ app_init ] --END-- [ RunTime:0.000601s ]
INFO: [ app_begin ] --START--
INFO: Run Behavior\ReadHtmlCacheBehavior [ RunTime:0.000905s ]
INFO: [ app_begin ] --END-- [ RunTime:0.000943s ]
SQL: SHOW COLUMNS FROM `sex_sys_conf` [ RunTime:0.0044s ]

[ 2019-01-04T12:17:52+08:00 ] 192.168.2.40 //WebApi_v1/Auth/login?phone=111&userpwd=123456
INFO: [ app_init ] --START--
INFO: Run Behavior\BuildLiteBehavior [ RunTime:0.000037s ]
INFO: [ app_init ] --END-- [ RunTime:0.000592s ]
INFO: [ app_begin ] --START--
INFO: Run Behavior\ReadHtmlCacheBehavior [ RunTime:0.000993s ]
INFO: [ app_begin ] --END-- [ RunTime:0.001032s ]
SQL: SHOW COLUMNS FROM `sex_sys_conf` [ RunTime:0.0044s ]

[ 2019-01-04T12:18:08+08:00 ] 192.168.2.40 //WebApi_v1/Auth/login?phone=111&userpwd=123456
INFO: [ app_init ] --START--
INFO: Run Behavior\BuildLiteBehavior [ RunTime:0.000007s ]
INFO: [ app_init ] --END-- [ RunTime:0.000603s ]
INFO: [ app_begin ] --START--
INFO: Run Behavior\ReadHtmlCacheBehavior [ RunTime:0.000762s ]
INFO: [ app_begin ] --END-- [ RunTime:0.000790s ]
SQL: SHOW COLUMNS FROM `sex_sys_conf` [ RunTime:0.0036s ]
SQL: SHOW COLUMNS FROM `sex_user_list` [ RunTime:0.0034s ]
SQL: SELECT * FROM `sex_user_list` WHERE `userpwd` = 'e10adc3949ba59abbe56e057f20f883e' AND ( `phone` = '111' OR `email` = '' ) LIMIT 1   [ RunTime:0.0005s ]
NOTIC: [2] mt_rand(): max(99999) is smaller than min(100000) D:\xampp\htdocs\Application\WebApi_v1\Controller\AuthController.class.php 第 45 行.
SQL: UPDATE `sex_user_list` SET `user_token`='4ab44550922b86fa4c96f4bd5ddf9757' WHERE `user_id` = 2 [ RunTime:0.0013s ]

[ 2019-01-04T12:18:13+08:00 ] 192.168.2.40 //WebApi_v1/Auth/login?phone=0&userpwd=123456
INFO: [ app_init ] --START--
INFO: Run Behavior\BuildLiteBehavior [ RunTime:0.000006s ]
INFO: [ app_init ] --END-- [ RunTime:0.000393s ]
INFO: [ app_begin ] --START--
INFO: Run Behavior\ReadHtmlCacheBehavior [ RunTime:0.000781s ]
INFO: [ app_begin ] --END-- [ RunTime:0.000808s ]
SQL: SHOW COLUMNS FROM `sex_sys_conf` [ RunTime:0.0039s ]
SQL: SHOW COLUMNS FROM `sex_user_list` [ RunTime:0.0039s ]
SQL: SELECT * FROM `sex_user_list` WHERE `userpwd` = 'e10adc3949ba59abbe56e057f20f883e' AND ( `phone` = '0' OR `email` = '' ) LIMIT 1   [ RunTime:0.0004s ]

[ 2019-01-04T12:18:49+08:00 ] 192.168.2.40 //WebApi_v1/Auth/login?phone=&userpwd=123456
INFO: [ app_init ] --START--
INFO: Run Behavior\BuildLiteBehavior [ RunTime:0.000008s ]
INFO: [ app_init ] --END-- [ RunTime:0.000630s ]
INFO: [ app_begin ] --START--
INFO: Run Behavior\ReadHtmlCacheBehavior [ RunTime:0.000910s ]
INFO: [ app_begin ] --END-- [ RunTime:0.000941s ]
SQL: SHOW COLUMNS FROM `sex_sys_conf` [ RunTime:0.0036s ]

[ 2019-01-04T12:18:54+08:00 ] 192.168.2.40 //WebApi_v1/Auth/login?phone=0&userpwd=123456
INFO: [ app_init ] --START--
INFO: Run Behavior\BuildLiteBehavior [ RunTime:0.000010s ]
INFO: [ app_init ] --END-- [ RunTime:0.000675s ]
INFO: [ app_begin ] --START--
INFO: Run Behavior\ReadHtmlCacheBehavior [ RunTime:0.000962s ]
INFO: [ app_begin ] --END-- [ RunTime:0.001001s ]
SQL: SHOW COLUMNS FROM `sex_sys_conf` [ RunTime:0.0038s ]
SQL: SHOW COLUMNS FROM `sex_user_list` [ RunTime:0.0076s ]
SQL: SELECT * FROM `sex_user_list` WHERE `userpwd` = 'e10adc3949ba59abbe56e057f20f883e' AND ( `phone` = '0' OR `email` = '' ) LIMIT 1   [ RunTime:0.0004s ]

[ 2019-01-04T20:54:02+08:00 ] 192.168.2.35 //WebApi_v1/Auth/login?phone=111&userpwd=123456
INFO: [ app_init ] --START--
INFO: Run Behavior\BuildLiteBehavior [ RunTime:0.000012s ]
INFO: [ app_init ] --END-- [ RunTime:0.001052s ]
INFO: [ app_begin ] --START--
INFO: Run Behavior\ReadHtmlCacheBehavior [ RunTime:0.001390s ]
INFO: [ app_begin ] --END-- [ RunTime:0.001418s ]
SQL: SHOW COLUMNS FROM `sex_sys_conf` [ RunTime:0.0046s ]
SQL: SHOW COLUMNS FROM `sex_user_list` [ RunTime:0.0033s ]
SQL: SELECT * FROM `sex_user_list` WHERE `userpwd` = 'e10adc3949ba59abbe56e057f20f883e' AND ( `phone` = '111' OR `email` = '' ) LIMIT 1   [ RunTime:0.0006s ]
NOTIC: [2] mt_rand(): max(99999) is smaller than min(100000) D:\xampp\htdocs\Application\WebApi_v1\Controller\AuthController.class.php 第 41 行.
SQL: UPDATE `sex_user_list` SET `user_token`='4a3aaf30be04748d3f30ed7221e368bc' WHERE `user_id` = 2 [ RunTime:0.0033s ]

[ 2019-01-04T20:55:36+08:00 ] 192.168.2.35 //WebApi_v1/Auth/login?phone=1110&userpwd=123456
INFO: [ app_init ] --START--
INFO: Run Behavior\BuildLiteBehavior [ RunTime:0.000008s ]
INFO: [ app_init ] --END-- [ RunTime:0.000553s ]
INFO: [ app_begin ] --START--
INFO: Run Behavior\ReadHtmlCacheBehavior [ RunTime:0.000809s ]
INFO: [ app_begin ] --END-- [ RunTime:0.000839s ]
SQL: SHOW COLUMNS FROM `sex_sys_conf` [ RunTime:0.0038s ]
SQL: SHOW COLUMNS FROM `sex_user_list` [ RunTime:0.0121s ]
SQL: SELECT * FROM `sex_user_list` WHERE `userpwd` = 'e10adc3949ba59abbe56e057f20f883e' AND ( `phone` = '1110' OR `email` = '' ) LIMIT 1   [ RunTime:0.0004s ]

[ 2019-01-04T21:16:36+08:00 ] 192.168.2.35 //WebApi_v1/Index/Index
INFO: [ app_init ] --START--
INFO: Run Behavior\BuildLiteBehavior [ RunTime:0.000007s ]
INFO: [ app_init ] --END-- [ RunTime:0.000519s ]
INFO: [ app_begin ] --START--
INFO: Run Behavior\ReadHtmlCacheBehavior [ RunTime:0.000764s ]
INFO: [ app_begin ] --END-- [ RunTime:0.000787s ]
SQL: SHOW COLUMNS FROM `sex_sys_conf` [ RunTime:0.0028s ]
SQL: SHOW COLUMNS FROM `sex_sys_banner_list` [ RunTime:0.0027s ]
SQL: SELECT `banner_id`,`name`,`img`,`url`,`sort` FROM `sex_sys_banner_list` WHERE `type` = 0 AND `state` = 1 ORDER BY sort desc LIMIT 3   [ RunTime:0.0013s ]
SQL: SHOW COLUMNS FROM `sex_resource_movie` [ RunTime:0.0024s ]
SQL: SELECT `movie_id`,`name`,`long`,`movie_url`,`movie_img` FROM `sex_resource_movie` WHERE `state` = 1 ORDER BY push_time desc LIMIT 4   [ RunTime:0.0004s ]
SQL: SHOW COLUMNS FROM `sex_resource_image` [ RunTime:0.0027s ]
SQL: SELECT `image_id`,`name`,`long`,`image_url` FROM `sex_resource_image` WHERE `state` = 1 ORDER BY push_time desc LIMIT 5   [ RunTime:0.0004s ]
SQL: SHOW COLUMNS FROM `sex_resource_fiction` [ RunTime:0.0027s ]
SQL: SELECT `fiction_id`,`name`,`image_url` FROM `sex_resource_fiction` WHERE `state` = 1 ORDER BY push_time desc LIMIT 8   [ RunTime:0.0004s ]

