[ 2019-01-09T13:19:06+08:00 ] 192.168.2.42 //WebApi_v1/UserCenter/notice
INFO: [ app_init ] --START--
INFO: Run Behavior\BuildLiteBehavior [ RunTime:0.000349s ]
INFO: [ app_init ] --END-- [ RunTime:0.001920s ]
INFO: [ app_begin ] --START--
INFO: Run Behavior\ReadHtmlCacheBehavior [ RunTime:0.001330s ]
INFO: [ app_begin ] --END-- [ RunTime:0.001356s ]
SQL: SHOW COLUMNS FROM `sex_sys_conf` [ RunTime:0.0028s ]
SQL: SHOW COLUMNS FROM `sex_user_list` [ RunTime:0.0025s ]
SQL: SELECT * FROM `sex_user_list` WHERE `user_id` = 2 AND `user_token` = '57b6217942afaf0baaee7236a62ad00e' LIMIT 1   [ RunTime:0.0044s ]
SQL: SHOW COLUMNS FROM `sex_notice_sms` [ RunTime:0.0034s ]
SQL: SELECT COUNT(*) AS tp_count FROM `sex_notice_sms` WHERE `type` = 0 AND `user_id` = 0 AND `touser_id` = 2 AND `state` = 0 LIMIT 1   [ RunTime:0.0022s ]
SQL: SELECT COUNT(*) AS tp_count FROM `sex_notice_sms` WHERE `type` = 3 AND `touser_id` = 2 AND `state` = 0 LIMIT 1   [ RunTime:0.0003s ]
SQL: SELECT COUNT(*) AS tp_count FROM `sex_notice_sms` WHERE `type` = 2 AND `touser_id` = 2 AND `state` = 0 LIMIT 1   [ RunTime:0.0002s ]
SQL: SELECT COUNT(*) AS tp_count FROM `sex_notice_sms` WHERE `type` = 0 AND `touser_id` = 2 AND `state` = 0 LIMIT 1   [ RunTime:0.0002s ]
SQL: SELECT a.notice_id,a.user_id,a.touser_id,a.time,a.content,COUNT(a.notice_id) as total,b.nickname,b.head_portrait,b.experience FROM sex_notice_sms a LEFT JOIN sex_user_list b ON b.user_id = a.user_id  WHERE a.type = 0 AND a.touser_id = '2' AND a.state = 0 AND b.state = 1 GROUP BY user_id ORDER BY time DESC LIMIT 0,20   [ RunTime:0.0057s ]
SQL: SELECT COUNT(*) AS tp_count FROM sex_notice_sms a LEFT JOIN sex_user_list b ON b.user_id = a.user_id  WHERE a.type = 0 AND a.touser_id = '2' AND a.state = 0 AND b.state = 1 LIMIT 1   [ RunTime:0.0003s ]

[ 2019-01-09T13:19:52+08:00 ] 192.168.2.42 //WebApi_v1/UserCenter/notice
INFO: [ app_init ] --START--
INFO: Run Behavior\BuildLiteBehavior [ RunTime:0.000032s ]
INFO: [ app_init ] --END-- [ RunTime:0.000599s ]
INFO: [ app_begin ] --START--
INFO: Run Behavior\ReadHtmlCacheBehavior [ RunTime:0.000670s ]
INFO: [ app_begin ] --END-- [ RunTime:0.000697s ]
SQL: SHOW COLUMNS FROM `sex_sys_conf` [ RunTime:0.0035s ]
SQL: SHOW COLUMNS FROM `sex_user_list` [ RunTime:0.0035s ]
SQL: SELECT * FROM `sex_user_list` WHERE `user_id` = 2 AND `user_token` = '57b6217942afaf0baaee7236a62ad00e' LIMIT 1   [ RunTime:0.0004s ]
SQL: SHOW COLUMNS FROM `sex_notice_sms` [ RunTime:0.0077s ]
SQL: SELECT COUNT(*) AS tp_count FROM `sex_notice_sms` WHERE `type` = 0 AND `user_id` = 0 AND `touser_id` = 2 AND `state` = 0 LIMIT 1   [ RunTime:0.0004s ]
SQL: SELECT COUNT(*) AS tp_count FROM `sex_notice_sms` WHERE `type` = 3 AND `touser_id` = 2 AND `state` = 0 LIMIT 1   [ RunTime:0.0003s ]
SQL: SELECT COUNT(*) AS tp_count FROM `sex_notice_sms` WHERE `type` = 2 AND `touser_id` = 2 AND `state` = 0 LIMIT 1   [ RunTime:0.0003s ]
SQL: SELECT COUNT(*) AS tp_count FROM `sex_notice_sms` WHERE `type` = 0 AND `touser_id` = 2 AND `state` = 0 LIMIT 1   [ RunTime:0.0003s ]
SQL: SELECT a.notice_id,a.user_id,a.touser_id,a.time,a.content,COUNT(a.notice_id) as total,b.nickname,b.head_portrait,b.experience FROM sex_notice_sms a LEFT JOIN sex_user_list b ON b.user_id = a.user_id  WHERE a.type = 0 AND a.touser_id = '2' AND a.state = 0 AND b.state = 1 GROUP BY user_id ORDER BY time DESC LIMIT 0,20   [ RunTime:0.0030s ]
SQL: SELECT COUNT(*) AS tp_count FROM sex_notice_sms a LEFT JOIN sex_user_list b ON b.user_id = a.user_id  WHERE a.type = 0 AND a.touser_id = '2' AND a.state = 0 AND b.state = 1 LIMIT 1   [ RunTime:0.0005s ]

[ 2019-01-09T13:20:14+08:00 ] 192.168.2.42 //WebApi_v1/UserCenter/notice
INFO: [ app_init ] --START--
INFO: Run Behavior\BuildLiteBehavior [ RunTime:0.000009s ]
INFO: [ app_init ] --END-- [ RunTime:0.000472s ]
INFO: [ app_begin ] --START--
INFO: Run Behavior\ReadHtmlCacheBehavior [ RunTime:0.000817s ]
INFO: [ app_begin ] --END-- [ RunTime:0.000851s ]
SQL: SHOW COLUMNS FROM `sex_sys_conf` [ RunTime:0.0030s ]
SQL: SHOW COLUMNS FROM `sex_user_list` [ RunTime:0.0029s ]
SQL: SELECT * FROM `sex_user_list` WHERE `user_id` = 2 AND `user_token` = '57b6217942afaf0baaee7236a62ad00e' LIMIT 1   [ RunTime:0.0004s ]
SQL: SHOW COLUMNS FROM `sex_notice_sms` [ RunTime:0.0030s ]
SQL: SELECT COUNT(*) AS tp_count FROM `sex_notice_sms` WHERE `type` = 0 AND `user_id` = 0 AND `touser_id` = 2 AND `state` = 0 LIMIT 1   [ RunTime:0.0004s ]
SQL: SELECT COUNT(*) AS tp_count FROM `sex_notice_sms` WHERE `type` = 3 AND `touser_id` = 2 AND `state` = 0 LIMIT 1   [ RunTime:0.0002s ]
SQL: SELECT COUNT(*) AS tp_count FROM `sex_notice_sms` WHERE `type` = 2 AND `touser_id` = 2 AND `state` = 0 LIMIT 1   [ RunTime:0.0003s ]
SQL: SELECT COUNT(*) AS tp_count FROM `sex_notice_sms` WHERE `type` = 0 AND `touser_id` = 2 AND `state` = 0 LIMIT 1   [ RunTime:0.0003s ]
SQL: SELECT a.notice_id,a.user_id,a.touser_id,a.time,a.content,COUNT(a.notice_id) as total,b.nickname,b.head_portrait,b.experience FROM sex_notice_sms a LEFT JOIN sex_user_list b ON b.user_id = a.user_id  WHERE a.type = 0 AND a.touser_id = '2' AND a.state = 0 AND b.state = 1 GROUP BY user_id ORDER BY time DESC LIMIT 0,20   [ RunTime:0.0025s ]
SQL: SELECT COUNT(*) AS tp_count FROM sex_notice_sms a LEFT JOIN sex_user_list b ON b.user_id = a.user_id  WHERE a.type = 0 AND a.touser_id = '2' AND a.state = 0 AND b.state = 1 LIMIT 1   [ RunTime:0.0003s ]

[ 2019-01-09T13:20:35+08:00 ] 192.168.2.42 //WebApi_v1/UserCenter/notice
INFO: [ app_init ] --START--
INFO: Run Behavior\BuildLiteBehavior [ RunTime:0.000009s ]
INFO: [ app_init ] --END-- [ RunTime:0.000608s ]
INFO: [ app_begin ] --START--
INFO: Run Behavior\ReadHtmlCacheBehavior [ RunTime:0.000783s ]
INFO: [ app_begin ] --END-- [ RunTime:0.000815s ]
SQL: SHOW COLUMNS FROM `sex_sys_conf` [ RunTime:0.0037s ]
SQL: SHOW COLUMNS FROM `sex_user_list` [ RunTime:0.0031s ]
SQL: SELECT * FROM `sex_user_list` WHERE `user_id` = 2 AND `user_token` = '57b6217942afaf0baaee7236a62ad00e' LIMIT 1   [ RunTime:0.0048s ]
SQL: SHOW COLUMNS FROM `sex_notice_sms` [ RunTime:0.0159s ]
SQL: SELECT COUNT(*) AS tp_count FROM `sex_notice_sms` WHERE `type` = 0 AND `user_id` = 0 AND `touser_id` = 2 AND `state` = 0 LIMIT 1   [ RunTime:0.0003s ]
SQL: SELECT COUNT(*) AS tp_count FROM `sex_notice_sms` WHERE `type` = 3 AND `touser_id` = 2 AND `state` = 0 LIMIT 1   [ RunTime:0.0004s ]
SQL: SELECT COUNT(*) AS tp_count FROM `sex_notice_sms` WHERE `type` = 2 AND `touser_id` = 2 AND `state` = 0 LIMIT 1   [ RunTime:0.0004s ]
SQL: SELECT COUNT(*) AS tp_count FROM `sex_notice_sms` WHERE `type` = 0 AND `touser_id` = 2 AND `state` = 0 LIMIT 1   [ RunTime:0.0004s ]
SQL: SELECT a.notice_id,a.user_id,a.touser_id,a.time,a.content,COUNT(a.notice_id) as total,b.nickname,b.head_portrait,b.experience FROM sex_notice_sms a LEFT JOIN sex_user_list b ON b.user_id = a.user_id  WHERE a.type = 0 AND a.touser_id = '2' AND a.state = 0 AND b.state = 1 GROUP BY user_id ORDER BY time DESC LIMIT 0,20   [ RunTime:0.0034s ]
SQL: SELECT COUNT(*) AS tp_count FROM sex_notice_sms a LEFT JOIN sex_user_list b ON b.user_id = a.user_id  WHERE a.type = 0 AND a.touser_id = '2' AND a.state = 0 AND b.state = 1 LIMIT 1   [ RunTime:0.0005s ]

[ 2019-01-09T13:21:51+08:00 ] 192.168.2.42 //WebApi_v1/UserCenter/notice
INFO: [ app_init ] --START--
INFO: Run Behavior\BuildLiteBehavior [ RunTime:0.000008s ]
INFO: [ app_init ] --END-- [ RunTime:0.000783s ]
INFO: [ app_begin ] --START--
INFO: Run Behavior\ReadHtmlCacheBehavior [ RunTime:0.001468s ]
INFO: [ app_begin ] --END-- [ RunTime:0.001503s ]
SQL: SHOW COLUMNS FROM `sex_sys_conf` [ RunTime:0.0037s ]
SQL: SHOW COLUMNS FROM `sex_user_list` [ RunTime:0.0037s ]
SQL: SELECT * FROM `sex_user_list` WHERE `user_id` = 2 AND `user_token` = '57b6217942afaf0baaee7236a62ad00e' LIMIT 1   [ RunTime:0.0005s ]
SQL: SHOW COLUMNS FROM `sex_notice_sms` [ RunTime:0.0034s ]
SQL: SELECT COUNT(*) AS tp_count FROM `sex_notice_sms` WHERE `type` = 0 AND `user_id` = 0 AND `touser_id` = 2 AND `state` = 0 LIMIT 1   [ RunTime:0.0004s ]
SQL: SELECT COUNT(*) AS tp_count FROM `sex_notice_sms` WHERE `type` = 3 AND `touser_id` = 2 AND `state` = 0 LIMIT 1   [ RunTime:0.0078s ]
SQL: SELECT COUNT(*) AS tp_count FROM `sex_notice_sms` WHERE `type` = 2 AND `touser_id` = 2 AND `state` = 0 LIMIT 1   [ RunTime:0.0004s ]
SQL: SELECT COUNT(*) AS tp_count FROM `sex_notice_sms` WHERE `type` = 0 AND `touser_id` = 2 AND `state` = 0 LIMIT 1   [ RunTime:0.0003s ]
SQL: SELECT a.notice_id,a.user_id,a.touser_id,a.time,a.content,COUNT(a.notice_id) as total,b.nickname,b.head_portrait,b.experience FROM sex_notice_sms a LEFT JOIN sex_user_list b ON b.user_id = a.user_id  WHERE a.type = 0 AND a.touser_id = '2' AND a.state = 0 AND b.state = 1 GROUP BY user_id ORDER BY time DESC LIMIT 0,20   [ RunTime:0.0062s ]
SQL: SELECT COUNT(*) AS tp_count FROM sex_notice_sms a LEFT JOIN sex_user_list b ON b.user_id = a.user_id  WHERE a.type = 0 AND a.touser_id = '2' AND a.state = 0 AND b.state = 1 LIMIT 1   [ RunTime:0.0004s ]
SQL: SHOW COLUMNS FROM `sex_sys_level` [ RunTime:0.0081s ]

[ 2019-01-09T13:22:41+08:00 ] 192.168.2.42 //WebApi_v1/UserCenter/notice
INFO: [ app_init ] --START--
INFO: Run Behavior\BuildLiteBehavior [ RunTime:0.000007s ]
INFO: [ app_init ] --END-- [ RunTime:0.000609s ]
INFO: [ app_begin ] --START--
INFO: Run Behavior\ReadHtmlCacheBehavior [ RunTime:0.000823s ]
INFO: [ app_begin ] --END-- [ RunTime:0.000850s ]
SQL: SHOW COLUMNS FROM `sex_sys_conf` [ RunTime:0.0032s ]
SQL: SHOW COLUMNS FROM `sex_user_list` [ RunTime:0.0147s ]
SQL: SELECT * FROM `sex_user_list` WHERE `user_id` = 2 AND `user_token` = '57b6217942afaf0baaee7236a62ad00e' LIMIT 1   [ RunTime:0.0004s ]
SQL: SHOW COLUMNS FROM `sex_notice_sms` [ RunTime:0.0042s ]
SQL: SELECT COUNT(*) AS tp_count FROM `sex_notice_sms` WHERE `type` = 0 AND `user_id` = 0 AND `touser_id` = 2 AND `state` = 0 LIMIT 1   [ RunTime:0.0005s ]
SQL: SELECT COUNT(*) AS tp_count FROM `sex_notice_sms` WHERE `type` = 3 AND `touser_id` = 2 AND `state` = 0 LIMIT 1   [ RunTime:0.0003s ]
SQL: SELECT COUNT(*) AS tp_count FROM `sex_notice_sms` WHERE `type` = 2 AND `touser_id` = 2 AND `state` = 0 LIMIT 1   [ RunTime:0.0003s ]
SQL: SELECT COUNT(*) AS tp_count FROM `sex_notice_sms` WHERE `type` = 0 AND `touser_id` = 2 AND `state` = 0 LIMIT 1   [ RunTime:0.0003s ]
SQL: SELECT a.notice_id,a.user_id,a.touser_id,a.time,a.content,COUNT(a.notice_id) as total,b.nickname,b.head_portrait,b.experience FROM sex_notice_sms a LEFT JOIN sex_user_list b ON b.user_id = a.user_id  WHERE a.type = 0 AND a.touser_id = '2' AND a.state = 0 AND b.state = 1 GROUP BY user_id ORDER BY time DESC LIMIT 0,20   [ RunTime:0.0037s ]
SQL: SELECT COUNT(*) AS tp_count FROM sex_notice_sms a LEFT JOIN sex_user_list b ON b.user_id = a.user_id  WHERE a.type = 0 AND a.touser_id = '2' AND a.state = 0 AND b.state = 1 LIMIT 1   [ RunTime:0.0003s ]
SQL: SHOW COLUMNS FROM `sex_sys_level` [ RunTime:0.0029s ]

[ 2019-01-09T13:23:31+08:00 ] 192.168.2.42 //WebApi_v1/UserCenter/notice
INFO: [ app_init ] --START--
INFO: Run Behavior\BuildLiteBehavior [ RunTime:0.000006s ]
INFO: [ app_init ] --END-- [ RunTime:0.000598s ]
INFO: [ app_begin ] --START--
INFO: Run Behavior\ReadHtmlCacheBehavior [ RunTime:0.000796s ]
INFO: [ app_begin ] --END-- [ RunTime:0.000826s ]
SQL: SHOW COLUMNS FROM `sex_sys_conf` [ RunTime:0.0038s ]
SQL: SHOW COLUMNS FROM `sex_user_list` [ RunTime:0.0033s ]
SQL: SELECT * FROM `sex_user_list` WHERE `user_id` = 2 AND `user_token` = '57b6217942afaf0baaee7236a62ad00e' LIMIT 1   [ RunTime:0.0004s ]
SQL: SHOW COLUMNS FROM `sex_notice_sms` [ RunTime:0.0059s ]
SQL: SELECT COUNT(*) AS tp_count FROM `sex_notice_sms` WHERE `type` = 0 AND `user_id` = 0 AND `touser_id` = 2 AND `state` = 0 LIMIT 1   [ RunTime:0.0005s ]
SQL: SELECT COUNT(*) AS tp_count FROM `sex_notice_sms` WHERE `type` = 3 AND `touser_id` = 2 AND `state` = 0 LIMIT 1   [ RunTime:0.0148s ]
SQL: SELECT COUNT(*) AS tp_count FROM `sex_notice_sms` WHERE `type` = 2 AND `touser_id` = 2 AND `state` = 0 LIMIT 1   [ RunTime:0.0004s ]
SQL: SELECT COUNT(*) AS tp_count FROM `sex_notice_sms` WHERE `type` = 0 AND `touser_id` = 2 AND `state` = 0 LIMIT 1   [ RunTime:0.0003s ]
SQL: SELECT a.notice_id,a.user_id,a.touser_id,a.time,a.content,COUNT(a.notice_id) as total,b.nickname,b.head_portrait,b.experience FROM sex_notice_sms a LEFT JOIN sex_user_list b ON b.user_id = a.user_id  WHERE a.type = 0 AND a.touser_id = '2' AND a.state = 0 AND b.state = 1 GROUP BY user_id ORDER BY time DESC LIMIT 0,20   [ RunTime:0.0054s ]
SQL: SELECT COUNT(*) AS tp_count FROM sex_notice_sms a LEFT JOIN sex_user_list b ON b.user_id = a.user_id  WHERE a.type = 0 AND a.touser_id = '2' AND a.state = 0 AND b.state = 1 LIMIT 1   [ RunTime:0.0004s ]
SQL: SHOW COLUMNS FROM `sex_sys_level` [ RunTime:0.0034s ]

[ 2019-01-09T13:25:51+08:00 ] 192.168.2.42 //WebApi_v1/UserCenter/notice
INFO: [ app_init ] --START--
INFO: Run Behavior\BuildLiteBehavior [ RunTime:0.000008s ]
INFO: [ app_init ] --END-- [ RunTime:0.000704s ]
INFO: [ app_begin ] --START--
INFO: Run Behavior\ReadHtmlCacheBehavior [ RunTime:0.001094s ]
INFO: [ app_begin ] --END-- [ RunTime:0.001157s ]
SQL: SHOW COLUMNS FROM `sex_sys_conf` [ RunTime:0.0039s ]
SQL: SHOW COLUMNS FROM `sex_user_list` [ RunTime:0.0038s ]
SQL: SELECT * FROM `sex_user_list` WHERE `user_id` = 2 AND `user_token` = '57b6217942afaf0baaee7236a62ad00e' LIMIT 1   [ RunTime:0.0004s ]
SQL: SHOW COLUMNS FROM `sex_notice_sms` [ RunTime:0.0034s ]
SQL: SELECT COUNT(*) AS tp_count FROM `sex_notice_sms` WHERE `type` = 0 AND `user_id` = 0 AND `touser_id` = 2 AND `state` = 0 LIMIT 1   [ RunTime:0.0004s ]
SQL: SELECT COUNT(*) AS tp_count FROM `sex_notice_sms` WHERE `type` = 3 AND `touser_id` = 2 AND `state` = 0 LIMIT 1   [ RunTime:0.0004s ]
SQL: SELECT COUNT(*) AS tp_count FROM `sex_notice_sms` WHERE `type` = 2 AND `touser_id` = 2 AND `state` = 0 LIMIT 1   [ RunTime:0.0003s ]
SQL: SELECT COUNT(*) AS tp_count FROM `sex_notice_sms` WHERE `type` = 0 AND `touser_id` = 2 AND `state` = 0 LIMIT 1   [ RunTime:0.0004s ]
SQL: SELECT a.notice_id,a.user_id,a.touser_id,a.time,a.content,COUNT(a.notice_id) as total,b.nickname,b.head_portrait,b.experience FROM sex_notice_sms a LEFT JOIN sex_user_list b ON b.user_id = a.user_id  WHERE a.type = 0 AND a.touser_id = '2' AND a.state = 0 AND b.state = 1 GROUP BY user_id ORDER BY time DESC LIMIT 0,20   [ RunTime:0.0045s ]
SQL: SELECT COUNT(*) AS tp_count FROM sex_notice_sms a LEFT JOIN sex_user_list b ON b.user_id = a.user_id  WHERE a.type = 0 AND a.touser_id = '2' AND a.state = 0 AND b.state = 1 LIMIT 1   [ RunTime:0.0004s ]
SQL: SHOW COLUMNS FROM `sex_sys_level` [ RunTime:0.0031s ]

[ 2019-01-09T13:27:01+08:00 ] 192.168.2.42 //WebApi_v1/UserCenter/notice
INFO: [ app_init ] --START--
INFO: Run Behavior\BuildLiteBehavior [ RunTime:0.000007s ]
INFO: [ app_init ] --END-- [ RunTime:0.000558s ]
INFO: [ app_begin ] --START--
INFO: Run Behavior\ReadHtmlCacheBehavior [ RunTime:0.000812s ]
INFO: [ app_begin ] --END-- [ RunTime:0.000879s ]
SQL: SHOW COLUMNS FROM `sex_sys_conf` [ RunTime:0.0052s ]
SQL: SHOW COLUMNS FROM `sex_user_list` [ RunTime:0.0138s ]
SQL: SELECT * FROM `sex_user_list` WHERE `user_id` = 2 AND `user_token` = '57b6217942afaf0baaee7236a62ad00e' LIMIT 1   [ RunTime:0.0005s ]
SQL: SHOW COLUMNS FROM `sex_notice_sms` [ RunTime:0.0029s ]
SQL: SELECT COUNT(*) AS tp_count FROM `sex_notice_sms` WHERE `type` = 0 AND `user_id` = 0 AND `touser_id` = 2 AND `state` = 0 LIMIT 1   [ RunTime:0.0003s ]
SQL: SELECT COUNT(*) AS tp_count FROM `sex_notice_sms` WHERE `type` = 3 AND `touser_id` = 2 AND `state` = 0 LIMIT 1   [ RunTime:0.0003s ]
SQL: SELECT COUNT(*) AS tp_count FROM `sex_notice_sms` WHERE `type` = 2 AND `touser_id` = 2 AND `state` = 0 LIMIT 1   [ RunTime:0.0003s ]
SQL: SELECT COUNT(*) AS tp_count FROM `sex_notice_sms` WHERE `type` = 0 AND `touser_id` = 2 AND `state` = 0 LIMIT 1   [ RunTime:0.0002s ]
SQL: SELECT a.notice_id,a.user_id,a.touser_id,a.time,a.content,COUNT(a.notice_id) as total,b.nickname,b.head_portrait,b.experience FROM sex_notice_sms a LEFT JOIN sex_user_list b ON b.user_id = a.user_id  WHERE a.type = 0 AND a.touser_id = '2' AND a.state = 0 AND b.state = 1 GROUP BY user_id ORDER BY time DESC LIMIT 0,20   [ RunTime:0.0038s ]
SQL: SELECT COUNT(*) AS tp_count FROM sex_notice_sms a LEFT JOIN sex_user_list b ON b.user_id = a.user_id  WHERE a.type = 0 AND a.touser_id = '2' AND a.state = 0 AND b.state = 1 LIMIT 1   [ RunTime:0.0004s ]
SQL: SHOW COLUMNS FROM `sex_sys_level` [ RunTime:0.0029s ]

[ 2019-01-09T13:28:09+08:00 ] 192.168.2.42 /WebApi_v1/UserCenter/notice
INFO: [ app_init ] --START--
INFO: Run Behavior\BuildLiteBehavior [ RunTime:0.000011s ]
INFO: [ app_init ] --END-- [ RunTime:0.000790s ]
INFO: [ app_begin ] --START--
INFO: Run Behavior\ReadHtmlCacheBehavior [ RunTime:0.001226s ]
INFO: [ app_begin ] --END-- [ RunTime:0.001262s ]
SQL: SHOW COLUMNS FROM `sex_sys_conf` [ RunTime:0.0035s ]
SQL: SHOW COLUMNS FROM `sex_user_list` [ RunTime:0.0130s ]
SQL: SELECT * FROM `sex_user_list` WHERE `user_id` = 2 AND `user_token` = '57b6217942afaf0baaee7236a62ad00e' LIMIT 1   [ RunTime:0.0004s ]
SQL: SHOW COLUMNS FROM `sex_notice_sms` [ RunTime:0.0036s ]
SQL: SELECT COUNT(*) AS tp_count FROM `sex_notice_sms` WHERE `type` = 0 AND `user_id` = 0 AND `touser_id` = 2 AND `state` = 0 LIMIT 1   [ RunTime:0.0005s ]
SQL: SELECT COUNT(*) AS tp_count FROM `sex_notice_sms` WHERE `type` = 3 AND `touser_id` = 2 AND `state` = 0 LIMIT 1   [ RunTime:0.0004s ]
SQL: SELECT COUNT(*) AS tp_count FROM `sex_notice_sms` WHERE `type` = 2 AND `touser_id` = 2 AND `state` = 0 LIMIT 1   [ RunTime:0.0004s ]
SQL: SELECT COUNT(*) AS tp_count FROM `sex_notice_sms` WHERE `type` = 0 AND `touser_id` = 2 AND `state` = 0 LIMIT 1   [ RunTime:0.0003s ]
SQL: SELECT a.notice_id,a.user_id,a.touser_id,a.time,a.content,COUNT(a.notice_id) as total,b.nickname,b.head_portrait,b.experience FROM sex_notice_sms a LEFT JOIN sex_user_list b ON b.user_id = a.user_id  WHERE a.type = 0 AND a.touser_id = '2' AND a.state = 0 AND b.state = 1 GROUP BY user_id ORDER BY time DESC LIMIT 0,20   [ RunTime:0.0037s ]
SQL: SELECT COUNT(*) AS tp_count FROM sex_notice_sms a LEFT JOIN sex_user_list b ON b.user_id = a.user_id  WHERE a.type = 0 AND a.touser_id = '2' AND a.state = 0 AND b.state = 1 LIMIT 1   [ RunTime:0.0004s ]
SQL: SHOW COLUMNS FROM `sex_sys_level` [ RunTime:0.0036s ]

[ 2019-01-09T13:28:38+08:00 ] 192.168.2.42 /WebApi_v1/UserCenter/notice
INFO: [ app_init ] --START--
INFO: Run Behavior\BuildLiteBehavior [ RunTime:0.000009s ]
INFO: [ app_init ] --END-- [ RunTime:0.000755s ]
INFO: [ app_begin ] --START--
INFO: Run Behavior\ReadHtmlCacheBehavior [ RunTime:0.000841s ]
INFO: [ app_begin ] --END-- [ RunTime:0.000889s ]
SQL: SHOW COLUMNS FROM `sex_sys_conf` [ RunTime:0.0029s ]
SQL: SHOW COLUMNS FROM `sex_user_list` [ RunTime:0.0029s ]
SQL: SELECT * FROM `sex_user_list` WHERE `user_id` = 2 AND `user_token` = '57b6217942afaf0baaee7236a62ad00e' LIMIT 1   [ RunTime:0.0003s ]
SQL: SHOW COLUMNS FROM `sex_notice_sms` [ RunTime:0.0028s ]
SQL: SELECT COUNT(*) AS tp_count FROM `sex_notice_sms` WHERE `type` = 0 AND `user_id` = 0 AND `touser_id` = 2 AND `state` = 0 LIMIT 1   [ RunTime:0.0003s ]
SQL: SELECT COUNT(*) AS tp_count FROM `sex_notice_sms` WHERE `type` = 3 AND `touser_id` = 2 AND `state` = 0 LIMIT 1   [ RunTime:0.0003s ]
SQL: SELECT COUNT(*) AS tp_count FROM `sex_notice_sms` WHERE `type` = 2 AND `touser_id` = 2 AND `state` = 0 LIMIT 1   [ RunTime:0.0003s ]
SQL: SELECT COUNT(*) AS tp_count FROM `sex_notice_sms` WHERE `type` = 0 AND `touser_id` = 2 AND `state` = 0 LIMIT 1   [ RunTime:0.0003s ]
SQL: SELECT a.notice_id,a.user_id,a.touser_id,a.time,a.content,COUNT(a.notice_id) as total,b.nickname,b.head_portrait,b.experience FROM sex_notice_sms a LEFT JOIN sex_user_list b ON b.user_id = a.user_id  WHERE a.type = 0 AND a.touser_id = '2' AND a.state = 0 AND b.state = 1 GROUP BY user_id ORDER BY time DESC LIMIT 0,20   [ RunTime:0.0031s ]
SQL: SELECT COUNT(*) AS tp_count FROM sex_notice_sms a LEFT JOIN sex_user_list b ON b.user_id = a.user_id  WHERE a.type = 0 AND a.touser_id = '2' AND a.state = 0 AND b.state = 1 LIMIT 1   [ RunTime:0.0004s ]
SQL: SHOW COLUMNS FROM `sex_sys_level` [ RunTime:0.0027s ]

[ 2019-01-09T13:31:51+08:00 ] 192.168.2.42 /WebApi_v1/UserCenter/notice
INFO: [ app_init ] --START--
INFO: Run Behavior\BuildLiteBehavior [ RunTime:0.000007s ]
INFO: [ app_init ] --END-- [ RunTime:0.000473s ]
INFO: [ app_begin ] --START--
INFO: Run Behavior\ReadHtmlCacheBehavior [ RunTime:0.000786s ]
INFO: [ app_begin ] --END-- [ RunTime:0.000812s ]
SQL: SHOW COLUMNS FROM `sex_sys_conf` [ RunTime:0.0032s ]
SQL: SHOW COLUMNS FROM `sex_user_list` [ RunTime:0.0025s ]
SQL: SELECT * FROM `sex_user_list` WHERE `user_id` = 2 AND `user_token` = '57b6217942afaf0baaee7236a62ad00e' LIMIT 1   [ RunTime:0.0020s ]
SQL: SHOW COLUMNS FROM `sex_notice_sms` [ RunTime:0.0025s ]
SQL: SELECT COUNT(*) AS tp_count FROM `sex_notice_sms` WHERE `type` = 0 AND `user_id` = 0 AND `touser_id` = 2 AND `state` = 0 LIMIT 1   [ RunTime:0.0003s ]
SQL: SELECT COUNT(*) AS tp_count FROM `sex_notice_sms` WHERE `type` = 3 AND `touser_id` = 2 AND `state` = 0 LIMIT 1   [ RunTime:0.0002s ]
SQL: SELECT COUNT(*) AS tp_count FROM `sex_notice_sms` WHERE `type` = 2 AND `touser_id` = 2 AND `state` = 0 LIMIT 1   [ RunTime:0.0002s ]
SQL: SELECT COUNT(*) AS tp_count FROM `sex_notice_sms` WHERE `type` = 4 AND `touser_id` = 2 AND `state` = 0 LIMIT 1   [ RunTime:0.0002s ]
SQL: SELECT a.notice_id,a.user_id,a.touser_id,a.time,a.content,COUNT(a.notice_id) as total,b.nickname,b.head_portrait,b.experience FROM sex_notice_sms a LEFT JOIN sex_user_list b ON b.user_id = a.user_id  WHERE a.type = 0 AND a.touser_id = '2' AND a.state = 0 AND b.state = 1 GROUP BY user_id ORDER BY time DESC LIMIT 0,20   [ RunTime:0.0028s ]
SQL: SELECT COUNT(*) AS tp_count FROM sex_notice_sms a LEFT JOIN sex_user_list b ON b.user_id = a.user_id  WHERE a.type = 0 AND a.touser_id = '2' AND a.state = 0 AND b.state = 1 LIMIT 1   [ RunTime:0.0003s ]
SQL: SHOW COLUMNS FROM `sex_sys_level` [ RunTime:0.0028s ]

