[ 2019-01-16T21:48:49+08:00 ] 172.15.91.215 /WebApi_v1/Index/index
INFO: [ app_init ] --START--
INFO: Run Behavior\BuildLiteBehavior [ RunTime:0.000011s ]
INFO: [ app_init ] --END-- [ RunTime:0.001137s ]
INFO: [ app_begin ] --START--
INFO: Run Behavior\ReadHtmlCacheBehavior [ RunTime:0.001291s ]
INFO: [ app_begin ] --END-- [ RunTime:0.001315s ]
SQL: SHOW COLUMNS FROM `sex_sys_conf` [ RunTime:0.0195s ]
NOTIC: [8] Undefined index: user D:\xampp\htdocs\WebApi\Application\WebApi_v1\Controller\UserBaseController.class.php 第 29 行.
SQL: SHOW COLUMNS FROM `sex_sys_banner_list` [ RunTime:0.0120s ]
SQL: SELECT `banner_id`,`name`,`img`,`url` FROM `sex_sys_banner_list` WHERE `type` = 0 AND `state` = 1 ORDER BY sort desc LIMIT 3   [ RunTime:0.0043s ]
SQL: SHOW COLUMNS FROM `sex_resource_movie` [ RunTime:0.0125s ]
SQL: SELECT `movie_id`,`name`,`long`,`movie_url`,`movie_img` FROM `sex_resource_movie` WHERE `state` = 1 ORDER BY push_time desc LIMIT 4   [ RunTime:0.0045s ]
SQL: SHOW COLUMNS FROM `sex_resource_image` [ RunTime:0.0108s ]
SQL: SELECT `image_id`,`name`,`long`,`image_url` FROM `sex_resource_image` WHERE `state` = 1 ORDER BY push_time desc LIMIT 5   [ RunTime:0.0169s ]
SQL: SHOW COLUMNS FROM `sex_resource_fiction` [ RunTime:0.0085s ]
SQL: SELECT `fiction_id`,`name`,`image_url` FROM `sex_resource_fiction` WHERE `state` = 1 ORDER BY push_time desc LIMIT 8   [ RunTime:0.0050s ]

[ 2019-01-16T21:48:52+08:00 ] 192.168.2.33 /WebApi_v1/Index/index
INFO: [ app_init ] --START--
INFO: Run Behavior\BuildLiteBehavior [ RunTime:0.000009s ]
INFO: [ app_init ] --END-- [ RunTime:0.000446s ]
INFO: [ app_begin ] --START--
INFO: Run Behavior\ReadHtmlCacheBehavior [ RunTime:0.000615s ]
INFO: [ app_begin ] --END-- [ RunTime:0.000635s ]
SQL: SHOW COLUMNS FROM `sex_sys_conf` [ RunTime:0.0124s ]
NOTIC: [8] Undefined index: user D:\xampp\htdocs\WebApi\Application\WebApi_v1\Controller\UserBaseController.class.php 第 29 行.
SQL: SHOW COLUMNS FROM `sex_sys_banner_list` [ RunTime:0.0130s ]
SQL: SELECT `banner_id`,`name`,`img`,`url` FROM `sex_sys_banner_list` WHERE `type` = 0 AND `state` = 1 ORDER BY sort desc LIMIT 3   [ RunTime:0.0038s ]
SQL: SHOW COLUMNS FROM `sex_resource_movie` [ RunTime:0.0111s ]
SQL: SELECT `movie_id`,`name`,`long`,`movie_url`,`movie_img` FROM `sex_resource_movie` WHERE `state` = 1 ORDER BY push_time desc LIMIT 4   [ RunTime:0.0551s ]
SQL: SHOW COLUMNS FROM `sex_resource_image` [ RunTime:0.0153s ]
SQL: SELECT `image_id`,`name`,`long`,`image_url` FROM `sex_resource_image` WHERE `state` = 1 ORDER BY push_time desc LIMIT 5   [ RunTime:0.0460s ]
SQL: SHOW COLUMNS FROM `sex_resource_fiction` [ RunTime:0.0474s ]
SQL: SELECT `fiction_id`,`name`,`image_url` FROM `sex_resource_fiction` WHERE `state` = 1 ORDER BY push_time desc LIMIT 8   [ RunTime:0.0997s ]

[ 2019-01-16T21:48:52+08:00 ] 172.15.91.215 /WebApi_v1/Resources/getFirstCateGory
INFO: [ app_init ] --START--
INFO: Run Behavior\BuildLiteBehavior [ RunTime:0.000012s ]
INFO: [ app_init ] --END-- [ RunTime:0.001133s ]
INFO: [ app_begin ] --START--
INFO: Run Behavior\ReadHtmlCacheBehavior [ RunTime:0.001290s ]
INFO: [ app_begin ] --END-- [ RunTime:0.001314s ]
SQL: SHOW COLUMNS FROM `sex_sys_conf` [ RunTime:0.0317s ]
NOTIC: [8] Undefined index: user D:\xampp\htdocs\WebApi\Application\WebApi_v1\Controller\UserBaseController.class.php 第 29 行.
SQL: SHOW COLUMNS FROM `sex_sys_category_list` [ RunTime:0.0885s ]

[ 2019-01-16T21:48:53+08:00 ] 192.168.2.33 /WebApi_v1/Resources/getFirstCateGory
INFO: [ app_init ] --START--
INFO: Run Behavior\BuildLiteBehavior [ RunTime:0.000010s ]
INFO: [ app_init ] --END-- [ RunTime:0.000700s ]
INFO: [ app_begin ] --START--
INFO: Run Behavior\ReadHtmlCacheBehavior [ RunTime:0.000778s ]
INFO: [ app_begin ] --END-- [ RunTime:0.000799s ]
SQL: SHOW COLUMNS FROM `sex_sys_conf` [ RunTime:0.0500s ]
NOTIC: [8] Undefined index: user D:\xampp\htdocs\WebApi\Application\WebApi_v1\Controller\UserBaseController.class.php 第 29 行.
SQL: SHOW COLUMNS FROM `sex_sys_category_list` [ RunTime:0.0097s ]

[ 2019-01-16T21:49:20+08:00 ] 172.15.91.215 /WebApi_v1/Index/index
INFO: [ app_init ] --START--
INFO: Run Behavior\BuildLiteBehavior [ RunTime:0.000005s ]
INFO: [ app_init ] --END-- [ RunTime:0.000375s ]
INFO: [ app_begin ] --START--
INFO: Run Behavior\ReadHtmlCacheBehavior [ RunTime:0.000539s ]
INFO: [ app_begin ] --END-- [ RunTime:0.000563s ]
SQL: SHOW COLUMNS FROM `sex_sys_conf` [ RunTime:0.0151s ]
NOTIC: [8] Undefined index: user D:\xampp\htdocs\WebApi\Application\WebApi_v1\Controller\UserBaseController.class.php 第 29 行.
SQL: SHOW COLUMNS FROM `sex_sys_banner_list` [ RunTime:0.0126s ]
SQL: SELECT `banner_id`,`name`,`img`,`url` FROM `sex_sys_banner_list` WHERE `type` = 0 AND `state` = 1 ORDER BY sort desc LIMIT 3   [ RunTime:0.0039s ]
SQL: SHOW COLUMNS FROM `sex_resource_movie` [ RunTime:0.0652s ]
SQL: SELECT `movie_id`,`name`,`long`,`movie_url`,`movie_img` FROM `sex_resource_movie` WHERE `state` = 1 ORDER BY push_time desc LIMIT 4   [ RunTime:0.0041s ]
SQL: SHOW COLUMNS FROM `sex_resource_image` [ RunTime:0.0965s ]
SQL: SELECT `image_id`,`name`,`long`,`image_url` FROM `sex_resource_image` WHERE `state` = 1 ORDER BY push_time desc LIMIT 5   [ RunTime:0.0060s ]
SQL: SHOW COLUMNS FROM `sex_resource_fiction` [ RunTime:0.0122s ]
SQL: SELECT `fiction_id`,`name`,`image_url` FROM `sex_resource_fiction` WHERE `state` = 1 ORDER BY push_time desc LIMIT 8   [ RunTime:0.0040s ]

[ 2019-01-16T21:49:20+08:00 ] 172.15.91.215 /WebApi_v1/Resources/getFirstCateGory
INFO: [ app_init ] --START--
INFO: Run Behavior\BuildLiteBehavior [ RunTime:0.000005s ]
INFO: [ app_init ] --END-- [ RunTime:0.000393s ]
INFO: [ app_begin ] --START--
INFO: Run Behavior\ReadHtmlCacheBehavior [ RunTime:0.000532s ]
INFO: [ app_begin ] --END-- [ RunTime:0.000554s ]
SQL: SHOW COLUMNS FROM `sex_sys_conf` [ RunTime:0.0077s ]
NOTIC: [8] Undefined index: user D:\xampp\htdocs\WebApi\Application\WebApi_v1\Controller\UserBaseController.class.php 第 29 行.
SQL: SHOW COLUMNS FROM `sex_sys_category_list` [ RunTime:0.0088s ]

[ 2019-01-16T21:50:40+08:00 ] 192.168.2.33 /WebApi_v1/Resources/getFirstCateGory
INFO: [ app_init ] --START--
INFO: Run Behavior\BuildLiteBehavior [ RunTime:0.000005s ]
INFO: [ app_init ] --END-- [ RunTime:0.000376s ]
INFO: [ app_begin ] --START--
INFO: Run Behavior\ReadHtmlCacheBehavior [ RunTime:0.000674s ]
INFO: [ app_begin ] --END-- [ RunTime:0.000697s ]
SQL: SHOW COLUMNS FROM `sex_sys_conf` [ RunTime:0.0124s ]
NOTIC: [8] Undefined index: user D:\xampp\htdocs\WebApi\Application\WebApi_v1\Controller\UserBaseController.class.php 第 29 行.
SQL: SHOW COLUMNS FROM `sex_sys_category_list` [ RunTime:0.0070s ]

[ 2019-01-16T21:50:40+08:00 ] 192.168.2.33 /WebApi_v1/Index/index
INFO: [ app_init ] --START--
INFO: Run Behavior\BuildLiteBehavior [ RunTime:0.000005s ]
INFO: [ app_init ] --END-- [ RunTime:0.000394s ]
INFO: [ app_begin ] --START--
INFO: Run Behavior\ReadHtmlCacheBehavior [ RunTime:0.000730s ]
INFO: [ app_begin ] --END-- [ RunTime:0.000752s ]
SQL: SHOW COLUMNS FROM `sex_sys_conf` [ RunTime:0.0100s ]
NOTIC: [8] Undefined index: user D:\xampp\htdocs\WebApi\Application\WebApi_v1\Controller\UserBaseController.class.php 第 29 行.
SQL: SHOW COLUMNS FROM `sex_sys_banner_list` [ RunTime:0.0145s ]
SQL: SELECT `banner_id`,`name`,`img`,`url` FROM `sex_sys_banner_list` WHERE `type` = 0 AND `state` = 1 ORDER BY sort desc LIMIT 3   [ RunTime:0.0053s ]
SQL: SHOW COLUMNS FROM `sex_resource_movie` [ RunTime:0.0217s ]
SQL: SELECT `movie_id`,`name`,`long`,`movie_url`,`movie_img` FROM `sex_resource_movie` WHERE `state` = 1 ORDER BY push_time desc LIMIT 4   [ RunTime:0.0042s ]
SQL: SHOW COLUMNS FROM `sex_resource_image` [ RunTime:0.0098s ]
SQL: SELECT `image_id`,`name`,`long`,`image_url` FROM `sex_resource_image` WHERE `state` = 1 ORDER BY push_time desc LIMIT 5   [ RunTime:0.0225s ]
SQL: SHOW COLUMNS FROM `sex_resource_fiction` [ RunTime:0.0070s ]
SQL: SELECT `fiction_id`,`name`,`image_url` FROM `sex_resource_fiction` WHERE `state` = 1 ORDER BY push_time desc LIMIT 8   [ RunTime:0.0067s ]

[ 2019-01-16T21:51:04+08:00 ] 192.168.2.33 /WebApi_v1/Resources/getFirstCateGory
INFO: [ app_init ] --START--
INFO: Run Behavior\BuildLiteBehavior [ RunTime:0.000006s ]
INFO: [ app_init ] --END-- [ RunTime:0.000470s ]
INFO: [ app_begin ] --START--
INFO: Run Behavior\ReadHtmlCacheBehavior [ RunTime:0.000716s ]
INFO: [ app_begin ] --END-- [ RunTime:0.000737s ]
SQL: SHOW COLUMNS FROM `sex_sys_conf` [ RunTime:0.0149s ]
NOTIC: [8] Undefined index: user D:\xampp\htdocs\WebApi\Application\WebApi_v1\Controller\UserBaseController.class.php 第 29 行.
SQL: SHOW COLUMNS FROM `sex_sys_category_list` [ RunTime:0.0074s ]

[ 2019-01-16T21:51:04+08:00 ] 192.168.2.33 /WebApi_v1/Index/index
INFO: [ app_init ] --START--
INFO: Run Behavior\BuildLiteBehavior [ RunTime:0.000005s ]
INFO: [ app_init ] --END-- [ RunTime:0.000470s ]
INFO: [ app_begin ] --START--
INFO: Run Behavior\ReadHtmlCacheBehavior [ RunTime:0.000724s ]
INFO: [ app_begin ] --END-- [ RunTime:0.000745s ]
SQL: SHOW COLUMNS FROM `sex_sys_conf` [ RunTime:0.0158s ]
NOTIC: [8] Undefined index: user D:\xampp\htdocs\WebApi\Application\WebApi_v1\Controller\UserBaseController.class.php 第 29 行.
SQL: SHOW COLUMNS FROM `sex_sys_banner_list` [ RunTime:0.0148s ]
SQL: SELECT `banner_id`,`name`,`img`,`url` FROM `sex_sys_banner_list` WHERE `type` = 0 AND `state` = 1 ORDER BY sort desc LIMIT 3   [ RunTime:0.0041s ]
SQL: SHOW COLUMNS FROM `sex_resource_movie` [ RunTime:0.0564s ]
SQL: SELECT `movie_id`,`name`,`long`,`movie_url`,`movie_img` FROM `sex_resource_movie` WHERE `state` = 1 ORDER BY push_time desc LIMIT 4   [ RunTime:0.0958s ]
SQL: SHOW COLUMNS FROM `sex_resource_image` [ RunTime:0.0156s ]
SQL: SELECT `image_id`,`name`,`long`,`image_url` FROM `sex_resource_image` WHERE `state` = 1 ORDER BY push_time desc LIMIT 5   [ RunTime:0.0054s ]
SQL: SHOW COLUMNS FROM `sex_resource_fiction` [ RunTime:0.0076s ]
SQL: SELECT `fiction_id`,`name`,`image_url` FROM `sex_resource_fiction` WHERE `state` = 1 ORDER BY push_time desc LIMIT 8   [ RunTime:0.0060s ]

[ 2019-01-16T21:53:40+08:00 ] 192.168.2.33 /WebApi_v1/Index/index
INFO: [ app_init ] --START--
INFO: Run Behavior\BuildLiteBehavior [ RunTime:0.000036s ]
INFO: [ app_init ] --END-- [ RunTime:0.000538s ]
INFO: [ app_begin ] --START--
INFO: Run Behavior\ReadHtmlCacheBehavior [ RunTime:0.001181s ]
INFO: [ app_begin ] --END-- [ RunTime:0.001241s ]
SQL: SHOW COLUMNS FROM `sex_sys_conf` [ RunTime:0.0176s ]
NOTIC: [8] Undefined index: user D:\xampp\htdocs\WebApi\Application\WebApi_v1\Controller\UserBaseController.class.php 第 29 行.
SQL: SHOW COLUMNS FROM `sex_sys_banner_list` [ RunTime:0.0115s ]
SQL: SELECT `banner_id`,`name`,`img`,`url` FROM `sex_sys_banner_list` WHERE `type` = 0 AND `state` = 1 ORDER BY sort desc LIMIT 3   [ RunTime:0.0039s ]
SQL: SHOW COLUMNS FROM `sex_resource_movie` [ RunTime:0.0115s ]
SQL: SELECT `movie_id`,`name`,`long`,`movie_url`,`movie_img` FROM `sex_resource_movie` WHERE `state` = 1 ORDER BY push_time desc LIMIT 4   [ RunTime:0.0053s ]
SQL: SHOW COLUMNS FROM `sex_resource_image` [ RunTime:0.0117s ]
SQL: SELECT `image_id`,`name`,`long`,`image_url` FROM `sex_resource_image` WHERE `state` = 1 ORDER BY push_time desc LIMIT 5   [ RunTime:0.0065s ]
SQL: SHOW COLUMNS FROM `sex_resource_fiction` [ RunTime:0.0360s ]
SQL: SELECT `fiction_id`,`name`,`image_url` FROM `sex_resource_fiction` WHERE `state` = 1 ORDER BY push_time desc LIMIT 8   [ RunTime:0.0038s ]

[ 2019-01-16T21:53:40+08:00 ] 192.168.2.33 /WebApi_v1/Resources/getFirstCateGory
INFO: [ app_init ] --START--
INFO: Run Behavior\BuildLiteBehavior [ RunTime:0.000007s ]
INFO: [ app_init ] --END-- [ RunTime:0.000650s ]
INFO: [ app_begin ] --START--
INFO: Run Behavior\ReadHtmlCacheBehavior [ RunTime:0.000775s ]
INFO: [ app_begin ] --END-- [ RunTime:0.000801s ]
SQL: SHOW COLUMNS FROM `sex_sys_conf` [ RunTime:0.0077s ]
NOTIC: [8] Undefined index: user D:\xampp\htdocs\WebApi\Application\WebApi_v1\Controller\UserBaseController.class.php 第 29 行.
SQL: SHOW COLUMNS FROM `sex_sys_category_list` [ RunTime:0.0088s ]

[ 2019-01-16T21:53:58+08:00 ] 172.15.91.215 /WebApi_v1/Index/index
INFO: [ app_init ] --START--
INFO: Run Behavior\BuildLiteBehavior [ RunTime:0.000006s ]
INFO: [ app_init ] --END-- [ RunTime:0.000409s ]
INFO: [ app_begin ] --START--
INFO: Run Behavior\ReadHtmlCacheBehavior [ RunTime:0.000555s ]
INFO: [ app_begin ] --END-- [ RunTime:0.000575s ]
SQL: SHOW COLUMNS FROM `sex_sys_conf` [ RunTime:0.0189s ]
NOTIC: [8] Undefined index: user D:\xampp\htdocs\WebApi\Application\WebApi_v1\Controller\UserBaseController.class.php 第 29 行.
SQL: SHOW COLUMNS FROM `sex_sys_banner_list` [ RunTime:0.0122s ]
SQL: SELECT `banner_id`,`name`,`img`,`url` FROM `sex_sys_banner_list` WHERE `type` = 0 AND `state` = 1 ORDER BY sort desc LIMIT 3   [ RunTime:0.0066s ]
SQL: SHOW COLUMNS FROM `sex_resource_movie` [ RunTime:0.0123s ]
SQL: SELECT `movie_id`,`name`,`long`,`movie_url`,`movie_img` FROM `sex_resource_movie` WHERE `state` = 1 ORDER BY push_time desc LIMIT 4   [ RunTime:0.0752s ]
SQL: SHOW COLUMNS FROM `sex_resource_image` [ RunTime:0.0145s ]
SQL: SELECT `image_id`,`name`,`long`,`image_url` FROM `sex_resource_image` WHERE `state` = 1 ORDER BY push_time desc LIMIT 5   [ RunTime:0.0042s ]
SQL: SHOW COLUMNS FROM `sex_resource_fiction` [ RunTime:0.0096s ]
SQL: SELECT `fiction_id`,`name`,`image_url` FROM `sex_resource_fiction` WHERE `state` = 1 ORDER BY push_time desc LIMIT 8   [ RunTime:0.0041s ]

[ 2019-01-16T21:53:59+08:00 ] 172.15.91.215 /WebApi_v1/Resources/getFirstCateGory
INFO: [ app_init ] --START--
INFO: Run Behavior\BuildLiteBehavior [ RunTime:0.000005s ]
INFO: [ app_init ] --END-- [ RunTime:0.000425s ]
INFO: [ app_begin ] --START--
INFO: Run Behavior\ReadHtmlCacheBehavior [ RunTime:0.000632s ]
INFO: [ app_begin ] --END-- [ RunTime:0.000655s ]
SQL: SHOW COLUMNS FROM `sex_sys_conf` [ RunTime:0.0103s ]
NOTIC: [8] Undefined index: user D:\xampp\htdocs\WebApi\Application\WebApi_v1\Controller\UserBaseController.class.php 第 29 行.
SQL: SHOW COLUMNS FROM `sex_sys_category_list` [ RunTime:0.0083s ]

[ 2019-01-16T21:54:06+08:00 ] 172.15.91.215 /WebApi_v1/Resources/getFirstCateGory
INFO: [ app_init ] --START--
INFO: Run Behavior\BuildLiteBehavior [ RunTime:0.000008s ]
INFO: [ app_init ] --END-- [ RunTime:0.000428s ]
INFO: [ app_begin ] --START--
INFO: Run Behavior\ReadHtmlCacheBehavior [ RunTime:0.000567s ]
INFO: [ app_begin ] --END-- [ RunTime:0.000587s ]
SQL: SHOW COLUMNS FROM `sex_sys_conf` [ RunTime:0.0203s ]
NOTIC: [8] Undefined index: user D:\xampp\htdocs\WebApi\Application\WebApi_v1\Controller\UserBaseController.class.php 第 29 行.
SQL: SHOW COLUMNS FROM `sex_sys_category_list` [ RunTime:0.0466s ]

[ 2019-01-16T21:54:06+08:00 ] 172.15.91.215 /WebApi_v1/Index/index
INFO: [ app_init ] --START--
INFO: Run Behavior\BuildLiteBehavior [ RunTime:0.000006s ]
INFO: [ app_init ] --END-- [ RunTime:0.000424s ]
INFO: [ app_begin ] --START--
INFO: Run Behavior\ReadHtmlCacheBehavior [ RunTime:0.000599s ]
INFO: [ app_begin ] --END-- [ RunTime:0.000621s ]
SQL: SHOW COLUMNS FROM `sex_sys_conf` [ RunTime:0.0149s ]
NOTIC: [8] Undefined index: user D:\xampp\htdocs\WebApi\Application\WebApi_v1\Controller\UserBaseController.class.php 第 29 行.
SQL: SHOW COLUMNS FROM `sex_sys_banner_list` [ RunTime:0.0110s ]
SQL: SELECT `banner_id`,`name`,`img`,`url` FROM `sex_sys_banner_list` WHERE `type` = 0 AND `state` = 1 ORDER BY sort desc LIMIT 3   [ RunTime:0.0217s ]
SQL: SHOW COLUMNS FROM `sex_resource_movie` [ RunTime:0.0163s ]
SQL: SELECT `movie_id`,`name`,`long`,`movie_url`,`movie_img` FROM `sex_resource_movie` WHERE `state` = 1 ORDER BY push_time desc LIMIT 4   [ RunTime:0.0323s ]
SQL: SHOW COLUMNS FROM `sex_resource_image` [ RunTime:0.0145s ]
SQL: SELECT `image_id`,`name`,`long`,`image_url` FROM `sex_resource_image` WHERE `state` = 1 ORDER BY push_time desc LIMIT 5   [ RunTime:0.0037s ]
SQL: SHOW COLUMNS FROM `sex_resource_fiction` [ RunTime:0.0187s ]
SQL: SELECT `fiction_id`,`name`,`image_url` FROM `sex_resource_fiction` WHERE `state` = 1 ORDER BY push_time desc LIMIT 8   [ RunTime:0.0049s ]

[ 2019-01-16T21:57:29+08:00 ] 172.15.78.186 /WebApi_v1/Index/index
INFO: [ app_init ] --START--
INFO: Run Behavior\BuildLiteBehavior [ RunTime:0.000006s ]
INFO: [ app_init ] --END-- [ RunTime:0.000469s ]
INFO: [ app_begin ] --START--
INFO: Run Behavior\ReadHtmlCacheBehavior [ RunTime:0.000705s ]
INFO: [ app_begin ] --END-- [ RunTime:0.000741s ]
SQL: SHOW COLUMNS FROM `sex_sys_conf` [ RunTime:0.0244s ]
NOTIC: [8] Undefined index: user D:\xampp\htdocs\WebApi\Application\WebApi_v1\Controller\UserBaseController.class.php 第 29 行.
SQL: SHOW COLUMNS FROM `sex_sys_banner_list` [ RunTime:0.0893s ]
SQL: SELECT `banner_id`,`name`,`img`,`url` FROM `sex_sys_banner_list` WHERE `type` = 0 AND `state` = 1 ORDER BY sort desc LIMIT 3   [ RunTime:0.0743s ]
SQL: SHOW COLUMNS FROM `sex_resource_movie` [ RunTime:0.1075s ]
SQL: SELECT `movie_id`,`name`,`long`,`movie_url`,`movie_img` FROM `sex_resource_movie` WHERE `state` = 1 ORDER BY push_time desc LIMIT 4   [ RunTime:0.0042s ]
SQL: SHOW COLUMNS FROM `sex_resource_image` [ RunTime:0.0095s ]
SQL: SELECT `image_id`,`name`,`long`,`image_url` FROM `sex_resource_image` WHERE `state` = 1 ORDER BY push_time desc LIMIT 5   [ RunTime:0.0061s ]
SQL: SHOW COLUMNS FROM `sex_resource_fiction` [ RunTime:0.0068s ]
SQL: SELECT `fiction_id`,`name`,`image_url` FROM `sex_resource_fiction` WHERE `state` = 1 ORDER BY push_time desc LIMIT 8   [ RunTime:0.0691s ]

[ 2019-01-16T21:57:36+08:00 ] 172.15.78.186 /WebApi_v1/Index/index
INFO: [ app_init ] --START--
INFO: Run Behavior\BuildLiteBehavior [ RunTime:0.000005s ]
INFO: [ app_init ] --END-- [ RunTime:0.000360s ]
INFO: [ app_begin ] --START--
INFO: Run Behavior\ReadHtmlCacheBehavior [ RunTime:0.000710s ]
INFO: [ app_begin ] --END-- [ RunTime:0.000736s ]
SQL: SHOW COLUMNS FROM `sex_sys_conf` [ RunTime:0.0147s ]
NOTIC: [8] Undefined index: user D:\xampp\htdocs\WebApi\Application\WebApi_v1\Controller\UserBaseController.class.php 第 29 行.
SQL: SHOW COLUMNS FROM `sex_sys_banner_list` [ RunTime:0.0111s ]
SQL: SELECT `banner_id`,`name`,`img`,`url` FROM `sex_sys_banner_list` WHERE `type` = 0 AND `state` = 1 ORDER BY sort desc LIMIT 3   [ RunTime:0.0602s ]
SQL: SHOW COLUMNS FROM `sex_resource_movie` [ RunTime:0.0107s ]
SQL: SELECT `movie_id`,`name`,`long`,`movie_url`,`movie_img` FROM `sex_resource_movie` WHERE `state` = 1 ORDER BY push_time desc LIMIT 4   [ RunTime:0.0068s ]
SQL: SHOW COLUMNS FROM `sex_resource_image` [ RunTime:0.0103s ]
SQL: SELECT `image_id`,`name`,`long`,`image_url` FROM `sex_resource_image` WHERE `state` = 1 ORDER BY push_time desc LIMIT 5   [ RunTime:0.0093s ]
SQL: SHOW COLUMNS FROM `sex_resource_fiction` [ RunTime:0.0681s ]
SQL: SELECT `fiction_id`,`name`,`image_url` FROM `sex_resource_fiction` WHERE `state` = 1 ORDER BY push_time desc LIMIT 8   [ RunTime:0.0042s ]

