[ 2019-01-14T00:36:49+08:00 ] 172.15.78.186 /WebApi_v1/Index/index
INFO: [ app_init ] --START--
INFO: Run Behavior\BuildLiteBehavior [ RunTime:0.000010s ]
INFO: [ app_init ] --END-- [ RunTime:0.000680s ]
INFO: [ app_begin ] --START--
INFO: Run Behavior\ReadHtmlCacheBehavior [ RunTime:0.001697s ]
INFO: [ app_begin ] --END-- [ RunTime:0.001753s ]
SQL: SHOW COLUMNS FROM `sex_sys_conf` [ RunTime:0.0152s ]
NOTIC: [8] Undefined index: user D:\xampp\htdocs\WebApi\Application\WebApi_v1\Controller\UserBaseController.class.php 第 29 行.
SQL: SHOW COLUMNS FROM `sex_sys_banner_list` [ RunTime:0.0118s ]
SQL: SELECT `banner_id`,`name`,`img`,`url` FROM `sex_sys_banner_list` WHERE `type` = 0 AND `state` = 1 ORDER BY sort desc LIMIT 3   [ RunTime:0.0125s ]
SQL: SHOW COLUMNS FROM `sex_resource_movie` [ RunTime:0.0110s ]
SQL: SELECT `movie_id`,`name`,`long`,`movie_url`,`movie_img` FROM `sex_resource_movie` WHERE `state` = 1 ORDER BY push_time desc LIMIT 4   [ RunTime:0.0053s ]
SQL: SHOW COLUMNS FROM `sex_resource_image` [ RunTime:0.0183s ]
SQL: SELECT `image_id`,`name`,`long`,`image_url` FROM `sex_resource_image` WHERE `state` = 1 ORDER BY push_time desc LIMIT 5   [ RunTime:0.0097s ]
SQL: SHOW COLUMNS FROM `sex_resource_fiction` [ RunTime:0.0183s ]
SQL: SELECT `fiction_id`,`name`,`image_url` FROM `sex_resource_fiction` WHERE `state` = 1 ORDER BY push_time desc LIMIT 8   [ RunTime:0.0048s ]

[ 2019-01-14T12:10:15+08:00 ] 172.15.91.215 /WebApi_v1/Index/index
INFO: [ app_init ] --START--
INFO: Run Behavior\BuildLiteBehavior [ RunTime:0.000026s ]
INFO: [ app_init ] --END-- [ RunTime:0.002453s ]
INFO: [ app_begin ] --START--
INFO: Run Behavior\ReadHtmlCacheBehavior [ RunTime:0.003445s ]
INFO: [ app_begin ] --END-- [ RunTime:0.003541s ]
SQL: SHOW COLUMNS FROM `sex_sys_conf` [ RunTime:0.0426s ]
NOTIC: [8] Undefined index: user D:\xampp\htdocs\WebApi\Application\WebApi_v1\Controller\UserBaseController.class.php 第 29 行.
SQL: SHOW COLUMNS FROM `sex_sys_banner_list` [ RunTime:0.0158s ]
SQL: SELECT `banner_id`,`name`,`img`,`url` FROM `sex_sys_banner_list` WHERE `type` = 0 AND `state` = 1 ORDER BY sort desc LIMIT 3   [ RunTime:0.0109s ]
SQL: SHOW COLUMNS FROM `sex_resource_movie` [ RunTime:0.0217s ]
SQL: SELECT `movie_id`,`name`,`long`,`movie_url`,`movie_img` FROM `sex_resource_movie` WHERE `state` = 1 ORDER BY push_time desc LIMIT 4   [ RunTime:0.0062s ]
SQL: SHOW COLUMNS FROM `sex_resource_image` [ RunTime:0.0189s ]
SQL: SELECT `image_id`,`name`,`long`,`image_url` FROM `sex_resource_image` WHERE `state` = 1 ORDER BY push_time desc LIMIT 5   [ RunTime:0.0085s ]
SQL: SHOW COLUMNS FROM `sex_resource_fiction` [ RunTime:0.0165s ]
SQL: SELECT `fiction_id`,`name`,`image_url` FROM `sex_resource_fiction` WHERE `state` = 1 ORDER BY push_time desc LIMIT 8   [ RunTime:0.0052s ]

[ 2019-01-14T12:10:15+08:00 ] 172.15.91.215 /WebApi_v1/Resources/getFirstCateGory
INFO: [ app_init ] --START--
INFO: Run Behavior\BuildLiteBehavior [ RunTime:0.000034s ]
INFO: [ app_init ] --END-- [ RunTime:0.004318s ]
INFO: [ app_begin ] --START--
INFO: Run Behavior\ReadHtmlCacheBehavior [ RunTime:0.005301s ]
INFO: [ app_begin ] --END-- [ RunTime:0.005409s ]
SQL: SHOW COLUMNS FROM `sex_sys_conf` [ RunTime:0.0116s ]
NOTIC: [8] Undefined index: user D:\xampp\htdocs\WebApi\Application\WebApi_v1\Controller\UserBaseController.class.php 第 29 行.
SQL: SHOW COLUMNS FROM `sex_sys_category_list` [ RunTime:0.0199s ]

[ 2019-01-14T20:18:40+08:00 ] 172.15.91.215 /WebApi_v1/Index/index
INFO: [ app_init ] --START--
INFO: Run Behavior\BuildLiteBehavior [ RunTime:0.000010s ]
INFO: [ app_init ] --END-- [ RunTime:0.000552s ]
INFO: [ app_begin ] --START--
INFO: Run Behavior\ReadHtmlCacheBehavior [ RunTime:0.000781s ]
INFO: [ app_begin ] --END-- [ RunTime:0.000804s ]
SQL: SHOW COLUMNS FROM `sex_sys_conf` [ RunTime:0.0324s ]
NOTIC: [8] Undefined index: user D:\xampp\htdocs\WebApi\Application\WebApi_v1\Controller\UserBaseController.class.php 第 29 行.
SQL: SHOW COLUMNS FROM `sex_sys_banner_list` [ RunTime:0.0142s ]
SQL: SELECT `banner_id`,`name`,`img`,`url` FROM `sex_sys_banner_list` WHERE `type` = 0 AND `state` = 1 ORDER BY sort desc LIMIT 3   [ RunTime:0.0489s ]
SQL: SHOW COLUMNS FROM `sex_resource_movie` [ RunTime:0.0222s ]
SQL: SELECT `movie_id`,`name`,`long`,`movie_url`,`movie_img` FROM `sex_resource_movie` WHERE `state` = 1 ORDER BY push_time desc LIMIT 4   [ RunTime:0.0037s ]
SQL: SHOW COLUMNS FROM `sex_resource_image` [ RunTime:0.0190s ]
SQL: SELECT `image_id`,`name`,`long`,`image_url` FROM `sex_resource_image` WHERE `state` = 1 ORDER BY push_time desc LIMIT 5   [ RunTime:0.0071s ]
SQL: SHOW COLUMNS FROM `sex_resource_fiction` [ RunTime:0.0666s ]
SQL: SELECT `fiction_id`,`name`,`image_url` FROM `sex_resource_fiction` WHERE `state` = 1 ORDER BY push_time desc LIMIT 8   [ RunTime:0.0039s ]

[ 2019-01-14T20:18:40+08:00 ] 172.15.91.215 /WebApi_v1/Resources/getFirstCateGory
INFO: [ app_init ] --START--
INFO: Run Behavior\BuildLiteBehavior [ RunTime:0.000009s ]
INFO: [ app_init ] --END-- [ RunTime:0.000560s ]
INFO: [ app_begin ] --START--
INFO: Run Behavior\ReadHtmlCacheBehavior [ RunTime:0.000760s ]
INFO: [ app_begin ] --END-- [ RunTime:0.000783s ]
SQL: SHOW COLUMNS FROM `sex_sys_conf` [ RunTime:0.0121s ]
NOTIC: [8] Undefined index: user D:\xampp\htdocs\WebApi\Application\WebApi_v1\Controller\UserBaseController.class.php 第 29 行.
SQL: SHOW COLUMNS FROM `sex_sys_category_list` [ RunTime:0.0129s ]

[ 2019-01-14T20:22:01+08:00 ] 172.15.78.186 /WebApi_v1/Resources/getFirstCateGory
INFO: [ app_init ] --START--
INFO: Run Behavior\BuildLiteBehavior [ RunTime:0.000008s ]
INFO: [ app_init ] --END-- [ RunTime:0.000537s ]
INFO: [ app_begin ] --START--
INFO: Run Behavior\ReadHtmlCacheBehavior [ RunTime:0.000799s ]
INFO: [ app_begin ] --END-- [ RunTime:0.000827s ]
SQL: SHOW COLUMNS FROM `sex_sys_conf` [ RunTime:0.0171s ]
NOTIC: [8] Undefined index: user D:\xampp\htdocs\WebApi\Application\WebApi_v1\Controller\UserBaseController.class.php 第 29 行.
SQL: SHOW COLUMNS FROM `sex_sys_category_list` [ RunTime:0.0827s ]

[ 2019-01-14T20:22:08+08:00 ] 172.15.78.186 /WebApi_v1/Index/index
INFO: [ app_init ] --START--
INFO: Run Behavior\BuildLiteBehavior [ RunTime:0.000007s ]
INFO: [ app_init ] --END-- [ RunTime:0.000418s ]
INFO: [ app_begin ] --START--
INFO: Run Behavior\ReadHtmlCacheBehavior [ RunTime:0.000558s ]
INFO: [ app_begin ] --END-- [ RunTime:0.000580s ]
SQL: SHOW COLUMNS FROM `sex_sys_conf` [ RunTime:0.0143s ]
NOTIC: [8] Undefined index: user D:\xampp\htdocs\WebApi\Application\WebApi_v1\Controller\UserBaseController.class.php 第 29 行.
SQL: SHOW COLUMNS FROM `sex_sys_banner_list` [ RunTime:0.0240s ]
SQL: SELECT `banner_id`,`name`,`img`,`url` FROM `sex_sys_banner_list` WHERE `type` = 0 AND `state` = 1 ORDER BY sort desc LIMIT 3   [ RunTime:0.0798s ]
SQL: SHOW COLUMNS FROM `sex_resource_movie` [ RunTime:0.0138s ]
SQL: SELECT `movie_id`,`name`,`long`,`movie_url`,`movie_img` FROM `sex_resource_movie` WHERE `state` = 1 ORDER BY push_time desc LIMIT 4   [ RunTime:0.0039s ]
SQL: SHOW COLUMNS FROM `sex_resource_image` [ RunTime:0.0104s ]
SQL: SELECT `image_id`,`name`,`long`,`image_url` FROM `sex_resource_image` WHERE `state` = 1 ORDER BY push_time desc LIMIT 5   [ RunTime:0.0083s ]
SQL: SHOW COLUMNS FROM `sex_resource_fiction` [ RunTime:0.0517s ]
SQL: SELECT `fiction_id`,`name`,`image_url` FROM `sex_resource_fiction` WHERE `state` = 1 ORDER BY push_time desc LIMIT 8   [ RunTime:0.0044s ]

[ 2019-01-14T20:23:42+08:00 ] 172.15.78.186 /WebApi_v1/Index/index
INFO: [ app_init ] --START--
INFO: Run Behavior\BuildLiteBehavior [ RunTime:0.000005s ]
INFO: [ app_init ] --END-- [ RunTime:0.000397s ]
INFO: [ app_begin ] --START--
INFO: Run Behavior\ReadHtmlCacheBehavior [ RunTime:0.000570s ]
INFO: [ app_begin ] --END-- [ RunTime:0.000592s ]
SQL: SHOW COLUMNS FROM `sex_sys_conf` [ RunTime:0.0226s ]
NOTIC: [8] Undefined index: user D:\xampp\htdocs\WebApi\Application\WebApi_v1\Controller\UserBaseController.class.php 第 29 行.
SQL: SHOW COLUMNS FROM `sex_sys_banner_list` [ RunTime:0.0120s ]
SQL: SELECT `banner_id`,`name`,`img`,`url` FROM `sex_sys_banner_list` WHERE `type` = 0 AND `state` = 1 ORDER BY sort desc LIMIT 3   [ RunTime:0.0547s ]
SQL: SHOW COLUMNS FROM `sex_resource_movie` [ RunTime:0.0126s ]
SQL: SELECT `movie_id`,`name`,`long`,`movie_url`,`movie_img` FROM `sex_resource_movie` WHERE `state` = 1 ORDER BY push_time desc LIMIT 4   [ RunTime:0.0055s ]
SQL: SHOW COLUMNS FROM `sex_resource_image` [ RunTime:0.0114s ]
SQL: SELECT `image_id`,`name`,`long`,`image_url` FROM `sex_resource_image` WHERE `state` = 1 ORDER BY push_time desc LIMIT 5   [ RunTime:0.0080s ]
SQL: SHOW COLUMNS FROM `sex_resource_fiction` [ RunTime:0.0193s ]
SQL: SELECT `fiction_id`,`name`,`image_url` FROM `sex_resource_fiction` WHERE `state` = 1 ORDER BY push_time desc LIMIT 8   [ RunTime:0.0047s ]

[ 2019-01-14T20:23:47+08:00 ] 172.15.78.186 /WebApi_v1/Index/index
INFO: [ app_init ] --START--
INFO: Run Behavior\BuildLiteBehavior [ RunTime:0.000008s ]
INFO: [ app_init ] --END-- [ RunTime:0.000385s ]
INFO: [ app_begin ] --START--
INFO: Run Behavior\ReadHtmlCacheBehavior [ RunTime:0.000540s ]
INFO: [ app_begin ] --END-- [ RunTime:0.000562s ]
SQL: SHOW COLUMNS FROM `sex_sys_conf` [ RunTime:0.0142s ]
NOTIC: [8] Undefined index: user D:\xampp\htdocs\WebApi\Application\WebApi_v1\Controller\UserBaseController.class.php 第 29 行.
SQL: SHOW COLUMNS FROM `sex_sys_banner_list` [ RunTime:0.0237s ]
SQL: SELECT `banner_id`,`name`,`img`,`url` FROM `sex_sys_banner_list` WHERE `type` = 0 AND `state` = 1 ORDER BY sort desc LIMIT 3   [ RunTime:0.0042s ]
SQL: SHOW COLUMNS FROM `sex_resource_movie` [ RunTime:0.0331s ]
SQL: SELECT `movie_id`,`name`,`long`,`movie_url`,`movie_img` FROM `sex_resource_movie` WHERE `state` = 1 ORDER BY push_time desc LIMIT 4   [ RunTime:0.0268s ]
SQL: SHOW COLUMNS FROM `sex_resource_image` [ RunTime:0.1025s ]
SQL: SELECT `image_id`,`name`,`long`,`image_url` FROM `sex_resource_image` WHERE `state` = 1 ORDER BY push_time desc LIMIT 5   [ RunTime:0.0100s ]
SQL: SHOW COLUMNS FROM `sex_resource_fiction` [ RunTime:0.1902s ]
SQL: SELECT `fiction_id`,`name`,`image_url` FROM `sex_resource_fiction` WHERE `state` = 1 ORDER BY push_time desc LIMIT 8   [ RunTime:0.1279s ]

[ 2019-01-14T20:23:47+08:00 ] 172.15.78.186 /WebApi_v1/Resources/getFirstCateGory
INFO: [ app_init ] --START--
INFO: Run Behavior\BuildLiteBehavior [ RunTime:0.000010s ]
INFO: [ app_init ] --END-- [ RunTime:0.000952s ]
INFO: [ app_begin ] --START--
INFO: Run Behavior\ReadHtmlCacheBehavior [ RunTime:0.000819s ]
INFO: [ app_begin ] --END-- [ RunTime:0.000848s ]
SQL: SHOW COLUMNS FROM `sex_sys_conf` [ RunTime:0.0122s ]
NOTIC: [8] Undefined index: user D:\xampp\htdocs\WebApi\Application\WebApi_v1\Controller\UserBaseController.class.php 第 29 行.
SQL: SHOW COLUMNS FROM `sex_sys_category_list` [ RunTime:0.0074s ]

[ 2019-01-14T20:23:52+08:00 ] 172.15.78.186 /WebApi_v1/Resources/getFirstCateGory
INFO: [ app_init ] --START--
INFO: Run Behavior\BuildLiteBehavior [ RunTime:0.000005s ]
INFO: [ app_init ] --END-- [ RunTime:0.000394s ]
INFO: [ app_begin ] --START--
INFO: Run Behavior\ReadHtmlCacheBehavior [ RunTime:0.000557s ]
INFO: [ app_begin ] --END-- [ RunTime:0.000580s ]
SQL: SHOW COLUMNS FROM `sex_sys_conf` [ RunTime:0.0142s ]
NOTIC: [8] Undefined index: user D:\xampp\htdocs\WebApi\Application\WebApi_v1\Controller\UserBaseController.class.php 第 29 行.
SQL: SHOW COLUMNS FROM `sex_sys_category_list` [ RunTime:0.0094s ]

[ 2019-01-14T20:23:58+08:00 ] 172.15.78.186 /WebApi_v1/Index/index
INFO: [ app_init ] --START--
INFO: Run Behavior\BuildLiteBehavior [ RunTime:0.000006s ]
INFO: [ app_init ] --END-- [ RunTime:0.000376s ]
INFO: [ app_begin ] --START--
INFO: Run Behavior\ReadHtmlCacheBehavior [ RunTime:0.000531s ]
INFO: [ app_begin ] --END-- [ RunTime:0.000553s ]
SQL: SHOW COLUMNS FROM `sex_sys_conf` [ RunTime:0.0730s ]
NOTIC: [8] Undefined index: user D:\xampp\htdocs\WebApi\Application\WebApi_v1\Controller\UserBaseController.class.php 第 29 行.
SQL: SHOW COLUMNS FROM `sex_sys_banner_list` [ RunTime:0.0169s ]
SQL: SELECT `banner_id`,`name`,`img`,`url` FROM `sex_sys_banner_list` WHERE `type` = 0 AND `state` = 1 ORDER BY sort desc LIMIT 3   [ RunTime:0.1240s ]
SQL: SHOW COLUMNS FROM `sex_resource_movie` [ RunTime:0.0132s ]
SQL: SELECT `movie_id`,`name`,`long`,`movie_url`,`movie_img` FROM `sex_resource_movie` WHERE `state` = 1 ORDER BY push_time desc LIMIT 4   [ RunTime:0.0057s ]
SQL: SHOW COLUMNS FROM `sex_resource_image` [ RunTime:0.0108s ]
SQL: SELECT `image_id`,`name`,`long`,`image_url` FROM `sex_resource_image` WHERE `state` = 1 ORDER BY push_time desc LIMIT 5   [ RunTime:0.0289s ]
SQL: SHOW COLUMNS FROM `sex_resource_fiction` [ RunTime:0.0085s ]
SQL: SELECT `fiction_id`,`name`,`image_url` FROM `sex_resource_fiction` WHERE `state` = 1 ORDER BY push_time desc LIMIT 8   [ RunTime:0.0060s ]

[ 2019-01-14T20:24:04+08:00 ] 172.15.78.186 /WebApi_v1/Index/index
INFO: [ app_init ] --START--
INFO: Run Behavior\BuildLiteBehavior [ RunTime:0.000007s ]
INFO: [ app_init ] --END-- [ RunTime:0.000500s ]
INFO: [ app_begin ] --START--
INFO: Run Behavior\ReadHtmlCacheBehavior [ RunTime:0.001483s ]
INFO: [ app_begin ] --END-- [ RunTime:0.001560s ]
SQL: SHOW COLUMNS FROM `sex_sys_conf` [ RunTime:0.0233s ]
NOTIC: [8] Undefined index: user D:\xampp\htdocs\WebApi\Application\WebApi_v1\Controller\UserBaseController.class.php 第 29 行.
SQL: SHOW COLUMNS FROM `sex_sys_banner_list` [ RunTime:0.0112s ]
SQL: SELECT `banner_id`,`name`,`img`,`url` FROM `sex_sys_banner_list` WHERE `type` = 0 AND `state` = 1 ORDER BY sort desc LIMIT 3   [ RunTime:0.0060s ]
SQL: SHOW COLUMNS FROM `sex_resource_movie` [ RunTime:0.0342s ]
SQL: SELECT `movie_id`,`name`,`long`,`movie_url`,`movie_img` FROM `sex_resource_movie` WHERE `state` = 1 ORDER BY push_time desc LIMIT 4   [ RunTime:0.0075s ]
SQL: SHOW COLUMNS FROM `sex_resource_image` [ RunTime:0.0126s ]
SQL: SELECT `image_id`,`name`,`long`,`image_url` FROM `sex_resource_image` WHERE `state` = 1 ORDER BY push_time desc LIMIT 5   [ RunTime:0.0085s ]
SQL: SHOW COLUMNS FROM `sex_resource_fiction` [ RunTime:0.0595s ]
SQL: SELECT `fiction_id`,`name`,`image_url` FROM `sex_resource_fiction` WHERE `state` = 1 ORDER BY push_time desc LIMIT 8   [ RunTime:0.0343s ]

[ 2019-01-14T20:24:04+08:00 ] 172.15.78.186 /WebApi_v1/Resources/getFirstCateGory
INFO: [ app_init ] --START--
INFO: Run Behavior\BuildLiteBehavior [ RunTime:0.000006s ]
INFO: [ app_init ] --END-- [ RunTime:0.000436s ]
INFO: [ app_begin ] --START--
INFO: Run Behavior\ReadHtmlCacheBehavior [ RunTime:0.000568s ]
INFO: [ app_begin ] --END-- [ RunTime:0.000591s ]
SQL: SHOW COLUMNS FROM `sex_sys_conf` [ RunTime:0.0126s ]
NOTIC: [8] Undefined index: user D:\xampp\htdocs\WebApi\Application\WebApi_v1\Controller\UserBaseController.class.php 第 29 行.
SQL: SHOW COLUMNS FROM `sex_sys_category_list` [ RunTime:0.0310s ]

[ 2019-01-14T20:26:44+08:00 ] 172.15.78.186 /WebApi_v1/Index/index
INFO: [ app_init ] --START--
INFO: Run Behavior\BuildLiteBehavior [ RunTime:0.000006s ]
INFO: [ app_init ] --END-- [ RunTime:0.000461s ]
INFO: [ app_begin ] --START--
INFO: Run Behavior\ReadHtmlCacheBehavior [ RunTime:0.000698s ]
INFO: [ app_begin ] --END-- [ RunTime:0.000719s ]
SQL: SHOW COLUMNS FROM `sex_sys_conf` [ RunTime:0.0174s ]
NOTIC: [8] Undefined index: user D:\xampp\htdocs\WebApi\Application\WebApi_v1\Controller\UserBaseController.class.php 第 29 行.
SQL: SHOW COLUMNS FROM `sex_sys_banner_list` [ RunTime:0.0117s ]
SQL: SELECT `banner_id`,`name`,`img`,`url` FROM `sex_sys_banner_list` WHERE `type` = 0 AND `state` = 1 ORDER BY sort desc LIMIT 3   [ RunTime:0.0206s ]
SQL: SHOW COLUMNS FROM `sex_resource_movie` [ RunTime:0.1251s ]
SQL: SELECT `movie_id`,`name`,`long`,`movie_url`,`movie_img` FROM `sex_resource_movie` WHERE `state` = 1 ORDER BY push_time desc LIMIT 4   [ RunTime:0.0072s ]
SQL: SHOW COLUMNS FROM `sex_resource_image` [ RunTime:0.0109s ]
SQL: SELECT `image_id`,`name`,`long`,`image_url` FROM `sex_resource_image` WHERE `state` = 1 ORDER BY push_time desc LIMIT 5   [ RunTime:0.0085s ]
SQL: SHOW COLUMNS FROM `sex_resource_fiction` [ RunTime:0.0098s ]
SQL: SELECT `fiction_id`,`name`,`image_url` FROM `sex_resource_fiction` WHERE `state` = 1 ORDER BY push_time desc LIMIT 8   [ RunTime:0.0039s ]

[ 2019-01-14T20:26:52+08:00 ] 172.15.78.186 /WebApi_v1/Index/index
INFO: [ app_init ] --START--
INFO: Run Behavior\BuildLiteBehavior [ RunTime:0.000005s ]
INFO: [ app_init ] --END-- [ RunTime:0.000373s ]
INFO: [ app_begin ] --START--
INFO: Run Behavior\ReadHtmlCacheBehavior [ RunTime:0.000581s ]
INFO: [ app_begin ] --END-- [ RunTime:0.000604s ]
SQL: SHOW COLUMNS FROM `sex_sys_conf` [ RunTime:0.0144s ]
NOTIC: [8] Undefined index: user D:\xampp\htdocs\WebApi\Application\WebApi_v1\Controller\UserBaseController.class.php 第 29 行.
SQL: SHOW COLUMNS FROM `sex_sys_banner_list` [ RunTime:0.0110s ]
SQL: SELECT `banner_id`,`name`,`img`,`url` FROM `sex_sys_banner_list` WHERE `type` = 0 AND `state` = 1 ORDER BY sort desc LIMIT 3   [ RunTime:0.0602s ]
SQL: SHOW COLUMNS FROM `sex_resource_movie` [ RunTime:0.0112s ]
SQL: SELECT `movie_id`,`name`,`long`,`movie_url`,`movie_img` FROM `sex_resource_movie` WHERE `state` = 1 ORDER BY push_time desc LIMIT 4   [ RunTime:0.0044s ]
SQL: SHOW COLUMNS FROM `sex_resource_image` [ RunTime:0.0176s ]
SQL: SELECT `image_id`,`name`,`long`,`image_url` FROM `sex_resource_image` WHERE `state` = 1 ORDER BY push_time desc LIMIT 5   [ RunTime:0.0104s ]
SQL: SHOW COLUMNS FROM `sex_resource_fiction` [ RunTime:0.0371s ]
SQL: SELECT `fiction_id`,`name`,`image_url` FROM `sex_resource_fiction` WHERE `state` = 1 ORDER BY push_time desc LIMIT 8   [ RunTime:0.0047s ]

[ 2019-01-14T20:26:56+08:00 ] 172.15.78.186 /WebApi_v1/Index/index
INFO: [ app_init ] --START--
INFO: Run Behavior\BuildLiteBehavior [ RunTime:0.000006s ]
INFO: [ app_init ] --END-- [ RunTime:0.000371s ]
INFO: [ app_begin ] --START--
INFO: Run Behavior\ReadHtmlCacheBehavior [ RunTime:0.000560s ]
INFO: [ app_begin ] --END-- [ RunTime:0.000581s ]
SQL: SHOW COLUMNS FROM `sex_sys_conf` [ RunTime:0.0150s ]
NOTIC: [8] Undefined index: user D:\xampp\htdocs\WebApi\Application\WebApi_v1\Controller\UserBaseController.class.php 第 29 行.
SQL: SHOW COLUMNS FROM `sex_sys_banner_list` [ RunTime:0.0118s ]
SQL: SELECT `banner_id`,`name`,`img`,`url` FROM `sex_sys_banner_list` WHERE `type` = 0 AND `state` = 1 ORDER BY sort desc LIMIT 3   [ RunTime:0.0050s ]
SQL: SHOW COLUMNS FROM `sex_resource_movie` [ RunTime:0.0131s ]
SQL: SELECT `movie_id`,`name`,`long`,`movie_url`,`movie_img` FROM `sex_resource_movie` WHERE `state` = 1 ORDER BY push_time desc LIMIT 4   [ RunTime:0.0046s ]
SQL: SHOW COLUMNS FROM `sex_resource_image` [ RunTime:0.0123s ]
SQL: SELECT `image_id`,`name`,`long`,`image_url` FROM `sex_resource_image` WHERE `state` = 1 ORDER BY push_time desc LIMIT 5   [ RunTime:0.0091s ]
SQL: SHOW COLUMNS FROM `sex_resource_fiction` [ RunTime:0.0100s ]
SQL: SELECT `fiction_id`,`name`,`image_url` FROM `sex_resource_fiction` WHERE `state` = 1 ORDER BY push_time desc LIMIT 8   [ RunTime:0.0043s ]

[ 2019-01-14T20:27:05+08:00 ] 172.15.78.186 /WebApi_v1/Resources/getFirstCateGory
INFO: [ app_init ] --START--
INFO: Run Behavior\BuildLiteBehavior [ RunTime:0.000006s ]
INFO: [ app_init ] --END-- [ RunTime:0.000395s ]
INFO: [ app_begin ] --START--
INFO: Run Behavior\ReadHtmlCacheBehavior [ RunTime:0.000548s ]
INFO: [ app_begin ] --END-- [ RunTime:0.000574s ]
SQL: SHOW COLUMNS FROM `sex_sys_conf` [ RunTime:0.0151s ]
NOTIC: [8] Undefined index: user D:\xampp\htdocs\WebApi\Application\WebApi_v1\Controller\UserBaseController.class.php 第 29 行.
SQL: SHOW COLUMNS FROM `sex_sys_category_list` [ RunTime:0.0859s ]

[ 2019-01-14T20:27:08+08:00 ] 172.15.78.186 /WebApi_v1/Index/index
INFO: [ app_init ] --START--
INFO: Run Behavior\BuildLiteBehavior [ RunTime:0.000006s ]
INFO: [ app_init ] --END-- [ RunTime:0.000414s ]
INFO: [ app_begin ] --START--
INFO: Run Behavior\ReadHtmlCacheBehavior [ RunTime:0.000607s ]
INFO: [ app_begin ] --END-- [ RunTime:0.000628s ]
SQL: SHOW COLUMNS FROM `sex_sys_conf` [ RunTime:0.0162s ]
NOTIC: [8] Undefined index: user D:\xampp\htdocs\WebApi\Application\WebApi_v1\Controller\UserBaseController.class.php 第 29 行.
SQL: SHOW COLUMNS FROM `sex_sys_banner_list` [ RunTime:0.0139s ]
SQL: SELECT `banner_id`,`name`,`img`,`url` FROM `sex_sys_banner_list` WHERE `type` = 0 AND `state` = 1 ORDER BY sort desc LIMIT 3   [ RunTime:0.0037s ]
SQL: SHOW COLUMNS FROM `sex_resource_movie` [ RunTime:0.0115s ]
SQL: SELECT `movie_id`,`name`,`long`,`movie_url`,`movie_img` FROM `sex_resource_movie` WHERE `state` = 1 ORDER BY push_time desc LIMIT 4   [ RunTime:0.1003s ]
SQL: SHOW COLUMNS FROM `sex_resource_image` [ RunTime:0.1085s ]
SQL: SELECT `image_id`,`name`,`long`,`image_url` FROM `sex_resource_image` WHERE `state` = 1 ORDER BY push_time desc LIMIT 5   [ RunTime:0.1000s ]
SQL: SHOW COLUMNS FROM `sex_resource_fiction` [ RunTime:0.0389s ]
SQL: SELECT `fiction_id`,`name`,`image_url` FROM `sex_resource_fiction` WHERE `state` = 1 ORDER BY push_time desc LIMIT 8   [ RunTime:0.0585s ]

[ 2019-01-14T20:27:10+08:00 ] 172.15.78.186 /WebApi_v1/Resources/getFirstCateGory
INFO: [ app_init ] --START--
INFO: Run Behavior\BuildLiteBehavior [ RunTime:0.000005s ]
INFO: [ app_init ] --END-- [ RunTime:0.000391s ]
INFO: [ app_begin ] --START--
INFO: Run Behavior\ReadHtmlCacheBehavior [ RunTime:0.000634s ]
INFO: [ app_begin ] --END-- [ RunTime:0.000656s ]
SQL: SHOW COLUMNS FROM `sex_sys_conf` [ RunTime:0.0182s ]
NOTIC: [8] Undefined index: user D:\xampp\htdocs\WebApi\Application\WebApi_v1\Controller\UserBaseController.class.php 第 29 行.
SQL: SHOW COLUMNS FROM `sex_sys_category_list` [ RunTime:0.0943s ]

[ 2019-01-14T20:30:56+08:00 ] 172.15.78.186 /WebApi_v1/Index/index
INFO: [ app_init ] --START--
INFO: Run Behavior\BuildLiteBehavior [ RunTime:0.000006s ]
INFO: [ app_init ] --END-- [ RunTime:0.000498s ]
INFO: [ app_begin ] --START--
INFO: Run Behavior\ReadHtmlCacheBehavior [ RunTime:0.000741s ]
INFO: [ app_begin ] --END-- [ RunTime:0.000763s ]
SQL: SHOW COLUMNS FROM `sex_sys_conf` [ RunTime:0.0153s ]
NOTIC: [8] Undefined index: user D:\xampp\htdocs\WebApi\Application\WebApi_v1\Controller\UserBaseController.class.php 第 29 行.
SQL: SHOW COLUMNS FROM `sex_sys_banner_list` [ RunTime:0.0109s ]
SQL: SELECT `banner_id`,`name`,`img`,`url` FROM `sex_sys_banner_list` WHERE `type` = 0 AND `state` = 1 ORDER BY sort desc LIMIT 3   [ RunTime:0.0051s ]
SQL: SHOW COLUMNS FROM `sex_resource_movie` [ RunTime:0.0113s ]
SQL: SELECT `movie_id`,`name`,`long`,`movie_url`,`movie_img` FROM `sex_resource_movie` WHERE `state` = 1 ORDER BY push_time desc LIMIT 4   [ RunTime:0.0058s ]
SQL: SHOW COLUMNS FROM `sex_resource_image` [ RunTime:0.0139s ]
SQL: SELECT `image_id`,`name`,`long`,`image_url` FROM `sex_resource_image` WHERE `state` = 1 ORDER BY push_time desc LIMIT 5   [ RunTime:0.0106s ]
SQL: SHOW COLUMNS FROM `sex_resource_fiction` [ RunTime:0.0407s ]
SQL: SELECT `fiction_id`,`name`,`image_url` FROM `sex_resource_fiction` WHERE `state` = 1 ORDER BY push_time desc LIMIT 8   [ RunTime:0.0105s ]

[ 2019-01-14T23:05:00+08:00 ] 172.15.78.186 /WebApi_v1/Resources/getFirstCateGory
INFO: [ app_init ] --START--
INFO: Run Behavior\BuildLiteBehavior [ RunTime:0.000009s ]
INFO: [ app_init ] --END-- [ RunTime:0.000468s ]
INFO: [ app_begin ] --START--
INFO: Run Behavior\ReadHtmlCacheBehavior [ RunTime:0.000800s ]
INFO: [ app_begin ] --END-- [ RunTime:0.000824s ]
SQL: SHOW COLUMNS FROM `sex_sys_conf` [ RunTime:0.0983s ]
NOTIC: [8] Undefined index: user D:\xampp\htdocs\WebApi\Application\WebApi_v1\Controller\UserBaseController.class.php 第 29 行.
SQL: SHOW COLUMNS FROM `sex_sys_category_list` [ RunTime:0.0913s ]

[ 2019-01-14T23:05:07+08:00 ] 172.15.78.186 /WebApi_v1/Index/index
INFO: [ app_init ] --START--
INFO: Run Behavior\BuildLiteBehavior [ RunTime:0.000007s ]
INFO: [ app_init ] --END-- [ RunTime:0.000463s ]
INFO: [ app_begin ] --START--
INFO: Run Behavior\ReadHtmlCacheBehavior [ RunTime:0.000649s ]
INFO: [ app_begin ] --END-- [ RunTime:0.000675s ]
SQL: SHOW COLUMNS FROM `sex_sys_conf` [ RunTime:0.0159s ]
NOTIC: [8] Undefined index: user D:\xampp\htdocs\WebApi\Application\WebApi_v1\Controller\UserBaseController.class.php 第 29 行.
SQL: SHOW COLUMNS FROM `sex_sys_banner_list` [ RunTime:0.0119s ]
SQL: SELECT `banner_id`,`name`,`img`,`url` FROM `sex_sys_banner_list` WHERE `type` = 0 AND `state` = 1 ORDER BY sort desc LIMIT 3   [ RunTime:0.0070s ]
SQL: SHOW COLUMNS FROM `sex_resource_movie` [ RunTime:0.0116s ]
SQL: SELECT `movie_id`,`name`,`long`,`movie_url`,`movie_img` FROM `sex_resource_movie` WHERE `state` = 1 ORDER BY push_time desc LIMIT 4   [ RunTime:0.0437s ]
SQL: SHOW COLUMNS FROM `sex_resource_image` [ RunTime:0.0105s ]
SQL: SELECT `image_id`,`name`,`long`,`image_url` FROM `sex_resource_image` WHERE `state` = 1 ORDER BY push_time desc LIMIT 5   [ RunTime:0.0053s ]
SQL: SHOW COLUMNS FROM `sex_resource_fiction` [ RunTime:0.0882s ]
SQL: SELECT `fiction_id`,`name`,`image_url` FROM `sex_resource_fiction` WHERE `state` = 1 ORDER BY push_time desc LIMIT 8   [ RunTime:0.0049s ]

[ 2019-01-14T23:23:02+08:00 ] 172.15.78.186 /WebApi_v1/Resources/allReply
INFO: [ app_init ] --START--
INFO: Run Behavior\BuildLiteBehavior [ RunTime:0.000008s ]
INFO: [ app_init ] --END-- [ RunTime:0.000470s ]
INFO: [ app_begin ] --START--
INFO: Run Behavior\ReadHtmlCacheBehavior [ RunTime:0.000800s ]
INFO: [ app_begin ] --END-- [ RunTime:0.000822s ]
SQL: SHOW COLUMNS FROM `sex_sys_conf` [ RunTime:0.1137s ]
NOTIC: [8] Undefined index: user D:\xampp\htdocs\WebApi\Application\WebApi_v1\Controller\UserBaseController.class.php 第 29 行.
SQL: SHOW COLUMNS FROM `sex_forum_comment` [ RunTime:0.0562s ]
SQL: SHOW COLUMNS FROM `sex_forum_reply` [ RunTime:0.0143s ]
SQL: SELECT a.comment_id,a.user_id,a.comment,a.push_time,b.nickname,b.head_portrait,b.experience FROM sex_forum_comment a LEFT JOIN sex_user_list b ON b.user_id = a.user_id  WHERE a.comment_id = '1' LIMIT 1   [ RunTime:0.0161s ]
SQL: SHOW COLUMNS FROM `sex_sys_level` [ RunTime:0.0256s ]
SQL: SELECT a.reply_id,a.parent_id,a.user_id,a.push_time,a.reply,b.nickname,b.head_portrait FROM sex_forum_reply a LEFT JOIN sex_user_list b ON b.user_id = a.user_id  WHERE a.comment_id = '1' AND a.state = 1 ORDER BY push_time LIMIT 0,6   [ RunTime:0.0044s ]
SQL: SELECT COUNT(*) AS tp_count FROM sex_forum_reply a LEFT JOIN sex_user_list b ON b.user_id = a.user_id  WHERE a.comment_id = '1' AND a.state = 1 LIMIT 1   [ RunTime:0.0038s ]

[ 2019-01-14T23:23:14+08:00 ] 172.15.78.186 /WebApi_v1/Resources/allReply
INFO: [ app_init ] --START--
INFO: Run Behavior\BuildLiteBehavior [ RunTime:0.000006s ]
INFO: [ app_init ] --END-- [ RunTime:0.000475s ]
INFO: [ app_begin ] --START--
INFO: Run Behavior\ReadHtmlCacheBehavior [ RunTime:0.000761s ]
INFO: [ app_begin ] --END-- [ RunTime:0.000783s ]
SQL: SHOW COLUMNS FROM `sex_sys_conf` [ RunTime:0.0676s ]
NOTIC: [8] Undefined index: user D:\xampp\htdocs\WebApi\Application\WebApi_v1\Controller\UserBaseController.class.php 第 29 行.
SQL: SHOW COLUMNS FROM `sex_forum_comment` [ RunTime:0.0133s ]
SQL: SHOW COLUMNS FROM `sex_forum_reply` [ RunTime:0.0077s ]
SQL: SELECT a.comment_id,a.user_id,a.comment,a.push_time,b.nickname,b.head_portrait,b.experience FROM sex_forum_comment a LEFT JOIN sex_user_list b ON b.user_id = a.user_id  WHERE a.comment_id = '1' LIMIT 1   [ RunTime:0.0045s ]
SQL: SHOW COLUMNS FROM `sex_sys_level` [ RunTime:0.0135s ]
SQL: SELECT a.reply_id,a.parent_id,a.user_id,a.push_time,a.reply,b.nickname,b.head_portrait FROM sex_forum_reply a LEFT JOIN sex_user_list b ON b.user_id = a.user_id  WHERE a.comment_id = '1' AND a.state = 1 ORDER BY push_time LIMIT 0,6   [ RunTime:0.0119s ]
SQL: SELECT COUNT(*) AS tp_count FROM sex_forum_reply a LEFT JOIN sex_user_list b ON b.user_id = a.user_id  WHERE a.comment_id = '1' AND a.state = 1 LIMIT 1   [ RunTime:0.0377s ]

[ 2019-01-14T23:23:16+08:00 ] 172.15.78.186 /WebApi_v1/Resources/allReply
INFO: [ app_init ] --START--
INFO: Run Behavior\BuildLiteBehavior [ RunTime:0.000007s ]
INFO: [ app_init ] --END-- [ RunTime:0.000391s ]
INFO: [ app_begin ] --START--
INFO: Run Behavior\ReadHtmlCacheBehavior [ RunTime:0.000563s ]
INFO: [ app_begin ] --END-- [ RunTime:0.000586s ]
SQL: SHOW COLUMNS FROM `sex_sys_conf` [ RunTime:0.0148s ]
NOTIC: [8] Undefined index: user D:\xampp\htdocs\WebApi\Application\WebApi_v1\Controller\UserBaseController.class.php 第 29 行.
SQL: SHOW COLUMNS FROM `sex_forum_comment` [ RunTime:0.0104s ]
SQL: SHOW COLUMNS FROM `sex_forum_reply` [ RunTime:0.0068s ]
SQL: SELECT a.comment_id,a.user_id,a.comment,a.push_time,b.nickname,b.head_portrait,b.experience FROM sex_forum_comment a LEFT JOIN sex_user_list b ON b.user_id = a.user_id  WHERE a.comment_id = '1' LIMIT 1   [ RunTime:0.0039s ]
SQL: SHOW COLUMNS FROM `sex_sys_level` [ RunTime:0.0119s ]
SQL: SELECT a.reply_id,a.parent_id,a.user_id,a.push_time,a.reply,b.nickname,b.head_portrait FROM sex_forum_reply a LEFT JOIN sex_user_list b ON b.user_id = a.user_id  WHERE a.comment_id = '1' AND a.state = 1 ORDER BY push_time LIMIT 6,6   [ RunTime:0.0056s ]
SQL: SELECT COUNT(*) AS tp_count FROM sex_forum_reply a LEFT JOIN sex_user_list b ON b.user_id = a.user_id  WHERE a.comment_id = '1' AND a.state = 1 LIMIT 1   [ RunTime:0.0044s ]

[ 2019-01-14T23:37:25+08:00 ] 172.15.78.186 /WebApi_v1/Resources/allReply
INFO: [ app_init ] --START--
INFO: Run Behavior\BuildLiteBehavior [ RunTime:0.000006s ]
INFO: [ app_init ] --END-- [ RunTime:0.000468s ]
INFO: [ app_begin ] --START--
INFO: Run Behavior\ReadHtmlCacheBehavior [ RunTime:0.000732s ]
INFO: [ app_begin ] --END-- [ RunTime:0.000754s ]
SQL: SHOW COLUMNS FROM `sex_sys_conf` [ RunTime:0.0190s ]
NOTIC: [8] Undefined index: user D:\xampp\htdocs\WebApi\Application\WebApi_v1\Controller\UserBaseController.class.php 第 29 行.
SQL: SHOW COLUMNS FROM `sex_forum_comment` [ RunTime:0.0574s ]
SQL: SHOW COLUMNS FROM `sex_forum_reply` [ RunTime:0.0077s ]
SQL: SELECT a.comment_id,a.user_id,a.comment,a.push_time,b.nickname,b.head_portrait,b.experience FROM sex_forum_comment a LEFT JOIN sex_user_list b ON b.user_id = a.user_id  WHERE a.comment_id = '1' LIMIT 1   [ RunTime:0.0052s ]
SQL: SHOW COLUMNS FROM `sex_sys_level` [ RunTime:0.0110s ]
SQL: SELECT a.reply_id,a.parent_id,a.user_id,a.push_time,a.reply,b.nickname,b.head_portrait FROM sex_forum_reply a LEFT JOIN sex_user_list b ON b.user_id = a.user_id  WHERE a.comment_id = '1' AND a.state = 1 ORDER BY push_time LIMIT 0,6   [ RunTime:0.0058s ]
SQL: SELECT COUNT(*) AS tp_count FROM sex_forum_reply a LEFT JOIN sex_user_list b ON b.user_id = a.user_id  WHERE a.comment_id = '1' AND a.state = 1 LIMIT 1   [ RunTime:0.0933s ]

[ 2019-01-14T23:38:00+08:00 ] 172.15.78.186 /WebApi_v1/Index/index
INFO: [ app_init ] --START--
INFO: Run Behavior\BuildLiteBehavior [ RunTime:0.000007s ]
INFO: [ app_init ] --END-- [ RunTime:0.000492s ]
INFO: [ app_begin ] --START--
INFO: Run Behavior\ReadHtmlCacheBehavior [ RunTime:0.000728s ]
INFO: [ app_begin ] --END-- [ RunTime:0.000751s ]
SQL: SHOW COLUMNS FROM `sex_sys_conf` [ RunTime:0.0142s ]
NOTIC: [8] Undefined index: user D:\xampp\htdocs\WebApi\Application\WebApi_v1\Controller\UserBaseController.class.php 第 29 行.
SQL: SHOW COLUMNS FROM `sex_sys_banner_list` [ RunTime:0.0119s ]
SQL: SELECT `banner_id`,`name`,`img`,`url` FROM `sex_sys_banner_list` WHERE `type` = 0 AND `state` = 1 ORDER BY sort desc LIMIT 3   [ RunTime:0.0985s ]
SQL: SHOW COLUMNS FROM `sex_resource_movie` [ RunTime:0.0115s ]
SQL: SELECT `movie_id`,`name`,`long`,`movie_url`,`movie_img` FROM `sex_resource_movie` WHERE `state` = 1 ORDER BY push_time desc LIMIT 4   [ RunTime:0.0072s ]
SQL: SHOW COLUMNS FROM `sex_resource_image` [ RunTime:0.0119s ]
SQL: SELECT `image_id`,`name`,`long`,`image_url` FROM `sex_resource_image` WHERE `state` = 1 ORDER BY push_time desc LIMIT 5   [ RunTime:0.0057s ]
SQL: SHOW COLUMNS FROM `sex_resource_fiction` [ RunTime:0.0073s ]
SQL: SELECT `fiction_id`,`name`,`image_url` FROM `sex_resource_fiction` WHERE `state` = 1 ORDER BY push_time desc LIMIT 8   [ RunTime:0.0039s ]

[ 2019-01-14T23:38:01+08:00 ] 172.15.78.186 /WebApi_v1/Resources/getFirstCateGory
INFO: [ app_init ] --START--
INFO: Run Behavior\BuildLiteBehavior [ RunTime:0.000016s ]
INFO: [ app_init ] --END-- [ RunTime:0.000451s ]
INFO: [ app_begin ] --START--
INFO: Run Behavior\ReadHtmlCacheBehavior [ RunTime:0.000615s ]
INFO: [ app_begin ] --END-- [ RunTime:0.000639s ]
SQL: SHOW COLUMNS FROM `sex_sys_conf` [ RunTime:0.0144s ]
NOTIC: [8] Undefined index: user D:\xampp\htdocs\WebApi\Application\WebApi_v1\Controller\UserBaseController.class.php 第 29 行.
SQL: SHOW COLUMNS FROM `sex_sys_category_list` [ RunTime:0.0315s ]

[ 2019-01-14T23:38:05+08:00 ] 172.15.78.186 /WebApi_v1/Index/index
INFO: [ app_init ] --START--
INFO: Run Behavior\BuildLiteBehavior [ RunTime:0.000006s ]
INFO: [ app_init ] --END-- [ RunTime:0.000412s ]
INFO: [ app_begin ] --START--
INFO: Run Behavior\ReadHtmlCacheBehavior [ RunTime:0.000729s ]
INFO: [ app_begin ] --END-- [ RunTime:0.000772s ]
SQL: SHOW COLUMNS FROM `sex_sys_conf` [ RunTime:0.0149s ]
NOTIC: [8] Undefined index: user D:\xampp\htdocs\WebApi\Application\WebApi_v1\Controller\UserBaseController.class.php 第 29 行.
SQL: SHOW COLUMNS FROM `sex_sys_banner_list` [ RunTime:0.0194s ]
SQL: SELECT `banner_id`,`name`,`img`,`url` FROM `sex_sys_banner_list` WHERE `type` = 0 AND `state` = 1 ORDER BY sort desc LIMIT 3   [ RunTime:0.0040s ]
SQL: SHOW COLUMNS FROM `sex_resource_movie` [ RunTime:0.0642s ]
SQL: SELECT `movie_id`,`name`,`long`,`movie_url`,`movie_img` FROM `sex_resource_movie` WHERE `state` = 1 ORDER BY push_time desc LIMIT 4   [ RunTime:0.0964s ]
SQL: SHOW COLUMNS FROM `sex_resource_image` [ RunTime:0.0595s ]
SQL: SELECT `image_id`,`name`,`long`,`image_url` FROM `sex_resource_image` WHERE `state` = 1 ORDER BY push_time desc LIMIT 5   [ RunTime:0.0052s ]
SQL: SHOW COLUMNS FROM `sex_resource_fiction` [ RunTime:0.0071s ]
SQL: SELECT `fiction_id`,`name`,`image_url` FROM `sex_resource_fiction` WHERE `state` = 1 ORDER BY push_time desc LIMIT 8   [ RunTime:0.0051s ]

[ 2019-01-14T23:38:06+08:00 ] 172.15.78.186 /WebApi_v1/Resources/getFirstCateGory
INFO: [ app_init ] --START--
INFO: Run Behavior\BuildLiteBehavior [ RunTime:0.000007s ]
INFO: [ app_init ] --END-- [ RunTime:0.000448s ]
INFO: [ app_begin ] --START--
INFO: Run Behavior\ReadHtmlCacheBehavior [ RunTime:0.000589s ]
INFO: [ app_begin ] --END-- [ RunTime:0.000612s ]
SQL: SHOW COLUMNS FROM `sex_sys_conf` [ RunTime:0.0131s ]
NOTIC: [8] Undefined index: user D:\xampp\htdocs\WebApi\Application\WebApi_v1\Controller\UserBaseController.class.php 第 29 行.
SQL: SHOW COLUMNS FROM `sex_sys_category_list` [ RunTime:0.0076s ]

