[ 2019-01-15T22:11:02+08:00 ] 172.15.78.186 /WebApi_v1/Index/index
INFO: [ app_init ] --START--
INFO: Run Behavior\BuildLiteBehavior [ RunTime:0.000009s ]
INFO: [ app_init ] --END-- [ RunTime:0.000511s ]
INFO: [ app_begin ] --START--
INFO: Run Behavior\ReadHtmlCacheBehavior [ RunTime:0.000727s ]
INFO: [ app_begin ] --END-- [ RunTime:0.000747s ]
SQL: SHOW COLUMNS FROM `sex_sys_conf` [ RunTime:0.0210s ]
NOTIC: [8] Undefined index: user D:\xampp\htdocs\WebApi\Application\WebApi_v1\Controller\UserBaseController.class.php 第 29 行.
SQL: SHOW COLUMNS FROM `sex_sys_banner_list` [ RunTime:0.0109s ]
SQL: SELECT `banner_id`,`name`,`img`,`url` FROM `sex_sys_banner_list` WHERE `type` = 0 AND `state` = 1 ORDER BY sort desc LIMIT 3   [ RunTime:0.0046s ]
SQL: SHOW COLUMNS FROM `sex_resource_movie` [ RunTime:0.0098s ]
SQL: SELECT `movie_id`,`name`,`long`,`movie_url`,`movie_img` FROM `sex_resource_movie` WHERE `state` = 1 ORDER BY push_time desc LIMIT 4   [ RunTime:0.0049s ]
SQL: SHOW COLUMNS FROM `sex_resource_image` [ RunTime:0.0110s ]
SQL: SELECT `image_id`,`name`,`long`,`image_url` FROM `sex_resource_image` WHERE `state` = 1 ORDER BY push_time desc LIMIT 5   [ RunTime:0.0076s ]
SQL: SHOW COLUMNS FROM `sex_resource_fiction` [ RunTime:0.0094s ]
SQL: SELECT `fiction_id`,`name`,`image_url` FROM `sex_resource_fiction` WHERE `state` = 1 ORDER BY push_time desc LIMIT 8   [ RunTime:0.0174s ]

[ 2019-01-15T22:11:02+08:00 ] 172.15.78.186 /WebApi_v1/Resources/getFirstCateGory
INFO: [ app_init ] --START--
INFO: Run Behavior\BuildLiteBehavior [ RunTime:0.000026s ]
INFO: [ app_init ] --END-- [ RunTime:0.000546s ]
INFO: [ app_begin ] --START--
INFO: Run Behavior\ReadHtmlCacheBehavior [ RunTime:0.000870s ]
INFO: [ app_begin ] --END-- [ RunTime:0.000891s ]
SQL: SHOW COLUMNS FROM `sex_sys_conf` [ RunTime:0.0081s ]
NOTIC: [8] Undefined index: user D:\xampp\htdocs\WebApi\Application\WebApi_v1\Controller\UserBaseController.class.php 第 29 行.
SQL: SHOW COLUMNS FROM `sex_sys_category_list` [ RunTime:0.0086s ]

[ 2019-01-15T22:11:02+08:00 ] 172.15.78.186 /WebApi_v1/Index/index
INFO: [ app_init ] --START--
INFO: Run Behavior\BuildLiteBehavior [ RunTime:0.000008s ]
INFO: [ app_init ] --END-- [ RunTime:0.000491s ]
INFO: [ app_begin ] --START--
INFO: Run Behavior\ReadHtmlCacheBehavior [ RunTime:0.000731s ]
INFO: [ app_begin ] --END-- [ RunTime:0.000752s ]
SQL: SHOW COLUMNS FROM `sex_sys_conf` [ RunTime:0.0077s ]
NOTIC: [8] Undefined index: user D:\xampp\htdocs\WebApi\Application\WebApi_v1\Controller\UserBaseController.class.php 第 29 行.
SQL: SHOW COLUMNS FROM `sex_sys_banner_list` [ RunTime:0.0098s ]
SQL: SELECT `banner_id`,`name`,`img`,`url` FROM `sex_sys_banner_list` WHERE `type` = 0 AND `state` = 1 ORDER BY sort desc LIMIT 3   [ RunTime:0.0052s ]
SQL: SHOW COLUMNS FROM `sex_resource_movie` [ RunTime:0.0077s ]
SQL: SELECT `movie_id`,`name`,`long`,`movie_url`,`movie_img` FROM `sex_resource_movie` WHERE `state` = 1 ORDER BY push_time desc LIMIT 4   [ RunTime:0.0039s ]
SQL: SHOW COLUMNS FROM `sex_resource_image` [ RunTime:0.0077s ]
SQL: SELECT `image_id`,`name`,`long`,`image_url` FROM `sex_resource_image` WHERE `state` = 1 ORDER BY push_time desc LIMIT 5   [ RunTime:0.0053s ]
SQL: SHOW COLUMNS FROM `sex_resource_fiction` [ RunTime:0.0086s ]
SQL: SELECT `fiction_id`,`name`,`image_url` FROM `sex_resource_fiction` WHERE `state` = 1 ORDER BY push_time desc LIMIT 8   [ RunTime:0.0042s ]

[ 2019-01-15T22:11:04+08:00 ] 172.15.78.186 /WebApi_v1/Resources/getFirstCateGory
INFO: [ app_init ] --START--
INFO: Run Behavior\BuildLiteBehavior [ RunTime:0.000009s ]
INFO: [ app_init ] --END-- [ RunTime:0.000521s ]
INFO: [ app_begin ] --START--
INFO: Run Behavior\ReadHtmlCacheBehavior [ RunTime:0.000788s ]
INFO: [ app_begin ] --END-- [ RunTime:0.000811s ]
SQL: SHOW COLUMNS FROM `sex_sys_conf` [ RunTime:0.0153s ]
NOTIC: [8] Undefined index: user D:\xampp\htdocs\WebApi\Application\WebApi_v1\Controller\UserBaseController.class.php 第 29 行.
SQL: SHOW COLUMNS FROM `sex_sys_category_list` [ RunTime:0.0092s ]

[ 2019-01-15T22:11:18+08:00 ] 172.15.78.186 /WebApi_v1/Resources/getFirstCateGory
INFO: [ app_init ] --START--
INFO: Run Behavior\BuildLiteBehavior [ RunTime:0.000006s ]
INFO: [ app_init ] --END-- [ RunTime:0.000388s ]
INFO: [ app_begin ] --START--
INFO: Run Behavior\ReadHtmlCacheBehavior [ RunTime:0.000556s ]
INFO: [ app_begin ] --END-- [ RunTime:0.000577s ]
SQL: SHOW COLUMNS FROM `sex_sys_conf` [ RunTime:0.0276s ]
NOTIC: [8] Undefined index: user D:\xampp\htdocs\WebApi\Application\WebApi_v1\Controller\UserBaseController.class.php 第 29 行.
SQL: SHOW COLUMNS FROM `sex_sys_category_list` [ RunTime:0.0071s ]

[ 2019-01-15T22:11:19+08:00 ] 172.15.78.186 /WebApi_v1/Index/index
INFO: [ app_init ] --START--
INFO: Run Behavior\BuildLiteBehavior [ RunTime:0.000006s ]
INFO: [ app_init ] --END-- [ RunTime:0.000406s ]
INFO: [ app_begin ] --START--
INFO: Run Behavior\ReadHtmlCacheBehavior [ RunTime:0.000580s ]
INFO: [ app_begin ] --END-- [ RunTime:0.000602s ]
SQL: SHOW COLUMNS FROM `sex_sys_conf` [ RunTime:0.0096s ]
NOTIC: [8] Undefined index: user D:\xampp\htdocs\WebApi\Application\WebApi_v1\Controller\UserBaseController.class.php 第 29 行.
SQL: SHOW COLUMNS FROM `sex_sys_banner_list` [ RunTime:0.0785s ]
SQL: SELECT `banner_id`,`name`,`img`,`url` FROM `sex_sys_banner_list` WHERE `type` = 0 AND `state` = 1 ORDER BY sort desc LIMIT 3   [ RunTime:0.0046s ]
SQL: SHOW COLUMNS FROM `sex_resource_movie` [ RunTime:0.0122s ]
SQL: SELECT `movie_id`,`name`,`long`,`movie_url`,`movie_img` FROM `sex_resource_movie` WHERE `state` = 1 ORDER BY push_time desc LIMIT 4   [ RunTime:0.0769s ]
SQL: SHOW COLUMNS FROM `sex_resource_image` [ RunTime:0.0127s ]
SQL: SELECT `image_id`,`name`,`long`,`image_url` FROM `sex_resource_image` WHERE `state` = 1 ORDER BY push_time desc LIMIT 5   [ RunTime:0.0061s ]
SQL: SHOW COLUMNS FROM `sex_resource_fiction` [ RunTime:0.0080s ]
SQL: SELECT `fiction_id`,`name`,`image_url` FROM `sex_resource_fiction` WHERE `state` = 1 ORDER BY push_time desc LIMIT 8   [ RunTime:0.0594s ]

[ 2019-01-15T22:23:40+08:00 ] 172.15.78.186 /WebApi_v1/Resources/getFirstCateGory
INFO: [ app_init ] --START--
INFO: Run Behavior\BuildLiteBehavior [ RunTime:0.000006s ]
INFO: [ app_init ] --END-- [ RunTime:0.000479s ]
INFO: [ app_begin ] --START--
INFO: Run Behavior\ReadHtmlCacheBehavior [ RunTime:0.000769s ]
INFO: [ app_begin ] --END-- [ RunTime:0.000791s ]
SQL: SHOW COLUMNS FROM `sex_sys_conf` [ RunTime:0.0109s ]
NOTIC: [8] Undefined index: user D:\xampp\htdocs\WebApi\Application\WebApi_v1\Controller\UserBaseController.class.php 第 29 行.
SQL: SHOW COLUMNS FROM `sex_sys_category_list` [ RunTime:0.0137s ]

[ 2019-01-15T22:23:40+08:00 ] 172.15.78.186 /WebApi_v1/Index/index
INFO: [ app_init ] --START--
INFO: Run Behavior\BuildLiteBehavior [ RunTime:0.000007s ]
INFO: [ app_init ] --END-- [ RunTime:0.000516s ]
INFO: [ app_begin ] --START--
INFO: Run Behavior\ReadHtmlCacheBehavior [ RunTime:0.000829s ]
INFO: [ app_begin ] --END-- [ RunTime:0.000851s ]
SQL: SHOW COLUMNS FROM `sex_sys_conf` [ RunTime:0.0171s ]
NOTIC: [8] Undefined index: user D:\xampp\htdocs\WebApi\Application\WebApi_v1\Controller\UserBaseController.class.php 第 29 行.
SQL: SHOW COLUMNS FROM `sex_sys_banner_list` [ RunTime:0.0709s ]
SQL: SELECT `banner_id`,`name`,`img`,`url` FROM `sex_sys_banner_list` WHERE `type` = 0 AND `state` = 1 ORDER BY sort desc LIMIT 3   [ RunTime:0.0048s ]
SQL: SHOW COLUMNS FROM `sex_resource_movie` [ RunTime:0.0115s ]
SQL: SELECT `movie_id`,`name`,`long`,`movie_url`,`movie_img` FROM `sex_resource_movie` WHERE `state` = 1 ORDER BY push_time desc LIMIT 4   [ RunTime:0.0053s ]
SQL: SHOW COLUMNS FROM `sex_resource_image` [ RunTime:0.0116s ]
SQL: SELECT `image_id`,`name`,`long`,`image_url` FROM `sex_resource_image` WHERE `state` = 1 ORDER BY push_time desc LIMIT 5   [ RunTime:0.0144s ]
SQL: SHOW COLUMNS FROM `sex_resource_fiction` [ RunTime:0.0071s ]
SQL: SELECT `fiction_id`,`name`,`image_url` FROM `sex_resource_fiction` WHERE `state` = 1 ORDER BY push_time desc LIMIT 8   [ RunTime:0.0039s ]

