[ 2019-01-03T20:10:38+08:00 ] 192.168.2.40 //WebApi_v1/Image/imageDetail?image_id=30
INFO: [ app_init ] --START--
INFO: Run Behavior\BuildLiteBehavior [ RunTime:0.000089s ]
INFO: [ app_init ] --END-- [ RunTime:0.000831s ]
INFO: [ app_begin ] --START--
INFO: Run Behavior\ReadHtmlCacheBehavior [ RunTime:0.001728s ]
INFO: [ app_begin ] --END-- [ RunTime:0.001757s ]
SQL: SHOW COLUMNS FROM `sex_sys_conf` [ RunTime:0.0055s ]
NOTIC: [8] Undefined index: user D:\xampp\htdocs\Application\WebApi_v1\Controller\UserBaseController.class.php 第 29 行.
SQL: SHOW COLUMNS FROM `sex_resource_image` [ RunTime:0.0038s ]
SQL: SELECT a.image_id,a.category_id,a.label_ids,a.name,a.score,a.long,a.like_count,a.comment_count,a.comment_count,a.image_url,b.name as category_name FROM sex_resource_image a LEFT JOIN sex_sys_category_list b ON b.category_id = a.category_id  WHERE a.image_id = '30' LIMIT 1   [ RunTime:0.0062s ]
SQL: SHOW COLUMNS FROM `sex_sys_label_list` [ RunTime:0.0042s ]

[ 2019-01-03T20:10:45+08:00 ] 192.168.2.40 //WebApi_v1/Forum/index
INFO: [ app_init ] --START--
INFO: Run Behavior\BuildLiteBehavior [ RunTime:0.000011s ]
INFO: [ app_init ] --END-- [ RunTime:0.000690s ]
INFO: [ app_begin ] --START--
INFO: Run Behavior\ReadHtmlCacheBehavior [ RunTime:0.000799s ]
INFO: [ app_begin ] --END-- [ RunTime:0.000827s ]
SQL: SHOW COLUMNS FROM `sex_sys_conf` [ RunTime:0.0043s ]
NOTIC: [8] Undefined index: user D:\xampp\htdocs\Application\WebApi_v1\Controller\UserBaseController.class.php 第 29 行.
SQL: SHOW COLUMNS FROM `sex_forum_dynamic` [ RunTime:0.0045s ]
SQL: SELECT a.dynamic_id,a.user_id,a.type,a.time,a.like_count,a.comment_count,a.is_forward,a.forward_id,a.object,b.nickname,b.head_portrait,b.experience FROM sex_forum_dynamic a LEFT JOIN sex_user_list b ON b.user_id = a.user_id  WHERE a.state = 1 AND b.state = 1 ORDER BY time DESC LIMIT 0,6   [ RunTime:0.0089s ]
SQL: SELECT COUNT(*) AS tp_count FROM sex_forum_dynamic a LEFT JOIN sex_user_list b ON b.user_id = a.user_id  WHERE a.state = 1 AND b.state = 1 LIMIT 1   [ RunTime:0.0008s ]
SQL: SHOW COLUMNS FROM `sex_sys_level` [ RunTime:0.0047s ]
NOTIC: [2] Illegal string offset 'video_img' D:\xampp\htdocs\Application\WebApi_v1\Controller\ForumController.class.php 第 68 行.
NOTIC: [2] Illegal string offset 'video_img' D:\xampp\htdocs\Application\WebApi_v1\Controller\ForumController.class.php 第 68 行.
NOTIC: [2] Illegal string offset 'img_url' D:\xampp\htdocs\Application\WebApi_v1\Controller\ForumController.class.php 第 72 行.
NOTIC: [2] Illegal string offset 'img_url' D:\xampp\htdocs\Application\WebApi_v1\Controller\ForumController.class.php 第 72 行.
NOTIC: [2] Illegal string offset 'video_img' D:\xampp\htdocs\Application\WebApi_v1\Controller\ForumController.class.php 第 68 行.
NOTIC: [2] Illegal string offset 'video_img' D:\xampp\htdocs\Application\WebApi_v1\Controller\ForumController.class.php 第 68 行.

[ 2019-01-03T20:31:06+08:00 ] 192.168.2.40 //WebApi_v1/Forum/index
INFO: [ app_init ] --START--
INFO: Run Behavior\BuildLiteBehavior [ RunTime:0.000008s ]
INFO: [ app_init ] --END-- [ RunTime:0.000734s ]
INFO: [ app_begin ] --START--
INFO: Run Behavior\ReadHtmlCacheBehavior [ RunTime:0.001128s ]
INFO: [ app_begin ] --END-- [ RunTime:0.001158s ]
SQL: SHOW COLUMNS FROM `sex_sys_conf` [ RunTime:0.0036s ]
NOTIC: [8] Undefined index: user D:\xampp\htdocs\Application\WebApi_v1\Controller\UserBaseController.class.php 第 29 行.
SQL: SHOW COLUMNS FROM `sex_forum_dynamic` [ RunTime:0.0043s ]
SQL: SELECT a.dynamic_id,a.user_id,a.type,a.time,a.like_count,a.comment_count,a.is_forward,a.forward_id,a.object,b.nickname,b.head_portrait,b.experience FROM sex_forum_dynamic a LEFT JOIN sex_user_list b ON b.user_id = a.user_id  WHERE a.state = 1 AND b.state = 1 ORDER BY time DESC LIMIT 0,6   [ RunTime:0.0040s ]
SQL: SELECT COUNT(*) AS tp_count FROM sex_forum_dynamic a LEFT JOIN sex_user_list b ON b.user_id = a.user_id  WHERE a.state = 1 AND b.state = 1 LIMIT 1   [ RunTime:0.0004s ]
SQL: SHOW COLUMNS FROM `sex_sys_level` [ RunTime:0.0036s ]
NOTIC: [2] Illegal string offset 'video_img' D:\xampp\htdocs\Application\WebApi_v1\Controller\ForumController.class.php 第 68 行.
NOTIC: [2] Illegal string offset 'video_img' D:\xampp\htdocs\Application\WebApi_v1\Controller\ForumController.class.php 第 68 行.
NOTIC: [2] Illegal string offset 'img_url' D:\xampp\htdocs\Application\WebApi_v1\Controller\ForumController.class.php 第 72 行.
NOTIC: [2] Illegal string offset 'img_url' D:\xampp\htdocs\Application\WebApi_v1\Controller\ForumController.class.php 第 72 行.
NOTIC: [2] Illegal string offset 'video_img' D:\xampp\htdocs\Application\WebApi_v1\Controller\ForumController.class.php 第 68 行.
NOTIC: [2] Illegal string offset 'video_img' D:\xampp\htdocs\Application\WebApi_v1\Controller\ForumController.class.php 第 68 行.

[ 2019-01-03T20:31:49+08:00 ] 192.168.2.40 //WebApi_v1/Forum/index
INFO: [ app_init ] --START--
INFO: Run Behavior\BuildLiteBehavior [ RunTime:0.000008s ]
INFO: [ app_init ] --END-- [ RunTime:0.000636s ]
INFO: [ app_begin ] --START--
INFO: Run Behavior\ReadHtmlCacheBehavior [ RunTime:0.000975s ]
INFO: [ app_begin ] --END-- [ RunTime:0.001008s ]
SQL: SHOW COLUMNS FROM `sex_sys_conf` [ RunTime:0.0045s ]
NOTIC: [8] Undefined index: user D:\xampp\htdocs\Application\WebApi_v1\Controller\UserBaseController.class.php 第 29 行.
SQL: SHOW COLUMNS FROM `sex_forum_dynamic` [ RunTime:0.0041s ]
SQL: SELECT a.dynamic_id,a.user_id,a.type,a.time,a.like_count,a.comment_count,a.is_forward,a.forward_id,a.object,b.nickname,b.head_portrait,b.experience FROM sex_forum_dynamic a LEFT JOIN sex_user_list b ON b.user_id = a.user_id  WHERE a.state = 1 AND b.state = 1 ORDER BY time DESC LIMIT 0,6   [ RunTime:0.0042s ]
SQL: SELECT COUNT(*) AS tp_count FROM sex_forum_dynamic a LEFT JOIN sex_user_list b ON b.user_id = a.user_id  WHERE a.state = 1 AND b.state = 1 LIMIT 1   [ RunTime:0.0033s ]
SQL: SHOW COLUMNS FROM `sex_sys_level` [ RunTime:0.0041s ]
NOTIC: [2] Illegal string offset 'video_img' D:\xampp\htdocs\Application\WebApi_v1\Controller\ForumController.class.php 第 68 行.
NOTIC: [2] Illegal string offset 'video_img' D:\xampp\htdocs\Application\WebApi_v1\Controller\ForumController.class.php 第 68 行.
NOTIC: [2] Cannot assign an empty string to a string offset D:\xampp\htdocs\Application\WebApi_v1\Controller\ForumController.class.php 第 68 行.
NOTIC: [2] Illegal string offset 'img_url' D:\xampp\htdocs\Application\WebApi_v1\Controller\ForumController.class.php 第 72 行.
NOTIC: [2] Illegal string offset 'img_url' D:\xampp\htdocs\Application\WebApi_v1\Controller\ForumController.class.php 第 72 行.
NOTIC: [2] Illegal string offset 'video_img' D:\xampp\htdocs\Application\WebApi_v1\Controller\ForumController.class.php 第 68 行.
NOTIC: [2] Illegal string offset 'video_img' D:\xampp\htdocs\Application\WebApi_v1\Controller\ForumController.class.php 第 68 行.
NOTIC: [2] Cannot assign an empty string to a string offset D:\xampp\htdocs\Application\WebApi_v1\Controller\ForumController.class.php 第 68 行.

[ 2019-01-03T20:32:31+08:00 ] 192.168.2.40 //WebApi_v1/Forum/index
INFO: [ app_init ] --START--
INFO: Run Behavior\BuildLiteBehavior [ RunTime:0.000007s ]
INFO: [ app_init ] --END-- [ RunTime:0.000542s ]
INFO: [ app_begin ] --START--
INFO: Run Behavior\ReadHtmlCacheBehavior [ RunTime:0.000940s ]
INFO: [ app_begin ] --END-- [ RunTime:0.000989s ]
SQL: SHOW COLUMNS FROM `sex_sys_conf` [ RunTime:0.0034s ]
NOTIC: [8] Undefined index: user D:\xampp\htdocs\Application\WebApi_v1\Controller\UserBaseController.class.php 第 29 行.
SQL: SHOW COLUMNS FROM `sex_forum_dynamic` [ RunTime:0.0076s ]
SQL: SELECT a.dynamic_id,a.user_id,a.type,a.time,a.like_count,a.comment_count,a.is_forward,a.forward_id,a.object,b.nickname,b.head_portrait,b.experience FROM sex_forum_dynamic a LEFT JOIN sex_user_list b ON b.user_id = a.user_id  WHERE a.state = 1 AND b.state = 1 ORDER BY time DESC LIMIT 0,6   [ RunTime:0.0041s ]
SQL: SELECT COUNT(*) AS tp_count FROM sex_forum_dynamic a LEFT JOIN sex_user_list b ON b.user_id = a.user_id  WHERE a.state = 1 AND b.state = 1 LIMIT 1   [ RunTime:0.0004s ]
SQL: SHOW COLUMNS FROM `sex_sys_level` [ RunTime:0.0037s ]
ERR: Cannot use object of type stdClass as array

[ 2019-01-03T20:32:59+08:00 ] 192.168.2.40 //WebApi_v1/Forum/index
INFO: [ app_init ] --START--
INFO: Run Behavior\BuildLiteBehavior [ RunTime:0.000010s ]
INFO: [ app_init ] --END-- [ RunTime:0.000717s ]
INFO: [ app_begin ] --START--
INFO: Run Behavior\ReadHtmlCacheBehavior [ RunTime:0.000772s ]
INFO: [ app_begin ] --END-- [ RunTime:0.000803s ]
SQL: SHOW COLUMNS FROM `sex_sys_conf` [ RunTime:0.0096s ]
NOTIC: [8] Undefined index: user D:\xampp\htdocs\Application\WebApi_v1\Controller\UserBaseController.class.php 第 29 行.
SQL: SHOW COLUMNS FROM `sex_forum_dynamic` [ RunTime:0.0038s ]
SQL: SELECT a.dynamic_id,a.user_id,a.type,a.time,a.like_count,a.comment_count,a.is_forward,a.forward_id,a.object,b.nickname,b.head_portrait,b.experience FROM sex_forum_dynamic a LEFT JOIN sex_user_list b ON b.user_id = a.user_id  WHERE a.state = 1 AND b.state = 1 ORDER BY time DESC LIMIT 0,6   [ RunTime:0.0037s ]
SQL: SELECT COUNT(*) AS tp_count FROM sex_forum_dynamic a LEFT JOIN sex_user_list b ON b.user_id = a.user_id  WHERE a.state = 1 AND b.state = 1 LIMIT 1   [ RunTime:0.0003s ]
SQL: SHOW COLUMNS FROM `sex_sys_level` [ RunTime:0.0034s ]

[ 2019-01-03T20:33:44+08:00 ] 192.168.2.40 //WebApi_v1/Forum/index
INFO: [ app_init ] --START--
INFO: Run Behavior\BuildLiteBehavior [ RunTime:0.000009s ]
INFO: [ app_init ] --END-- [ RunTime:0.000720s ]
INFO: [ app_begin ] --START--
INFO: Run Behavior\ReadHtmlCacheBehavior [ RunTime:0.001238s ]
INFO: [ app_begin ] --END-- [ RunTime:0.001271s ]
SQL: SHOW COLUMNS FROM `sex_sys_conf` [ RunTime:0.0042s ]
NOTIC: [8] Undefined index: user D:\xampp\htdocs\Application\WebApi_v1\Controller\UserBaseController.class.php 第 29 行.
SQL: SHOW COLUMNS FROM `sex_forum_dynamic` [ RunTime:0.0137s ]
SQL: SELECT a.dynamic_id,a.user_id,a.type,a.time,a.like_count,a.comment_count,a.is_forward,a.forward_id,a.object,b.nickname,b.head_portrait,b.experience FROM sex_forum_dynamic a LEFT JOIN sex_user_list b ON b.user_id = a.user_id  WHERE a.state = 1 AND b.state = 1 ORDER BY time DESC LIMIT 0,6   [ RunTime:0.0042s ]
SQL: SELECT COUNT(*) AS tp_count FROM sex_forum_dynamic a LEFT JOIN sex_user_list b ON b.user_id = a.user_id  WHERE a.state = 1 AND b.state = 1 LIMIT 1   [ RunTime:0.0004s ]
SQL: SHOW COLUMNS FROM `sex_sys_level` [ RunTime:0.0036s ]
ERR: Cannot use object of type stdClass as array

[ 2019-01-03T20:34:32+08:00 ] 192.168.2.40 //WebApi_v1/Forum/index
INFO: [ app_init ] --START--
INFO: Run Behavior\BuildLiteBehavior [ RunTime:0.000023s ]
INFO: [ app_init ] --END-- [ RunTime:0.000541s ]
INFO: [ app_begin ] --START--
INFO: Run Behavior\ReadHtmlCacheBehavior [ RunTime:0.000876s ]
INFO: [ app_begin ] --END-- [ RunTime:0.000906s ]
SQL: SHOW COLUMNS FROM `sex_sys_conf` [ RunTime:0.0041s ]
NOTIC: [8] Undefined index: user D:\xampp\htdocs\Application\WebApi_v1\Controller\UserBaseController.class.php 第 29 行.
SQL: SHOW COLUMNS FROM `sex_forum_dynamic` [ RunTime:0.0045s ]
SQL: SELECT a.dynamic_id,a.user_id,a.type,a.time,a.like_count,a.comment_count,a.is_forward,a.forward_id,a.object,b.nickname,b.head_portrait,b.experience FROM sex_forum_dynamic a LEFT JOIN sex_user_list b ON b.user_id = a.user_id  WHERE a.state = 1 AND b.state = 1 ORDER BY time DESC LIMIT 0,6   [ RunTime:0.0158s ]
SQL: SELECT COUNT(*) AS tp_count FROM sex_forum_dynamic a LEFT JOIN sex_user_list b ON b.user_id = a.user_id  WHERE a.state = 1 AND b.state = 1 LIMIT 1   [ RunTime:0.0005s ]
SQL: SHOW COLUMNS FROM `sex_sys_level` [ RunTime:0.0043s ]
NOTIC: [2] Illegal string offset 'video_img' D:\xampp\htdocs\Application\WebApi_v1\Controller\ForumController.class.php 第 68 行.
NOTIC: [2] Illegal string offset 'video_img' D:\xampp\htdocs\Application\WebApi_v1\Controller\ForumController.class.php 第 68 行.
ERR: Cannot use object of type stdClass as array

[ 2019-01-03T20:34:44+08:00 ] 192.168.2.40 //WebApi_v1/Forum/index
INFO: [ app_init ] --START--
INFO: Run Behavior\BuildLiteBehavior [ RunTime:0.000007s ]
INFO: [ app_init ] --END-- [ RunTime:0.000489s ]
INFO: [ app_begin ] --START--
INFO: Run Behavior\ReadHtmlCacheBehavior [ RunTime:0.000725s ]
INFO: [ app_begin ] --END-- [ RunTime:0.000749s ]
SQL: SHOW COLUMNS FROM `sex_sys_conf` [ RunTime:0.0039s ]
NOTIC: [8] Undefined index: user D:\xampp\htdocs\Application\WebApi_v1\Controller\UserBaseController.class.php 第 29 行.
SQL: SHOW COLUMNS FROM `sex_forum_dynamic` [ RunTime:0.0045s ]
SQL: SELECT a.dynamic_id,a.user_id,a.type,a.time,a.like_count,a.comment_count,a.is_forward,a.forward_id,a.object,b.nickname,b.head_portrait,b.experience FROM sex_forum_dynamic a LEFT JOIN sex_user_list b ON b.user_id = a.user_id  WHERE a.state = 1 AND b.state = 1 ORDER BY time DESC LIMIT 0,6   [ RunTime:0.0117s ]
SQL: SELECT COUNT(*) AS tp_count FROM sex_forum_dynamic a LEFT JOIN sex_user_list b ON b.user_id = a.user_id  WHERE a.state = 1 AND b.state = 1 LIMIT 1   [ RunTime:0.0006s ]
SQL: SHOW COLUMNS FROM `sex_sys_level` [ RunTime:0.0041s ]
NOTIC: [2] Illegal string offset 'video_img' D:\xampp\htdocs\Application\WebApi_v1\Controller\ForumController.class.php 第 68 行.
NOTIC: [2] Illegal string offset 'video_img' D:\xampp\htdocs\Application\WebApi_v1\Controller\ForumController.class.php 第 68 行.
NOTIC: [2] Illegal string offset 'img_url' D:\xampp\htdocs\Application\WebApi_v1\Controller\ForumController.class.php 第 72 行.
NOTIC: [2] Illegal string offset 'img_url' D:\xampp\htdocs\Application\WebApi_v1\Controller\ForumController.class.php 第 72 行.
NOTIC: [2] Illegal string offset 'video_img' D:\xampp\htdocs\Application\WebApi_v1\Controller\ForumController.class.php 第 68 行.
NOTIC: [2] Illegal string offset 'video_img' D:\xampp\htdocs\Application\WebApi_v1\Controller\ForumController.class.php 第 68 行.

[ 2019-01-03T20:35:33+08:00 ] 192.168.2.40 //WebApi_v1/Forum/index
INFO: [ app_init ] --START--
INFO: Run Behavior\BuildLiteBehavior [ RunTime:0.000009s ]
INFO: [ app_init ] --END-- [ RunTime:0.000630s ]
INFO: [ app_begin ] --START--
INFO: Run Behavior\ReadHtmlCacheBehavior [ RunTime:0.000590s ]
INFO: [ app_begin ] --END-- [ RunTime:0.000614s ]
SQL: SHOW COLUMNS FROM `sex_sys_conf` [ RunTime:0.0038s ]
NOTIC: [8] Undefined index: user D:\xampp\htdocs\Application\WebApi_v1\Controller\UserBaseController.class.php 第 29 行.
SQL: SHOW COLUMNS FROM `sex_forum_dynamic` [ RunTime:0.0041s ]
SQL: SELECT a.dynamic_id,a.user_id,a.type,a.time,a.like_count,a.comment_count,a.is_forward,a.forward_id,a.object,b.nickname,b.head_portrait,b.experience FROM sex_forum_dynamic a LEFT JOIN sex_user_list b ON b.user_id = a.user_id  WHERE a.state = 1 AND b.state = 1 ORDER BY time DESC LIMIT 0,6   [ RunTime:0.0053s ]
SQL: SELECT COUNT(*) AS tp_count FROM sex_forum_dynamic a LEFT JOIN sex_user_list b ON b.user_id = a.user_id  WHERE a.state = 1 AND b.state = 1 LIMIT 1   [ RunTime:0.0004s ]
SQL: SHOW COLUMNS FROM `sex_sys_level` [ RunTime:0.0036s ]
NOTIC: [8] Trying to get property 'video_img' of non-object D:\xampp\htdocs\Application\WebApi_v1\Controller\ForumController.class.php 第 68 行.
NOTIC: [2] Attempt to assign property 'video_img' of non-object D:\xampp\htdocs\Application\WebApi_v1\Controller\ForumController.class.php 第 68 行.
NOTIC: [2] Illegal string offset 'img_url' D:\xampp\htdocs\Application\WebApi_v1\Controller\ForumController.class.php 第 72 行.
NOTIC: [2] Illegal string offset 'img_url' D:\xampp\htdocs\Application\WebApi_v1\Controller\ForumController.class.php 第 72 行.
NOTIC: [8] Trying to get property 'video_img' of non-object D:\xampp\htdocs\Application\WebApi_v1\Controller\ForumController.class.php 第 68 行.
NOTIC: [2] Attempt to assign property 'video_img' of non-object D:\xampp\htdocs\Application\WebApi_v1\Controller\ForumController.class.php 第 68 行.

[ 2019-01-03T20:38:03+08:00 ] 192.168.2.40 //WebApi_v1/Forum/index
INFO: [ app_init ] --START--
INFO: Run Behavior\BuildLiteBehavior [ RunTime:0.000008s ]
INFO: [ app_init ] --END-- [ RunTime:0.000639s ]
INFO: [ app_begin ] --START--
INFO: Run Behavior\ReadHtmlCacheBehavior [ RunTime:0.001040s ]
INFO: [ app_begin ] --END-- [ RunTime:0.001073s ]
SQL: SHOW COLUMNS FROM `sex_sys_conf` [ RunTime:0.0039s ]
NOTIC: [8] Undefined index: user D:\xampp\htdocs\Application\WebApi_v1\Controller\UserBaseController.class.php 第 29 行.
SQL: SHOW COLUMNS FROM `sex_forum_dynamic` [ RunTime:0.0036s ]
SQL: SELECT a.dynamic_id,a.user_id,a.type,a.time,a.like_count,a.comment_count,a.is_forward,a.forward_id,a.object,b.nickname,b.head_portrait,b.experience FROM sex_forum_dynamic a LEFT JOIN sex_user_list b ON b.user_id = a.user_id  WHERE a.state = 1 AND b.state = 1 ORDER BY time DESC LIMIT 0,6   [ RunTime:0.0040s ]
SQL: SELECT COUNT(*) AS tp_count FROM sex_forum_dynamic a LEFT JOIN sex_user_list b ON b.user_id = a.user_id  WHERE a.state = 1 AND b.state = 1 LIMIT 1   [ RunTime:0.0005s ]
SQL: SHOW COLUMNS FROM `sex_sys_level` [ RunTime:0.0035s ]
NOTIC: [2] Illegal string offset 'video_img' D:\xampp\htdocs\Application\WebApi_v1\Controller\ForumController.class.php 第 68 行.
NOTIC: [2] Illegal string offset 'video_img' D:\xampp\htdocs\Application\WebApi_v1\Controller\ForumController.class.php 第 68 行.
NOTIC: [2] Illegal string offset 'img_url' D:\xampp\htdocs\Application\WebApi_v1\Controller\ForumController.class.php 第 72 行.
NOTIC: [2] Illegal string offset 'img_url' D:\xampp\htdocs\Application\WebApi_v1\Controller\ForumController.class.php 第 72 行.
NOTIC: [2] Illegal string offset 'video_img' D:\xampp\htdocs\Application\WebApi_v1\Controller\ForumController.class.php 第 68 行.
NOTIC: [2] Illegal string offset 'video_img' D:\xampp\htdocs\Application\WebApi_v1\Controller\ForumController.class.php 第 68 行.

[ 2019-01-03T20:38:40+08:00 ] 192.168.2.40 //WebApi_v1/Forum/index
INFO: [ app_init ] --START--
INFO: Run Behavior\BuildLiteBehavior [ RunTime:0.000008s ]
INFO: [ app_init ] --END-- [ RunTime:0.000435s ]
INFO: [ app_begin ] --START--
INFO: Run Behavior\ReadHtmlCacheBehavior [ RunTime:0.000605s ]
INFO: [ app_begin ] --END-- [ RunTime:0.000634s ]
SQL: SHOW COLUMNS FROM `sex_sys_conf` [ RunTime:0.0044s ]
NOTIC: [8] Undefined index: user D:\xampp\htdocs\Application\WebApi_v1\Controller\UserBaseController.class.php 第 29 行.
SQL: SHOW COLUMNS FROM `sex_forum_dynamic` [ RunTime:0.0056s ]
SQL: SELECT a.dynamic_id,a.user_id,a.type,a.time,a.like_count,a.comment_count,a.is_forward,a.forward_id,a.object,b.nickname,b.head_portrait,b.experience FROM sex_forum_dynamic a LEFT JOIN sex_user_list b ON b.user_id = a.user_id  WHERE a.state = 1 AND b.state = 1 ORDER BY time DESC LIMIT 0,6   [ RunTime:0.0044s ]
SQL: SELECT COUNT(*) AS tp_count FROM sex_forum_dynamic a LEFT JOIN sex_user_list b ON b.user_id = a.user_id  WHERE a.state = 1 AND b.state = 1 LIMIT 1   [ RunTime:0.0059s ]
SQL: SHOW COLUMNS FROM `sex_sys_level` [ RunTime:0.0041s ]
NOTIC: [2] Illegal string offset 'video_img' D:\xampp\htdocs\Application\WebApi_v1\Controller\ForumController.class.php 第 68 行.
NOTIC: [2] Illegal string offset 'img_url' D:\xampp\htdocs\Application\WebApi_v1\Controller\ForumController.class.php 第 73 行.
NOTIC: [2] Illegal string offset 'img_url' D:\xampp\htdocs\Application\WebApi_v1\Controller\ForumController.class.php 第 73 行.
NOTIC: [2] Illegal string offset 'video_img' D:\xampp\htdocs\Application\WebApi_v1\Controller\ForumController.class.php 第 68 行.

[ 2019-01-03T20:41:37+08:00 ] 192.168.2.40 //WebApi_v1/Forum/index
INFO: [ app_init ] --START--
INFO: Run Behavior\BuildLiteBehavior [ RunTime:0.000008s ]
INFO: [ app_init ] --END-- [ RunTime:0.000729s ]
INFO: [ app_begin ] --START--
INFO: Run Behavior\ReadHtmlCacheBehavior [ RunTime:0.001149s ]
INFO: [ app_begin ] --END-- [ RunTime:0.001182s ]
SQL: SHOW COLUMNS FROM `sex_sys_conf` [ RunTime:0.0058s ]
NOTIC: [8] Undefined index: user D:\xampp\htdocs\Application\WebApi_v1\Controller\UserBaseController.class.php 第 29 行.
SQL: SHOW COLUMNS FROM `sex_forum_dynamic` [ RunTime:0.0037s ]
SQL: SELECT a.dynamic_id,a.user_id,a.type,a.time,a.like_count,a.comment_count,a.is_forward,a.forward_id,a.object,b.nickname,b.head_portrait,b.experience FROM sex_forum_dynamic a LEFT JOIN sex_user_list b ON b.user_id = a.user_id  WHERE a.state = 1 AND b.state = 1 ORDER BY time DESC LIMIT 0,6   [ RunTime:0.0039s ]
SQL: SELECT COUNT(*) AS tp_count FROM sex_forum_dynamic a LEFT JOIN sex_user_list b ON b.user_id = a.user_id  WHERE a.state = 1 AND b.state = 1 LIMIT 1   [ RunTime:0.0004s ]
SQL: SHOW COLUMNS FROM `sex_sys_level` [ RunTime:0.0040s ]
NOTIC: [2] Illegal string offset 'video_img' D:\xampp\htdocs\Application\WebApi_v1\Controller\ForumController.class.php 第 68 行.
NOTIC: [2] Illegal string offset 'video_img' D:\xampp\htdocs\Application\WebApi_v1\Controller\ForumController.class.php 第 68 行.
NOTIC: [2] Illegal string offset 'img_url' D:\xampp\htdocs\Application\WebApi_v1\Controller\ForumController.class.php 第 74 行.
NOTIC: [2] Illegal string offset 'img_url' D:\xampp\htdocs\Application\WebApi_v1\Controller\ForumController.class.php 第 74 行.
NOTIC: [2] Illegal string offset 'video_img' D:\xampp\htdocs\Application\WebApi_v1\Controller\ForumController.class.php 第 68 行.
NOTIC: [2] Illegal string offset 'video_img' D:\xampp\htdocs\Application\WebApi_v1\Controller\ForumController.class.php 第 68 行.
NOTIC: [4096] Object of class stdClass could not be converted to string D:\xampp\htdocs\Application\WebApi_v1\Controller\MainController.class.php 第 39 行.
NOTIC: [4096] Object of class stdClass could not be converted to string D:\xampp\htdocs\Application\WebApi_v1\Controller\MainController.class.php 第 39 行.

[ 2019-01-03T20:41:59+08:00 ] 192.168.2.40 //WebApi_v1/Forum/index
INFO: [ app_init ] --START--
INFO: Run Behavior\BuildLiteBehavior [ RunTime:0.000016s ]
INFO: [ app_init ] --END-- [ RunTime:0.000555s ]
INFO: [ app_begin ] --START--
INFO: Run Behavior\ReadHtmlCacheBehavior [ RunTime:0.001107s ]
INFO: [ app_begin ] --END-- [ RunTime:0.001142s ]
SQL: SHOW COLUMNS FROM `sex_sys_conf` [ RunTime:0.0039s ]
NOTIC: [8] Undefined index: user D:\xampp\htdocs\Application\WebApi_v1\Controller\UserBaseController.class.php 第 29 行.
SQL: SHOW COLUMNS FROM `sex_forum_dynamic` [ RunTime:0.0169s ]
SQL: SELECT a.dynamic_id,a.user_id,a.type,a.time,a.like_count,a.comment_count,a.is_forward,a.forward_id,a.object,b.nickname,b.head_portrait,b.experience FROM sex_forum_dynamic a LEFT JOIN sex_user_list b ON b.user_id = a.user_id  WHERE a.state = 1 AND b.state = 1 ORDER BY time DESC LIMIT 0,6   [ RunTime:0.0042s ]
SQL: SELECT COUNT(*) AS tp_count FROM sex_forum_dynamic a LEFT JOIN sex_user_list b ON b.user_id = a.user_id  WHERE a.state = 1 AND b.state = 1 LIMIT 1   [ RunTime:0.0004s ]
SQL: SHOW COLUMNS FROM `sex_sys_level` [ RunTime:0.0035s ]
NOTIC: [2] Illegal string offset 'video_img' D:\xampp\htdocs\Application\WebApi_v1\Controller\ForumController.class.php 第 68 行.
NOTIC: [2] Illegal string offset 'video_img' D:\xampp\htdocs\Application\WebApi_v1\Controller\ForumController.class.php 第 68 行.
NOTIC: [2] Illegal string offset 'img_url' D:\xampp\htdocs\Application\WebApi_v1\Controller\ForumController.class.php 第 74 行.
NOTIC: [2] Illegal string offset 'img_url' D:\xampp\htdocs\Application\WebApi_v1\Controller\ForumController.class.php 第 74 行.
NOTIC: [2] Illegal string offset 'video_img' D:\xampp\htdocs\Application\WebApi_v1\Controller\ForumController.class.php 第 68 行.
NOTIC: [2] Illegal string offset 'video_img' D:\xampp\htdocs\Application\WebApi_v1\Controller\ForumController.class.php 第 68 行.

[ 2019-01-03T20:42:15+08:00 ] 192.168.2.40 //WebApi_v1/Forum/index
INFO: [ app_init ] --START--
INFO: Run Behavior\BuildLiteBehavior [ RunTime:0.000007s ]
INFO: [ app_init ] --END-- [ RunTime:0.000801s ]
INFO: [ app_begin ] --START--
INFO: Run Behavior\ReadHtmlCacheBehavior [ RunTime:0.000820s ]
INFO: [ app_begin ] --END-- [ RunTime:0.000846s ]
SQL: SHOW COLUMNS FROM `sex_sys_conf` [ RunTime:0.0040s ]
NOTIC: [8] Undefined index: user D:\xampp\htdocs\Application\WebApi_v1\Controller\UserBaseController.class.php 第 29 行.
SQL: SHOW COLUMNS FROM `sex_forum_dynamic` [ RunTime:0.0040s ]
SQL: SELECT a.dynamic_id,a.user_id,a.type,a.time,a.like_count,a.comment_count,a.is_forward,a.forward_id,a.object,b.nickname,b.head_portrait,b.experience FROM sex_forum_dynamic a LEFT JOIN sex_user_list b ON b.user_id = a.user_id  WHERE a.state = 1 AND b.state = 1 ORDER BY time DESC LIMIT 0,6   [ RunTime:0.0040s ]
SQL: SELECT COUNT(*) AS tp_count FROM sex_forum_dynamic a LEFT JOIN sex_user_list b ON b.user_id = a.user_id  WHERE a.state = 1 AND b.state = 1 LIMIT 1   [ RunTime:0.0004s ]
SQL: SHOW COLUMNS FROM `sex_sys_level` [ RunTime:0.0037s ]
NOTIC: [2] Illegal string offset 'video_img' D:\xampp\htdocs\Application\WebApi_v1\Controller\ForumController.class.php 第 68 行.
NOTIC: [2] Illegal string offset 'video_img' D:\xampp\htdocs\Application\WebApi_v1\Controller\ForumController.class.php 第 68 行.
NOTIC: [2] Illegal string offset 'video_img' D:\xampp\htdocs\Application\WebApi_v1\Controller\ForumController.class.php 第 69 行.
NOTIC: [2] Illegal string offset 'img_url' D:\xampp\htdocs\Application\WebApi_v1\Controller\ForumController.class.php 第 74 行.
NOTIC: [2] Illegal string offset 'img_url' D:\xampp\htdocs\Application\WebApi_v1\Controller\ForumController.class.php 第 74 行.
NOTIC: [2] Illegal string offset 'video_img' D:\xampp\htdocs\Application\WebApi_v1\Controller\ForumController.class.php 第 68 行.
NOTIC: [2] Illegal string offset 'video_img' D:\xampp\htdocs\Application\WebApi_v1\Controller\ForumController.class.php 第 68 行.
NOTIC: [2] Illegal string offset 'video_img' D:\xampp\htdocs\Application\WebApi_v1\Controller\ForumController.class.php 第 69 行.

[ 2019-01-03T20:42:32+08:00 ] 192.168.2.40 //WebApi_v1/Forum/index
INFO: [ app_init ] --START--
INFO: Run Behavior\BuildLiteBehavior [ RunTime:0.000007s ]
INFO: [ app_init ] --END-- [ RunTime:0.000559s ]
INFO: [ app_begin ] --START--
INFO: Run Behavior\ReadHtmlCacheBehavior [ RunTime:0.000981s ]
INFO: [ app_begin ] --END-- [ RunTime:0.001021s ]
SQL: SHOW COLUMNS FROM `sex_sys_conf` [ RunTime:0.0048s ]
NOTIC: [8] Undefined index: user D:\xampp\htdocs\Application\WebApi_v1\Controller\UserBaseController.class.php 第 29 行.
SQL: SHOW COLUMNS FROM `sex_forum_dynamic` [ RunTime:0.0036s ]
SQL: SELECT a.dynamic_id,a.user_id,a.type,a.time,a.like_count,a.comment_count,a.is_forward,a.forward_id,a.object,b.nickname,b.head_portrait,b.experience FROM sex_forum_dynamic a LEFT JOIN sex_user_list b ON b.user_id = a.user_id  WHERE a.state = 1 AND b.state = 1 ORDER BY time DESC LIMIT 0,6   [ RunTime:0.0046s ]
SQL: SELECT COUNT(*) AS tp_count FROM sex_forum_dynamic a LEFT JOIN sex_user_list b ON b.user_id = a.user_id  WHERE a.state = 1 AND b.state = 1 LIMIT 1   [ RunTime:0.0004s ]
SQL: SHOW COLUMNS FROM `sex_sys_level` [ RunTime:0.0034s ]
NOTIC: [2] Illegal string offset 'video_img' D:\xampp\htdocs\Application\WebApi_v1\Controller\ForumController.class.php 第 68 行.
NOTIC: [2] Illegal string offset 'video_img' D:\xampp\htdocs\Application\WebApi_v1\Controller\ForumController.class.php 第 68 行.
NOTIC: [2] Illegal string offset 'img_url' D:\xampp\htdocs\Application\WebApi_v1\Controller\ForumController.class.php 第 74 行.
NOTIC: [2] Illegal string offset 'img_url' D:\xampp\htdocs\Application\WebApi_v1\Controller\ForumController.class.php 第 74 行.
NOTIC: [2] Illegal string offset 'video_img' D:\xampp\htdocs\Application\WebApi_v1\Controller\ForumController.class.php 第 68 行.
NOTIC: [2] Illegal string offset 'video_img' D:\xampp\htdocs\Application\WebApi_v1\Controller\ForumController.class.php 第 68 行.

[ 2019-01-03T20:42:50+08:00 ] 192.168.2.40 //WebApi_v1/Forum/index
INFO: [ app_init ] --START--
INFO: Run Behavior\BuildLiteBehavior [ RunTime:0.000007s ]
INFO: [ app_init ] --END-- [ RunTime:0.000418s ]
INFO: [ app_begin ] --START--
INFO: Run Behavior\ReadHtmlCacheBehavior [ RunTime:0.000628s ]
INFO: [ app_begin ] --END-- [ RunTime:0.000654s ]
SQL: SHOW COLUMNS FROM `sex_sys_conf` [ RunTime:0.0050s ]
NOTIC: [8] Undefined index: user D:\xampp\htdocs\Application\WebApi_v1\Controller\UserBaseController.class.php 第 29 行.
SQL: SHOW COLUMNS FROM `sex_forum_dynamic` [ RunTime:0.0085s ]
SQL: SELECT a.dynamic_id,a.user_id,a.type,a.time,a.like_count,a.comment_count,a.is_forward,a.forward_id,a.object,b.nickname,b.head_portrait,b.experience FROM sex_forum_dynamic a LEFT JOIN sex_user_list b ON b.user_id = a.user_id  WHERE a.state = 1 AND b.state = 1 ORDER BY time DESC LIMIT 0,6   [ RunTime:0.0042s ]
SQL: SELECT COUNT(*) AS tp_count FROM sex_forum_dynamic a LEFT JOIN sex_user_list b ON b.user_id = a.user_id  WHERE a.state = 1 AND b.state = 1 LIMIT 1   [ RunTime:0.0004s ]
SQL: SHOW COLUMNS FROM `sex_sys_level` [ RunTime:0.0039s ]
NOTIC: [2] Illegal string offset 'video_img' D:\xampp\htdocs\Application\WebApi_v1\Controller\ForumController.class.php 第 68 行.
NOTIC: [2] Illegal string offset 'video_img' D:\xampp\htdocs\Application\WebApi_v1\Controller\ForumController.class.php 第 68 行.
NOTIC: [2] Illegal string offset 'img_url' D:\xampp\htdocs\Application\WebApi_v1\Controller\ForumController.class.php 第 74 行.
NOTIC: [2] Illegal string offset 'img_url' D:\xampp\htdocs\Application\WebApi_v1\Controller\ForumController.class.php 第 74 行.
NOTIC: [2] Illegal string offset 'video_img' D:\xampp\htdocs\Application\WebApi_v1\Controller\ForumController.class.php 第 68 行.
NOTIC: [2] Illegal string offset 'video_img' D:\xampp\htdocs\Application\WebApi_v1\Controller\ForumController.class.php 第 68 行.
NOTIC: [4096] Object of class stdClass could not be converted to string D:\xampp\htdocs\Application\WebApi_v1\Controller\MainController.class.php 第 39 行.
NOTIC: [4096] Object of class stdClass could not be converted to string D:\xampp\htdocs\Application\WebApi_v1\Controller\MainController.class.php 第 39 行.

[ 2019-01-03T20:43:15+08:00 ] 192.168.2.40 //WebApi_v1/Forum/index
INFO: [ app_init ] --START--
INFO: Run Behavior\BuildLiteBehavior [ RunTime:0.000007s ]
INFO: [ app_init ] --END-- [ RunTime:0.000545s ]
INFO: [ app_begin ] --START--
INFO: Run Behavior\ReadHtmlCacheBehavior [ RunTime:0.000905s ]
INFO: [ app_begin ] --END-- [ RunTime:0.000937s ]
SQL: SHOW COLUMNS FROM `sex_sys_conf` [ RunTime:0.0030s ]
NOTIC: [8] Undefined index: user D:\xampp\htdocs\Application\WebApi_v1\Controller\UserBaseController.class.php 第 29 行.
SQL: SHOW COLUMNS FROM `sex_forum_dynamic` [ RunTime:0.0031s ]
SQL: SELECT a.dynamic_id,a.user_id,a.type,a.time,a.like_count,a.comment_count,a.is_forward,a.forward_id,a.object,b.nickname,b.head_portrait,b.experience FROM sex_forum_dynamic a LEFT JOIN sex_user_list b ON b.user_id = a.user_id  WHERE a.state = 1 AND b.state = 1 ORDER BY time DESC LIMIT 0,6   [ RunTime:0.0030s ]
SQL: SELECT COUNT(*) AS tp_count FROM sex_forum_dynamic a LEFT JOIN sex_user_list b ON b.user_id = a.user_id  WHERE a.state = 1 AND b.state = 1 LIMIT 1   [ RunTime:0.0003s ]
SQL: SHOW COLUMNS FROM `sex_sys_level` [ RunTime:0.0028s ]
NOTIC: [2] Illegal string offset 'video_img' D:\xampp\htdocs\Application\WebApi_v1\Controller\ForumController.class.php 第 68 行.
NOTIC: [2] Illegal string offset 'video_img' D:\xampp\htdocs\Application\WebApi_v1\Controller\ForumController.class.php 第 68 行.
NOTIC: [2] Illegal string offset 'img_url' D:\xampp\htdocs\Application\WebApi_v1\Controller\ForumController.class.php 第 74 行.
NOTIC: [2] Illegal string offset 'img_url' D:\xampp\htdocs\Application\WebApi_v1\Controller\ForumController.class.php 第 74 行.
NOTIC: [2] Illegal string offset 'video_img' D:\xampp\htdocs\Application\WebApi_v1\Controller\ForumController.class.php 第 68 行.
NOTIC: [2] Illegal string offset 'video_img' D:\xampp\htdocs\Application\WebApi_v1\Controller\ForumController.class.php 第 68 行.

[ 2019-01-03T20:43:31+08:00 ] 192.168.2.40 //WebApi_v1/Forum/index
INFO: [ app_init ] --START--
INFO: Run Behavior\BuildLiteBehavior [ RunTime:0.000007s ]
INFO: [ app_init ] --END-- [ RunTime:0.000595s ]
INFO: [ app_begin ] --START--
INFO: Run Behavior\ReadHtmlCacheBehavior [ RunTime:0.000798s ]
INFO: [ app_begin ] --END-- [ RunTime:0.000825s ]
SQL: SHOW COLUMNS FROM `sex_sys_conf` [ RunTime:0.0044s ]
NOTIC: [8] Undefined index: user D:\xampp\htdocs\Application\WebApi_v1\Controller\UserBaseController.class.php 第 29 行.
SQL: SHOW COLUMNS FROM `sex_forum_dynamic` [ RunTime:0.0039s ]
SQL: SELECT a.dynamic_id,a.user_id,a.type,a.time,a.like_count,a.comment_count,a.is_forward,a.forward_id,a.object,b.nickname,b.head_portrait,b.experience FROM sex_forum_dynamic a LEFT JOIN sex_user_list b ON b.user_id = a.user_id  WHERE a.state = 1 AND b.state = 1 ORDER BY time DESC LIMIT 0,6   [ RunTime:0.0080s ]
SQL: SELECT COUNT(*) AS tp_count FROM sex_forum_dynamic a LEFT JOIN sex_user_list b ON b.user_id = a.user_id  WHERE a.state = 1 AND b.state = 1 LIMIT 1   [ RunTime:0.0006s ]
SQL: SHOW COLUMNS FROM `sex_sys_level` [ RunTime:0.0038s ]
NOTIC: [2] Illegal string offset 'video_img' D:\xampp\htdocs\Application\WebApi_v1\Controller\ForumController.class.php 第 68 行.
NOTIC: [2] Illegal string offset 'video_img' D:\xampp\htdocs\Application\WebApi_v1\Controller\ForumController.class.php 第 68 行.
ERR: Cannot use object of type stdClass as array

[ 2019-01-03T20:43:45+08:00 ] 192.168.2.40 //WebApi_v1/Forum/index
INFO: [ app_init ] --START--
INFO: Run Behavior\BuildLiteBehavior [ RunTime:0.000010s ]
INFO: [ app_init ] --END-- [ RunTime:0.000697s ]
INFO: [ app_begin ] --START--
INFO: Run Behavior\ReadHtmlCacheBehavior [ RunTime:0.001162s ]
INFO: [ app_begin ] --END-- [ RunTime:0.001189s ]
SQL: SHOW COLUMNS FROM `sex_sys_conf` [ RunTime:0.0044s ]
NOTIC: [8] Undefined index: user D:\xampp\htdocs\Application\WebApi_v1\Controller\UserBaseController.class.php 第 29 行.
SQL: SHOW COLUMNS FROM `sex_forum_dynamic` [ RunTime:0.0178s ]
SQL: SELECT a.dynamic_id,a.user_id,a.type,a.time,a.like_count,a.comment_count,a.is_forward,a.forward_id,a.object,b.nickname,b.head_portrait,b.experience FROM sex_forum_dynamic a LEFT JOIN sex_user_list b ON b.user_id = a.user_id  WHERE a.state = 1 AND b.state = 1 ORDER BY time DESC LIMIT 0,6   [ RunTime:0.0042s ]
SQL: SELECT COUNT(*) AS tp_count FROM sex_forum_dynamic a LEFT JOIN sex_user_list b ON b.user_id = a.user_id  WHERE a.state = 1 AND b.state = 1 LIMIT 1   [ RunTime:0.0004s ]
SQL: SHOW COLUMNS FROM `sex_sys_level` [ RunTime:0.0040s ]
NOTIC: [2] Illegal string offset 'video_img' D:\xampp\htdocs\Application\WebApi_v1\Controller\ForumController.class.php 第 68 行.
NOTIC: [2] Illegal string offset 'video_img' D:\xampp\htdocs\Application\WebApi_v1\Controller\ForumController.class.php 第 68 行.
NOTIC: [2] Illegal string offset 'img_url' D:\xampp\htdocs\Application\WebApi_v1\Controller\ForumController.class.php 第 74 行.
NOTIC: [2] Illegal string offset 'img_url' D:\xampp\htdocs\Application\WebApi_v1\Controller\ForumController.class.php 第 74 行.
NOTIC: [2] Illegal string offset 'video_img' D:\xampp\htdocs\Application\WebApi_v1\Controller\ForumController.class.php 第 68 行.
NOTIC: [2] Illegal string offset 'video_img' D:\xampp\htdocs\Application\WebApi_v1\Controller\ForumController.class.php 第 68 行.

[ 2019-01-03T20:44:19+08:00 ] 192.168.2.40 //WebApi_v1/Forum/index
INFO: [ app_init ] --START--
INFO: Run Behavior\BuildLiteBehavior [ RunTime:0.000008s ]
INFO: [ app_init ] --END-- [ RunTime:0.000414s ]
INFO: [ app_begin ] --START--
INFO: Run Behavior\ReadHtmlCacheBehavior [ RunTime:0.000582s ]
INFO: [ app_begin ] --END-- [ RunTime:0.000609s ]
SQL: SHOW COLUMNS FROM `sex_sys_conf` [ RunTime:0.0033s ]
NOTIC: [8] Undefined index: user D:\xampp\htdocs\Application\WebApi_v1\Controller\UserBaseController.class.php 第 29 行.
SQL: SHOW COLUMNS FROM `sex_forum_dynamic` [ RunTime:0.0034s ]
SQL: SELECT a.dynamic_id,a.user_id,a.type,a.time,a.like_count,a.comment_count,a.is_forward,a.forward_id,a.object,b.nickname,b.head_portrait,b.experience FROM sex_forum_dynamic a LEFT JOIN sex_user_list b ON b.user_id = a.user_id  WHERE a.state = 1 AND b.state = 1 ORDER BY time DESC LIMIT 0,6   [ RunTime:0.0032s ]
SQL: SELECT COUNT(*) AS tp_count FROM sex_forum_dynamic a LEFT JOIN sex_user_list b ON b.user_id = a.user_id  WHERE a.state = 1 AND b.state = 1 LIMIT 1   [ RunTime:0.0003s ]
SQL: SHOW COLUMNS FROM `sex_sys_level` [ RunTime:0.0029s ]
NOTIC: [2] Illegal string offset 'video_img' D:\xampp\htdocs\Application\WebApi_v1\Controller\ForumController.class.php 第 68 行.
NOTIC: [2] Illegal string offset 'video_img' D:\xampp\htdocs\Application\WebApi_v1\Controller\ForumController.class.php 第 68 行.
NOTIC: [2] Illegal string offset 'img_url' D:\xampp\htdocs\Application\WebApi_v1\Controller\ForumController.class.php 第 74 行.
NOTIC: [2] Illegal string offset 'img_url' D:\xampp\htdocs\Application\WebApi_v1\Controller\ForumController.class.php 第 74 行.
NOTIC: [2] Illegal string offset 'video_img' D:\xampp\htdocs\Application\WebApi_v1\Controller\ForumController.class.php 第 68 行.
NOTIC: [2] Illegal string offset 'video_img' D:\xampp\htdocs\Application\WebApi_v1\Controller\ForumController.class.php 第 68 行.

[ 2019-01-03T20:44:51+08:00 ] 192.168.2.40 //WebApi_v1/Forum/index
INFO: [ app_init ] --START--
INFO: Run Behavior\BuildLiteBehavior [ RunTime:0.000008s ]
INFO: [ app_init ] --END-- [ RunTime:0.000556s ]
INFO: [ app_begin ] --START--
INFO: Run Behavior\ReadHtmlCacheBehavior [ RunTime:0.000926s ]
INFO: [ app_begin ] --END-- [ RunTime:0.000964s ]
SQL: SHOW COLUMNS FROM `sex_sys_conf` [ RunTime:0.0041s ]
NOTIC: [8] Undefined index: user D:\xampp\htdocs\Application\WebApi_v1\Controller\UserBaseController.class.php 第 29 行.
SQL: SHOW COLUMNS FROM `sex_forum_dynamic` [ RunTime:0.0060s ]
SQL: SELECT a.dynamic_id,a.user_id,a.type,a.time,a.like_count,a.comment_count,a.is_forward,a.forward_id,a.object,b.nickname,b.head_portrait,b.experience FROM sex_forum_dynamic a LEFT JOIN sex_user_list b ON b.user_id = a.user_id  WHERE a.state = 1 AND b.state = 1 ORDER BY time DESC LIMIT 0,6   [ RunTime:0.0096s ]
SQL: SELECT COUNT(*) AS tp_count FROM sex_forum_dynamic a LEFT JOIN sex_user_list b ON b.user_id = a.user_id  WHERE a.state = 1 AND b.state = 1 LIMIT 1   [ RunTime:0.0006s ]
SQL: SHOW COLUMNS FROM `sex_sys_level` [ RunTime:0.0036s ]
NOTIC: [2] Illegal string offset 'video_img' D:\xampp\htdocs\Application\WebApi_v1\Controller\ForumController.class.php 第 68 行.
NOTIC: [2] Illegal string offset 'img_url' D:\xampp\htdocs\Application\WebApi_v1\Controller\ForumController.class.php 第 74 行.
NOTIC: [2] Illegal string offset 'img_url' D:\xampp\htdocs\Application\WebApi_v1\Controller\ForumController.class.php 第 74 行.
NOTIC: [2] Illegal string offset 'video_img' D:\xampp\htdocs\Application\WebApi_v1\Controller\ForumController.class.php 第 68 行.

[ 2019-01-03T20:45:33+08:00 ] 192.168.2.40 //WebApi_v1/Forum/index
INFO: [ app_init ] --START--
INFO: Run Behavior\BuildLiteBehavior [ RunTime:0.000011s ]
INFO: [ app_init ] --END-- [ RunTime:0.000800s ]
INFO: [ app_begin ] --START--
INFO: Run Behavior\ReadHtmlCacheBehavior [ RunTime:0.000894s ]
INFO: [ app_begin ] --END-- [ RunTime:0.000926s ]
SQL: SHOW COLUMNS FROM `sex_sys_conf` [ RunTime:0.0042s ]
NOTIC: [8] Undefined index: user D:\xampp\htdocs\Application\WebApi_v1\Controller\UserBaseController.class.php 第 29 行.
SQL: SHOW COLUMNS FROM `sex_forum_dynamic` [ RunTime:0.0040s ]
SQL: SELECT a.dynamic_id,a.user_id,a.type,a.time,a.like_count,a.comment_count,a.is_forward,a.forward_id,a.object,b.nickname,b.head_portrait,b.experience FROM sex_forum_dynamic a LEFT JOIN sex_user_list b ON b.user_id = a.user_id  WHERE a.state = 1 AND b.state = 1 ORDER BY time DESC LIMIT 0,6   [ RunTime:0.0150s ]
SQL: SELECT COUNT(*) AS tp_count FROM sex_forum_dynamic a LEFT JOIN sex_user_list b ON b.user_id = a.user_id  WHERE a.state = 1 AND b.state = 1 LIMIT 1   [ RunTime:0.0005s ]
SQL: SHOW COLUMNS FROM `sex_sys_level` [ RunTime:0.0035s ]
NOTIC: [2] Illegal string offset 'img_url' D:\xampp\htdocs\Application\WebApi_v1\Controller\ForumController.class.php 第 74 行.
NOTIC: [2] Illegal string offset 'img_url' D:\xampp\htdocs\Application\WebApi_v1\Controller\ForumController.class.php 第 74 行.

[ 2019-01-03T20:46:19+08:00 ] 192.168.2.40 //WebApi_v1/Forum/index
INFO: [ app_init ] --START--
INFO: Run Behavior\BuildLiteBehavior [ RunTime:0.000007s ]
INFO: [ app_init ] --END-- [ RunTime:0.000507s ]
INFO: [ app_begin ] --START--
INFO: Run Behavior\ReadHtmlCacheBehavior [ RunTime:0.000742s ]
INFO: [ app_begin ] --END-- [ RunTime:0.000763s ]
SQL: SHOW COLUMNS FROM `sex_sys_conf` [ RunTime:0.0034s ]
NOTIC: [8] Undefined index: user D:\xampp\htdocs\Application\WebApi_v1\Controller\UserBaseController.class.php 第 29 行.
SQL: SHOW COLUMNS FROM `sex_forum_dynamic` [ RunTime:0.0030s ]
SQL: SELECT a.dynamic_id,a.user_id,a.type,a.time,a.like_count,a.comment_count,a.is_forward,a.forward_id,a.object,b.nickname,b.head_portrait,b.experience FROM sex_forum_dynamic a LEFT JOIN sex_user_list b ON b.user_id = a.user_id  WHERE a.state = 1 AND b.state = 1 ORDER BY time DESC LIMIT 0,6   [ RunTime:0.0032s ]
SQL: SELECT COUNT(*) AS tp_count FROM sex_forum_dynamic a LEFT JOIN sex_user_list b ON b.user_id = a.user_id  WHERE a.state = 1 AND b.state = 1 LIMIT 1   [ RunTime:0.0003s ]
SQL: SHOW COLUMNS FROM `sex_sys_level` [ RunTime:0.0026s ]
NOTIC: [2] Illegal string offset 'img_url' D:\xampp\htdocs\Application\WebApi_v1\Controller\ForumController.class.php 第 74 行.
NOTIC: [2] Illegal string offset 'img_url' D:\xampp\htdocs\Application\WebApi_v1\Controller\ForumController.class.php 第 74 行.

[ 2019-01-03T20:47:01+08:00 ] 192.168.2.40 //WebApi_v1/Forum/index
INFO: [ app_init ] --START--
INFO: Run Behavior\BuildLiteBehavior [ RunTime:0.000009s ]
INFO: [ app_init ] --END-- [ RunTime:0.000434s ]
INFO: [ app_begin ] --START--
INFO: Run Behavior\ReadHtmlCacheBehavior [ RunTime:0.000699s ]
INFO: [ app_begin ] --END-- [ RunTime:0.000727s ]
SQL: SHOW COLUMNS FROM `sex_sys_conf` [ RunTime:0.0044s ]
NOTIC: [8] Undefined index: user D:\xampp\htdocs\Application\WebApi_v1\Controller\UserBaseController.class.php 第 29 行.
SQL: SHOW COLUMNS FROM `sex_forum_dynamic` [ RunTime:0.0081s ]
SQL: SELECT a.dynamic_id,a.user_id,a.type,a.time,a.like_count,a.comment_count,a.is_forward,a.forward_id,a.object,b.nickname,b.head_portrait,b.experience FROM sex_forum_dynamic a LEFT JOIN sex_user_list b ON b.user_id = a.user_id  WHERE a.state = 1 AND b.state = 1 ORDER BY time DESC LIMIT 0,6   [ RunTime:0.0042s ]
SQL: SELECT COUNT(*) AS tp_count FROM sex_forum_dynamic a LEFT JOIN sex_user_list b ON b.user_id = a.user_id  WHERE a.state = 1 AND b.state = 1 LIMIT 1   [ RunTime:0.0004s ]
SQL: SHOW COLUMNS FROM `sex_sys_level` [ RunTime:0.0038s ]
NOTIC: [2] Illegal string offset 'img_url' D:\xampp\htdocs\Application\WebApi_v1\Controller\ForumController.class.php 第 75 行.

[ 2019-01-03T20:48:11+08:00 ] 192.168.2.40 //WebApi_v1/Forum/index
INFO: [ app_init ] --START--
INFO: Run Behavior\BuildLiteBehavior [ RunTime:0.000008s ]
INFO: [ app_init ] --END-- [ RunTime:0.000562s ]
INFO: [ app_begin ] --START--
INFO: Run Behavior\ReadHtmlCacheBehavior [ RunTime:0.000879s ]
INFO: [ app_begin ] --END-- [ RunTime:0.000909s ]
SQL: SHOW COLUMNS FROM `sex_sys_conf` [ RunTime:0.0040s ]
NOTIC: [8] Undefined index: user D:\xampp\htdocs\Application\WebApi_v1\Controller\UserBaseController.class.php 第 29 行.
SQL: SHOW COLUMNS FROM `sex_forum_dynamic` [ RunTime:0.0170s ]
SQL: SELECT a.dynamic_id,a.user_id,a.type,a.time,a.like_count,a.comment_count,a.is_forward,a.forward_id,a.object,b.nickname,b.head_portrait,b.experience FROM sex_forum_dynamic a LEFT JOIN sex_user_list b ON b.user_id = a.user_id  WHERE a.state = 1 AND b.state = 1 ORDER BY time DESC LIMIT 0,6   [ RunTime:0.0041s ]
SQL: SELECT COUNT(*) AS tp_count FROM sex_forum_dynamic a LEFT JOIN sex_user_list b ON b.user_id = a.user_id  WHERE a.state = 1 AND b.state = 1 LIMIT 1   [ RunTime:0.0005s ]
SQL: SHOW COLUMNS FROM `sex_sys_level` [ RunTime:0.0038s ]

[ 2019-01-03T21:08:45+08:00 ] 192.168.2.40 //WebApi_v1/Forum/index
INFO: [ app_init ] --START--
INFO: Run Behavior\BuildLiteBehavior [ RunTime:0.000008s ]
INFO: [ app_init ] --END-- [ RunTime:0.000543s ]
INFO: [ app_begin ] --START--
INFO: Run Behavior\ReadHtmlCacheBehavior [ RunTime:0.000797s ]
INFO: [ app_begin ] --END-- [ RunTime:0.000822s ]
SQL: SHOW COLUMNS FROM `sex_sys_conf` [ RunTime:0.0039s ]
NOTIC: [8] Undefined index: user D:\xampp\htdocs\Application\WebApi_v1\Controller\UserBaseController.class.php 第 29 行.
SQL: SHOW COLUMNS FROM `sex_forum_dynamic` [ RunTime:0.0033s ]
SQL: SELECT a.dynamic_id,a.user_id,a.type,a.time,a.like_count,a.comment_count,a.is_forward,a.forward_id,a.object,b.nickname,b.head_portrait,b.experience FROM sex_forum_dynamic a LEFT JOIN sex_user_list b ON b.user_id = a.user_id  WHERE a.state = 1 AND b.state = 1 ORDER BY time DESC LIMIT 0,6   [ RunTime:0.0029s ]
SQL: SELECT COUNT(*) AS tp_count FROM sex_forum_dynamic a LEFT JOIN sex_user_list b ON b.user_id = a.user_id  WHERE a.state = 1 AND b.state = 1 LIMIT 1   [ RunTime:0.0003s ]
SQL: SHOW COLUMNS FROM `sex_sys_level` [ RunTime:0.0029s ]

[ 2019-01-03T22:15:01+08:00 ] 192.168.2.40 //WebApi_v1/Forum/index
INFO: [ app_init ] --START--
INFO: Run Behavior\BuildLiteBehavior [ RunTime:0.000045s ]
INFO: [ app_init ] --END-- [ RunTime:0.000562s ]
INFO: [ app_begin ] --START--
INFO: Run Behavior\ReadHtmlCacheBehavior [ RunTime:0.001073s ]
INFO: [ app_begin ] --END-- [ RunTime:0.001099s ]
SQL: SHOW COLUMNS FROM `sex_sys_conf` [ RunTime:0.0041s ]
NOTIC: [8] Undefined index: user D:\xampp\htdocs\Application\WebApi_v1\Controller\UserBaseController.class.php 第 29 行.

[ 2019-01-03T22:15:13+08:00 ] 192.168.2.40 //WebApi_v1/Forum/index
INFO: [ app_init ] --START--
INFO: Run Behavior\BuildLiteBehavior [ RunTime:0.000007s ]
INFO: [ app_init ] --END-- [ RunTime:0.000553s ]
INFO: [ app_begin ] --START--
INFO: Run Behavior\ReadHtmlCacheBehavior [ RunTime:0.000701s ]
INFO: [ app_begin ] --END-- [ RunTime:0.000730s ]
SQL: SHOW COLUMNS FROM `sex_sys_conf` [ RunTime:0.0035s ]
NOTIC: [8] Undefined index: user D:\xampp\htdocs\Application\WebApi_v1\Controller\UserBaseController.class.php 第 29 行.

[ 2019-01-03T22:15:40+08:00 ] 192.168.2.40 //WebApi_v1/Login/login?phone=111&userpwd=123456
INFO: [ app_init ] --START--
INFO: Run Behavior\BuildLiteBehavior [ RunTime:0.000007s ]
INFO: [ app_init ] --END-- [ RunTime:0.000445s ]
INFO: [ app_begin ] --START--
INFO: Run Behavior\ReadHtmlCacheBehavior [ RunTime:0.007514s ]
INFO: [ app_begin ] --END-- [ RunTime:0.007546s ]
ERR: 无法加载控制器:Login

[ 2019-01-03T22:15:53+08:00 ] 192.168.2.40 //WebApi_v1/Auth/login?phone=111&userpwd=123456
INFO: [ app_init ] --START--
INFO: Run Behavior\BuildLiteBehavior [ RunTime:0.000008s ]
INFO: [ app_init ] --END-- [ RunTime:0.000571s ]
INFO: [ app_begin ] --START--
INFO: Run Behavior\ReadHtmlCacheBehavior [ RunTime:0.000747s ]
INFO: [ app_begin ] --END-- [ RunTime:0.000777s ]
SQL: SHOW COLUMNS FROM `sex_sys_conf` [ RunTime:0.0048s ]
SQL: SHOW COLUMNS FROM `sex_user_list` [ RunTime:0.0041s ]
SQL: SELECT * FROM `sex_user_list` WHERE `userpwd` = 'e10adc3949ba59abbe56e057f20f883e' AND ( `phone` = '111' OR `email` = '' ) LIMIT 1   [ RunTime:0.0007s ]

[ 2019-01-03T22:16:26+08:00 ] 192.168.2.40 //WebApi_v1/Auth/login?phone=111&userpwd=123456
INFO: [ app_init ] --START--
INFO: Run Behavior\BuildLiteBehavior [ RunTime:0.000010s ]
INFO: [ app_init ] --END-- [ RunTime:0.000627s ]
INFO: [ app_begin ] --START--
INFO: Run Behavior\ReadHtmlCacheBehavior [ RunTime:0.000837s ]
INFO: [ app_begin ] --END-- [ RunTime:0.000863s ]
SQL: SHOW COLUMNS FROM `sex_sys_conf` [ RunTime:0.0043s ]
SQL: SHOW COLUMNS FROM `sex_user_list` [ RunTime:0.0035s ]
SQL: SELECT * FROM `sex_user_list` WHERE `userpwd` = 'e10adc3949ba59abbe56e057f20f883e' AND ( `phone` = '111' OR `email` = '' ) LIMIT 1   [ RunTime:0.0004s ]
NOTIC: [2] mt_rand(): max(99999) is smaller than min(100000) D:\xampp\htdocs\Application\WebApi_v1\Controller\AuthController.class.php 第 41 行.
SQL: UPDATE `sex_user_list` SET `user_token`='915159dcdf906b13926c2a0eaf0e0030' WHERE `user_id` = 2 [ RunTime:0.0020s ]

[ 2019-01-03T22:16:32+08:00 ] 192.168.2.40 //WebApi_v1/Forum/index
INFO: [ app_init ] --START--
INFO: Run Behavior\BuildLiteBehavior [ RunTime:0.000029s ]
INFO: [ app_init ] --END-- [ RunTime:0.000669s ]
INFO: [ app_begin ] --START--
INFO: Run Behavior\ReadHtmlCacheBehavior [ RunTime:0.000761s ]
INFO: [ app_begin ] --END-- [ RunTime:0.000789s ]
SQL: SHOW COLUMNS FROM `sex_sys_conf` [ RunTime:0.0046s ]
SQL: SHOW COLUMNS FROM `sex_user_list` [ RunTime:0.0043s ]
SQL: SELECT * FROM `sex_user_list` WHERE `user_id` = 2 AND `user_token` = '915159dcdf906b13926c2a0eaf0e0030' LIMIT 1   [ RunTime:0.0004s ]
SQL: SHOW COLUMNS FROM `sex_forum_dynamic` [ RunTime:0.0040s ]
SQL: SELECT a.dynamic_id,a.user_id,a.type,a.time,a.like_count,a.comment_count,a.is_forward,a.forward_id,a.object,b.nickname,b.head_portrait,b.experience FROM sex_forum_dynamic a LEFT JOIN sex_user_list b ON b.user_id = a.user_id  WHERE a.state = 1 AND b.state = 1 ORDER BY time DESC LIMIT 0,6   [ RunTime:0.0052s ]
SQL: SELECT COUNT(*) AS tp_count FROM sex_forum_dynamic a LEFT JOIN sex_user_list b ON b.user_id = a.user_id  WHERE a.state = 1 AND b.state = 1 LIMIT 1   [ RunTime:0.0004s ]
SQL: SHOW COLUMNS FROM `sex_sys_level` [ RunTime:0.0036s ]
SQL: SHOW COLUMNS FROM `sex_forum_fans` [ RunTime:0.0041s ]
SQL: SELECT * FROM `sex_forum_fans` WHERE `user_id` = 2 AND `touser_id` = 1 LIMIT 1   [ RunTime:0.0006s ]
SQL: SELECT * FROM `sex_forum_fans` WHERE `user_id` = 2 AND `touser_id` = 1 LIMIT 1   [ RunTime:0.0004s ]
SQL: SELECT * FROM `sex_forum_fans` WHERE `user_id` = 2 AND `touser_id` = 1 LIMIT 1   [ RunTime:0.0004s ]
SQL: SELECT * FROM `sex_forum_fans` WHERE `user_id` = 2 AND `touser_id` = 1 LIMIT 1   [ RunTime:0.0004s ]

[ 2019-01-03T22:21:26+08:00 ] 192.168.2.40 //WebApi_v1/Forum/index
INFO: [ app_init ] --START--
INFO: Run Behavior\BuildLiteBehavior [ RunTime:0.000008s ]
INFO: [ app_init ] --END-- [ RunTime:0.000562s ]
INFO: [ app_begin ] --START--
INFO: Run Behavior\ReadHtmlCacheBehavior [ RunTime:0.001084s ]
INFO: [ app_begin ] --END-- [ RunTime:0.001112s ]
SQL: SHOW COLUMNS FROM `sex_sys_conf` [ RunTime:0.0073s ]
SQL: SHOW COLUMNS FROM `sex_user_list` [ RunTime:0.0042s ]
SQL: SELECT * FROM `sex_user_list` WHERE `user_id` = 2 AND `user_token` = '915159dcdf906b13926c2a0eaf0e0030' LIMIT 1   [ RunTime:0.0006s ]
SQL: SHOW COLUMNS FROM `sex_forum_dynamic` [ RunTime:0.0040s ]
NOTIC: [8] Undefined variable: order D:\xampp\htdocs\Application\WebApi_v1\Controller\ForumController.class.php 第 52 行.
SQL: SELECT a.dynamic_id,a.user_id,a.type,a.time,a.like_count,a.comment_count,a.is_forward,a.forward_id,a.object,b.nickname,b.head_portrait,b.experience FROM sex_forum_dynamic a LEFT JOIN sex_user_list b ON b.user_id = a.user_id  WHERE a.state = 1 AND b.state = 1 LIMIT 0,6   [ RunTime:0.0006s ]
SQL: SELECT COUNT(*) AS tp_count FROM sex_forum_dynamic a LEFT JOIN sex_user_list b ON b.user_id = a.user_id  WHERE a.state = 1 AND b.state = 1 LIMIT 1   [ RunTime:0.0005s ]
SQL: SHOW COLUMNS FROM `sex_sys_level` [ RunTime:0.0042s ]
SQL: SHOW COLUMNS FROM `sex_forum_fans` [ RunTime:0.0042s ]
SQL: SELECT * FROM `sex_forum_fans` WHERE `user_id` = 2 AND `touser_id` = 1 LIMIT 1   [ RunTime:0.0004s ]
SQL: SELECT * FROM `sex_forum_fans` WHERE `user_id` = 2 AND `touser_id` = 1 LIMIT 1   [ RunTime:0.0004s ]
SQL: SELECT * FROM `sex_forum_fans` WHERE `user_id` = 2 AND `touser_id` = 1 LIMIT 1   [ RunTime:0.0004s ]
SQL: SELECT * FROM `sex_forum_fans` WHERE `user_id` = 2 AND `touser_id` = 1 LIMIT 1   [ RunTime:0.0004s ]

[ 2019-01-03T23:13:18+08:00 ] 192.168.2.40 //WebApi_v1/Forum/index
INFO: [ app_init ] --START--
INFO: Run Behavior\BuildLiteBehavior [ RunTime:0.000013s ]
INFO: [ app_init ] --END-- [ RunTime:0.000636s ]
INFO: [ app_begin ] --START--
INFO: Run Behavior\ReadHtmlCacheBehavior [ RunTime:0.001011s ]
INFO: [ app_begin ] --END-- [ RunTime:0.001040s ]
SQL: SHOW COLUMNS FROM `sex_sys_conf` [ RunTime:0.0043s ]
SQL: SHOW COLUMNS FROM `sex_user_list` [ RunTime:0.0137s ]
SQL: SELECT * FROM `sex_user_list` WHERE `user_id` = 2 AND `user_token` = '915159dcdf906b13926c2a0eaf0e0030' LIMIT 1   [ RunTime:0.0006s ]
SQL: SHOW COLUMNS FROM `sex_forum_dynamic` [ RunTime:0.0040s ]
SQL: SELECT a.dynamic_id,a.user_id,a.type,a.time,a.like_count,a.comment_count,a.is_forward,a.forward_id,a.object,b.nickname,b.head_portrait,b.experience FROM sex_forum_dynamic a LEFT JOIN sex_user_list b ON b.user_id = a.user_id  WHERE a.state = 1 AND b.state = 1 ORDER BY a.time DESC LIMIT 0,6   [ RunTime:0.0038s ]
SQL: SELECT COUNT(*) AS tp_count FROM sex_forum_dynamic a LEFT JOIN sex_user_list b ON b.user_id = a.user_id  WHERE a.state = 1 AND b.state = 1 LIMIT 1   [ RunTime:0.0004s ]
SQL: SHOW COLUMNS FROM `sex_sys_level` [ RunTime:0.0035s ]
SQL: SHOW COLUMNS FROM `sex_forum_fans` [ RunTime:0.0037s ]
SQL: SELECT * FROM `sex_forum_fans` WHERE `user_id` = 2 AND `touser_id` = 1 LIMIT 1   [ RunTime:0.0004s ]
SQL: SELECT * FROM `sex_forum_fans` WHERE `user_id` = 2 AND `touser_id` = 1 LIMIT 1   [ RunTime:0.0003s ]
SQL: SELECT * FROM `sex_forum_fans` WHERE `user_id` = 2 AND `touser_id` = 1 LIMIT 1   [ RunTime:0.0004s ]
SQL: SELECT * FROM `sex_forum_fans` WHERE `user_id` = 2 AND `touser_id` = 1 LIMIT 1   [ RunTime:0.0004s ]

[ 2019-01-03T23:13:29+08:00 ] 192.168.2.40 //WebApi_v1/Forum/index?type=4
INFO: [ app_init ] --START--
INFO: Run Behavior\BuildLiteBehavior [ RunTime:0.000008s ]
INFO: [ app_init ] --END-- [ RunTime:0.000739s ]
INFO: [ app_begin ] --START--
INFO: Run Behavior\ReadHtmlCacheBehavior [ RunTime:0.000711s ]
INFO: [ app_begin ] --END-- [ RunTime:0.000745s ]
SQL: SHOW COLUMNS FROM `sex_sys_conf` [ RunTime:0.0044s ]
SQL: SHOW COLUMNS FROM `sex_user_list` [ RunTime:0.0055s ]
SQL: SELECT * FROM `sex_user_list` WHERE `user_id` = 2 AND `user_token` = '915159dcdf906b13926c2a0eaf0e0030' LIMIT 1   [ RunTime:0.0005s ]
SQL: SHOW COLUMNS FROM `sex_forum_dynamic` [ RunTime:0.0049s ]
SQL: SHOW COLUMNS FROM `sex_forum_fans` [ RunTime:0.0049s ]
SQL: SELECT a.touser_id,b.dynamic_id,b.user_id,b.type,a.time,b.like_count,b.comment_count,b.is_forward,b.forward_id,b.object,c.nickname,c.head_portrait,c.experience FROM sex_forum_fans a LEFT JOIN sex_forum_dynamic b ON b.user_id = a.touser_id LEFT JOIN sex_user_list c ON c.user_id = a.touser_id  WHERE a.user_id = '2' AND c.state = 1 AND b.state = 1 ORDER BY a.time DESC LIMIT 0,6   [ RunTime:0.0052s ]
SQL: SELECT COUNT(*) AS tp_count FROM sex_forum_fans a LEFT JOIN sex_forum_dynamic b ON b.user_id = a.touser_id LEFT JOIN sex_user_list c ON c.user_id = a.touser_id  WHERE a.user_id = '2' AND c.state = 1 AND b.state = 1 LIMIT 1   [ RunTime:0.0006s ]

[ 2019-01-03T23:13:48+08:00 ] 192.168.2.40 //WebApi_v1/Forum/index?type=1
INFO: [ app_init ] --START--
INFO: Run Behavior\BuildLiteBehavior [ RunTime:0.000007s ]
INFO: [ app_init ] --END-- [ RunTime:0.000483s ]
INFO: [ app_begin ] --START--
INFO: Run Behavior\ReadHtmlCacheBehavior [ RunTime:0.000860s ]
INFO: [ app_begin ] --END-- [ RunTime:0.000887s ]
SQL: SHOW COLUMNS FROM `sex_sys_conf` [ RunTime:0.0043s ]
SQL: SHOW COLUMNS FROM `sex_user_list` [ RunTime:0.0081s ]
SQL: SELECT * FROM `sex_user_list` WHERE `user_id` = 2 AND `user_token` = '915159dcdf906b13926c2a0eaf0e0030' LIMIT 1   [ RunTime:0.0035s ]
SQL: SHOW COLUMNS FROM `sex_forum_dynamic` [ RunTime:0.0033s ]
SQL: SELECT a.dynamic_id,a.user_id,a.type,a.time,a.like_count,a.comment_count,a.is_forward,a.forward_id,a.object,b.nickname,b.head_portrait,b.experience FROM sex_forum_dynamic a LEFT JOIN sex_user_list b ON b.user_id = a.user_id  WHERE a.type = '1' AND a.state = 1 AND b.state = 1 ORDER BY a.time DESC LIMIT 0,6   [ RunTime:0.0040s ]
SQL: SELECT COUNT(*) AS tp_count FROM sex_forum_dynamic a LEFT JOIN sex_user_list b ON b.user_id = a.user_id  WHERE a.type = '1' AND a.state = 1 AND b.state = 1 LIMIT 1   [ RunTime:0.0004s ]
SQL: SHOW COLUMNS FROM `sex_sys_level` [ RunTime:0.0042s ]
SQL: SHOW COLUMNS FROM `sex_forum_fans` [ RunTime:0.0044s ]
SQL: SELECT * FROM `sex_forum_fans` WHERE `user_id` = 2 AND `touser_id` = 1 LIMIT 1   [ RunTime:0.0004s ]
SQL: SELECT * FROM `sex_forum_fans` WHERE `user_id` = 2 AND `touser_id` = 1 LIMIT 1   [ RunTime:0.0004s ]

